('2006_FELONY', 175544)
('2006_MISDEMEANOR', 294708)
('2006_VIOLATION', 69725)
('2007_FELONY', 168532)
('2007_MISDEMEANOR', 303548)
('2007_VIOLATION', 66300)
('2008_FELONY', 165025)
('2008_MISDEMEANOR', 302813)
('2008_VIOLATION', 62196)
('2009_FELONY', 151167)
('2009_MISDEMEANOR', 301949)
('2009_VIOLATION', 59940)
('2010_FELONY', 147613)
('2010_MISDEMEANOR', 303484)
('2010_VIOLATION', 58631)
('2011_FELONY', 148313)
('2011_MISDEMEANOR', 294835)
('2011_VIOLATION', 55428)
('2012_FELONY', 154064)
('2012_MISDEMEANOR', 292053)
('2012_VIOLATION', 58224)
('2013_FELONY', 154660)
('2013_MISDEMEANOR', 283819)
('2013_VIOLATION', 58763)
('2014_FELONY', 151209)
('2014_MISDEMEANOR', 277186)
('2014_VIOLATION', 62924)
('2015_FELONY', 151296)
('2015_MISDEMEANOR', 264179)
('2015_VIOLATION', 63103)

