('fall_2006', 73099)
('fall_2007', 75188)
('fall_2008', 72263)
('fall_2009', 74017)
('fall_2010', 75345)
('fall_2011', 72370)
('fall_2012', 66051)
('fall_2013', 70809)
('fall_2014', 66528)
('fall_2015', 64328)
('spring_2006', 76092)
('spring_2007', 78606)
('spring_2008', 78169)
('spring_2009', 77681)
('spring_2010', 79988)
('spring_2011', 77166)
('spring_2012', 76507)
('spring_2013', 71977)
('spring_2014', 72884)
('spring_2015', 70152)
('summer_2006', 77855)
('summer_2007', 81026)
('summer_2008', 80464)
('summer_2009', 81187)
('summer_2010', 81098)
('summer_2011', 77604)
('summer_2012', 79051)
('summer_2013', 76436)
('summer_2014', 75859)
('summer_2015', 74206)
('winter_2006', 67662)
('winter_2007', 68728)
('winter_2008', 71917)
('winter_2009', 69064)
('winter_2010', 67053)
('winter_2011', 67695)
('winter_2012', 70444)
('winter_2013', 64597)
('winter_2014', 61915)
('winter_2015', 55493)
