('BRONX_2006', 67072)
('BRONX_2007', 71291)
('BRONX_2008', 70670)
('BRONX_2009', 71961)
('BRONX_2010', 71607)
('BRONX_2011', 68960)
('BRONX_2012', 66265)
('BRONX_2013', 63452)
('BRONX_2014', 64367)
('BRONX_2015', 61570)
('BROOKLYN_2006', 85829)
('BROOKLYN_2007', 86059)
('BROOKLYN_2008', 86922)
('BROOKLYN_2009', 86814)
('BROOKLYN_2010', 88714)
('BROOKLYN_2011', 87137)
('BROOKLYN_2012', 86528)
('BROOKLYN_2013', 82029)
('BROOKLYN_2014', 79503)
('BROOKLYN_2015', 75330)
('MANHATTAN_2006', 69604)
('MANHATTAN_2007', 73315)
('MANHATTAN_2008', 73189)
('MANHATTAN_2009', 73661)
('MANHATTAN_2010', 73318)
('MANHATTAN_2011', 69770)
('MANHATTAN_2012', 71769)
('MANHATTAN_2013', 70238)
('MANHATTAN_2014', 66385)
('MANHATTAN_2015', 64365)
('QUEENS_2006', 55566)
('QUEENS_2007', 57346)
('QUEENS_2008', 55503)
('QUEENS_2009', 54515)
('QUEENS_2010', 54957)
('QUEENS_2011', 54586)
('QUEENS_2012', 53199)
('QUEENS_2013', 54682)
('QUEENS_2014', 53604)
('QUEENS_2015', 50333)
('STATEN ISLAND_2006', 16543)
('STATEN ISLAND_2007', 15537)
('STATEN ISLAND_2008', 16529)
('STATEN ISLAND_2009', 14998)
('STATEN ISLAND_2010', 14888)
('STATEN ISLAND_2011', 14382)
('STATEN ISLAND_2012', 14292)
('STATEN ISLAND_2013', 13366)
('STATEN ISLAND_2014', 13327)
('STATEN ISLAND_2015', 12581)
('_2006', 94)
('_2013', 52)

