('01_2006', 24545)
('01_2007', 25409)
('01_2008', 26207)
('01_2009', 23823)
('01_2010', 25381)
('01_2011', 22440)
('01_2012', 24661)
('01_2013', 23074)
('01_2014', 22023)
('01_2015', 18710)
('02_2006', 21314)
('02_2007', 21232)
('02_2008', 23100)
('02_2009', 22663)
('02_2010', 20319)
('02_2011', 22354)
('02_2012', 23440)
('02_2013', 20663)
('02_2014', 19850)
('02_2015', 17509)
('03_2006', 25203)
('03_2007', 25338)
('03_2008', 26030)
('03_2009', 26071)
('03_2010', 25838)
('03_2011', 25800)
('03_2012', 25897)
('03_2013', 23003)
('03_2014', 24004)
('03_2015', 21597)
('04_2006', 24459)
('04_2007', 24571)
('04_2008', 25163)
('04_2009', 24960)
('04_2010', 26114)
('04_2011', 24882)
('04_2012', 24753)
('04_2013', 23524)
('04_2014', 23295)
('04_2015', 22763)
('05_2006', 25706)
('05_2007', 27153)
('05_2008', 26273)
('05_2009', 26478)
('05_2010', 27039)
('05_2011', 26119)
('05_2012', 26038)
('05_2013', 24635)
('05_2014', 25358)
('05_2015', 23907)
('06_2006', 25390)
('06_2007', 26034)
('06_2008', 26066)
('06_2009', 25507)
('06_2010', 27019)
('06_2011', 26084)
('06_2012', 24828)
('06_2013', 23809)
('06_2014', 23729)
('06_2015', 23546)
('07_2006', 25740)
('07_2007', 26418)
('07_2008', 26649)
('07_2009', 26737)
('07_2010', 26582)
('07_2011', 26490)
('07_2012', 26022)
('07_2013', 25295)
('07_2014', 24691)
('07_2015', 24635)
('08_2006', 25975)
('08_2007', 26972)
('08_2008', 26812)
('08_2009', 27200)
('08_2010', 26551)
('08_2011', 25235)
('08_2012', 26629)
('08_2013', 25262)
('08_2014', 25383)
('08_2015', 24872)
('09_2006', 24424)
('09_2007', 26062)
('09_2008', 25055)
('09_2009', 25402)
('09_2010', 26122)
('09_2011', 23544)
('09_2012', 24424)
('09_2013', 24543)
('09_2014', 24385)
('09_2015', 22758)
('10_2006', 25270)
('10_2007', 27307)
('10_2008', 25967)
('10_2009', 26110)
('10_2010', 27192)
('10_2011', 24384)
('10_2012', 23898)
('10_2013', 25158)
('10_2014', 24737)
('10_2015', 22271)
('11_2006', 23703)
('11_2007', 24011)
('11_2008', 22895)
('11_2009', 24405)
('11_2010', 24338)
('11_2011', 24309)
('11_2012', 19440)
('11_2013', 22788)
('11_2014', 21053)
('11_2015', 20874)
('12_2006', 22979)
('12_2007', 23041)
('12_2008', 22596)
('12_2009', 22593)
('12_2010', 20989)
('12_2011', 23194)
('12_2012', 22023)
('12_2013', 22065)
('12_2014', 18678)
('12_2015', 20737)

