('fall_', 162824)
('fall_FRONT OF', 169272)
('fall_INSIDE', 337859)
('fall_OPPOSITE OF', 23383)
('fall_REAR OF', 16660)
('spring_', 178249)
('spring_FRONT OF', 184135)
('spring_INSIDE', 352341)
('spring_OPPOSITE OF', 24561)
('spring_REAR OF', 19936)
('summer_', 187661)
('summer_ ', 127)
('summer_FRONT OF', 203284)
('summer_INSIDE', 343143)
('summer_OPPOSITE OF', 27413)
('summer_REAR OF', 23158)
('winter_', 147477)
('winter_FRONT OF', 148534)
('winter_INSIDE', 335865)
('winter_OPPOSITE OF', 19292)
('winter_REAR OF', 13400)
