(' _AIRPORT TERMINAL', 2)
(' _BRIDGE', 1)
(' _GAS STATION', 1)
(' _HIGHWAY/PARKWAY', 2)
(' _MARINA/PIER', 1)
(' _OPEN AREAS (OPEN LOTS)', 1)
(' _OTHER', 1)
(' _PARK/PLAYGROUND', 3)
(' _RESIDENCE - APT. HOUSE', 1)
(' _RESIDENCE-HOUSE', 2)
(' _STREET', 100)
(' _TRANSIT - NYC SUBWAY', 12)
('FRONT OF_', 3490)
('FRONT OF_ABANDONED BUILDING', 567)
('FRONT OF_AIRPORT TERMINAL', 1089)
('FRONT OF_ATM', 172)
('FRONT OF_BANK', 725)
('FRONT OF_BAR/NIGHT CLUB', 4926)
('FRONT OF_BEAUTY & NAIL SALON', 1367)
('FRONT OF_BOOK/CARD', 96)
('FRONT OF_BRIDGE', 1848)
('FRONT OF_BUS (NYC TRANSIT)', 532)
('FRONT OF_BUS (OTHER)', 357)
('FRONT OF_BUS STOP', 413)
('FRONT OF_BUS TERMINAL', 243)
('FRONT OF_CANDY STORE', 656)
('FRONT OF_CEMETERY', 113)
('FRONT OF_CHAIN STORE', 3250)
('FRONT OF_CHECK CASHING BUSINESS', 286)
('FRONT OF_CHURCH', 1166)
('FRONT OF_CLOTHING/BOUTIQUE', 1575)
('FRONT OF_COMMERCIAL BUILDING', 11554)
('FRONT OF_CONSTRUCTION SITE', 996)
('FRONT OF_DEPARTMENT STORE', 2043)
('FRONT OF_DOCTOR/DENTIST OFFICE', 902)
('FRONT OF_DRUG STORE', 1403)
('FRONT OF_DRY CLEANER/LAUNDRY', 1049)
('FRONT OF_FACTORY/WAREHOUSE', 935)
('FRONT OF_FAST FOOD', 2074)
('FRONT OF_FERRY/FERRY TERMINAL', 192)
('FRONT OF_FOOD SUPERMARKET', 1499)
('FRONT OF_GAS STATION', 2904)
('FRONT OF_GROCERY/BODEGA', 5974)
('FRONT OF_GYM/FITNESS FACILITY', 544)
('FRONT OF_HIGHWAY/PARKWAY', 366)
('FRONT OF_HOSPITAL', 929)
('FRONT OF_HOTEL/MOTEL', 719)
('FRONT OF_JEWELRY', 190)
('FRONT OF_LIQUOR STORE', 374)
('FRONT OF_LOAN COMPANY', 34)
('FRONT OF_MARINA/PIER', 133)
('FRONT OF_MOSQUE', 73)
('FRONT OF_OPEN AREAS (OPEN LOTS)', 1435)
('FRONT OF_OTHER', 19625)
('FRONT OF_OTHER HOUSE OF WORSHIP', 142)
('FRONT OF_PARK/PLAYGROUND', 1965)
('FRONT OF_PARKING LOT/GARAGE (PRIVATE)', 4975)
('FRONT OF_PARKING LOT/GARAGE (PUBLIC)', 5608)
('FRONT OF_PHOTO/COPY', 64)
('FRONT OF_PRIVATE/PAROCHIAL SCHOOL', 493)
('FRONT OF_PUBLIC BUILDING', 3489)
('FRONT OF_PUBLIC SCHOOL', 3162)
('FRONT OF_RESIDENCE - APT. HOUSE', 58279)
('FRONT OF_RESIDENCE - PUBLIC HOUSING', 52378)
('FRONT OF_RESIDENCE-HOUSE', 58664)
('FRONT OF_RESTAURANT/DINER', 4685)
('FRONT OF_SHOE', 167)
('FRONT OF_SMALL MERCHANT', 3544)
('FRONT OF_SOCIAL CLUB/POLICY', 279)
('FRONT OF_STORAGE FACILITY', 377)
('FRONT OF_STORE UNCLASSIFIED', 2655)
('FRONT OF_STREET', 421073)
('FRONT OF_SYNAGOGUE', 318)
('FRONT OF_TAXI (LIVERY LICENSED)', 849)
('FRONT OF_TAXI (YELLOW LICENSED)', 1099)
('FRONT OF_TAXI/LIVERY (UNLICENSED)', 118)
('FRONT OF_TELECOMM. STORE', 284)
('FRONT OF_TRAMWAY', 3)
('FRONT OF_TRANSIT - NYC SUBWAY', 25)
('FRONT OF_TRANSIT FACILITY (OTHER)', 192)
('FRONT OF_TUNNEL', 720)
('FRONT OF_VARIETY STORE', 680)
('FRONT OF_VIDEO STORE', 120)
('INSIDE_', 9592)
('INSIDE_ABANDONED BUILDING', 353)
('INSIDE_AIRPORT TERMINAL', 2920)
('INSIDE_ATM', 966)
('INSIDE_BANK', 4411)
('INSIDE_BAR/NIGHT CLUB', 19377)
('INSIDE_BEAUTY & NAIL SALON', 5216)
('INSIDE_BOOK/CARD', 934)
('INSIDE_BRIDGE', 287)
('INSIDE_BUS (NYC TRANSIT)', 89)
('INSIDE_BUS (OTHER)', 106)
('INSIDE_BUS STOP', 37)
('INSIDE_BUS TERMINAL', 1978)
('INSIDE_CANDY STORE', 2844)
('INSIDE_CEMETERY', 123)
('INSIDE_CHAIN STORE', 68113)
('INSIDE_CHECK CASHING BUSINESS', 1829)
('INSIDE_CHURCH', 2605)
('INSIDE_CLOTHING/BOUTIQUE', 28090)
('INSIDE_COMMERCIAL BUILDING', 53598)
('INSIDE_CONSTRUCTION SITE', 1311)
('INSIDE_DEPARTMENT STORE', 76753)
('INSIDE_DOCTOR/DENTIST OFFICE', 4921)
('INSIDE_DRUG STORE', 28818)
('INSIDE_DRY CLEANER/LAUNDRY', 4127)
('INSIDE_FACTORY/WAREHOUSE', 1449)
('INSIDE_FAST FOOD', 8772)
('INSIDE_FERRY/FERRY TERMINAL', 497)
('INSIDE_FOOD SUPERMARKET', 18479)
('INSIDE_GAS STATION', 2962)
('INSIDE_GROCERY/BODEGA', 25186)
('INSIDE_GYM/FITNESS FACILITY', 6135)
('INSIDE_HIGHWAY/PARKWAY', 67)
('INSIDE_HOSPITAL', 10755)
('INSIDE_HOTEL/MOTEL', 7828)
('INSIDE_JEWELRY', 1175)
('INSIDE_LIQUOR STORE', 1594)
('INSIDE_LOAN COMPANY', 147)
('INSIDE_MARINA/PIER', 197)
('INSIDE_MOSQUE', 234)
('INSIDE_OPEN AREAS (OPEN LOTS)', 817)
('INSIDE_OTHER', 36536)
('INSIDE_OTHER HOUSE OF WORSHIP', 230)
('INSIDE_PARK/PLAYGROUND', 2359)
('INSIDE_PARKING LOT/GARAGE (PRIVATE)', 5882)
('INSIDE_PARKING LOT/GARAGE (PUBLIC)', 5243)
('INSIDE_PHOTO/COPY', 265)
('INSIDE_PRIVATE/PAROCHIAL SCHOOL', 2432)
('INSIDE_PUBLIC BUILDING', 13433)
('INSIDE_PUBLIC SCHOOL', 30804)
('INSIDE_RESIDENCE - APT. HOUSE', 455912)
('INSIDE_RESIDENCE - PUBLIC HOUSING', 159424)
('INSIDE_RESIDENCE-HOUSE', 171320)
('INSIDE_RESTAURANT/DINER', 20040)
('INSIDE_SHOE', 1838)
('INSIDE_SMALL MERCHANT', 9274)
('INSIDE_SOCIAL CLUB/POLICY', 1210)
('INSIDE_STORAGE FACILITY', 1574)
('INSIDE_STORE UNCLASSIFIED', 10601)
('INSIDE_STREET', 23964)
('INSIDE_SYNAGOGUE', 543)
('INSIDE_TAXI (LIVERY LICENSED)', 147)
('INSIDE_TAXI (YELLOW LICENSED)', 97)
('INSIDE_TAXI/LIVERY (UNLICENSED)', 20)
('INSIDE_TELECOMM. STORE', 3840)
('INSIDE_TRAMWAY', 2)
('INSIDE_TRANSIT - NYC SUBWAY', 480)
('INSIDE_TRANSIT FACILITY (OTHER)', 910)
('INSIDE_TUNNEL', 98)
('INSIDE_VARIETY STORE', 4048)
('INSIDE_VIDEO STORE', 990)
('OPPOSITE OF_', 324)
('OPPOSITE OF_ABANDONED BUILDING', 62)
('OPPOSITE OF_AIRPORT TERMINAL', 15)
('OPPOSITE OF_ATM', 7)
('OPPOSITE OF_BANK', 17)
('OPPOSITE OF_BAR/NIGHT CLUB', 75)
('OPPOSITE OF_BEAUTY & NAIL SALON', 21)
('OPPOSITE OF_BOOK/CARD', 1)
('OPPOSITE OF_BRIDGE', 92)
('OPPOSITE OF_BUS (NYC TRANSIT)', 65)
('OPPOSITE OF_BUS (OTHER)', 27)
('OPPOSITE OF_BUS STOP', 72)
('OPPOSITE OF_BUS TERMINAL', 23)
('OPPOSITE OF_CANDY STORE', 20)
('OPPOSITE OF_CEMETERY', 19)
('OPPOSITE OF_CHAIN STORE', 84)
('OPPOSITE OF_CHECK CASHING BUSINESS', 3)
('OPPOSITE OF_CHURCH', 64)
('OPPOSITE OF_CLOTHING/BOUTIQUE', 44)
('OPPOSITE OF_COMMERCIAL BUILDING', 296)
('OPPOSITE OF_CONSTRUCTION SITE', 138)
('OPPOSITE OF_DEPARTMENT STORE', 80)
('OPPOSITE OF_DOCTOR/DENTIST OFFICE', 11)
('OPPOSITE OF_DRUG STORE', 52)
('OPPOSITE OF_DRY CLEANER/LAUNDRY', 15)
('OPPOSITE OF_FACTORY/WAREHOUSE', 35)
('OPPOSITE OF_FAST FOOD', 52)
('OPPOSITE OF_FERRY/FERRY TERMINAL', 5)
('OPPOSITE OF_FOOD SUPERMARKET', 47)
('OPPOSITE OF_GAS STATION', 44)
('OPPOSITE OF_GROCERY/BODEGA', 110)
('OPPOSITE OF_GYM/FITNESS FACILITY', 10)
('OPPOSITE OF_HIGHWAY/PARKWAY', 131)
('OPPOSITE OF_HOSPITAL', 40)
('OPPOSITE OF_HOTEL/MOTEL', 18)
('OPPOSITE OF_JEWELRY', 4)
('OPPOSITE OF_LIQUOR STORE', 8)
('OPPOSITE OF_LOAN COMPANY', 1)
('OPPOSITE OF_MARINA/PIER', 30)
('OPPOSITE OF_MOSQUE', 1)
('OPPOSITE OF_OPEN AREAS (OPEN LOTS)', 282)
('OPPOSITE OF_OTHER', 1988)
('OPPOSITE OF_OTHER HOUSE OF WORSHIP', 10)
('OPPOSITE OF_PARK/PLAYGROUND', 4807)
('OPPOSITE OF_PARKING LOT/GARAGE (PRIVATE)', 761)
('OPPOSITE OF_PARKING LOT/GARAGE (PUBLIC)', 848)
('OPPOSITE OF_PHOTO/COPY', 2)
('OPPOSITE OF_PRIVATE/PAROCHIAL SCHOOL', 19)
('OPPOSITE OF_PUBLIC BUILDING', 312)
('OPPOSITE OF_PUBLIC SCHOOL', 254)
('OPPOSITE OF_RESIDENCE - APT. HOUSE', 1424)
('OPPOSITE OF_RESIDENCE - PUBLIC HOUSING', 9672)
('OPPOSITE OF_RESIDENCE-HOUSE', 1034)
('OPPOSITE OF_RESTAURANT/DINER', 104)
('OPPOSITE OF_SHOE', 7)
('OPPOSITE OF_SMALL MERCHANT', 88)
('OPPOSITE OF_SOCIAL CLUB/POLICY', 3)
('OPPOSITE OF_STORAGE FACILITY', 28)
('OPPOSITE OF_STORE UNCLASSIFIED', 58)
('OPPOSITE OF_STREET', 70363)
('OPPOSITE OF_SYNAGOGUE', 7)
('OPPOSITE OF_TAXI (LIVERY LICENSED)', 62)
('OPPOSITE OF_TAXI (YELLOW LICENSED)', 92)
('OPPOSITE OF_TAXI/LIVERY (UNLICENSED)', 9)
('OPPOSITE OF_TELECOMM. STORE', 4)
('OPPOSITE OF_TRANSIT - NYC SUBWAY', 2)
('OPPOSITE OF_TRANSIT FACILITY (OTHER)', 67)
('OPPOSITE OF_TUNNEL', 159)
('OPPOSITE OF_VARIETY STORE', 14)
('OPPOSITE OF_VIDEO STORE', 6)
('REAR OF_', 425)
('REAR OF_ABANDONED BUILDING', 125)
('REAR OF_AIRPORT TERMINAL', 1)
('REAR OF_ATM', 5)
('REAR OF_BANK', 132)
('REAR OF_BAR/NIGHT CLUB', 194)
('REAR OF_BEAUTY & NAIL SALON', 103)
('REAR OF_BOOK/CARD', 11)
('REAR OF_BRIDGE', 31)
('REAR OF_BUS (NYC TRANSIT)', 14)
('REAR OF_BUS (OTHER)', 10)
('REAR OF_BUS STOP', 8)
('REAR OF_BUS TERMINAL', 42)
('REAR OF_CANDY STORE', 39)
('REAR OF_CEMETERY', 31)
('REAR OF_CHAIN STORE', 378)
('REAR OF_CHECK CASHING BUSINESS', 17)
('REAR OF_CHURCH', 385)
('REAR OF_CLOTHING/BOUTIQUE', 100)
('REAR OF_COMMERCIAL BUILDING', 1850)
('REAR OF_CONSTRUCTION SITE', 155)
('REAR OF_DEPARTMENT STORE', 168)
('REAR OF_DOCTOR/DENTIST OFFICE', 153)
('REAR OF_DRUG STORE', 171)
('REAR OF_DRY CLEANER/LAUNDRY', 175)
('REAR OF_FACTORY/WAREHOUSE', 164)
('REAR OF_FAST FOOD', 265)
('REAR OF_FERRY/FERRY TERMINAL', 7)
('REAR OF_FOOD SUPERMARKET', 260)
('REAR OF_GAS STATION', 161)
('REAR OF_GROCERY/BODEGA', 550)
('REAR OF_GYM/FITNESS FACILITY', 97)
('REAR OF_HIGHWAY/PARKWAY', 46)
('REAR OF_HOSPITAL', 198)
('REAR OF_HOTEL/MOTEL', 253)
('REAR OF_JEWELRY', 10)
('REAR OF_LIQUOR STORE', 28)
('REAR OF_LOAN COMPANY', 4)
('REAR OF_MARINA/PIER', 90)
('REAR OF_MOSQUE', 13)
('REAR OF_OPEN AREAS (OPEN LOTS)', 1008)
('REAR OF_OTHER', 3380)
('REAR OF_OTHER HOUSE OF WORSHIP', 25)
('REAR OF_PARK/PLAYGROUND', 1793)
('REAR OF_PARKING LOT/GARAGE (PRIVATE)', 4405)
('REAR OF_PARKING LOT/GARAGE (PUBLIC)', 3529)
('REAR OF_PHOTO/COPY', 8)
('REAR OF_PRIVATE/PAROCHIAL SCHOOL', 182)
('REAR OF_PUBLIC BUILDING', 414)
('REAR OF_PUBLIC SCHOOL', 1519)
('REAR OF_RESIDENCE - APT. HOUSE', 7730)
('REAR OF_RESIDENCE - PUBLIC HOUSING', 16672)
('REAR OF_RESIDENCE-HOUSE', 13083)
('REAR OF_RESTAURANT/DINER', 616)
('REAR OF_SHOE', 15)
('REAR OF_SMALL MERCHANT', 290)
('REAR OF_SOCIAL CLUB/POLICY', 39)
('REAR OF_STORAGE FACILITY', 98)
('REAR OF_STORE UNCLASSIFIED', 315)
('REAR OF_STREET', 10889)
('REAR OF_SYNAGOGUE', 79)
('REAR OF_TAXI (LIVERY LICENSED)', 15)
('REAR OF_TAXI (YELLOW LICENSED)', 10)
('REAR OF_TAXI/LIVERY (UNLICENSED)', 2)
('REAR OF_TELECOMM. STORE', 29)
('REAR OF_TRAMWAY', 3)
('REAR OF_TRANSIT - NYC SUBWAY', 4)
('REAR OF_TRANSIT FACILITY (OTHER)', 45)
('REAR OF_TUNNEL', 23)
('REAR OF_VARIETY STORE', 59)
('REAR OF_VIDEO STORE', 6)
('_', 3710)
('_ABANDONED BUILDING', 233)
('_AIRPORT TERMINAL', 6397)
('_ATM', 154)
('_BANK', 582)
('_BAR/NIGHT CLUB', 2086)
('_BEAUTY & NAIL SALON', 213)
('_BOOK/CARD', 25)
('_BRIDGE', 2313)
('_BUS (NYC TRANSIT)', 3026)
('_BUS (OTHER)', 782)
('_BUS STOP', 1498)
('_BUS TERMINAL', 165)
('_CANDY STORE', 231)
('_CEMETERY', 117)
('_CHAIN STORE', 1079)
('_CHECK CASHING BUSINESS', 113)
('_CHURCH', 238)
('_CLOTHING/BOUTIQUE', 346)
('_COMMERCIAL BUILDING', 2586)
('_CONSTRUCTION SITE', 747)
('_DEPARTMENT STORE', 579)
('_DOCTOR/DENTIST OFFICE', 88)
('_DRUG STORE', 331)
('_DRY CLEANER/LAUNDRY', 323)
('_FACTORY/WAREHOUSE', 127)
('_FAST FOOD', 1196)
('_FERRY/FERRY TERMINAL', 61)
('_FOOD SUPERMARKET', 484)
('_GAS STATION', 996)
('_GROCERY/BODEGA', 1442)
('_GYM/FITNESS FACILITY', 551)
('_HIGHWAY/PARKWAY', 11721)
('_HOSPITAL', 404)
('_HOTEL/MOTEL', 207)
('_JEWELRY', 15)
('_LIQUOR STORE', 49)
('_LOAN COMPANY', 2)
('_MARINA/PIER', 691)
('_MOSQUE', 16)
('_OPEN AREAS (OPEN LOTS)', 1182)
('_OTHER', 16748)
('_OTHER HOUSE OF WORSHIP', 26)
('_PARK/PLAYGROUND', 29032)
('_PARKING LOT/GARAGE (PRIVATE)', 2020)
('_PARKING LOT/GARAGE (PUBLIC)', 3629)
('_PHOTO/COPY', 12)
('_PRIVATE/PAROCHIAL SCHOOL', 141)
('_PUBLIC BUILDING', 2284)
('_PUBLIC SCHOOL', 1331)
('_RESIDENCE - APT. HOUSE', 7023)
('_RESIDENCE - PUBLIC HOUSING', 1276)
('_RESIDENCE-HOUSE', 2778)
('_RESTAURANT/DINER', 1818)
('_SHOE', 58)
('_SMALL MERCHANT', 444)
('_SOCIAL CLUB/POLICY', 158)
('_STORAGE FACILITY', 115)
('_STORE UNCLASSIFIED', 543)
('_STREET', 497059)
('_SYNAGOGUE', 27)
('_TAXI (LIVERY LICENSED)', 1111)
('_TAXI (YELLOW LICENSED)', 1620)
('_TAXI/LIVERY (UNLICENSED)', 180)
('_TELECOMM. STORE', 38)
('_TRAMWAY', 65)
('_TRANSIT - NYC SUBWAY', 57071)
('_TRANSIT FACILITY (OTHER)', 1402)
('_TUNNEL', 939)
('_VARIETY STORE', 137)
('_VIDEO STORE', 20)

