('2006_', 3616)
('2006_ADMINISTRATIVE CODE', 1018)
('2006_ALCOHOLIC BEVERAGE CONTROL LAW', 76)
('2006_ANTICIPATORY OFFENSES', 14)
('2006_ASSAULT 3 & RELATED OFFENSES', 52137)
("2006_BURGLAR'S TOOLS", 161)
('2006_CRIMINAL MISCHIEF & RELATED OF', 45830)
('2006_CRIMINAL TRESPASS', 6790)
('2006_DANGEROUS DRUGS', 27990)
('2006_DANGEROUS WEAPONS', 7091)
('2006_DISRUPTION OF A RELIGIOUS SERV', 6)
('2006_ENDAN WELFARE INCOMP', 13)
('2006_ESCAPE 3', 19)
('2006_FORTUNE TELLING', 2)
('2006_FRAUDS', 2682)
('2006_FRAUDULENT ACCOSTING', 290)
('2006_GAMBLING', 161)
('2006_INTOXICATED & IMPAIRED DRIVING', 7604)
('2006_JOSTLING', 23)
('2006_LOITERING FOR DRUG PURPOSES', 4)
('2006_NEW YORK CITY HEALTH CODE', 2)
('2006_OFF. AGNST PUB ORD SENSBLTY &', 33893)
('2006_OFFENSES AGAINST PUBLIC ADMINI', 5604)
('2006_OFFENSES AGAINST PUBLIC SAFETY', 51)
('2006_OFFENSES AGAINST THE PERSON', 1142)
('2006_OFFENSES INVOLVING FRAUD', 1999)
('2006_OFFENSES RELATED TO CHILDREN', 33)
('2006_OTHER OFFENSES RELATED TO THEF', 489)
('2006_OTHER STATE LAWS (NON PENAL LA', 675)
('2006_PETIT LARCENY', 80978)
('2006_PETIT LARCENY OF MOTOR VEHICLE', 177)
('2006_POSSESSION OF STOLEN PROPERTY', 2010)
('2006_PROSTITUTION & RELATED OFFENSES', 32)
('2006_SEX CRIMES', 4807)
('2006_UNAUTHORIZED USE OF A VEHICLE', 1306)
('2006_VEHICLE AND TRAFFIC LAWS', 5983)
('2007_', 2032)
('2007_ADMINISTRATIVE CODE', 937)
('2007_ALCOHOLIC BEVERAGE CONTROL LAW', 77)
('2007_ANTICIPATORY OFFENSES', 13)
('2007_ASSAULT 3 & RELATED OFFENSES', 51429)
("2007_BURGLAR'S TOOLS", 192)
('2007_CRIMINAL MISCHIEF & RELATED OF', 48932)
('2007_CRIMINAL TRESPASS', 8061)
('2007_DANGEROUS DRUGS', 31099)
('2007_DANGEROUS WEAPONS', 7734)
('2007_DISRUPTION OF A RELIGIOUS SERV', 7)
('2007_ENDAN WELFARE INCOMP', 6)
('2007_ESCAPE 3', 33)
('2007_FORTUNE TELLING', 2)
('2007_FRAUDS', 2580)
('2007_FRAUDULENT ACCOSTING', 239)
('2007_GAMBLING', 207)
('2007_INTOXICATED & IMPAIRED DRIVING', 8661)
('2007_JOSTLING', 15)
('2007_LOITERING FOR DRUG PURPOSES', 4)
('2007_NEW YORK CITY HEALTH CODE', 4)
('2007_OFF. AGNST PUB ORD SENSBLTY &', 33327)
('2007_OFFENSES AGAINST PUBLIC ADMINI', 9636)
('2007_OFFENSES AGAINST PUBLIC SAFETY', 50)
('2007_OFFENSES AGAINST THE PERSON', 1286)
('2007_OFFENSES INVOLVING FRAUD', 1805)
('2007_OFFENSES RELATED TO CHILDREN', 196)
('2007_OTHER OFFENSES RELATED TO THEF', 655)
('2007_OTHER STATE LAWS (NON PENAL LA', 770)
('2007_PETIT LARCENY', 80230)
('2007_PETIT LARCENY OF MOTOR VEHICLE', 127)
('2007_POSSESSION OF STOLEN PROPERTY', 1879)
('2007_PROSTITUTION & RELATED OFFENSES', 87)
('2007_SEX CRIMES', 4381)
('2007_THEFT OF SERVICES', 11)
('2007_UNAUTHORIZED USE OF A VEHICLE', 1311)
('2007_VEHICLE AND TRAFFIC LAWS', 5533)
('2008_', 1676)
('2008_ADMINISTRATIVE CODE', 1000)
('2008_ALCOHOLIC BEVERAGE CONTROL LAW', 57)
('2008_ANTICIPATORY OFFENSES', 15)
('2008_ASSAULT 3 & RELATED OFFENSES', 50291)
("2008_BURGLAR'S TOOLS", 172)
('2008_CRIMINAL MISCHIEF & RELATED OF', 49064)
('2008_CRIMINAL TRESPASS', 8312)
('2008_DANGEROUS DRUGS', 30967)
('2008_DANGEROUS WEAPONS', 7659)
('2008_ENDAN WELFARE INCOMP', 9)
('2008_ESCAPE 3', 22)
('2008_FRAUDS', 3075)
('2008_FRAUDULENT ACCOSTING', 298)
('2008_GAMBLING', 185)
('2008_INTOXICATED & IMPAIRED DRIVING', 8281)
('2008_JOSTLING', 27)
('2008_LOITERING FOR DRUG PURPOSES', 10)
('2008_NEW YORK CITY HEALTH CODE', 7)
('2008_OFF. AGNST PUB ORD SENSBLTY &', 31285)
('2008_OFFENSES AGAINST MARRIAGE UNCL', 1)
('2008_OFFENSES AGAINST PUBLIC ADMINI', 10369)
('2008_OFFENSES AGAINST PUBLIC SAFETY', 53)
('2008_OFFENSES AGAINST THE PERSON', 1149)
('2008_OFFENSES INVOLVING FRAUD', 1715)
('2008_OFFENSES RELATED TO CHILDREN', 48)
('2008_OTHER OFFENSES RELATED TO THEF', 754)
('2008_OTHER STATE LAWS (NON PENAL LA', 522)
('2008_PETIT LARCENY', 83088)
('2008_PETIT LARCENY OF MOTOR VEHICLE', 106)
('2008_POSSESSION OF STOLEN PROPERTY', 1808)
('2008_PROSTITUTION & RELATED OFFENSES', 66)
('2008_SEX CRIMES', 4288)
('2008_THEFT OF SERVICES', 32)
('2008_UNAUTHORIZED USE OF A VEHICLE', 1169)
('2008_VEHICLE AND TRAFFIC LAWS', 5233)
('2009_', 1740)
('2009_ADMINISTRATIVE CODE', 1011)
('2009_ALCOHOLIC BEVERAGE CONTROL LAW', 72)
('2009_ANTICIPATORY OFFENSES', 11)
('2009_ASSAULT 3 & RELATED OFFENSES', 50200)
("2009_BURGLAR'S TOOLS", 218)
('2009_CRIMINAL MISCHIEF & RELATED OF', 45743)
('2009_CRIMINAL TRESPASS', 8569)
('2009_DANGEROUS DRUGS', 32622)
('2009_DANGEROUS WEAPONS', 8365)
('2009_DISRUPTION OF A RELIGIOUS SERV', 6)
('2009_ENDAN WELFARE INCOMP', 19)
('2009_ESCAPE 3', 23)
('2009_FRAUDS', 3096)
('2009_FRAUDULENT ACCOSTING', 309)
('2009_GAMBLING', 195)
('2009_INTOXICATED & IMPAIRED DRIVING', 7698)
('2009_JOSTLING', 28)
('2009_LOITERING FOR DRUG PURPOSES', 2)
('2009_NEW YORK CITY HEALTH CODE', 1)
('2009_OFF. AGNST PUB ORD SENSBLTY &', 31009)
('2009_OFFENSES AGAINST MARRIAGE UNCL', 1)
('2009_OFFENSES AGAINST PUBLIC ADMINI', 11216)
('2009_OFFENSES AGAINST PUBLIC SAFETY', 77)
('2009_OFFENSES AGAINST THE PERSON', 1125)
('2009_OFFENSES INVOLVING FRAUD', 2059)
('2009_OFFENSES RELATED TO CHILDREN', 119)
('2009_OTHER OFFENSES RELATED TO THEF', 885)
('2009_OTHER STATE LAWS (NON PENAL LA', 594)
('2009_PETIT LARCENY', 80913)
('2009_PETIT LARCENY OF MOTOR VEHICLE', 77)
('2009_POSSESSION OF STOLEN PROPERTY', 2023)
('2009_PROSTITUTION & RELATED OFFENSES', 59)
('2009_SEX CRIMES', 4462)
('2009_THEFT OF SERVICES', 40)
('2009_UNAUTHORIZED USE OF A VEHICLE', 1186)
('2009_VEHICLE AND TRAFFIC LAWS', 6176)
('2010_', 1958)
('2010_ADMINISTRATIVE CODE', 972)
('2010_ALCOHOLIC BEVERAGE CONTROL LAW', 86)
('2010_ANTICIPATORY OFFENSES', 10)
('2010_ASSAULT 3 & RELATED OFFENSES', 52610)
("2010_BURGLAR'S TOOLS", 222)
('2010_CRIMINAL MISCHIEF & RELATED OF', 44867)
('2010_CRIMINAL TRESPASS', 7714)
('2010_DANGEROUS DRUGS', 32907)
('2010_DANGEROUS WEAPONS', 8718)
('2010_DISRUPTION OF A RELIGIOUS SERV', 3)
('2010_ENDAN WELFARE INCOMP', 9)
('2010_ESCAPE 3', 15)
('2010_FORTUNE TELLING', 3)
('2010_FRAUDS', 3111)
('2010_FRAUDULENT ACCOSTING', 310)
('2010_GAMBLING', 180)
('2010_INTOXICATED & IMPAIRED DRIVING', 6690)
('2010_JOSTLING', 19)
('2010_LOITERING FOR DRUG PURPOSES', 2)
('2010_NEW YORK CITY HEALTH CODE', 2)
('2010_OFF. AGNST PUB ORD SENSBLTY &', 30278)
('2010_OFFENSES AGAINST PUBLIC ADMINI', 11120)
('2010_OFFENSES AGAINST PUBLIC SAFETY', 110)
('2010_OFFENSES AGAINST THE PERSON', 1199)
('2010_OFFENSES INVOLVING FRAUD', 2289)
('2010_OFFENSES RELATED TO CHILDREN', 157)
('2010_OTHER OFFENSES RELATED TO THEF', 964)
('2010_OTHER STATE LAWS (NON PENAL LA', 577)
('2010_PETIT LARCENY', 81317)
('2010_PETIT LARCENY OF MOTOR VEHICLE', 58)
('2010_POSSESSION OF STOLEN PROPERTY', 2233)
('2010_PROSTITUTION & RELATED OFFENSES', 73)
('2010_SEX CRIMES', 4469)
('2010_THEFT OF SERVICES', 321)
('2010_UNAUTHORIZED USE OF A VEHICLE', 1295)
('2010_VEHICLE AND TRAFFIC LAWS', 6616)
('2011_', 1563)
('2011_ADMINISTRATIVE CODE', 980)
('2011_ALCOHOLIC BEVERAGE CONTROL LAW', 79)
('2011_ANTICIPATORY OFFENSES', 9)
('2011_ASSAULT 3 & RELATED OFFENSES', 50872)
("2011_BURGLAR'S TOOLS", 271)
('2011_CRIMINAL MISCHIEF & RELATED OF', 42943)
('2011_CRIMINAL TRESPASS', 6826)
('2011_DANGEROUS DRUGS', 32849)
('2011_DANGEROUS WEAPONS', 8600)
('2011_DISRUPTION OF A RELIGIOUS SERV', 4)
('2011_ENDAN WELFARE INCOMP', 10)
('2011_ESCAPE 3', 11)
('2011_FRAUDS', 3182)
('2011_FRAUDULENT ACCOSTING', 295)
('2011_GAMBLING', 148)
('2011_INTOXICATED & IMPAIRED DRIVING', 6028)
('2011_JOSTLING', 33)
('2011_NEW YORK CITY HEALTH CODE', 2)
('2011_OFF. AGNST PUB ORD SENSBLTY &', 28065)
('2011_OFFENSES AGAINST PUBLIC ADMINI', 11062)
('2011_OFFENSES AGAINST PUBLIC SAFETY', 90)
('2011_OFFENSES AGAINST THE PERSON', 1202)
('2011_OFFENSES INVOLVING FRAUD', 1972)
('2011_OFFENSES RELATED TO CHILDREN', 173)
('2011_OTHER OFFENSES RELATED TO THEF', 918)
('2011_OTHER STATE LAWS (NON PENAL LA', 577)
('2011_PETIT LARCENY', 81079)
('2011_PETIT LARCENY OF MOTOR VEHICLE', 67)
('2011_POSSESSION OF STOLEN PROPERTY', 2843)
('2011_PROSTITUTION & RELATED OFFENSES', 66)
('2011_SEX CRIMES', 4596)
('2011_THEFT OF SERVICES', 303)
('2011_UNAUTHORIZED USE OF A VEHICLE', 1305)
('2011_VEHICLE AND TRAFFIC LAWS', 5812)
('2012_', 1576)
('2012_ADMINISTRATIVE CODE', 1002)
('2012_ALCOHOLIC BEVERAGE CONTROL LAW', 91)
('2012_ANTICIPATORY OFFENSES', 8)
('2012_ASSAULT 3 & RELATED OFFENSES', 54436)
("2012_BURGLAR'S TOOLS", 290)
('2012_CRIMINAL MISCHIEF & RELATED OF', 40995)
('2012_CRIMINAL TRESPASS', 5811)
('2012_DANGEROUS DRUGS', 29371)
('2012_DANGEROUS WEAPONS', 7135)
('2012_DISRUPTION OF A RELIGIOUS SERV', 4)
('2012_ENDAN WELFARE INCOMP', 16)
('2012_ESCAPE 3', 11)
('2012_FORTUNE TELLING', 3)
('2012_FRAUDS', 3579)
('2012_FRAUDULENT ACCOSTING', 292)
('2012_GAMBLING', 181)
('2012_INTOXICATED & IMPAIRED DRIVING', 6723)
('2012_JOSTLING', 47)
('2012_NEW YORK CITY HEALTH CODE', 1)
('2012_OFF. AGNST PUB ORD SENSBLTY &', 27382)
('2012_OFFENSES AGAINST MARRIAGE UNCL', 1)
('2012_OFFENSES AGAINST PUBLIC ADMINI', 10721)
('2012_OFFENSES AGAINST PUBLIC SAFETY', 105)
('2012_OFFENSES AGAINST THE PERSON', 1243)
('2012_OFFENSES INVOLVING FRAUD', 1668)
('2012_OFFENSES RELATED TO CHILDREN', 182)
('2012_OTHER OFFENSES RELATED TO THEF', 1067)
('2012_OTHER STATE LAWS (NON PENAL LA', 423)
('2012_OTHER STATE LAWS (NON PENAL LAW)', 3)
('2012_PETIT LARCENY', 82854)
('2012_PETIT LARCENY OF MOTOR VEHICLE', 67)
('2012_POSSESSION OF STOLEN PROPERTY', 2657)
('2012_PROSTITUTION & RELATED OFFENSES', 71)
('2012_SEX CRIMES', 4455)
('2012_THEFT OF SERVICES', 588)
('2012_UNAUTHORIZED USE OF A VEHICLE', 1419)
('2012_VEHICLE AND TRAFFIC LAWS', 5575)
('2013_', 1525)
('2013_ADMINISTRATIVE CODE', 1020)
('2013_ALCOHOLIC BEVERAGE CONTROL LAW', 65)
('2013_ANTICIPATORY OFFENSES', 7)
('2013_ASSAULT 3 & RELATED OFFENSES', 53636)
("2013_BURGLAR'S TOOLS", 290)
('2013_CRIMINAL MISCHIEF & RELATED OF', 36704)
('2013_CRIMINAL TRESPASS', 4987)
('2013_DANGEROUS DRUGS', 24453)
('2013_DANGEROUS WEAPONS', 6524)
('2013_DISRUPTION OF A RELIGIOUS SERV', 5)
('2013_ENDAN WELFARE INCOMP', 14)
('2013_ESCAPE 3', 10)
('2013_FRAUDS', 3376)
('2013_FRAUDULENT ACCOSTING', 192)
('2013_GAMBLING', 124)
('2013_INTOXICATED & IMPAIRED DRIVING', 8238)
('2013_JOSTLING', 30)
('2013_NEW YORK CITY HEALTH CODE', 9)
('2013_OFF. AGNST PUB ORD SENSBLTY &', 27151)
('2013_OFFENSES AGAINST PUBLIC ADMINI', 10700)
('2013_OFFENSES AGAINST PUBLIC SAFETY', 94)
('2013_OFFENSES AGAINST THE PERSON', 1370)
('2013_OFFENSES INVOLVING FRAUD', 1529)
('2013_OFFENSES RELATED TO CHILDREN', 156)
('2013_OTHER OFFENSES RELATED TO THEF', 1133)
('2013_OTHER STATE LAWS (NON PENAL LA', 390)
('2013_PETIT LARCENY', 85513)
('2013_PETIT LARCENY OF MOTOR VEHICLE', 80)
('2013_POSSESSION OF STOLEN PROPERTY', 2328)
('2013_PROSTITUTION & RELATED OFFENSES', 53)
('2013_SEX CRIMES', 3931)
('2013_THEFT OF SERVICES', 570)
('2013_UNAUTHORIZED USE OF A VEHICLE', 1511)
('2013_VEHICLE AND TRAFFIC LAWS', 6101)
('2014_', 1445)
('2014_ADMINISTRATIVE CODE', 1011)
('2014_ALCOHOLIC BEVERAGE CONTROL LAW', 69)
('2014_ANTICIPATORY OFFENSES', 4)
('2014_ASSAULT 3 & RELATED OFFENSES', 53737)
("2014_BURGLAR'S TOOLS", 375)
('2014_CRIMINAL MISCHIEF & RELATED OF', 38729)
('2014_CRIMINAL TRESPASS', 5147)
('2014_DANGEROUS DRUGS', 24317)
('2014_DANGEROUS WEAPONS', 6167)
('2014_DISRUPTION OF A RELIGIOUS SERV', 6)
('2014_ENDAN WELFARE INCOMP', 14)
('2014_ESCAPE 3', 9)
('2014_FRAUDS', 3797)
('2014_FRAUDULENT ACCOSTING', 242)
('2014_GAMBLING', 181)
('2014_INTOXICATED & IMPAIRED DRIVING', 7875)
('2014_JOSTLING', 39)
('2014_LOITERING FOR DRUG PURPOSES', 1)
('2014_NEW YORK CITY HEALTH CODE', 7)
('2014_OFF. AGNST PUB ORD SENSBLTY &', 19884)
('2014_OFFENSES AGAINST PUBLIC ADMINI', 10295)
('2014_OFFENSES AGAINST PUBLIC SAFETY', 109)
('2014_OFFENSES AGAINST THE PERSON', 1334)
('2014_OFFENSES INVOLVING FRAUD', 1525)
('2014_OFFENSES RELATED TO CHILDREN', 136)
('2014_OTHER OFFENSES RELATED TO THEF', 1347)
('2014_OTHER STATE LAWS (NON PENAL LA', 553)
('2014_PETIT LARCENY', 84999)
('2014_PETIT LARCENY OF MOTOR VEHICLE', 78)
('2014_POSSESSION OF STOLEN PROPERTY', 1457)
('2014_PROSTITUTION & RELATED OFFENSES', 114)
('2014_SEX CRIMES', 4182)
('2014_THEFT OF SERVICES', 444)
('2014_UNAUTHORIZED USE OF A VEHICLE', 1720)
('2014_VEHICLE AND TRAFFIC LAWS', 5837)
('2015_', 1135)
('2015_ADMINISTRATIVE CODE', 986)
('2015_AGRICULTURE & MRKTS LAW-UNCLASSIFIED', 83)
('2015_ALCOHOLIC BEVERAGE CONTROL LAW', 78)
('2015_ANTICIPATORY OFFENSES', 4)
('2015_ASSAULT 3 & RELATED OFFENSES', 52190)
("2015_BURGLAR'S TOOLS", 286)
('2015_CRIMINAL MISCHIEF & RELATED OF', 39551)
('2015_CRIMINAL TRESPASS', 4327)
('2015_DANGEROUS DRUGS', 19215)
('2015_DANGEROUS WEAPONS', 5679)
('2015_DISRUPTION OF A RELIGIOUS SERV', 6)
('2015_ENDAN WELFARE INCOMP', 12)
('2015_ESCAPE 3', 14)
('2015_FORTUNE TELLING', 1)
('2015_FRAUDS', 3576)
('2015_FRAUDULENT ACCOSTING', 178)
('2015_GAMBLING', 339)
('2015_INTOXICATED & IMPAIRED DRIVING', 5932)
('2015_JOSTLING', 38)
('2015_NEW YORK CITY HEALTH CODE', 9)
('2015_OFF. AGNST PUB ORD SENSBLTY &', 20791)
('2015_OFFENSES AGAINST PUBLIC ADMINI', 9395)
('2015_OFFENSES AGAINST PUBLIC SAFETY', 71)
('2015_OFFENSES AGAINST THE PERSON', 1289)
('2015_OFFENSES INVOLVING FRAUD', 1176)
('2015_OFFENSES RELATED TO CHILDREN', 146)
('2015_OTHER OFFENSES RELATED TO THEF', 1519)
('2015_OTHER STATE LAWS (NON PENAL LA', 424)
('2015_OTHER STATE LAWS (NON PENAL LAW)', 1)
('2015_PETIT LARCENY', 81527)
('2015_PETIT LARCENY OF MOTOR VEHICLE', 71)
('2015_POSSESSION OF STOLEN PROPERTY', 1138)
('2015_PROSTITUTION & RELATED OFFENSES', 99)
('2015_SEX CRIMES', 4546)
('2015_THEFT OF SERVICES', 469)
('2015_UNAUTHORIZED USE OF A VEHICLE', 1604)
('2015_VEHICLE AND TRAFFIC LAWS', 6274)
