('', 18266)
('ADMINISTRATIVE CODE', 9937)
('AGRICULTURE & MRKTS LAW-UNCLASSIFIED', 83)
('ALCOHOLIC BEVERAGE CONTROL LAW', 750)
('ANTICIPATORY OFFENSES', 95)
('ASSAULT 3 & RELATED OFFENSES', 521538)
("BURGLAR'S TOOLS", 2477)
('CRIMINAL MISCHIEF & RELATED OF', 433358)
('CRIMINAL TRESPASS', 66544)
('DANGEROUS DRUGS', 285790)
('DANGEROUS WEAPONS', 73672)
('DISRUPTION OF A RELIGIOUS SERV', 47)
('ENDAN WELFARE INCOMP', 122)
('ESCAPE 3', 167)
('FORTUNE TELLING', 11)
('FRAUDS', 32054)
('FRAUDULENT ACCOSTING', 2645)
('GAMBLING', 1901)
('INTOXICATED & IMPAIRED DRIVING', 73730)
('JOSTLING', 299)
('LOITERING FOR DRUG PURPOSES', 23)
('NEW YORK CITY HEALTH CODE', 44)
('OFF. AGNST PUB ORD SENSBLTY &', 283065)
('OFFENSES AGAINST MARRIAGE UNCL', 3)
('OFFENSES AGAINST PUBLIC ADMINI', 100118)
('OFFENSES AGAINST PUBLIC SAFETY', 810)
('OFFENSES AGAINST THE PERSON', 12339)
('OFFENSES INVOLVING FRAUD', 17737)
('OFFENSES RELATED TO CHILDREN', 1346)
('OTHER OFFENSES RELATED TO THEF', 9731)
('OTHER STATE LAWS (NON PENAL LA', 5505)
('OTHER STATE LAWS (NON PENAL LAW)', 4)
('PETIT LARCENY', 822498)
('PETIT LARCENY OF MOTOR VEHICLE', 908)
('POSSESSION OF STOLEN PROPERTY', 20376)
('PROSTITUTION & RELATED OFFENSES', 720)
('SEX CRIMES', 44117)
('THEFT OF SERVICES', 2778)
('UNAUTHORIZED USE OF A VEHICLE', 13826)
('VEHICLE AND TRAFFIC LAWS', 59140)
