('ADMINISTRATIVE CODE_ADM.CODE,UNCLASSIFIED MISDEMEA', 9689)
('ADMINISTRATIVE CODE_CIGARETTE,NO TAX STAMP,POSSESS', 209)
('ADMINISTRATIVE CODE_GRAFFITI (ADMINISTRATIVE CODE-', 39)
('AGRICULTURE & MRKTS LAW-UNCLASSIFIED_ABANDON ANIMAL', 40)
('AGRICULTURE & MRKTS LAW-UNCLASSIFIED_ATTEND/SPECTATOR ANIMAL FIGHTING', 1)
('AGRICULTURE & MRKTS LAW-UNCLASSIFIED_NEGLECT/POISON ANIMAL', 1)
('AGRICULTURE & MRKTS LAW-UNCLASSIFIED_TORTURE/INJURE ANIMAL CRUELTY', 41)
('ALCOHOLIC BEVERAGE CONTROL LAW_ALCOHOLIC BEVERAGE CONTROL LAW', 750)
('ANTICIPATORY OFFENSES_CONSPIRACY 6, 5', 27)
('ANTICIPATORY OFFENSES_FACILITATION 4, CRIMINAL', 49)
('ANTICIPATORY OFFENSES_SOLICITATION 4, CRIMINAL', 19)
('ASSAULT 3 & RELATED OFFENSES_ASSAULT 3', 438123)
('ASSAULT 3 & RELATED OFFENSES_MENACING,PEACE OFFICER', 863)
('ASSAULT 3 & RELATED OFFENSES_MENACING,UNCLASSIFIED', 70183)
('ASSAULT 3 & RELATED OFFENSES_OBSTR BREATH/CIRCUL', 12369)
("BURGLAR'S TOOLS_BURGLARS TOOLS,UNCLASSIFIED", 2477)
('CRIMINAL MISCHIEF & RELATED OF_CRIMINAL MISCHIEF 4TH, GRAFFIT', 89416)
('CRIMINAL MISCHIEF & RELATED OF_CRIMINAL MISCHIEF,UNCLASSIFIED 4', 146445)
('CRIMINAL MISCHIEF & RELATED OF_FALSE ALARM FIRE', 129)
('CRIMINAL MISCHIEF & RELATED OF_MISCHIEF, CRIMINAL 4, BY FIRE', 6277)
('CRIMINAL MISCHIEF & RELATED OF_MISCHIEF, CRIMINAL 4, OF MOTOR', 188805)
('CRIMINAL MISCHIEF & RELATED OF_RECKLESS ENDANGERMENT OF PROPE', 1434)
('CRIMINAL MISCHIEF & RELATED OF_TAMPERING 3,2, CRIMINAL', 852)
('CRIMINAL TRESPASS_TRESPASS 2, CRIMINAL', 60001)
('CRIMINAL TRESPASS_TRESPASS 3, CRIMINAL', 6543)
('DANGEROUS DRUGS_CONTROLLED SUBSTANCE, POSSESSI', 99942)
('DANGEROUS DRUGS_DRUG PARAPHERNALIA,   POSSESSE', 1786)
('DANGEROUS DRUGS_MARIJUANA, POSSESSION 4 & 5', 173044)
('DANGEROUS DRUGS_MARIJUANA, SALE 4 & 5', 10427)
('DANGEROUS DRUGS_POSS METH MANUFACT MATERIAL', 4)
('DANGEROUS DRUGS_POSSESSION HYPODERMIC INSTRUME', 587)
('DANGEROUS WEAPONS_WEAPONS, POSSESSION, ETC', 73653)
('DANGEROUS WEAPONS_WEAPONS,MFR,TRANSPORT,ETC.', 13)
('DANGEROUS WEAPONS_WEAPONS,PROHIBITED USE', 4)
('DANGEROUS WEAPONS_WEAPONS,PROHIBITED USE IMITATI', 2)
('DISRUPTION OF A RELIGIOUS SERV_DIS. CON.,AGGRAVATED', 47)
('ENDAN WELFARE INCOMP_INCOMPETENT PERSON,RECKLESSY ENDANGERING', 122)
('ESCAPE 3_ESCAPE 3', 167)
('FORTUNE TELLING_FORTUNE TELLING', 11)
('FRAUDS_CHECK,BAD', 463)
('FRAUDS_COMPUTER UNAUTH. USE/TAMPER', 177)
('FRAUDS_FRAUD,UNCLASSIFIED-MISDEMEANOR', 18067)
('FRAUDS_IMPERSONATION 2, PUBLIC SERVAN', 13347)
('FRAUDULENT ACCOSTING_ACCOSTING,FRAUDULENT', 2645)
('GAMBLING_GAMBLING 2, PROMOTING, BOOKMAK', 31)
('GAMBLING_GAMBLING 2, PROMOTING, POLICY-', 82)
('GAMBLING_GAMBLING 2,PROMOTING,UNCLASSIF', 1455)
('GAMBLING_GAMBLING, DEVICE, POSSESSION', 333)
('INTOXICATED & IMPAIRED DRIVING_IMPAIRED DRIVING,DRUG', 725)
('INTOXICATED & IMPAIRED DRIVING_INTOXICATED DRIVING,ALCOHOL', 73005)
('JOSTLING_JOSTLING', 299)
('LOITERING FOR DRUG PURPOSES_LOITERING 1ST DEGREE FOR DRUG', 23)
('NEW YORK CITY HEALTH CODE_HEALTH CODE,UNCLASSIFIED MISDE', 44)
('OFF. AGNST PUB ORD SENSBLTY &_AGGRAVATED HARASSMENT 2', 281266)
('OFF. AGNST PUB ORD SENSBLTY &_ASSEMBLY,UNLAWFUL', 977)
('OFF. AGNST PUB ORD SENSBLTY &_DISSEMINATING A FALSE SEX OFFEND', 3)
('OFF. AGNST PUB ORD SENSBLTY &_FALSE REPORT BOMB', 270)
('OFF. AGNST PUB ORD SENSBLTY &_FALSE REPORT UNCLASSIFIED', 75)
('OFF. AGNST PUB ORD SENSBLTY &_LEWDNESS,PUBLIC', 230)
('OFF. AGNST PUB ORD SENSBLTY &_NUISANCE,CRIMINAL,UNCLASSIFIED', 5)
('OFF. AGNST PUB ORD SENSBLTY &_RADIO DEVICES,UNLAWFUL POSSESS', 15)
('OFF. AGNST PUB ORD SENSBLTY &_RIOT 2/INCITING', 215)
('OFF. AGNST PUB ORD SENSBLTY &_SALE OF UNAUTHORIZED RECORDING', 9)
('OFFENSES AGAINST MARRIAGE UNCL_MARRIAGE,OFFENSES AGAINST,UNCL', 3)
('OFFENSES AGAINST PUBLIC ADMINI_ABSCONDING FROM WORK RELEASE 2', 17)
('OFFENSES AGAINST PUBLIC ADMINI_BAIL JUMPING 3', 1647)
('OFFENSES AGAINST PUBLIC ADMINI_CONTEMPT,CRIMINAL', 14595)
('OFFENSES AGAINST PUBLIC ADMINI_PERJURY 3,ETC.', 84)
('OFFENSES AGAINST PUBLIC ADMINI_PUBLIC ADMINISTATION,UNCLASS M', 25084)
('OFFENSES AGAINST PUBLIC ADMINI_RESISTING ARREST', 28237)
('OFFENSES AGAINST PUBLIC ADMINI_VIOLATION OF ORDER OF PROTECTI', 30454)
('OFFENSES AGAINST PUBLIC SAFETY_FIREWORKS, SALE', 539)
('OFFENSES AGAINST PUBLIC SAFETY_PUBLIC SAFETY,UNCLASSIFIED MIS', 255)
('OFFENSES AGAINST PUBLIC SAFETY_WOUNDS,REPORTING OF', 16)
('OFFENSES AGAINST THE PERSON_ABORTION 2, 1, SELF', 1)
('OFFENSES AGAINST THE PERSON_COERCION 2', 70)
('OFFENSES AGAINST THE PERSON_CUSTODIAL INTERFERENCE 2', 977)
('OFFENSES AGAINST THE PERSON_IMPRISONMENT 2,UNLAWFUL', 1631)
('OFFENSES AGAINST THE PERSON_RECKLESS ENDANGERMENT 2', 9660)
('OFFENSES INVOLVING FRAUD_BRIBERY,COMMERCIAL', 111)
('OFFENSES INVOLVING FRAUD_FORGERY,ETC.-MISD.', 17527)
('OFFENSES INVOLVING FRAUD_POSSESSION ANTI-SECURITY ITEM', 13)
('OFFENSES INVOLVING FRAUD_RECORDS,FALSIFY-TAMPER', 86)
('OFFENSES RELATED TO CHILDREN_CHILD,ALCOHOL SALE TO', 1124)
('OFFENSES RELATED TO CHILDREN_CHILD,LICENSED PREMISES', 3)
('OFFENSES RELATED TO CHILDREN_CHILD,OFFENSES AGAINST,UNCLASS', 94)
('OFFENSES RELATED TO CHILDREN_EDUCATION LAW', 10)
('OFFENSES RELATED TO CHILDREN_LABOR LAW,EMPLOYING CHILDREN', 115)
('OTHER OFFENSES RELATED TO THEF_CREDIT CARD,UNLAWFUL USE OF', 17)
('OTHER OFFENSES RELATED TO THEF_THEFT OF SERVICES, UNCLASSIFIE', 9360)
('OTHER OFFENSES RELATED TO THEF_THEFT,RELATED OFFENSES,UNCLASS', 354)
('OTHER STATE LAWS (NON PENAL LAW)_GENERAL BUSINESS LAW / UNCLASSIFIED', 4)
('OTHER STATE LAWS (NON PENAL LA_AGRICULTURE & MARKETS LAW,UNCL', 200)
('OTHER STATE LAWS (NON PENAL LA_DOG STEALING', 42)
('OTHER STATE LAWS (NON PENAL LA_GENERAL BUSINESS LAW,TICKET SP', 282)
('OTHER STATE LAWS (NON PENAL LA_NAVIGATION LAW', 2)
('OTHER STATE LAWS (NON PENAL LA_NY STATE LAWS,UNCLASSIFIED MIS', 1309)
('OTHER STATE LAWS (NON PENAL LA_PUBLIC HEALTH LAW,GLUE,UNLAWFU', 10)
('OTHER STATE LAWS (NON PENAL LA_PUBLIC HEALTH LAW,UNCLASSIFIED', 125)
('OTHER STATE LAWS (NON PENAL LA_TAX LAW', 3535)
('PETIT LARCENY OF MOTOR VEHICLE_LARCENY, PETIT OF AUTO - ATTEM', 17)
('PETIT LARCENY OF MOTOR VEHICLE_LARCENY, PETIT OF MOPED', 226)
('PETIT LARCENY OF MOTOR VEHICLE_LARCENY,PETIT OF AUTO', 469)
('PETIT LARCENY OF MOTOR VEHICLE_LARCENY,PETIT OF MOTORCYCLE', 191)
('PETIT LARCENY OF MOTOR VEHICLE_LARCENY,PETIT OF TRUCK', 5)
('PETIT LARCENY_LARCENY,PETIT BY ACQUIRING LOS', 8052)
('PETIT LARCENY_LARCENY,PETIT BY CHECK USE', 4997)
('PETIT LARCENY_LARCENY,PETIT BY CREDIT CARD U', 6495)
('PETIT LARCENY_LARCENY,PETIT BY DISHONEST EMP', 4895)
('PETIT LARCENY_LARCENY,PETIT BY FALSE PROMISE', 6702)
('PETIT LARCENY_LARCENY,PETIT FROM AUTO', 178033)
('PETIT LARCENY_LARCENY,PETIT FROM BOAT', 138)
('PETIT LARCENY_LARCENY,PETIT FROM BUILDING,UN', 221733)
('PETIT LARCENY_LARCENY,PETIT FROM COIN MACHIN', 279)
('PETIT LARCENY_LARCENY,PETIT FROM OPEN AREAS,', 76592)
('PETIT LARCENY_LARCENY,PETIT FROM PARKING MET', 66)
('PETIT LARCENY_LARCENY,PETIT FROM PIER', 126)
('PETIT LARCENY_LARCENY,PETIT FROM STORE-SHOPL', 215445)
('PETIT LARCENY_LARCENY,PETIT FROM TRUCK', 2202)
('PETIT LARCENY_LARCENY,PETIT OF BICYCLE', 26579)
('PETIT LARCENY_LARCENY,PETIT OF BOAT', 24)
('PETIT LARCENY_LARCENY,PETIT OF LICENSE PLATE', 36251)
('PETIT LARCENY_LARCENY,PETIT OF VEHICLE ACCES', 32804)
('PETIT LARCENY_PETIT LARCENY OF ANIMAL', 36)
('PETIT LARCENY_PETIT LARCENY-CHECK FROM MAILB', 1049)
('POSSESSION OF STOLEN PROPERTY_STOLEN PROP-MOTOR VEHICLE 3RD,', 134)
('POSSESSION OF STOLEN PROPERTY_STOLEN PROPERTY 3,POSSESSION', 20242)
('PROSTITUTION & RELATED OFFENSES_LOITERING TO PROMOTE PROSTITUT', 64)
('PROSTITUTION & RELATED OFFENSES_PROSTITUTION', 149)
('PROSTITUTION & RELATED OFFENSES_PROSTITUTION 4,PROMOTING&SECUR', 107)
('PROSTITUTION & RELATED OFFENSES_PROSTITUTION, PATRONIZING 4, 3', 396)
('PROSTITUTION & RELATED OFFENSES_PROSTITUTION,PERMITTING', 4)
('SEX CRIMES_ABORTIONAL ARTICLES,ISSUING', 1)
('SEX CRIMES_CHILD, ENDANGERING WELFARE', 14080)
('SEX CRIMES_OBSCENITY, MATERIAL 3', 14)
('SEX CRIMES_OBSCENITY, PERFORMANCE 3', 69)
('SEX CRIMES_SEXUAL ABUSE 3,2', 26778)
('SEX CRIMES_SEXUAL MISCONDUCT,DEVIATE', 265)
('SEX CRIMES_SEXUAL MISCONDUCT,INTERCOURSE', 2907)
('SEX CRIMES_SODOMY,CONSENSUAL', 3)
('THEFT OF SERVICES_UNAUTH. SALE OF TRANS. SERVICE', 2778)
('UNAUTHORIZED USE OF A VEHICLE_UNAUTHORIZED USE VEHICLE 3', 13826)
('VEHICLE AND TRAFFIC LAWS_LEAVING SCENE-ACCIDENT-PERSONA', 41455)
('VEHICLE AND TRAFFIC LAWS_RECKLESS DRIVING', 729)
('VEHICLE AND TRAFFIC LAWS_TRAFFIC,UNCLASSIFIED MISDEMEAN', 16956)
('_AGGRAVATED HARASSMENT 2', 12)
('_ASSAULT 3', 7)
('_CHILD, ENDANGERING WELFARE', 1)
('_CONTEMPT,CRIMINAL', 1322)
('_CONTROLLED SUBSTANCE, POSSESSI', 1)
('_CRIMINAL MISCHIEF,UNCLASSIFIED 4', 4)
('_FALSE REPORT BOMB', 192)
('_FALSE REPORT UNCLASSIFIED', 5890)
('_FORGERY,ETC.-MISD.', 1)
('_FRAUD,UNCLASSIFIED-MISDEMEANOR', 3)
('_LARCENY,PETIT BY CREDIT CARD U', 1)
('_LARCENY,PETIT FROM AUTO', 2)
('_LARCENY,PETIT FROM BUILDING,UN', 1)
('_LARCENY,PETIT FROM OPEN AREAS,', 2)
('_LARCENY,PETIT FROM STORE-SHOPL', 1)
('_LEWDNESS,PUBLIC', 7801)
('_MATERIAL              OFFENSIV', 32)
('_MENACING,UNCLASSIFIED', 2)
('_MISCHIEF, CRIMINAL 4, OF MOTOR', 2)
('_NUISANCE,CRIMINAL,UNCLASSIFIED', 317)
('_POSS METH MANUFACT MATERIAL', 1)
('_PRIVACY,OFFENSES AGAINST,UNCLA', 27)
('_PUBLIC ADMINISTATION,UNCLASS M', 145)
('_RECKLESS ENDANGERMENT OF PROPE', 1)
('_RESISTING ARREST', 1)
('_RIOT 2/INCITING', 551)
('_SALE OF UNAUTHORIZED RECORDING', 1225)
('_SEXUAL ABUSE 3,2', 1)
('_STOLEN PROP-MOTOR VEHICLE 3RD,', 1)
('_THEFT OF SERVICES, UNCLASSIFIE', 221)
('_VIOLATION OF ORDER OF PROTECTI', 498)
