('2006_ADMINISTRATIVE CODE_BRONX', 206)
('2006_ADMINISTRATIVE CODE_BROOKLYN', 384)
('2006_ADMINISTRATIVE CODE_MANHATTAN', 149)
('2006_ADMINISTRATIVE CODE_QUEENS', 240)
('2006_ADMINISTRATIVE CODE_STATEN ISLAND', 39)
('2006_ALCOHOLIC BEVERAGE CONTROL LAW_BRONX', 36)
('2006_ALCOHOLIC BEVERAGE CONTROL LAW_BROOKLYN', 10)
('2006_ALCOHOLIC BEVERAGE CONTROL LAW_MANHATTAN', 24)
('2006_ALCOHOLIC BEVERAGE CONTROL LAW_QUEENS', 4)
('2006_ALCOHOLIC BEVERAGE CONTROL LAW_STATEN ISLAND', 2)
('2006_ANTICIPATORY OFFENSES_BRONX', 2)
('2006_ANTICIPATORY OFFENSES_BROOKLYN', 6)
('2006_ANTICIPATORY OFFENSES_MANHATTAN', 6)
('2006_ASSAULT 3 & RELATED OFFENSES_', 22)
('2006_ASSAULT 3 & RELATED OFFENSES_BRONX', 11795)
('2006_ASSAULT 3 & RELATED OFFENSES_BROOKLYN', 17392)
('2006_ASSAULT 3 & RELATED OFFENSES_MANHATTAN', 9991)
('2006_ASSAULT 3 & RELATED OFFENSES_QUEENS', 10448)
('2006_ASSAULT 3 & RELATED OFFENSES_STATEN ISLAND', 2489)
("2006_BURGLAR'S TOOLS_BRONX", 24)
("2006_BURGLAR'S TOOLS_BROOKLYN", 70)
("2006_BURGLAR'S TOOLS_MANHATTAN", 32)
("2006_BURGLAR'S TOOLS_QUEENS", 31)
("2006_BURGLAR'S TOOLS_STATEN ISLAND", 4)
('2006_CRIMINAL MISCHIEF & RELATED OF_', 9)
('2006_CRIMINAL MISCHIEF & RELATED OF_BRONX', 9720)
('2006_CRIMINAL MISCHIEF & RELATED OF_BROOKLYN', 14046)
('2006_CRIMINAL MISCHIEF & RELATED OF_MANHATTAN', 7624)
('2006_CRIMINAL MISCHIEF & RELATED OF_QUEENS', 10376)
('2006_CRIMINAL MISCHIEF & RELATED OF_STATEN ISLAND', 4055)
('2006_CRIMINAL TRESPASS_', 1)
('2006_CRIMINAL TRESPASS_BRONX', 2645)
('2006_CRIMINAL TRESPASS_BROOKLYN', 742)
('2006_CRIMINAL TRESPASS_MANHATTAN', 2538)
('2006_CRIMINAL TRESPASS_QUEENS', 717)
('2006_CRIMINAL TRESPASS_STATEN ISLAND', 147)
('2006_DANGEROUS DRUGS_BRONX', 10875)
('2006_DANGEROUS DRUGS_BROOKLYN', 9140)
('2006_DANGEROUS DRUGS_MANHATTAN', 5819)
('2006_DANGEROUS DRUGS_QUEENS', 1280)
('2006_DANGEROUS DRUGS_STATEN ISLAND', 876)
('2006_DANGEROUS WEAPONS_BRONX', 2233)
('2006_DANGEROUS WEAPONS_BROOKLYN', 1727)
('2006_DANGEROUS WEAPONS_MANHATTAN', 1360)
('2006_DANGEROUS WEAPONS_QUEENS', 1467)
('2006_DANGEROUS WEAPONS_STATEN ISLAND', 304)
('2006_DISRUPTION OF A RELIGIOUS SERV_BROOKLYN', 2)
('2006_DISRUPTION OF A RELIGIOUS SERV_MANHATTAN', 1)
('2006_DISRUPTION OF A RELIGIOUS SERV_QUEENS', 3)
('2006_ENDAN WELFARE INCOMP_BRONX', 2)
('2006_ENDAN WELFARE INCOMP_BROOKLYN', 4)
('2006_ENDAN WELFARE INCOMP_MANHATTAN', 3)
('2006_ENDAN WELFARE INCOMP_QUEENS', 4)
('2006_ESCAPE 3_BRONX', 5)
('2006_ESCAPE 3_BROOKLYN', 7)
('2006_ESCAPE 3_MANHATTAN', 4)
('2006_ESCAPE 3_QUEENS', 3)
('2006_FORTUNE TELLING_MANHATTAN', 1)
('2006_FORTUNE TELLING_QUEENS', 1)
('2006_FRAUDS_', 2)
('2006_FRAUDS_BRONX', 478)
('2006_FRAUDS_BROOKLYN', 754)
('2006_FRAUDS_MANHATTAN', 801)
('2006_FRAUDS_QUEENS', 426)
('2006_FRAUDS_STATEN ISLAND', 221)
('2006_FRAUDULENT ACCOSTING_BRONX', 19)
('2006_FRAUDULENT ACCOSTING_BROOKLYN', 26)
('2006_FRAUDULENT ACCOSTING_MANHATTAN', 236)
('2006_FRAUDULENT ACCOSTING_QUEENS', 9)
('2006_GAMBLING_BRONX', 26)
('2006_GAMBLING_BROOKLYN', 35)
('2006_GAMBLING_MANHATTAN', 77)
('2006_GAMBLING_QUEENS', 23)
('2006_INTOXICATED & IMPAIRED DRIVING_', 1)
('2006_INTOXICATED & IMPAIRED DRIVING_BRONX', 1099)
('2006_INTOXICATED & IMPAIRED DRIVING_BROOKLYN', 2277)
('2006_INTOXICATED & IMPAIRED DRIVING_MANHATTAN', 1576)
('2006_INTOXICATED & IMPAIRED DRIVING_QUEENS', 1914)
('2006_INTOXICATED & IMPAIRED DRIVING_STATEN ISLAND', 737)
('2006_JOSTLING_BRONX', 1)
('2006_JOSTLING_BROOKLYN', 3)
('2006_JOSTLING_MANHATTAN', 14)
('2006_JOSTLING_QUEENS', 5)
('2006_LOITERING FOR DRUG PURPOSES_BRONX', 2)
('2006_LOITERING FOR DRUG PURPOSES_BROOKLYN', 1)
('2006_LOITERING FOR DRUG PURPOSES_MANHATTAN', 1)
('2006_NEW YORK CITY HEALTH CODE_BRONX', 2)
('2006_OFF. AGNST PUB ORD SENSBLTY &_', 14)
('2006_OFF. AGNST PUB ORD SENSBLTY &_BRONX', 7348)
('2006_OFF. AGNST PUB ORD SENSBLTY &_BROOKLYN', 10233)
('2006_OFF. AGNST PUB ORD SENSBLTY &_MANHATTAN', 6984)
('2006_OFF. AGNST PUB ORD SENSBLTY &_QUEENS', 6908)
('2006_OFF. AGNST PUB ORD SENSBLTY &_STATEN ISLAND', 2406)
('2006_OFFENSES AGAINST PUBLIC ADMINI_', 3)
('2006_OFFENSES AGAINST PUBLIC ADMINI_BRONX', 1601)
('2006_OFFENSES AGAINST PUBLIC ADMINI_BROOKLYN', 1405)
('2006_OFFENSES AGAINST PUBLIC ADMINI_MANHATTAN', 1277)
('2006_OFFENSES AGAINST PUBLIC ADMINI_QUEENS', 845)
('2006_OFFENSES AGAINST PUBLIC ADMINI_STATEN ISLAND', 473)
('2006_OFFENSES AGAINST PUBLIC SAFETY_BRONX', 22)
('2006_OFFENSES AGAINST PUBLIC SAFETY_BROOKLYN', 13)
('2006_OFFENSES AGAINST PUBLIC SAFETY_MANHATTAN', 4)
('2006_OFFENSES AGAINST PUBLIC SAFETY_QUEENS', 8)
('2006_OFFENSES AGAINST PUBLIC SAFETY_STATEN ISLAND', 4)
('2006_OFFENSES AGAINST THE PERSON_BRONX', 307)
('2006_OFFENSES AGAINST THE PERSON_BROOKLYN', 334)
('2006_OFFENSES AGAINST THE PERSON_MANHATTAN', 259)
('2006_OFFENSES AGAINST THE PERSON_QUEENS', 190)
('2006_OFFENSES AGAINST THE PERSON_STATEN ISLAND', 52)
('2006_OFFENSES INVOLVING FRAUD_BRONX', 363)
('2006_OFFENSES INVOLVING FRAUD_BROOKLYN', 168)
('2006_OFFENSES INVOLVING FRAUD_MANHATTAN', 1298)
('2006_OFFENSES INVOLVING FRAUD_QUEENS', 129)
('2006_OFFENSES INVOLVING FRAUD_STATEN ISLAND', 41)
('2006_OFFENSES RELATED TO CHILDREN_BRONX', 8)
('2006_OFFENSES RELATED TO CHILDREN_BROOKLYN', 13)
('2006_OFFENSES RELATED TO CHILDREN_MANHATTAN', 9)
('2006_OFFENSES RELATED TO CHILDREN_QUEENS', 3)
('2006_OTHER OFFENSES RELATED TO THEF_BRONX', 77)
('2006_OTHER OFFENSES RELATED TO THEF_BROOKLYN', 109)
('2006_OTHER OFFENSES RELATED TO THEF_MANHATTAN', 155)
('2006_OTHER OFFENSES RELATED TO THEF_QUEENS', 125)
('2006_OTHER OFFENSES RELATED TO THEF_STATEN ISLAND', 23)
('2006_OTHER STATE LAWS (NON PENAL LA_BRONX', 473)
('2006_OTHER STATE LAWS (NON PENAL LA_BROOKLYN', 74)
('2006_OTHER STATE LAWS (NON PENAL LA_MANHATTAN', 81)
('2006_OTHER STATE LAWS (NON PENAL LA_QUEENS', 45)
('2006_OTHER STATE LAWS (NON PENAL LA_STATEN ISLAND', 2)
('2006_PETIT LARCENY OF MOTOR VEHICLE_BRONX', 22)
('2006_PETIT LARCENY OF MOTOR VEHICLE_BROOKLYN', 53)
('2006_PETIT LARCENY OF MOTOR VEHICLE_MANHATTAN', 48)
('2006_PETIT LARCENY OF MOTOR VEHICLE_QUEENS', 51)
('2006_PETIT LARCENY OF MOTOR VEHICLE_STATEN ISLAND', 3)
('2006_PETIT LARCENY_', 23)
('2006_PETIT LARCENY_BRONX', 13692)
('2006_PETIT LARCENY_BROOKLYN', 22110)
('2006_PETIT LARCENY_MANHATTAN', 24725)
('2006_PETIT LARCENY_QUEENS', 16530)
('2006_PETIT LARCENY_STATEN ISLAND', 3898)
('2006_POSSESSION OF STOLEN PROPERTY_BRONX', 369)
('2006_POSSESSION OF STOLEN PROPERTY_BROOKLYN', 532)
('2006_POSSESSION OF STOLEN PROPERTY_MANHATTAN', 578)
('2006_POSSESSION OF STOLEN PROPERTY_QUEENS', 369)
('2006_POSSESSION OF STOLEN PROPERTY_STATEN ISLAND', 162)
('2006_PROSTITUTION & RELATED OFFENSES_BRONX', 4)
('2006_PROSTITUTION & RELATED OFFENSES_BROOKLYN', 5)
('2006_PROSTITUTION & RELATED OFFENSES_MANHATTAN', 21)
('2006_PROSTITUTION & RELATED OFFENSES_QUEENS', 1)
('2006_PROSTITUTION & RELATED OFFENSES_STATEN ISLAND', 1)
('2006_SEX CRIMES_', 7)
('2006_SEX CRIMES_BRONX', 808)
('2006_SEX CRIMES_BROOKLYN', 1647)
('2006_SEX CRIMES_MANHATTAN', 1041)
('2006_SEX CRIMES_QUEENS', 1117)
('2006_SEX CRIMES_STATEN ISLAND', 187)
('2006_UNAUTHORIZED USE OF A VEHICLE_', 7)
('2006_UNAUTHORIZED USE OF A VEHICLE_BRONX', 262)
('2006_UNAUTHORIZED USE OF A VEHICLE_BROOKLYN', 321)
('2006_UNAUTHORIZED USE OF A VEHICLE_MANHATTAN', 187)
('2006_UNAUTHORIZED USE OF A VEHICLE_QUEENS', 384)
('2006_UNAUTHORIZED USE OF A VEHICLE_STATEN ISLAND', 145)
('2006_VEHICLE AND TRAFFIC LAWS_', 2)
('2006_VEHICLE AND TRAFFIC LAWS_BRONX', 1581)
('2006_VEHICLE AND TRAFFIC LAWS_BROOKLYN', 1460)
('2006_VEHICLE AND TRAFFIC LAWS_MANHATTAN', 1716)
('2006_VEHICLE AND TRAFFIC LAWS_QUEENS', 1085)
('2006_VEHICLE AND TRAFFIC LAWS_STATEN ISLAND', 139)
('2006__', 3)
('2006__BRONX', 965)
('2006__BROOKLYN', 726)
('2006__MANHATTAN', 964)
('2006__QUEENS', 825)
('2006__STATEN ISLAND', 133)
('2007_ADMINISTRATIVE CODE_BRONX', 194)
('2007_ADMINISTRATIVE CODE_BROOKLYN', 332)
('2007_ADMINISTRATIVE CODE_MANHATTAN', 102)
('2007_ADMINISTRATIVE CODE_QUEENS', 266)
('2007_ADMINISTRATIVE CODE_STATEN ISLAND', 43)
('2007_ALCOHOLIC BEVERAGE CONTROL LAW_BRONX', 41)
('2007_ALCOHOLIC BEVERAGE CONTROL LAW_BROOKLYN', 14)
('2007_ALCOHOLIC BEVERAGE CONTROL LAW_MANHATTAN', 13)
('2007_ALCOHOLIC BEVERAGE CONTROL LAW_QUEENS', 8)
('2007_ALCOHOLIC BEVERAGE CONTROL LAW_STATEN ISLAND', 1)
('2007_ANTICIPATORY OFFENSES_BRONX', 2)
('2007_ANTICIPATORY OFFENSES_BROOKLYN', 7)
('2007_ANTICIPATORY OFFENSES_MANHATTAN', 2)
('2007_ANTICIPATORY OFFENSES_QUEENS', 2)
('2007_ASSAULT 3 & RELATED OFFENSES_BRONX', 11871)
('2007_ASSAULT 3 & RELATED OFFENSES_BROOKLYN', 16926)
('2007_ASSAULT 3 & RELATED OFFENSES_MANHATTAN', 10018)
('2007_ASSAULT 3 & RELATED OFFENSES_QUEENS', 10318)
('2007_ASSAULT 3 & RELATED OFFENSES_STATEN ISLAND', 2296)
("2007_BURGLAR'S TOOLS_BRONX", 15)
("2007_BURGLAR'S TOOLS_BROOKLYN", 86)
("2007_BURGLAR'S TOOLS_MANHATTAN", 48)
("2007_BURGLAR'S TOOLS_QUEENS", 36)
("2007_BURGLAR'S TOOLS_STATEN ISLAND", 7)
('2007_CRIMINAL MISCHIEF & RELATED OF_BRONX', 10467)
('2007_CRIMINAL MISCHIEF & RELATED OF_BROOKLYN', 14360)
('2007_CRIMINAL MISCHIEF & RELATED OF_MANHATTAN', 8413)
('2007_CRIMINAL MISCHIEF & RELATED OF_QUEENS', 11750)
('2007_CRIMINAL MISCHIEF & RELATED OF_STATEN ISLAND', 3942)
('2007_CRIMINAL TRESPASS_BRONX', 3497)
('2007_CRIMINAL TRESPASS_BROOKLYN', 803)
('2007_CRIMINAL TRESPASS_MANHATTAN', 2921)
('2007_CRIMINAL TRESPASS_QUEENS', 700)
('2007_CRIMINAL TRESPASS_STATEN ISLAND', 140)
('2007_DANGEROUS DRUGS_BRONX', 12620)
('2007_DANGEROUS DRUGS_BROOKLYN', 9606)
('2007_DANGEROUS DRUGS_MANHATTAN', 6524)
('2007_DANGEROUS DRUGS_QUEENS', 1434)
('2007_DANGEROUS DRUGS_STATEN ISLAND', 915)
('2007_DANGEROUS WEAPONS_BRONX', 2634)
('2007_DANGEROUS WEAPONS_BROOKLYN', 1874)
('2007_DANGEROUS WEAPONS_MANHATTAN', 1520)
('2007_DANGEROUS WEAPONS_QUEENS', 1428)
('2007_DANGEROUS WEAPONS_STATEN ISLAND', 278)
('2007_DISRUPTION OF A RELIGIOUS SERV_BRONX', 1)
('2007_DISRUPTION OF A RELIGIOUS SERV_BROOKLYN', 3)
('2007_DISRUPTION OF A RELIGIOUS SERV_MANHATTAN', 1)
('2007_DISRUPTION OF A RELIGIOUS SERV_QUEENS', 2)
('2007_ENDAN WELFARE INCOMP_BRONX', 3)
('2007_ENDAN WELFARE INCOMP_MANHATTAN', 1)
('2007_ENDAN WELFARE INCOMP_QUEENS', 2)
('2007_ESCAPE 3_BRONX', 10)
('2007_ESCAPE 3_BROOKLYN', 9)
('2007_ESCAPE 3_MANHATTAN', 5)
('2007_ESCAPE 3_QUEENS', 6)
('2007_ESCAPE 3_STATEN ISLAND', 3)
('2007_FORTUNE TELLING_MANHATTAN', 1)
('2007_FORTUNE TELLING_QUEENS', 1)
('2007_FRAUDS_BRONX', 453)
('2007_FRAUDS_BROOKLYN', 750)
('2007_FRAUDS_MANHATTAN', 693)
('2007_FRAUDS_QUEENS', 412)
('2007_FRAUDS_STATEN ISLAND', 272)
('2007_FRAUDULENT ACCOSTING_BRONX', 18)
('2007_FRAUDULENT ACCOSTING_BROOKLYN', 10)
('2007_FRAUDULENT ACCOSTING_MANHATTAN', 196)
('2007_FRAUDULENT ACCOSTING_QUEENS', 14)
('2007_FRAUDULENT ACCOSTING_STATEN ISLAND', 1)
('2007_GAMBLING_BRONX', 44)
('2007_GAMBLING_BROOKLYN', 52)
('2007_GAMBLING_MANHATTAN', 90)
('2007_GAMBLING_QUEENS', 20)
('2007_GAMBLING_STATEN ISLAND', 1)
('2007_INTOXICATED & IMPAIRED DRIVING_BRONX', 1528)
('2007_INTOXICATED & IMPAIRED DRIVING_BROOKLYN', 2498)
('2007_INTOXICATED & IMPAIRED DRIVING_MANHATTAN', 2326)
('2007_INTOXICATED & IMPAIRED DRIVING_QUEENS', 1710)
('2007_INTOXICATED & IMPAIRED DRIVING_STATEN ISLAND', 599)
('2007_JOSTLING_BROOKLYN', 2)
('2007_JOSTLING_MANHATTAN', 10)
('2007_JOSTLING_QUEENS', 3)
('2007_LOITERING FOR DRUG PURPOSES_BRONX', 2)
('2007_LOITERING FOR DRUG PURPOSES_BROOKLYN', 1)
('2007_LOITERING FOR DRUG PURPOSES_MANHATTAN', 1)
('2007_NEW YORK CITY HEALTH CODE_BRONX', 2)
('2007_NEW YORK CITY HEALTH CODE_MANHATTAN', 2)
('2007_OFF. AGNST PUB ORD SENSBLTY &_BRONX', 7206)
('2007_OFF. AGNST PUB ORD SENSBLTY &_BROOKLYN', 9933)
('2007_OFF. AGNST PUB ORD SENSBLTY &_MANHATTAN', 6877)
('2007_OFF. AGNST PUB ORD SENSBLTY &_QUEENS', 7154)
('2007_OFF. AGNST PUB ORD SENSBLTY &_STATEN ISLAND', 2157)
('2007_OFFENSES AGAINST PUBLIC ADMINI_BRONX', 2664)
('2007_OFFENSES AGAINST PUBLIC ADMINI_BROOKLYN', 2357)
('2007_OFFENSES AGAINST PUBLIC ADMINI_MANHATTAN', 2400)
('2007_OFFENSES AGAINST PUBLIC ADMINI_QUEENS', 1533)
('2007_OFFENSES AGAINST PUBLIC ADMINI_STATEN ISLAND', 682)
('2007_OFFENSES AGAINST PUBLIC SAFETY_BRONX', 21)
('2007_OFFENSES AGAINST PUBLIC SAFETY_BROOKLYN', 12)
('2007_OFFENSES AGAINST PUBLIC SAFETY_MANHATTAN', 6)
('2007_OFFENSES AGAINST PUBLIC SAFETY_QUEENS', 8)
('2007_OFFENSES AGAINST PUBLIC SAFETY_STATEN ISLAND', 3)
('2007_OFFENSES AGAINST THE PERSON_BRONX', 339)
('2007_OFFENSES AGAINST THE PERSON_BROOKLYN', 354)
('2007_OFFENSES AGAINST THE PERSON_MANHATTAN', 333)
('2007_OFFENSES AGAINST THE PERSON_QUEENS', 217)
('2007_OFFENSES AGAINST THE PERSON_STATEN ISLAND', 43)
('2007_OFFENSES INVOLVING FRAUD_BRONX', 319)
('2007_OFFENSES INVOLVING FRAUD_BROOKLYN', 157)
('2007_OFFENSES INVOLVING FRAUD_MANHATTAN', 1164)
('2007_OFFENSES INVOLVING FRAUD_QUEENS', 134)
('2007_OFFENSES INVOLVING FRAUD_STATEN ISLAND', 31)
('2007_OFFENSES RELATED TO CHILDREN_BRONX', 15)
('2007_OFFENSES RELATED TO CHILDREN_BROOKLYN', 20)
('2007_OFFENSES RELATED TO CHILDREN_MANHATTAN', 47)
('2007_OFFENSES RELATED TO CHILDREN_QUEENS', 96)
('2007_OFFENSES RELATED TO CHILDREN_STATEN ISLAND', 18)
('2007_OTHER OFFENSES RELATED TO THEF_BRONX', 110)
('2007_OTHER OFFENSES RELATED TO THEF_BROOKLYN', 162)
('2007_OTHER OFFENSES RELATED TO THEF_MANHATTAN', 214)
('2007_OTHER OFFENSES RELATED TO THEF_QUEENS', 127)
('2007_OTHER OFFENSES RELATED TO THEF_STATEN ISLAND', 42)
('2007_OTHER STATE LAWS (NON PENAL LA_BRONX', 572)
('2007_OTHER STATE LAWS (NON PENAL LA_BROOKLYN', 50)
('2007_OTHER STATE LAWS (NON PENAL LA_MANHATTAN', 118)
('2007_OTHER STATE LAWS (NON PENAL LA_QUEENS', 26)
('2007_OTHER STATE LAWS (NON PENAL LA_STATEN ISLAND', 4)
('2007_PETIT LARCENY OF MOTOR VEHICLE_BRONX', 15)
('2007_PETIT LARCENY OF MOTOR VEHICLE_BROOKLYN', 38)
('2007_PETIT LARCENY OF MOTOR VEHICLE_MANHATTAN', 39)
('2007_PETIT LARCENY OF MOTOR VEHICLE_QUEENS', 25)
('2007_PETIT LARCENY OF MOTOR VEHICLE_STATEN ISLAND', 10)
('2007_PETIT LARCENY_BRONX', 13378)
('2007_PETIT LARCENY_BROOKLYN', 21460)
('2007_PETIT LARCENY_MANHATTAN', 25136)
('2007_PETIT LARCENY_QUEENS', 16783)
('2007_PETIT LARCENY_STATEN ISLAND', 3473)
('2007_POSSESSION OF STOLEN PROPERTY_BRONX', 399)
('2007_POSSESSION OF STOLEN PROPERTY_BROOKLYN', 505)
('2007_POSSESSION OF STOLEN PROPERTY_MANHATTAN', 561)
('2007_POSSESSION OF STOLEN PROPERTY_QUEENS', 344)
('2007_POSSESSION OF STOLEN PROPERTY_STATEN ISLAND', 70)
('2007_PROSTITUTION & RELATED OFFENSES_BRONX', 46)
('2007_PROSTITUTION & RELATED OFFENSES_BROOKLYN', 17)
('2007_PROSTITUTION & RELATED OFFENSES_MANHATTAN', 18)
('2007_PROSTITUTION & RELATED OFFENSES_QUEENS', 6)
('2007_SEX CRIMES_BRONX', 762)
('2007_SEX CRIMES_BROOKLYN', 1558)
('2007_SEX CRIMES_MANHATTAN', 1008)
('2007_SEX CRIMES_QUEENS', 884)
('2007_SEX CRIMES_STATEN ISLAND', 169)
('2007_THEFT OF SERVICES_BRONX', 11)
('2007_UNAUTHORIZED USE OF A VEHICLE_BRONX', 272)
('2007_UNAUTHORIZED USE OF A VEHICLE_BROOKLYN', 337)
('2007_UNAUTHORIZED USE OF A VEHICLE_MANHATTAN', 180)
('2007_UNAUTHORIZED USE OF A VEHICLE_QUEENS', 397)
('2007_UNAUTHORIZED USE OF A VEHICLE_STATEN ISLAND', 125)
('2007_VEHICLE AND TRAFFIC LAWS_BRONX', 1258)
('2007_VEHICLE AND TRAFFIC LAWS_BROOKLYN', 1365)
('2007_VEHICLE AND TRAFFIC LAWS_MANHATTAN', 1665)
('2007_VEHICLE AND TRAFFIC LAWS_QUEENS', 1091)
('2007_VEHICLE AND TRAFFIC LAWS_STATEN ISLAND', 154)
('2007__BRONX', 502)
('2007__BROOKLYN', 401)
('2007__MANHATTAN', 662)
('2007__QUEENS', 409)
('2007__STATEN ISLAND', 58)
('2008_ADMINISTRATIVE CODE_BRONX', 174)
('2008_ADMINISTRATIVE CODE_BROOKLYN', 383)
('2008_ADMINISTRATIVE CODE_MANHATTAN', 115)
('2008_ADMINISTRATIVE CODE_QUEENS', 280)
('2008_ADMINISTRATIVE CODE_STATEN ISLAND', 48)
('2008_ALCOHOLIC BEVERAGE CONTROL LAW_BRONX', 37)
('2008_ALCOHOLIC BEVERAGE CONTROL LAW_BROOKLYN', 6)
('2008_ALCOHOLIC BEVERAGE CONTROL LAW_MANHATTAN', 4)
('2008_ALCOHOLIC BEVERAGE CONTROL LAW_QUEENS', 10)
('2008_ANTICIPATORY OFFENSES_BRONX', 5)
('2008_ANTICIPATORY OFFENSES_BROOKLYN', 2)
('2008_ANTICIPATORY OFFENSES_MANHATTAN', 3)
('2008_ANTICIPATORY OFFENSES_QUEENS', 3)
('2008_ANTICIPATORY OFFENSES_STATEN ISLAND', 2)
('2008_ASSAULT 3 & RELATED OFFENSES_BRONX', 11776)
('2008_ASSAULT 3 & RELATED OFFENSES_BROOKLYN', 16241)
('2008_ASSAULT 3 & RELATED OFFENSES_MANHATTAN', 9830)
('2008_ASSAULT 3 & RELATED OFFENSES_QUEENS', 10151)
('2008_ASSAULT 3 & RELATED OFFENSES_STATEN ISLAND', 2293)
("2008_BURGLAR'S TOOLS_BRONX", 16)
("2008_BURGLAR'S TOOLS_BROOKLYN", 65)
("2008_BURGLAR'S TOOLS_MANHATTAN", 47)
("2008_BURGLAR'S TOOLS_QUEENS", 34)
("2008_BURGLAR'S TOOLS_STATEN ISLAND", 10)
('2008_CRIMINAL MISCHIEF & RELATED OF_BRONX', 10391)
('2008_CRIMINAL MISCHIEF & RELATED OF_BROOKLYN', 14988)
('2008_CRIMINAL MISCHIEF & RELATED OF_MANHATTAN', 8736)
('2008_CRIMINAL MISCHIEF & RELATED OF_QUEENS', 10792)
('2008_CRIMINAL MISCHIEF & RELATED OF_STATEN ISLAND', 4157)
('2008_CRIMINAL TRESPASS_BRONX', 3305)
('2008_CRIMINAL TRESPASS_BROOKLYN', 1066)
('2008_CRIMINAL TRESPASS_MANHATTAN', 2694)
('2008_CRIMINAL TRESPASS_QUEENS', 1121)
('2008_CRIMINAL TRESPASS_STATEN ISLAND', 126)
('2008_DANGEROUS DRUGS_BRONX', 13146)
('2008_DANGEROUS DRUGS_BROOKLYN', 9475)
('2008_DANGEROUS DRUGS_MANHATTAN', 5961)
('2008_DANGEROUS DRUGS_QUEENS', 1240)
('2008_DANGEROUS DRUGS_STATEN ISLAND', 1145)
('2008_DANGEROUS WEAPONS_BRONX', 2635)
('2008_DANGEROUS WEAPONS_BROOKLYN', 1957)
('2008_DANGEROUS WEAPONS_MANHATTAN', 1447)
('2008_DANGEROUS WEAPONS_QUEENS', 1303)
('2008_DANGEROUS WEAPONS_STATEN ISLAND', 317)
('2008_ENDAN WELFARE INCOMP_BRONX', 2)
('2008_ENDAN WELFARE INCOMP_BROOKLYN', 2)
('2008_ENDAN WELFARE INCOMP_MANHATTAN', 1)
('2008_ENDAN WELFARE INCOMP_QUEENS', 3)
('2008_ENDAN WELFARE INCOMP_STATEN ISLAND', 1)
('2008_ESCAPE 3_BRONX', 9)
('2008_ESCAPE 3_BROOKLYN', 5)
('2008_ESCAPE 3_MANHATTAN', 6)
('2008_ESCAPE 3_QUEENS', 1)
('2008_ESCAPE 3_STATEN ISLAND', 1)
('2008_FRAUDS_BRONX', 509)
('2008_FRAUDS_BROOKLYN', 847)
('2008_FRAUDS_MANHATTAN', 1017)
('2008_FRAUDS_QUEENS', 451)
('2008_FRAUDS_STATEN ISLAND', 251)
('2008_FRAUDULENT ACCOSTING_BRONX', 17)
('2008_FRAUDULENT ACCOSTING_BROOKLYN', 12)
('2008_FRAUDULENT ACCOSTING_MANHATTAN', 254)
('2008_FRAUDULENT ACCOSTING_QUEENS', 14)
('2008_FRAUDULENT ACCOSTING_STATEN ISLAND', 1)
('2008_GAMBLING_BRONX', 44)
('2008_GAMBLING_BROOKLYN', 49)
('2008_GAMBLING_MANHATTAN', 81)
('2008_GAMBLING_QUEENS', 10)
('2008_GAMBLING_STATEN ISLAND', 1)
('2008_INTOXICATED & IMPAIRED DRIVING_BRONX', 1431)
('2008_INTOXICATED & IMPAIRED DRIVING_BROOKLYN', 2491)
('2008_INTOXICATED & IMPAIRED DRIVING_MANHATTAN', 2177)
('2008_INTOXICATED & IMPAIRED DRIVING_QUEENS', 1672)
('2008_INTOXICATED & IMPAIRED DRIVING_STATEN ISLAND', 510)
('2008_JOSTLING_BRONX', 1)
('2008_JOSTLING_BROOKLYN', 3)
('2008_JOSTLING_MANHATTAN', 19)
('2008_JOSTLING_QUEENS', 4)
('2008_LOITERING FOR DRUG PURPOSES_BRONX', 6)
('2008_LOITERING FOR DRUG PURPOSES_MANHATTAN', 3)
('2008_LOITERING FOR DRUG PURPOSES_QUEENS', 1)
('2008_NEW YORK CITY HEALTH CODE_BROOKLYN', 3)
('2008_NEW YORK CITY HEALTH CODE_MANHATTAN', 1)
('2008_NEW YORK CITY HEALTH CODE_QUEENS', 3)
('2008_OFF. AGNST PUB ORD SENSBLTY &_BRONX', 6786)
('2008_OFF. AGNST PUB ORD SENSBLTY &_BROOKLYN', 9168)
('2008_OFF. AGNST PUB ORD SENSBLTY &_MANHATTAN', 6446)
('2008_OFF. AGNST PUB ORD SENSBLTY &_QUEENS', 6611)
('2008_OFF. AGNST PUB ORD SENSBLTY &_STATEN ISLAND', 2274)
('2008_OFFENSES AGAINST MARRIAGE UNCL_MANHATTAN', 1)
('2008_OFFENSES AGAINST PUBLIC ADMINI_BRONX', 2993)
('2008_OFFENSES AGAINST PUBLIC ADMINI_BROOKLYN', 2482)
('2008_OFFENSES AGAINST PUBLIC ADMINI_MANHATTAN', 2534)
('2008_OFFENSES AGAINST PUBLIC ADMINI_QUEENS', 1636)
('2008_OFFENSES AGAINST PUBLIC ADMINI_STATEN ISLAND', 724)
('2008_OFFENSES AGAINST PUBLIC SAFETY_BRONX', 14)
('2008_OFFENSES AGAINST PUBLIC SAFETY_BROOKLYN', 12)
('2008_OFFENSES AGAINST PUBLIC SAFETY_MANHATTAN', 11)
('2008_OFFENSES AGAINST PUBLIC SAFETY_QUEENS', 10)
('2008_OFFENSES AGAINST PUBLIC SAFETY_STATEN ISLAND', 6)
('2008_OFFENSES AGAINST THE PERSON_BRONX', 318)
('2008_OFFENSES AGAINST THE PERSON_BROOKLYN', 329)
('2008_OFFENSES AGAINST THE PERSON_MANHATTAN', 269)
('2008_OFFENSES AGAINST THE PERSON_QUEENS', 194)
('2008_OFFENSES AGAINST THE PERSON_STATEN ISLAND', 39)
('2008_OFFENSES INVOLVING FRAUD_BRONX', 230)
('2008_OFFENSES INVOLVING FRAUD_BROOKLYN', 160)
('2008_OFFENSES INVOLVING FRAUD_MANHATTAN', 1160)
('2008_OFFENSES INVOLVING FRAUD_QUEENS', 143)
('2008_OFFENSES INVOLVING FRAUD_STATEN ISLAND', 22)
('2008_OFFENSES RELATED TO CHILDREN_BRONX', 6)
('2008_OFFENSES RELATED TO CHILDREN_BROOKLYN', 8)
('2008_OFFENSES RELATED TO CHILDREN_MANHATTAN', 2)
('2008_OFFENSES RELATED TO CHILDREN_QUEENS', 32)
('2008_OTHER OFFENSES RELATED TO THEF_BRONX', 144)
('2008_OTHER OFFENSES RELATED TO THEF_BROOKLYN', 200)
('2008_OTHER OFFENSES RELATED TO THEF_MANHATTAN', 225)
('2008_OTHER OFFENSES RELATED TO THEF_QUEENS', 150)
('2008_OTHER OFFENSES RELATED TO THEF_STATEN ISLAND', 35)
('2008_OTHER STATE LAWS (NON PENAL LA_BRONX', 270)
('2008_OTHER STATE LAWS (NON PENAL LA_BROOKLYN', 57)
('2008_OTHER STATE LAWS (NON PENAL LA_MANHATTAN', 138)
('2008_OTHER STATE LAWS (NON PENAL LA_QUEENS', 51)
('2008_OTHER STATE LAWS (NON PENAL LA_STATEN ISLAND', 6)
('2008_PETIT LARCENY OF MOTOR VEHICLE_BRONX', 28)
('2008_PETIT LARCENY OF MOTOR VEHICLE_BROOKLYN', 29)
('2008_PETIT LARCENY OF MOTOR VEHICLE_MANHATTAN', 20)
('2008_PETIT LARCENY OF MOTOR VEHICLE_QUEENS', 28)
('2008_PETIT LARCENY OF MOTOR VEHICLE_STATEN ISLAND', 1)
('2008_PETIT LARCENY_BRONX', 13381)
('2008_PETIT LARCENY_BROOKLYN', 22883)
('2008_PETIT LARCENY_MANHATTAN', 26305)
('2008_PETIT LARCENY_QUEENS', 16439)
('2008_PETIT LARCENY_STATEN ISLAND', 4080)
('2008_POSSESSION OF STOLEN PROPERTY_BRONX', 446)
('2008_POSSESSION OF STOLEN PROPERTY_BROOKLYN', 482)
('2008_POSSESSION OF STOLEN PROPERTY_MANHATTAN', 494)
('2008_POSSESSION OF STOLEN PROPERTY_QUEENS', 334)
('2008_POSSESSION OF STOLEN PROPERTY_STATEN ISLAND', 52)
('2008_PROSTITUTION & RELATED OFFENSES_BRONX', 24)
('2008_PROSTITUTION & RELATED OFFENSES_BROOKLYN', 10)
('2008_PROSTITUTION & RELATED OFFENSES_MANHATTAN', 15)
('2008_PROSTITUTION & RELATED OFFENSES_QUEENS', 17)
('2008_SEX CRIMES_BRONX', 670)
('2008_SEX CRIMES_BROOKLYN', 1502)
('2008_SEX CRIMES_MANHATTAN', 1097)
('2008_SEX CRIMES_QUEENS', 906)
('2008_SEX CRIMES_STATEN ISLAND', 113)
('2008_THEFT OF SERVICES_BRONX', 17)
('2008_THEFT OF SERVICES_BROOKLYN', 1)
('2008_THEFT OF SERVICES_MANHATTAN', 8)
('2008_THEFT OF SERVICES_QUEENS', 6)
('2008_UNAUTHORIZED USE OF A VEHICLE_BRONX', 203)
('2008_UNAUTHORIZED USE OF A VEHICLE_BROOKLYN', 327)
('2008_UNAUTHORIZED USE OF A VEHICLE_MANHATTAN', 196)
('2008_UNAUTHORIZED USE OF A VEHICLE_QUEENS', 351)
('2008_UNAUTHORIZED USE OF A VEHICLE_STATEN ISLAND', 92)
('2008_VEHICLE AND TRAFFIC LAWS_BRONX', 1310)
('2008_VEHICLE AND TRAFFIC LAWS_BROOKLYN', 1339)
('2008_VEHICLE AND TRAFFIC LAWS_MANHATTAN', 1282)
('2008_VEHICLE AND TRAFFIC LAWS_QUEENS', 1156)
('2008_VEHICLE AND TRAFFIC LAWS_STATEN ISLAND', 146)
('2008__BRONX', 326)
('2008__BROOKLYN', 338)
('2008__MANHATTAN', 590)
('2008__QUEENS', 346)
('2008__STATEN ISLAND', 76)
('2009_ADMINISTRATIVE CODE_BRONX', 194)
('2009_ADMINISTRATIVE CODE_BROOKLYN', 377)
('2009_ADMINISTRATIVE CODE_MANHATTAN', 121)
('2009_ADMINISTRATIVE CODE_QUEENS', 269)
('2009_ADMINISTRATIVE CODE_STATEN ISLAND', 50)
('2009_ALCOHOLIC BEVERAGE CONTROL LAW_BRONX', 40)
('2009_ALCOHOLIC BEVERAGE CONTROL LAW_BROOKLYN', 7)
('2009_ALCOHOLIC BEVERAGE CONTROL LAW_MANHATTAN', 3)
('2009_ALCOHOLIC BEVERAGE CONTROL LAW_QUEENS', 22)
('2009_ANTICIPATORY OFFENSES_BRONX', 3)
('2009_ANTICIPATORY OFFENSES_BROOKLYN', 3)
('2009_ANTICIPATORY OFFENSES_MANHATTAN', 4)
('2009_ANTICIPATORY OFFENSES_STATEN ISLAND', 1)
('2009_ASSAULT 3 & RELATED OFFENSES_BRONX', 11932)
('2009_ASSAULT 3 & RELATED OFFENSES_BROOKLYN', 16433)
('2009_ASSAULT 3 & RELATED OFFENSES_MANHATTAN', 9564)
('2009_ASSAULT 3 & RELATED OFFENSES_QUEENS', 10034)
('2009_ASSAULT 3 & RELATED OFFENSES_STATEN ISLAND', 2237)
("2009_BURGLAR'S TOOLS_BRONX", 22)
("2009_BURGLAR'S TOOLS_BROOKLYN", 71)
("2009_BURGLAR'S TOOLS_MANHATTAN", 72)
("2009_BURGLAR'S TOOLS_QUEENS", 48)
("2009_BURGLAR'S TOOLS_STATEN ISLAND", 5)
('2009_CRIMINAL MISCHIEF & RELATED OF_BRONX', 10502)
('2009_CRIMINAL MISCHIEF & RELATED OF_BROOKLYN', 13967)
('2009_CRIMINAL MISCHIEF & RELATED OF_MANHATTAN', 7801)
('2009_CRIMINAL MISCHIEF & RELATED OF_QUEENS', 10262)
('2009_CRIMINAL MISCHIEF & RELATED OF_STATEN ISLAND', 3211)
('2009_CRIMINAL TRESPASS_BRONX', 3500)
('2009_CRIMINAL TRESPASS_BROOKLYN', 1063)
('2009_CRIMINAL TRESPASS_MANHATTAN', 2921)
('2009_CRIMINAL TRESPASS_QUEENS', 935)
('2009_CRIMINAL TRESPASS_STATEN ISLAND', 150)
('2009_DANGEROUS DRUGS_BRONX', 13163)
('2009_DANGEROUS DRUGS_BROOKLYN', 10268)
('2009_DANGEROUS DRUGS_MANHATTAN', 7014)
('2009_DANGEROUS DRUGS_QUEENS', 1272)
('2009_DANGEROUS DRUGS_STATEN ISLAND', 905)
('2009_DANGEROUS WEAPONS_BRONX', 2884)
('2009_DANGEROUS WEAPONS_BROOKLYN', 2165)
('2009_DANGEROUS WEAPONS_MANHATTAN', 1510)
('2009_DANGEROUS WEAPONS_QUEENS', 1497)
('2009_DANGEROUS WEAPONS_STATEN ISLAND', 309)
('2009_DISRUPTION OF A RELIGIOUS SERV_BROOKLYN', 3)
('2009_DISRUPTION OF A RELIGIOUS SERV_MANHATTAN', 1)
('2009_DISRUPTION OF A RELIGIOUS SERV_QUEENS', 2)
('2009_ENDAN WELFARE INCOMP_BRONX', 4)
('2009_ENDAN WELFARE INCOMP_BROOKLYN', 10)
('2009_ENDAN WELFARE INCOMP_QUEENS', 4)
('2009_ENDAN WELFARE INCOMP_STATEN ISLAND', 1)
('2009_ESCAPE 3_BRONX', 5)
('2009_ESCAPE 3_BROOKLYN', 5)
('2009_ESCAPE 3_MANHATTAN', 5)
('2009_ESCAPE 3_QUEENS', 7)
('2009_ESCAPE 3_STATEN ISLAND', 1)
('2009_FRAUDS_BRONX', 500)
('2009_FRAUDS_BROOKLYN', 884)
('2009_FRAUDS_MANHATTAN', 923)
('2009_FRAUDS_QUEENS', 513)
('2009_FRAUDS_STATEN ISLAND', 276)
('2009_FRAUDULENT ACCOSTING_BRONX', 12)
('2009_FRAUDULENT ACCOSTING_BROOKLYN', 15)
('2009_FRAUDULENT ACCOSTING_MANHATTAN', 268)
('2009_FRAUDULENT ACCOSTING_QUEENS', 12)
('2009_FRAUDULENT ACCOSTING_STATEN ISLAND', 2)
('2009_GAMBLING_BRONX', 65)
('2009_GAMBLING_BROOKLYN', 64)
('2009_GAMBLING_MANHATTAN', 54)
('2009_GAMBLING_QUEENS', 10)
('2009_GAMBLING_STATEN ISLAND', 2)
('2009_INTOXICATED & IMPAIRED DRIVING_BRONX', 1241)
('2009_INTOXICATED & IMPAIRED DRIVING_BROOKLYN', 2446)
('2009_INTOXICATED & IMPAIRED DRIVING_MANHATTAN', 1914)
('2009_INTOXICATED & IMPAIRED DRIVING_QUEENS', 1598)
('2009_INTOXICATED & IMPAIRED DRIVING_STATEN ISLAND', 499)
('2009_JOSTLING_BRONX', 4)
('2009_JOSTLING_BROOKLYN', 3)
('2009_JOSTLING_MANHATTAN', 20)
('2009_JOSTLING_QUEENS', 1)
('2009_LOITERING FOR DRUG PURPOSES_BRONX', 2)
('2009_NEW YORK CITY HEALTH CODE_QUEENS', 1)
('2009_OFF. AGNST PUB ORD SENSBLTY &_BRONX', 6829)
('2009_OFF. AGNST PUB ORD SENSBLTY &_BROOKLYN', 8996)
('2009_OFF. AGNST PUB ORD SENSBLTY &_MANHATTAN', 6486)
('2009_OFF. AGNST PUB ORD SENSBLTY &_QUEENS', 6602)
('2009_OFF. AGNST PUB ORD SENSBLTY &_STATEN ISLAND', 2096)
('2009_OFFENSES AGAINST MARRIAGE UNCL_MANHATTAN', 1)
('2009_OFFENSES AGAINST PUBLIC ADMINI_BRONX', 3353)
('2009_OFFENSES AGAINST PUBLIC ADMINI_BROOKLYN', 2780)
('2009_OFFENSES AGAINST PUBLIC ADMINI_MANHATTAN', 2651)
('2009_OFFENSES AGAINST PUBLIC ADMINI_QUEENS', 1707)
('2009_OFFENSES AGAINST PUBLIC ADMINI_STATEN ISLAND', 725)
('2009_OFFENSES AGAINST PUBLIC SAFETY_BRONX', 11)
('2009_OFFENSES AGAINST PUBLIC SAFETY_BROOKLYN', 14)
('2009_OFFENSES AGAINST PUBLIC SAFETY_MANHATTAN', 28)
('2009_OFFENSES AGAINST PUBLIC SAFETY_QUEENS', 10)
('2009_OFFENSES AGAINST PUBLIC SAFETY_STATEN ISLAND', 14)
('2009_OFFENSES AGAINST THE PERSON_BRONX', 327)
('2009_OFFENSES AGAINST THE PERSON_BROOKLYN', 292)
('2009_OFFENSES AGAINST THE PERSON_MANHATTAN', 267)
('2009_OFFENSES AGAINST THE PERSON_QUEENS', 196)
('2009_OFFENSES AGAINST THE PERSON_STATEN ISLAND', 43)
('2009_OFFENSES INVOLVING FRAUD_BRONX', 369)
('2009_OFFENSES INVOLVING FRAUD_BROOKLYN', 202)
('2009_OFFENSES INVOLVING FRAUD_MANHATTAN', 1307)
('2009_OFFENSES INVOLVING FRAUD_QUEENS', 152)
('2009_OFFENSES INVOLVING FRAUD_STATEN ISLAND', 29)
('2009_OFFENSES RELATED TO CHILDREN_BRONX', 54)
('2009_OFFENSES RELATED TO CHILDREN_BROOKLYN', 6)
('2009_OFFENSES RELATED TO CHILDREN_MANHATTAN', 5)
('2009_OFFENSES RELATED TO CHILDREN_QUEENS', 50)
('2009_OFFENSES RELATED TO CHILDREN_STATEN ISLAND', 4)
('2009_OTHER OFFENSES RELATED TO THEF_BRONX', 148)
('2009_OTHER OFFENSES RELATED TO THEF_BROOKLYN', 211)
('2009_OTHER OFFENSES RELATED TO THEF_MANHATTAN', 304)
('2009_OTHER OFFENSES RELATED TO THEF_QUEENS', 180)
('2009_OTHER OFFENSES RELATED TO THEF_STATEN ISLAND', 42)
('2009_OTHER STATE LAWS (NON PENAL LA_BRONX', 388)
('2009_OTHER STATE LAWS (NON PENAL LA_BROOKLYN', 49)
('2009_OTHER STATE LAWS (NON PENAL LA_MANHATTAN', 122)
('2009_OTHER STATE LAWS (NON PENAL LA_QUEENS', 31)
('2009_OTHER STATE LAWS (NON PENAL LA_STATEN ISLAND', 4)
('2009_PETIT LARCENY OF MOTOR VEHICLE_BRONX', 17)
('2009_PETIT LARCENY OF MOTOR VEHICLE_BROOKLYN', 29)
('2009_PETIT LARCENY OF MOTOR VEHICLE_MANHATTAN', 14)
('2009_PETIT LARCENY OF MOTOR VEHICLE_QUEENS', 17)
('2009_PETIT LARCENY_BRONX', 12752)
('2009_PETIT LARCENY_BROOKLYN', 22234)
('2009_PETIT LARCENY_MANHATTAN', 26466)
('2009_PETIT LARCENY_QUEENS', 15592)
('2009_PETIT LARCENY_STATEN ISLAND', 3869)
('2009_POSSESSION OF STOLEN PROPERTY_BRONX', 419)
('2009_POSSESSION OF STOLEN PROPERTY_BROOKLYN', 554)
('2009_POSSESSION OF STOLEN PROPERTY_MANHATTAN', 650)
('2009_POSSESSION OF STOLEN PROPERTY_QUEENS', 311)
('2009_POSSESSION OF STOLEN PROPERTY_STATEN ISLAND', 89)
('2009_PROSTITUTION & RELATED OFFENSES_BRONX', 15)
('2009_PROSTITUTION & RELATED OFFENSES_BROOKLYN', 33)
('2009_PROSTITUTION & RELATED OFFENSES_MANHATTAN', 4)
('2009_PROSTITUTION & RELATED OFFENSES_QUEENS', 7)
('2009_SEX CRIMES_BRONX', 794)
('2009_SEX CRIMES_BROOKLYN', 1416)
('2009_SEX CRIMES_MANHATTAN', 1033)
('2009_SEX CRIMES_QUEENS', 1070)
('2009_SEX CRIMES_STATEN ISLAND', 149)
('2009_THEFT OF SERVICES_BRONX', 15)
('2009_THEFT OF SERVICES_BROOKLYN', 11)
('2009_THEFT OF SERVICES_MANHATTAN', 13)
('2009_THEFT OF SERVICES_QUEENS', 1)
('2009_UNAUTHORIZED USE OF A VEHICLE_BRONX', 193)
('2009_UNAUTHORIZED USE OF A VEHICLE_BROOKLYN', 364)
('2009_UNAUTHORIZED USE OF A VEHICLE_MANHATTAN', 160)
('2009_UNAUTHORIZED USE OF A VEHICLE_QUEENS', 367)
('2009_UNAUTHORIZED USE OF A VEHICLE_STATEN ISLAND', 102)
('2009_VEHICLE AND TRAFFIC LAWS_BRONX', 1856)
('2009_VEHICLE AND TRAFFIC LAWS_BROOKLYN', 1468)
('2009_VEHICLE AND TRAFFIC LAWS_MANHATTAN', 1325)
('2009_VEHICLE AND TRAFFIC LAWS_QUEENS', 1393)
('2009_VEHICLE AND TRAFFIC LAWS_STATEN ISLAND', 134)
('2009__BRONX', 348)
('2009__BROOKLYN', 371)
('2009__MANHATTAN', 630)
('2009__QUEENS', 342)
('2009__STATEN ISLAND', 49)
('2010_ADMINISTRATIVE CODE_BRONX', 170)
('2010_ADMINISTRATIVE CODE_BROOKLYN', 334)
('2010_ADMINISTRATIVE CODE_MANHATTAN', 112)
('2010_ADMINISTRATIVE CODE_QUEENS', 286)
('2010_ADMINISTRATIVE CODE_STATEN ISLAND', 70)
('2010_ALCOHOLIC BEVERAGE CONTROL LAW_BRONX', 52)
('2010_ALCOHOLIC BEVERAGE CONTROL LAW_BROOKLYN', 5)
('2010_ALCOHOLIC BEVERAGE CONTROL LAW_MANHATTAN', 14)
('2010_ALCOHOLIC BEVERAGE CONTROL LAW_QUEENS', 13)
('2010_ALCOHOLIC BEVERAGE CONTROL LAW_STATEN ISLAND', 2)
('2010_ANTICIPATORY OFFENSES_BRONX', 2)
('2010_ANTICIPATORY OFFENSES_BROOKLYN', 4)
('2010_ANTICIPATORY OFFENSES_MANHATTAN', 4)
('2010_ASSAULT 3 & RELATED OFFENSES_BRONX', 12793)
('2010_ASSAULT 3 & RELATED OFFENSES_BROOKLYN', 17038)
('2010_ASSAULT 3 & RELATED OFFENSES_MANHATTAN', 10026)
('2010_ASSAULT 3 & RELATED OFFENSES_QUEENS', 10508)
('2010_ASSAULT 3 & RELATED OFFENSES_STATEN ISLAND', 2245)
("2010_BURGLAR'S TOOLS_BRONX", 21)
("2010_BURGLAR'S TOOLS_BROOKLYN", 52)
("2010_BURGLAR'S TOOLS_MANHATTAN", 95)
("2010_BURGLAR'S TOOLS_QUEENS", 53)
("2010_BURGLAR'S TOOLS_STATEN ISLAND", 1)
('2010_CRIMINAL MISCHIEF & RELATED OF_BRONX', 9726)
('2010_CRIMINAL MISCHIEF & RELATED OF_BROOKLYN', 13939)
('2010_CRIMINAL MISCHIEF & RELATED OF_MANHATTAN', 7872)
('2010_CRIMINAL MISCHIEF & RELATED OF_QUEENS', 10420)
('2010_CRIMINAL MISCHIEF & RELATED OF_STATEN ISLAND', 2910)
('2010_CRIMINAL TRESPASS_BRONX', 3155)
('2010_CRIMINAL TRESPASS_BROOKLYN', 1235)
('2010_CRIMINAL TRESPASS_MANHATTAN', 2255)
('2010_CRIMINAL TRESPASS_QUEENS', 921)
('2010_CRIMINAL TRESPASS_STATEN ISLAND', 148)
('2010_DANGEROUS DRUGS_BRONX', 12761)
('2010_DANGEROUS DRUGS_BROOKLYN', 10811)
('2010_DANGEROUS DRUGS_MANHATTAN', 6859)
('2010_DANGEROUS DRUGS_QUEENS', 1403)
('2010_DANGEROUS DRUGS_STATEN ISLAND', 1073)
('2010_DANGEROUS WEAPONS_BRONX', 3143)
('2010_DANGEROUS WEAPONS_BROOKLYN', 2121)
('2010_DANGEROUS WEAPONS_MANHATTAN', 1570)
('2010_DANGEROUS WEAPONS_QUEENS', 1539)
('2010_DANGEROUS WEAPONS_STATEN ISLAND', 345)
('2010_DISRUPTION OF A RELIGIOUS SERV_BROOKLYN', 1)
('2010_DISRUPTION OF A RELIGIOUS SERV_MANHATTAN', 1)
('2010_DISRUPTION OF A RELIGIOUS SERV_QUEENS', 1)
('2010_ENDAN WELFARE INCOMP_BRONX', 1)
('2010_ENDAN WELFARE INCOMP_BROOKLYN', 2)
('2010_ENDAN WELFARE INCOMP_MANHATTAN', 3)
('2010_ENDAN WELFARE INCOMP_QUEENS', 3)
('2010_ESCAPE 3_BRONX', 7)
('2010_ESCAPE 3_BROOKLYN', 6)
('2010_ESCAPE 3_MANHATTAN', 2)
('2010_FORTUNE TELLING_MANHATTAN', 3)
('2010_FRAUDS_BRONX', 510)
('2010_FRAUDS_BROOKLYN', 856)
('2010_FRAUDS_MANHATTAN', 922)
('2010_FRAUDS_QUEENS', 511)
('2010_FRAUDS_STATEN ISLAND', 312)
('2010_FRAUDULENT ACCOSTING_BRONX', 6)
('2010_FRAUDULENT ACCOSTING_BROOKLYN', 10)
('2010_FRAUDULENT ACCOSTING_MANHATTAN', 280)
('2010_FRAUDULENT ACCOSTING_QUEENS', 11)
('2010_FRAUDULENT ACCOSTING_STATEN ISLAND', 3)
('2010_GAMBLING_BRONX', 70)
('2010_GAMBLING_BROOKLYN', 58)
('2010_GAMBLING_MANHATTAN', 50)
('2010_GAMBLING_QUEENS', 1)
('2010_GAMBLING_STATEN ISLAND', 1)
('2010_INTOXICATED & IMPAIRED DRIVING_BRONX', 992)
('2010_INTOXICATED & IMPAIRED DRIVING_BROOKLYN', 2209)
('2010_INTOXICATED & IMPAIRED DRIVING_MANHATTAN', 1642)
('2010_INTOXICATED & IMPAIRED DRIVING_QUEENS', 1362)
('2010_INTOXICATED & IMPAIRED DRIVING_STATEN ISLAND', 485)
('2010_JOSTLING_BRONX', 1)
('2010_JOSTLING_BROOKLYN', 1)
('2010_JOSTLING_MANHATTAN', 16)
('2010_JOSTLING_QUEENS', 1)
('2010_LOITERING FOR DRUG PURPOSES_BRONX', 2)
('2010_NEW YORK CITY HEALTH CODE_BRONX', 1)
('2010_NEW YORK CITY HEALTH CODE_BROOKLYN', 1)
('2010_OFF. AGNST PUB ORD SENSBLTY &_BRONX', 6797)
('2010_OFF. AGNST PUB ORD SENSBLTY &_BROOKLYN', 8929)
('2010_OFF. AGNST PUB ORD SENSBLTY &_MANHATTAN', 6384)
('2010_OFF. AGNST PUB ORD SENSBLTY &_QUEENS', 6058)
('2010_OFF. AGNST PUB ORD SENSBLTY &_STATEN ISLAND', 2110)
('2010_OFFENSES AGAINST PUBLIC ADMINI_BRONX', 3451)
('2010_OFFENSES AGAINST PUBLIC ADMINI_BROOKLYN', 2794)
('2010_OFFENSES AGAINST PUBLIC ADMINI_MANHATTAN', 2491)
('2010_OFFENSES AGAINST PUBLIC ADMINI_QUEENS', 1660)
('2010_OFFENSES AGAINST PUBLIC ADMINI_STATEN ISLAND', 724)
('2010_OFFENSES AGAINST PUBLIC SAFETY_BRONX', 29)
('2010_OFFENSES AGAINST PUBLIC SAFETY_BROOKLYN', 18)
('2010_OFFENSES AGAINST PUBLIC SAFETY_MANHATTAN', 34)
('2010_OFFENSES AGAINST PUBLIC SAFETY_QUEENS', 11)
('2010_OFFENSES AGAINST PUBLIC SAFETY_STATEN ISLAND', 18)
('2010_OFFENSES AGAINST THE PERSON_BRONX', 352)
('2010_OFFENSES AGAINST THE PERSON_BROOKLYN', 332)
('2010_OFFENSES AGAINST THE PERSON_MANHATTAN', 273)
('2010_OFFENSES AGAINST THE PERSON_QUEENS', 181)
('2010_OFFENSES AGAINST THE PERSON_STATEN ISLAND', 61)
('2010_OFFENSES INVOLVING FRAUD_BRONX', 346)
('2010_OFFENSES INVOLVING FRAUD_BROOKLYN', 274)
('2010_OFFENSES INVOLVING FRAUD_MANHATTAN', 1526)
('2010_OFFENSES INVOLVING FRAUD_QUEENS', 119)
('2010_OFFENSES INVOLVING FRAUD_STATEN ISLAND', 24)
('2010_OFFENSES RELATED TO CHILDREN_BRONX', 28)
('2010_OFFENSES RELATED TO CHILDREN_BROOKLYN', 36)
('2010_OFFENSES RELATED TO CHILDREN_MANHATTAN', 8)
('2010_OFFENSES RELATED TO CHILDREN_QUEENS', 83)
('2010_OFFENSES RELATED TO CHILDREN_STATEN ISLAND', 2)
('2010_OTHER OFFENSES RELATED TO THEF_BRONX', 214)
('2010_OTHER OFFENSES RELATED TO THEF_BROOKLYN', 237)
('2010_OTHER OFFENSES RELATED TO THEF_MANHATTAN', 277)
('2010_OTHER OFFENSES RELATED TO THEF_QUEENS', 185)
('2010_OTHER OFFENSES RELATED TO THEF_STATEN ISLAND', 51)
('2010_OTHER STATE LAWS (NON PENAL LA_BRONX', 320)
('2010_OTHER STATE LAWS (NON PENAL LA_BROOKLYN', 91)
('2010_OTHER STATE LAWS (NON PENAL LA_MANHATTAN', 140)
('2010_OTHER STATE LAWS (NON PENAL LA_QUEENS', 16)
('2010_OTHER STATE LAWS (NON PENAL LA_STATEN ISLAND', 10)
('2010_PETIT LARCENY OF MOTOR VEHICLE_BRONX', 5)
('2010_PETIT LARCENY OF MOTOR VEHICLE_BROOKLYN', 19)
('2010_PETIT LARCENY OF MOTOR VEHICLE_MANHATTAN', 14)
('2010_PETIT LARCENY OF MOTOR VEHICLE_QUEENS', 17)
('2010_PETIT LARCENY OF MOTOR VEHICLE_STATEN ISLAND', 3)
('2010_PETIT LARCENY_BRONX', 12804)
('2010_PETIT LARCENY_BROOKLYN', 22771)
('2010_PETIT LARCENY_MANHATTAN', 26393)
('2010_PETIT LARCENY_QUEENS', 15595)
('2010_PETIT LARCENY_STATEN ISLAND', 3754)
('2010_POSSESSION OF STOLEN PROPERTY_BRONX', 434)
('2010_POSSESSION OF STOLEN PROPERTY_BROOKLYN', 555)
('2010_POSSESSION OF STOLEN PROPERTY_MANHATTAN', 683)
('2010_POSSESSION OF STOLEN PROPERTY_QUEENS', 448)
('2010_POSSESSION OF STOLEN PROPERTY_STATEN ISLAND', 113)
('2010_PROSTITUTION & RELATED OFFENSES_BRONX', 30)
('2010_PROSTITUTION & RELATED OFFENSES_BROOKLYN', 27)
('2010_PROSTITUTION & RELATED OFFENSES_MANHATTAN', 7)
('2010_PROSTITUTION & RELATED OFFENSES_QUEENS', 8)
('2010_PROSTITUTION & RELATED OFFENSES_STATEN ISLAND', 1)
('2010_SEX CRIMES_BRONX', 771)
('2010_SEX CRIMES_BROOKLYN', 1454)
('2010_SEX CRIMES_MANHATTAN', 985)
('2010_SEX CRIMES_QUEENS', 1139)
('2010_SEX CRIMES_STATEN ISLAND', 120)
('2010_THEFT OF SERVICES_BRONX', 23)
('2010_THEFT OF SERVICES_BROOKLYN', 13)
('2010_THEFT OF SERVICES_MANHATTAN', 282)
('2010_THEFT OF SERVICES_QUEENS', 3)
('2010_UNAUTHORIZED USE OF A VEHICLE_BRONX', 202)
('2010_UNAUTHORIZED USE OF A VEHICLE_BROOKLYN', 403)
('2010_UNAUTHORIZED USE OF A VEHICLE_MANHATTAN', 163)
('2010_UNAUTHORIZED USE OF A VEHICLE_QUEENS', 416)
('2010_UNAUTHORIZED USE OF A VEHICLE_STATEN ISLAND', 111)
('2010_VEHICLE AND TRAFFIC LAWS_BRONX', 2028)
('2010_VEHICLE AND TRAFFIC LAWS_BROOKLYN', 1623)
('2010_VEHICLE AND TRAFFIC LAWS_MANHATTAN', 1210)
('2010_VEHICLE AND TRAFFIC LAWS_QUEENS', 1612)
('2010_VEHICLE AND TRAFFIC LAWS_STATEN ISLAND', 143)
('2010__BRONX', 360)
('2010__BROOKLYN', 455)
('2010__MANHATTAN', 722)
('2010__QUEENS', 373)
('2010__STATEN ISLAND', 48)
('2011_ADMINISTRATIVE CODE_BRONX', 205)
('2011_ADMINISTRATIVE CODE_BROOKLYN', 342)
('2011_ADMINISTRATIVE CODE_MANHATTAN', 97)
('2011_ADMINISTRATIVE CODE_QUEENS', 281)
('2011_ADMINISTRATIVE CODE_STATEN ISLAND', 55)
('2011_ALCOHOLIC BEVERAGE CONTROL LAW_BRONX', 24)
('2011_ALCOHOLIC BEVERAGE CONTROL LAW_BROOKLYN', 13)
('2011_ALCOHOLIC BEVERAGE CONTROL LAW_MANHATTAN', 19)
('2011_ALCOHOLIC BEVERAGE CONTROL LAW_QUEENS', 12)
('2011_ALCOHOLIC BEVERAGE CONTROL LAW_STATEN ISLAND', 11)
('2011_ANTICIPATORY OFFENSES_BRONX', 2)
('2011_ANTICIPATORY OFFENSES_BROOKLYN', 1)
('2011_ANTICIPATORY OFFENSES_MANHATTAN', 4)
('2011_ANTICIPATORY OFFENSES_QUEENS', 2)
('2011_ASSAULT 3 & RELATED OFFENSES_BRONX', 12458)
('2011_ASSAULT 3 & RELATED OFFENSES_BROOKLYN', 16401)
('2011_ASSAULT 3 & RELATED OFFENSES_MANHATTAN', 9678)
('2011_ASSAULT 3 & RELATED OFFENSES_QUEENS', 10101)
('2011_ASSAULT 3 & RELATED OFFENSES_STATEN ISLAND', 2234)
("2011_BURGLAR'S TOOLS_BRONX", 28)
("2011_BURGLAR'S TOOLS_BROOKLYN", 80)
("2011_BURGLAR'S TOOLS_MANHATTAN", 99)
("2011_BURGLAR'S TOOLS_QUEENS", 56)
("2011_BURGLAR'S TOOLS_STATEN ISLAND", 8)
('2011_CRIMINAL MISCHIEF & RELATED OF_BRONX', 9111)
('2011_CRIMINAL MISCHIEF & RELATED OF_BROOKLYN', 13563)
('2011_CRIMINAL MISCHIEF & RELATED OF_MANHATTAN', 7099)
('2011_CRIMINAL MISCHIEF & RELATED OF_QUEENS', 10392)
('2011_CRIMINAL MISCHIEF & RELATED OF_STATEN ISLAND', 2778)
('2011_CRIMINAL TRESPASS_BRONX', 2340)
('2011_CRIMINAL TRESPASS_BROOKLYN', 1315)
('2011_CRIMINAL TRESPASS_MANHATTAN', 2063)
('2011_CRIMINAL TRESPASS_QUEENS', 975)
('2011_CRIMINAL TRESPASS_STATEN ISLAND', 133)
('2011_DANGEROUS DRUGS_BRONX', 12314)
('2011_DANGEROUS DRUGS_BROOKLYN', 10739)
('2011_DANGEROUS DRUGS_MANHATTAN', 7340)
('2011_DANGEROUS DRUGS_QUEENS', 1368)
('2011_DANGEROUS DRUGS_STATEN ISLAND', 1088)
('2011_DANGEROUS WEAPONS_BRONX', 3241)
('2011_DANGEROUS WEAPONS_BROOKLYN', 2123)
('2011_DANGEROUS WEAPONS_MANHATTAN', 1407)
('2011_DANGEROUS WEAPONS_QUEENS', 1499)
('2011_DANGEROUS WEAPONS_STATEN ISLAND', 330)
('2011_DISRUPTION OF A RELIGIOUS SERV_BROOKLYN', 3)
('2011_DISRUPTION OF A RELIGIOUS SERV_MANHATTAN', 1)
('2011_ENDAN WELFARE INCOMP_BRONX', 2)
('2011_ENDAN WELFARE INCOMP_BROOKLYN', 4)
('2011_ENDAN WELFARE INCOMP_MANHATTAN', 3)
('2011_ENDAN WELFARE INCOMP_QUEENS', 1)
('2011_ESCAPE 3_BRONX', 4)
('2011_ESCAPE 3_BROOKLYN', 3)
('2011_ESCAPE 3_MANHATTAN', 3)
('2011_ESCAPE 3_QUEENS', 1)
('2011_FRAUDS_BRONX', 541)
('2011_FRAUDS_BROOKLYN', 831)
('2011_FRAUDS_MANHATTAN', 987)
('2011_FRAUDS_QUEENS', 530)
('2011_FRAUDS_STATEN ISLAND', 293)
('2011_FRAUDULENT ACCOSTING_BRONX', 11)
('2011_FRAUDULENT ACCOSTING_BROOKLYN', 14)
('2011_FRAUDULENT ACCOSTING_MANHATTAN', 261)
('2011_FRAUDULENT ACCOSTING_QUEENS', 7)
('2011_FRAUDULENT ACCOSTING_STATEN ISLAND', 2)
('2011_GAMBLING_BRONX', 43)
('2011_GAMBLING_BROOKLYN', 53)
('2011_GAMBLING_MANHATTAN', 46)
('2011_GAMBLING_QUEENS', 4)
('2011_GAMBLING_STATEN ISLAND', 2)
('2011_INTOXICATED & IMPAIRED DRIVING_BRONX', 877)
('2011_INTOXICATED & IMPAIRED DRIVING_BROOKLYN', 1820)
('2011_INTOXICATED & IMPAIRED DRIVING_MANHATTAN', 1394)
('2011_INTOXICATED & IMPAIRED DRIVING_QUEENS', 1364)
('2011_INTOXICATED & IMPAIRED DRIVING_STATEN ISLAND', 573)
('2011_JOSTLING_BRONX', 1)
('2011_JOSTLING_BROOKLYN', 5)
('2011_JOSTLING_MANHATTAN', 26)
('2011_JOSTLING_QUEENS', 1)
('2011_NEW YORK CITY HEALTH CODE_MANHATTAN', 1)
('2011_NEW YORK CITY HEALTH CODE_QUEENS', 1)
('2011_OFF. AGNST PUB ORD SENSBLTY &_BRONX', 6349)
('2011_OFF. AGNST PUB ORD SENSBLTY &_BROOKLYN', 8362)
('2011_OFF. AGNST PUB ORD SENSBLTY &_MANHATTAN', 5823)
('2011_OFF. AGNST PUB ORD SENSBLTY &_QUEENS', 5674)
('2011_OFF. AGNST PUB ORD SENSBLTY &_STATEN ISLAND', 1857)
('2011_OFFENSES AGAINST PUBLIC ADMINI_BRONX', 3610)
('2011_OFFENSES AGAINST PUBLIC ADMINI_BROOKLYN', 2631)
('2011_OFFENSES AGAINST PUBLIC ADMINI_MANHATTAN', 2477)
('2011_OFFENSES AGAINST PUBLIC ADMINI_QUEENS', 1593)
('2011_OFFENSES AGAINST PUBLIC ADMINI_STATEN ISLAND', 751)
('2011_OFFENSES AGAINST PUBLIC SAFETY_BRONX', 20)
('2011_OFFENSES AGAINST PUBLIC SAFETY_BROOKLYN', 21)
('2011_OFFENSES AGAINST PUBLIC SAFETY_MANHATTAN', 19)
('2011_OFFENSES AGAINST PUBLIC SAFETY_QUEENS', 11)
('2011_OFFENSES AGAINST PUBLIC SAFETY_STATEN ISLAND', 19)
('2011_OFFENSES AGAINST THE PERSON_BRONX', 392)
('2011_OFFENSES AGAINST THE PERSON_BROOKLYN', 300)
('2011_OFFENSES AGAINST THE PERSON_MANHATTAN', 293)
('2011_OFFENSES AGAINST THE PERSON_QUEENS', 171)
('2011_OFFENSES AGAINST THE PERSON_STATEN ISLAND', 46)
('2011_OFFENSES INVOLVING FRAUD_BRONX', 370)
('2011_OFFENSES INVOLVING FRAUD_BROOKLYN', 258)
('2011_OFFENSES INVOLVING FRAUD_MANHATTAN', 1199)
('2011_OFFENSES INVOLVING FRAUD_QUEENS', 108)
('2011_OFFENSES INVOLVING FRAUD_STATEN ISLAND', 37)
('2011_OFFENSES RELATED TO CHILDREN_BRONX', 33)
('2011_OFFENSES RELATED TO CHILDREN_BROOKLYN', 66)
('2011_OFFENSES RELATED TO CHILDREN_MANHATTAN', 6)
('2011_OFFENSES RELATED TO CHILDREN_QUEENS', 68)
('2011_OTHER OFFENSES RELATED TO THEF_BRONX', 187)
('2011_OTHER OFFENSES RELATED TO THEF_BROOKLYN', 255)
('2011_OTHER OFFENSES RELATED TO THEF_MANHATTAN', 258)
('2011_OTHER OFFENSES RELATED TO THEF_QUEENS', 177)
('2011_OTHER OFFENSES RELATED TO THEF_STATEN ISLAND', 41)
('2011_OTHER STATE LAWS (NON PENAL LA_BRONX', 268)
('2011_OTHER STATE LAWS (NON PENAL LA_BROOKLYN', 95)
('2011_OTHER STATE LAWS (NON PENAL LA_MANHATTAN', 132)
('2011_OTHER STATE LAWS (NON PENAL LA_QUEENS', 31)
('2011_OTHER STATE LAWS (NON PENAL LA_STATEN ISLAND', 51)
('2011_PETIT LARCENY OF MOTOR VEHICLE_BRONX', 9)
('2011_PETIT LARCENY OF MOTOR VEHICLE_BROOKLYN', 23)
('2011_PETIT LARCENY OF MOTOR VEHICLE_MANHATTAN', 15)
('2011_PETIT LARCENY OF MOTOR VEHICLE_QUEENS', 17)
('2011_PETIT LARCENY OF MOTOR VEHICLE_STATEN ISLAND', 3)
('2011_PETIT LARCENY_BRONX', 13334)
('2011_PETIT LARCENY_BROOKLYN', 23261)
('2011_PETIT LARCENY_MANHATTAN', 25207)
('2011_PETIT LARCENY_QUEENS', 15810)
('2011_PETIT LARCENY_STATEN ISLAND', 3467)
('2011_POSSESSION OF STOLEN PROPERTY_BRONX', 528)
('2011_POSSESSION OF STOLEN PROPERTY_BROOKLYN', 918)
('2011_POSSESSION OF STOLEN PROPERTY_MANHATTAN', 761)
('2011_POSSESSION OF STOLEN PROPERTY_QUEENS', 509)
('2011_POSSESSION OF STOLEN PROPERTY_STATEN ISLAND', 127)
('2011_PROSTITUTION & RELATED OFFENSES_BRONX', 31)
('2011_PROSTITUTION & RELATED OFFENSES_BROOKLYN', 13)
('2011_PROSTITUTION & RELATED OFFENSES_MANHATTAN', 12)
('2011_PROSTITUTION & RELATED OFFENSES_QUEENS', 9)
('2011_PROSTITUTION & RELATED OFFENSES_STATEN ISLAND', 1)
('2011_SEX CRIMES_BRONX', 789)
('2011_SEX CRIMES_BROOKLYN', 1366)
('2011_SEX CRIMES_MANHATTAN', 1001)
('2011_SEX CRIMES_QUEENS', 1302)
('2011_SEX CRIMES_STATEN ISLAND', 138)
('2011_THEFT OF SERVICES_BRONX', 13)
('2011_THEFT OF SERVICES_BROOKLYN', 10)
('2011_THEFT OF SERVICES_MANHATTAN', 280)
('2011_UNAUTHORIZED USE OF A VEHICLE_BRONX', 203)
('2011_UNAUTHORIZED USE OF A VEHICLE_BROOKLYN', 368)
('2011_UNAUTHORIZED USE OF A VEHICLE_MANHATTAN', 155)
('2011_UNAUTHORIZED USE OF A VEHICLE_QUEENS', 434)
('2011_UNAUTHORIZED USE OF A VEHICLE_STATEN ISLAND', 145)
('2011_VEHICLE AND TRAFFIC LAWS_BRONX', 1292)
('2011_VEHICLE AND TRAFFIC LAWS_BROOKLYN', 1519)
('2011_VEHICLE AND TRAFFIC LAWS_MANHATTAN', 1070)
('2011_VEHICLE AND TRAFFIC LAWS_QUEENS', 1778)
('2011_VEHICLE AND TRAFFIC LAWS_STATEN ISLAND', 153)
('2011__BRONX', 330)
('2011__BROOKLYN', 361)
('2011__MANHATTAN', 534)
('2011__QUEENS', 299)
('2011__STATEN ISLAND', 39)
('2012_ADMINISTRATIVE CODE_BRONX', 223)
('2012_ADMINISTRATIVE CODE_BROOKLYN', 364)
('2012_ADMINISTRATIVE CODE_MANHATTAN', 85)
('2012_ADMINISTRATIVE CODE_QUEENS', 285)
('2012_ADMINISTRATIVE CODE_STATEN ISLAND', 45)
('2012_ALCOHOLIC BEVERAGE CONTROL LAW_BRONX', 22)
('2012_ALCOHOLIC BEVERAGE CONTROL LAW_BROOKLYN', 29)
('2012_ALCOHOLIC BEVERAGE CONTROL LAW_MANHATTAN', 25)
('2012_ALCOHOLIC BEVERAGE CONTROL LAW_QUEENS', 8)
('2012_ALCOHOLIC BEVERAGE CONTROL LAW_STATEN ISLAND', 7)
('2012_ANTICIPATORY OFFENSES_BRONX', 1)
('2012_ANTICIPATORY OFFENSES_BROOKLYN', 3)
('2012_ANTICIPATORY OFFENSES_MANHATTAN', 2)
('2012_ANTICIPATORY OFFENSES_QUEENS', 2)
('2012_ASSAULT 3 & RELATED OFFENSES_BRONX', 13504)
('2012_ASSAULT 3 & RELATED OFFENSES_BROOKLYN', 17490)
('2012_ASSAULT 3 & RELATED OFFENSES_MANHATTAN', 10132)
('2012_ASSAULT 3 & RELATED OFFENSES_QUEENS', 10694)
('2012_ASSAULT 3 & RELATED OFFENSES_STATEN ISLAND', 2616)
("2012_BURGLAR'S TOOLS_BRONX", 18)
("2012_BURGLAR'S TOOLS_BROOKLYN", 88)
("2012_BURGLAR'S TOOLS_MANHATTAN", 115)
("2012_BURGLAR'S TOOLS_QUEENS", 65)
("2012_BURGLAR'S TOOLS_STATEN ISLAND", 4)
('2012_CRIMINAL MISCHIEF & RELATED OF_BRONX', 8823)
('2012_CRIMINAL MISCHIEF & RELATED OF_BROOKLYN', 13043)
('2012_CRIMINAL MISCHIEF & RELATED OF_MANHATTAN', 7504)
('2012_CRIMINAL MISCHIEF & RELATED OF_QUEENS', 9053)
('2012_CRIMINAL MISCHIEF & RELATED OF_STATEN ISLAND', 2572)
('2012_CRIMINAL TRESPASS_BRONX', 1343)
('2012_CRIMINAL TRESPASS_BROOKLYN', 1260)
('2012_CRIMINAL TRESPASS_MANHATTAN', 1967)
('2012_CRIMINAL TRESPASS_QUEENS', 1075)
('2012_CRIMINAL TRESPASS_STATEN ISLAND', 166)
('2012_DANGEROUS DRUGS_BRONX', 10828)
('2012_DANGEROUS DRUGS_BROOKLYN', 9300)
('2012_DANGEROUS DRUGS_MANHATTAN', 6868)
('2012_DANGEROUS DRUGS_QUEENS', 1380)
('2012_DANGEROUS DRUGS_STATEN ISLAND', 995)
('2012_DANGEROUS WEAPONS_BRONX', 2520)
('2012_DANGEROUS WEAPONS_BROOKLYN', 1729)
('2012_DANGEROUS WEAPONS_MANHATTAN', 1283)
('2012_DANGEROUS WEAPONS_QUEENS', 1336)
('2012_DANGEROUS WEAPONS_STATEN ISLAND', 267)
('2012_DISRUPTION OF A RELIGIOUS SERV_BRONX', 1)
('2012_DISRUPTION OF A RELIGIOUS SERV_MANHATTAN', 2)
('2012_DISRUPTION OF A RELIGIOUS SERV_QUEENS', 1)
('2012_ENDAN WELFARE INCOMP_BRONX', 2)
('2012_ENDAN WELFARE INCOMP_BROOKLYN', 6)
('2012_ENDAN WELFARE INCOMP_MANHATTAN', 3)
('2012_ENDAN WELFARE INCOMP_QUEENS', 5)
('2012_ESCAPE 3_BRONX', 4)
('2012_ESCAPE 3_BROOKLYN', 2)
('2012_ESCAPE 3_MANHATTAN', 3)
('2012_ESCAPE 3_QUEENS', 2)
('2012_FORTUNE TELLING_BRONX', 1)
('2012_FORTUNE TELLING_MANHATTAN', 2)
('2012_FRAUDS_BRONX', 572)
('2012_FRAUDS_BROOKLYN', 1011)
('2012_FRAUDS_MANHATTAN', 1100)
('2012_FRAUDS_QUEENS', 659)
('2012_FRAUDS_STATEN ISLAND', 237)
('2012_FRAUDULENT ACCOSTING_BRONX', 4)
('2012_FRAUDULENT ACCOSTING_BROOKLYN', 27)
('2012_FRAUDULENT ACCOSTING_MANHATTAN', 246)
('2012_FRAUDULENT ACCOSTING_QUEENS', 14)
('2012_FRAUDULENT ACCOSTING_STATEN ISLAND', 1)
('2012_GAMBLING_BRONX', 59)
('2012_GAMBLING_BROOKLYN', 44)
('2012_GAMBLING_MANHATTAN', 70)
('2012_GAMBLING_QUEENS', 8)
('2012_INTOXICATED & IMPAIRED DRIVING_BRONX', 990)
('2012_INTOXICATED & IMPAIRED DRIVING_BROOKLYN', 2112)
('2012_INTOXICATED & IMPAIRED DRIVING_MANHATTAN', 1492)
('2012_INTOXICATED & IMPAIRED DRIVING_QUEENS', 1610)
('2012_INTOXICATED & IMPAIRED DRIVING_STATEN ISLAND', 519)
('2012_JOSTLING_BRONX', 8)
('2012_JOSTLING_BROOKLYN', 9)
('2012_JOSTLING_MANHATTAN', 27)
('2012_JOSTLING_QUEENS', 3)
('2012_NEW YORK CITY HEALTH CODE_MANHATTAN', 1)
('2012_OFF. AGNST PUB ORD SENSBLTY &_BRONX', 5864)
('2012_OFF. AGNST PUB ORD SENSBLTY &_BROOKLYN', 8291)
('2012_OFF. AGNST PUB ORD SENSBLTY &_MANHATTAN', 5919)
('2012_OFF. AGNST PUB ORD SENSBLTY &_QUEENS', 5521)
('2012_OFF. AGNST PUB ORD SENSBLTY &_STATEN ISLAND', 1787)
('2012_OFFENSES AGAINST MARRIAGE UNCL_BRONX', 1)
('2012_OFFENSES AGAINST PUBLIC ADMINI_BRONX', 3060)
('2012_OFFENSES AGAINST PUBLIC ADMINI_BROOKLYN', 2530)
('2012_OFFENSES AGAINST PUBLIC ADMINI_MANHATTAN', 2716)
('2012_OFFENSES AGAINST PUBLIC ADMINI_QUEENS', 1603)
('2012_OFFENSES AGAINST PUBLIC ADMINI_STATEN ISLAND', 812)
('2012_OFFENSES AGAINST PUBLIC SAFETY_BRONX', 24)
('2012_OFFENSES AGAINST PUBLIC SAFETY_BROOKLYN', 24)
('2012_OFFENSES AGAINST PUBLIC SAFETY_MANHATTAN', 27)
('2012_OFFENSES AGAINST PUBLIC SAFETY_QUEENS', 19)
('2012_OFFENSES AGAINST PUBLIC SAFETY_STATEN ISLAND', 11)
('2012_OFFENSES AGAINST THE PERSON_BRONX', 345)
('2012_OFFENSES AGAINST THE PERSON_BROOKLYN', 339)
('2012_OFFENSES AGAINST THE PERSON_MANHATTAN', 309)
('2012_OFFENSES AGAINST THE PERSON_QUEENS', 197)
('2012_OFFENSES AGAINST THE PERSON_STATEN ISLAND', 53)
('2012_OFFENSES INVOLVING FRAUD_BRONX', 382)
('2012_OFFENSES INVOLVING FRAUD_BROOKLYN', 202)
('2012_OFFENSES INVOLVING FRAUD_MANHATTAN', 942)
('2012_OFFENSES INVOLVING FRAUD_QUEENS', 107)
('2012_OFFENSES INVOLVING FRAUD_STATEN ISLAND', 35)
('2012_OFFENSES RELATED TO CHILDREN_BRONX', 12)
('2012_OFFENSES RELATED TO CHILDREN_BROOKLYN', 40)
('2012_OFFENSES RELATED TO CHILDREN_MANHATTAN', 8)
('2012_OFFENSES RELATED TO CHILDREN_QUEENS', 121)
('2012_OFFENSES RELATED TO CHILDREN_STATEN ISLAND', 1)
('2012_OTHER OFFENSES RELATED TO THEF_BRONX', 207)
('2012_OTHER OFFENSES RELATED TO THEF_BROOKLYN', 301)
('2012_OTHER OFFENSES RELATED TO THEF_MANHATTAN', 314)
('2012_OTHER OFFENSES RELATED TO THEF_QUEENS', 198)
('2012_OTHER OFFENSES RELATED TO THEF_STATEN ISLAND', 47)
('2012_OTHER STATE LAWS (NON PENAL LAW)_BRONX', 3)
('2012_OTHER STATE LAWS (NON PENAL LA_BRONX', 149)
('2012_OTHER STATE LAWS (NON PENAL LA_BROOKLYN', 88)
('2012_OTHER STATE LAWS (NON PENAL LA_MANHATTAN', 160)
('2012_OTHER STATE LAWS (NON PENAL LA_QUEENS', 17)
('2012_OTHER STATE LAWS (NON PENAL LA_STATEN ISLAND', 9)
('2012_PETIT LARCENY OF MOTOR VEHICLE_BRONX', 8)
('2012_PETIT LARCENY OF MOTOR VEHICLE_BROOKLYN', 27)
('2012_PETIT LARCENY OF MOTOR VEHICLE_MANHATTAN', 20)
('2012_PETIT LARCENY OF MOTOR VEHICLE_QUEENS', 11)
('2012_PETIT LARCENY OF MOTOR VEHICLE_STATEN ISLAND', 1)
('2012_PETIT LARCENY_BRONX', 14140)
('2012_PETIT LARCENY_BROOKLYN', 23377)
('2012_PETIT LARCENY_MANHATTAN', 26363)
('2012_PETIT LARCENY_QUEENS', 15426)
('2012_PETIT LARCENY_STATEN ISLAND', 3548)
('2012_POSSESSION OF STOLEN PROPERTY_BRONX', 468)
('2012_POSSESSION OF STOLEN PROPERTY_BROOKLYN', 820)
('2012_POSSESSION OF STOLEN PROPERTY_MANHATTAN', 757)
('2012_POSSESSION OF STOLEN PROPERTY_QUEENS', 512)
('2012_POSSESSION OF STOLEN PROPERTY_STATEN ISLAND', 100)
('2012_PROSTITUTION & RELATED OFFENSES_BRONX', 27)
('2012_PROSTITUTION & RELATED OFFENSES_BROOKLYN', 21)
('2012_PROSTITUTION & RELATED OFFENSES_MANHATTAN', 15)
('2012_PROSTITUTION & RELATED OFFENSES_QUEENS', 8)
('2012_SEX CRIMES_BRONX', 842)
('2012_SEX CRIMES_BROOKLYN', 1560)
('2012_SEX CRIMES_MANHATTAN', 969)
('2012_SEX CRIMES_QUEENS', 946)
('2012_SEX CRIMES_STATEN ISLAND', 138)
('2012_THEFT OF SERVICES_BRONX', 73)
('2012_THEFT OF SERVICES_BROOKLYN', 17)
('2012_THEFT OF SERVICES_MANHATTAN', 490)
('2012_THEFT OF SERVICES_QUEENS', 8)
('2012_UNAUTHORIZED USE OF A VEHICLE_BRONX', 215)
('2012_UNAUTHORIZED USE OF A VEHICLE_BROOKLYN', 432)
('2012_UNAUTHORIZED USE OF A VEHICLE_MANHATTAN', 175)
('2012_UNAUTHORIZED USE OF A VEHICLE_QUEENS', 469)
('2012_UNAUTHORIZED USE OF A VEHICLE_STATEN ISLAND', 128)
('2012_VEHICLE AND TRAFFIC LAWS_BRONX', 1210)
('2012_VEHICLE AND TRAFFIC LAWS_BROOKLYN', 1564)
('2012_VEHICLE AND TRAFFIC LAWS_MANHATTAN', 1109)
('2012_VEHICLE AND TRAFFIC LAWS_QUEENS', 1537)
('2012_VEHICLE AND TRAFFIC LAWS_STATEN ISLAND', 155)
('2012__BRONX', 312)
('2012__BROOKLYN', 378)
('2012__MANHATTAN', 549)
('2012__QUEENS', 299)
('2012__STATEN ISLAND', 38)
('2013_ADMINISTRATIVE CODE_BRONX', 178)
('2013_ADMINISTRATIVE CODE_BROOKLYN', 410)
('2013_ADMINISTRATIVE CODE_MANHATTAN', 96)
('2013_ADMINISTRATIVE CODE_QUEENS', 286)
('2013_ADMINISTRATIVE CODE_STATEN ISLAND', 50)
('2013_ALCOHOLIC BEVERAGE CONTROL LAW_BRONX', 21)
('2013_ALCOHOLIC BEVERAGE CONTROL LAW_BROOKLYN', 11)
('2013_ALCOHOLIC BEVERAGE CONTROL LAW_MANHATTAN', 25)
('2013_ALCOHOLIC BEVERAGE CONTROL LAW_QUEENS', 7)
('2013_ALCOHOLIC BEVERAGE CONTROL LAW_STATEN ISLAND', 1)
('2013_ANTICIPATORY OFFENSES_BRONX', 1)
('2013_ANTICIPATORY OFFENSES_BROOKLYN', 3)
('2013_ANTICIPATORY OFFENSES_MANHATTAN', 1)
('2013_ANTICIPATORY OFFENSES_QUEENS', 2)
('2013_ASSAULT 3 & RELATED OFFENSES_', 3)
('2013_ASSAULT 3 & RELATED OFFENSES_BRONX', 13325)
('2013_ASSAULT 3 & RELATED OFFENSES_BROOKLYN', 16966)
('2013_ASSAULT 3 & RELATED OFFENSES_MANHATTAN', 9925)
('2013_ASSAULT 3 & RELATED OFFENSES_QUEENS', 11164)
('2013_ASSAULT 3 & RELATED OFFENSES_STATEN ISLAND', 2253)
("2013_BURGLAR'S TOOLS_BRONX", 23)
("2013_BURGLAR'S TOOLS_BROOKLYN", 77)
("2013_BURGLAR'S TOOLS_MANHATTAN", 114)
("2013_BURGLAR'S TOOLS_QUEENS", 66)
("2013_BURGLAR'S TOOLS_STATEN ISLAND", 10)
('2013_CRIMINAL MISCHIEF & RELATED OF_', 7)
('2013_CRIMINAL MISCHIEF & RELATED OF_BRONX', 8180)
('2013_CRIMINAL MISCHIEF & RELATED OF_BROOKLYN', 11520)
('2013_CRIMINAL MISCHIEF & RELATED OF_MANHATTAN', 6660)
('2013_CRIMINAL MISCHIEF & RELATED OF_QUEENS', 8129)
('2013_CRIMINAL MISCHIEF & RELATED OF_STATEN ISLAND', 2208)
('2013_CRIMINAL TRESPASS_', 1)
('2013_CRIMINAL TRESPASS_BRONX', 881)
('2013_CRIMINAL TRESPASS_BROOKLYN', 978)
('2013_CRIMINAL TRESPASS_MANHATTAN', 1968)
('2013_CRIMINAL TRESPASS_QUEENS', 1000)
('2013_CRIMINAL TRESPASS_STATEN ISLAND', 159)
('2013_DANGEROUS DRUGS_', 1)
('2013_DANGEROUS DRUGS_BRONX', 8744)
('2013_DANGEROUS DRUGS_BROOKLYN', 7651)
('2013_DANGEROUS DRUGS_MANHATTAN', 5846)
('2013_DANGEROUS DRUGS_QUEENS', 1461)
('2013_DANGEROUS DRUGS_STATEN ISLAND', 750)
('2013_DANGEROUS WEAPONS_BRONX', 1988)
('2013_DANGEROUS WEAPONS_BROOKLYN', 1529)
('2013_DANGEROUS WEAPONS_MANHATTAN', 1335)
('2013_DANGEROUS WEAPONS_QUEENS', 1453)
('2013_DANGEROUS WEAPONS_STATEN ISLAND', 219)
('2013_DISRUPTION OF A RELIGIOUS SERV_BROOKLYN', 3)
('2013_DISRUPTION OF A RELIGIOUS SERV_MANHATTAN', 1)
('2013_DISRUPTION OF A RELIGIOUS SERV_QUEENS', 1)
('2013_ENDAN WELFARE INCOMP_BRONX', 1)
('2013_ENDAN WELFARE INCOMP_BROOKLYN', 4)
('2013_ENDAN WELFARE INCOMP_MANHATTAN', 1)
('2013_ENDAN WELFARE INCOMP_QUEENS', 8)
('2013_ESCAPE 3_BRONX', 1)
('2013_ESCAPE 3_BROOKLYN', 1)
('2013_ESCAPE 3_MANHATTAN', 5)
('2013_ESCAPE 3_QUEENS', 3)
('2013_FRAUDS_BRONX', 566)
('2013_FRAUDS_BROOKLYN', 909)
('2013_FRAUDS_MANHATTAN', 968)
('2013_FRAUDS_QUEENS', 730)
('2013_FRAUDS_STATEN ISLAND', 203)
('2013_FRAUDULENT ACCOSTING_BRONX', 12)
('2013_FRAUDULENT ACCOSTING_BROOKLYN', 12)
('2013_FRAUDULENT ACCOSTING_MANHATTAN', 155)
('2013_FRAUDULENT ACCOSTING_QUEENS', 13)
('2013_GAMBLING_BRONX', 25)
('2013_GAMBLING_BROOKLYN', 27)
('2013_GAMBLING_MANHATTAN', 58)
('2013_GAMBLING_QUEENS', 11)
('2013_GAMBLING_STATEN ISLAND', 3)
('2013_INTOXICATED & IMPAIRED DRIVING_', 4)
('2013_INTOXICATED & IMPAIRED DRIVING_BRONX', 1348)
('2013_INTOXICATED & IMPAIRED DRIVING_BROOKLYN', 2560)
('2013_INTOXICATED & IMPAIRED DRIVING_MANHATTAN', 1657)
('2013_INTOXICATED & IMPAIRED DRIVING_QUEENS', 1995)
('2013_INTOXICATED & IMPAIRED DRIVING_STATEN ISLAND', 674)
('2013_JOSTLING_BROOKLYN', 8)
('2013_JOSTLING_MANHATTAN', 19)
('2013_JOSTLING_QUEENS', 3)
('2013_NEW YORK CITY HEALTH CODE_MANHATTAN', 9)
('2013_OFF. AGNST PUB ORD SENSBLTY &_', 8)
('2013_OFF. AGNST PUB ORD SENSBLTY &_BRONX', 5903)
('2013_OFF. AGNST PUB ORD SENSBLTY &_BROOKLYN', 7979)
('2013_OFF. AGNST PUB ORD SENSBLTY &_MANHATTAN', 5694)
('2013_OFF. AGNST PUB ORD SENSBLTY &_QUEENS', 5865)
('2013_OFF. AGNST PUB ORD SENSBLTY &_STATEN ISLAND', 1702)
('2013_OFFENSES AGAINST PUBLIC ADMINI_BRONX', 3087)
('2013_OFFENSES AGAINST PUBLIC ADMINI_BROOKLYN', 2462)
('2013_OFFENSES AGAINST PUBLIC ADMINI_MANHATTAN', 2682)
('2013_OFFENSES AGAINST PUBLIC ADMINI_QUEENS', 1743)
('2013_OFFENSES AGAINST PUBLIC ADMINI_STATEN ISLAND', 726)
('2013_OFFENSES AGAINST PUBLIC SAFETY_', 1)
('2013_OFFENSES AGAINST PUBLIC SAFETY_BRONX', 42)
('2013_OFFENSES AGAINST PUBLIC SAFETY_BROOKLYN', 13)
('2013_OFFENSES AGAINST PUBLIC SAFETY_MANHATTAN', 23)
('2013_OFFENSES AGAINST PUBLIC SAFETY_QUEENS', 10)
('2013_OFFENSES AGAINST PUBLIC SAFETY_STATEN ISLAND', 5)
('2013_OFFENSES AGAINST THE PERSON_BRONX', 383)
('2013_OFFENSES AGAINST THE PERSON_BROOKLYN', 342)
('2013_OFFENSES AGAINST THE PERSON_MANHATTAN', 329)
('2013_OFFENSES AGAINST THE PERSON_QUEENS', 261)
('2013_OFFENSES AGAINST THE PERSON_STATEN ISLAND', 55)
('2013_OFFENSES INVOLVING FRAUD_BRONX', 363)
('2013_OFFENSES INVOLVING FRAUD_BROOKLYN', 203)
('2013_OFFENSES INVOLVING FRAUD_MANHATTAN', 838)
('2013_OFFENSES INVOLVING FRAUD_QUEENS', 110)
('2013_OFFENSES INVOLVING FRAUD_STATEN ISLAND', 15)
('2013_OFFENSES RELATED TO CHILDREN_BRONX', 13)
('2013_OFFENSES RELATED TO CHILDREN_BROOKLYN', 52)
('2013_OFFENSES RELATED TO CHILDREN_MANHATTAN', 7)
('2013_OFFENSES RELATED TO CHILDREN_QUEENS', 83)
('2013_OFFENSES RELATED TO CHILDREN_STATEN ISLAND', 1)
('2013_OTHER OFFENSES RELATED TO THEF_BRONX', 201)
('2013_OTHER OFFENSES RELATED TO THEF_BROOKLYN', 285)
('2013_OTHER OFFENSES RELATED TO THEF_MANHATTAN', 348)
('2013_OTHER OFFENSES RELATED TO THEF_QUEENS', 254)
('2013_OTHER OFFENSES RELATED TO THEF_STATEN ISLAND', 45)
('2013_OTHER STATE LAWS (NON PENAL LA_BRONX', 149)
('2013_OTHER STATE LAWS (NON PENAL LA_BROOKLYN', 59)
('2013_OTHER STATE LAWS (NON PENAL LA_MANHATTAN', 163)
('2013_OTHER STATE LAWS (NON PENAL LA_QUEENS', 16)
('2013_OTHER STATE LAWS (NON PENAL LA_STATEN ISLAND', 3)
('2013_PETIT LARCENY OF MOTOR VEHICLE_BRONX', 10)
('2013_PETIT LARCENY OF MOTOR VEHICLE_BROOKLYN', 40)
('2013_PETIT LARCENY OF MOTOR VEHICLE_MANHATTAN', 12)
('2013_PETIT LARCENY OF MOTOR VEHICLE_QUEENS', 16)
('2013_PETIT LARCENY OF MOTOR VEHICLE_STATEN ISLAND', 2)
('2013_PETIT LARCENY_', 22)
('2013_PETIT LARCENY_BRONX', 14732)
('2013_PETIT LARCENY_BROOKLYN', 23355)
('2013_PETIT LARCENY_MANHATTAN', 27475)
('2013_PETIT LARCENY_QUEENS', 16158)
('2013_PETIT LARCENY_STATEN ISLAND', 3771)
('2013_POSSESSION OF STOLEN PROPERTY_', 3)
('2013_POSSESSION OF STOLEN PROPERTY_BRONX', 355)
('2013_POSSESSION OF STOLEN PROPERTY_BROOKLYN', 704)
('2013_POSSESSION OF STOLEN PROPERTY_MANHATTAN', 642)
('2013_POSSESSION OF STOLEN PROPERTY_QUEENS', 538)
('2013_POSSESSION OF STOLEN PROPERTY_STATEN ISLAND', 86)
('2013_PROSTITUTION & RELATED OFFENSES_BRONX', 10)
('2013_PROSTITUTION & RELATED OFFENSES_BROOKLYN', 16)
('2013_PROSTITUTION & RELATED OFFENSES_MANHATTAN', 16)
('2013_PROSTITUTION & RELATED OFFENSES_QUEENS', 8)
('2013_PROSTITUTION & RELATED OFFENSES_STATEN ISLAND', 3)
('2013_SEX CRIMES_BRONX', 768)
('2013_SEX CRIMES_BROOKLYN', 1232)
('2013_SEX CRIMES_MANHATTAN', 973)
('2013_SEX CRIMES_QUEENS', 854)
('2013_SEX CRIMES_STATEN ISLAND', 104)
('2013_THEFT OF SERVICES_BRONX', 120)
('2013_THEFT OF SERVICES_BROOKLYN', 40)
('2013_THEFT OF SERVICES_MANHATTAN', 389)
('2013_THEFT OF SERVICES_QUEENS', 21)
('2013_UNAUTHORIZED USE OF A VEHICLE_BRONX', 219)
('2013_UNAUTHORIZED USE OF A VEHICLE_BROOKLYN', 529)
('2013_UNAUTHORIZED USE OF A VEHICLE_MANHATTAN', 157)
('2013_UNAUTHORIZED USE OF A VEHICLE_QUEENS', 480)
('2013_UNAUTHORIZED USE OF A VEHICLE_STATEN ISLAND', 126)
('2013_VEHICLE AND TRAFFIC LAWS_', 1)
('2013_VEHICLE AND TRAFFIC LAWS_BRONX', 1500)
('2013_VEHICLE AND TRAFFIC LAWS_BROOKLYN', 1682)
('2013_VEHICLE AND TRAFFIC LAWS_MANHATTAN', 1176)
('2013_VEHICLE AND TRAFFIC LAWS_QUEENS', 1592)
('2013_VEHICLE AND TRAFFIC LAWS_STATEN ISLAND', 150)
('2013__', 1)
('2013__BRONX', 303)
('2013__BROOKLYN', 367)
('2013__MANHATTAN', 471)
('2013__QUEENS', 341)
('2013__STATEN ISLAND', 42)
('2014_ADMINISTRATIVE CODE_BRONX', 215)
('2014_ADMINISTRATIVE CODE_BROOKLYN', 400)
('2014_ADMINISTRATIVE CODE_MANHATTAN', 91)
('2014_ADMINISTRATIVE CODE_QUEENS', 263)
('2014_ADMINISTRATIVE CODE_STATEN ISLAND', 42)
('2014_ALCOHOLIC BEVERAGE CONTROL LAW_BRONX', 39)
('2014_ALCOHOLIC BEVERAGE CONTROL LAW_BROOKLYN', 6)
('2014_ALCOHOLIC BEVERAGE CONTROL LAW_MANHATTAN', 9)
('2014_ALCOHOLIC BEVERAGE CONTROL LAW_QUEENS', 14)
('2014_ALCOHOLIC BEVERAGE CONTROL LAW_STATEN ISLAND', 1)
('2014_ANTICIPATORY OFFENSES_BRONX', 1)
('2014_ANTICIPATORY OFFENSES_BROOKLYN', 1)
('2014_ANTICIPATORY OFFENSES_MANHATTAN', 2)
('2014_ASSAULT 3 & RELATED OFFENSES_BRONX', 13567)
('2014_ASSAULT 3 & RELATED OFFENSES_BROOKLYN', 16871)
('2014_ASSAULT 3 & RELATED OFFENSES_MANHATTAN', 9866)
('2014_ASSAULT 3 & RELATED OFFENSES_QUEENS', 11125)
('2014_ASSAULT 3 & RELATED OFFENSES_STATEN ISLAND', 2308)
("2014_BURGLAR'S TOOLS_BRONX", 40)
("2014_BURGLAR'S TOOLS_BROOKLYN", 96)
("2014_BURGLAR'S TOOLS_MANHATTAN", 157)
("2014_BURGLAR'S TOOLS_QUEENS", 72)
("2014_BURGLAR'S TOOLS_STATEN ISLAND", 10)
('2014_CRIMINAL MISCHIEF & RELATED OF_BRONX', 8817)
('2014_CRIMINAL MISCHIEF & RELATED OF_BROOKLYN', 11652)
('2014_CRIMINAL MISCHIEF & RELATED OF_MANHATTAN', 7634)
('2014_CRIMINAL MISCHIEF & RELATED OF_QUEENS', 8413)
('2014_CRIMINAL MISCHIEF & RELATED OF_STATEN ISLAND', 2213)
('2014_CRIMINAL TRESPASS_BRONX', 1111)
('2014_CRIMINAL TRESPASS_BROOKLYN', 1023)
('2014_CRIMINAL TRESPASS_MANHATTAN', 1939)
('2014_CRIMINAL TRESPASS_QUEENS', 934)
('2014_CRIMINAL TRESPASS_STATEN ISLAND', 140)
('2014_DANGEROUS DRUGS_BRONX', 9121)
('2014_DANGEROUS DRUGS_BROOKLYN', 7199)
('2014_DANGEROUS DRUGS_MANHATTAN', 5651)
('2014_DANGEROUS DRUGS_QUEENS', 1564)
('2014_DANGEROUS DRUGS_STATEN ISLAND', 782)
('2014_DANGEROUS WEAPONS_BRONX', 2122)
('2014_DANGEROUS WEAPONS_BROOKLYN', 1251)
('2014_DANGEROUS WEAPONS_MANHATTAN', 1264)
('2014_DANGEROUS WEAPONS_QUEENS', 1292)
('2014_DANGEROUS WEAPONS_STATEN ISLAND', 238)
('2014_DISRUPTION OF A RELIGIOUS SERV_BRONX', 1)
('2014_DISRUPTION OF A RELIGIOUS SERV_BROOKLYN', 3)
('2014_DISRUPTION OF A RELIGIOUS SERV_MANHATTAN', 2)
('2014_ENDAN WELFARE INCOMP_BRONX', 2)
('2014_ENDAN WELFARE INCOMP_BROOKLYN', 6)
('2014_ENDAN WELFARE INCOMP_MANHATTAN', 2)
('2014_ENDAN WELFARE INCOMP_QUEENS', 3)
('2014_ENDAN WELFARE INCOMP_STATEN ISLAND', 1)
('2014_ESCAPE 3_BRONX', 5)
('2014_ESCAPE 3_BROOKLYN', 4)
('2014_FRAUDS_BRONX', 702)
('2014_FRAUDS_BROOKLYN', 1068)
('2014_FRAUDS_MANHATTAN', 969)
('2014_FRAUDS_QUEENS', 760)
('2014_FRAUDS_STATEN ISLAND', 298)
('2014_FRAUDULENT ACCOSTING_BRONX', 21)
('2014_FRAUDULENT ACCOSTING_BROOKLYN', 16)
('2014_FRAUDULENT ACCOSTING_MANHATTAN', 175)
('2014_FRAUDULENT ACCOSTING_QUEENS', 30)
('2014_GAMBLING_BRONX', 64)
('2014_GAMBLING_BROOKLYN', 42)
('2014_GAMBLING_MANHATTAN', 68)
('2014_GAMBLING_QUEENS', 7)
('2014_INTOXICATED & IMPAIRED DRIVING_BRONX', 1321)
('2014_INTOXICATED & IMPAIRED DRIVING_BROOKLYN', 2503)
('2014_INTOXICATED & IMPAIRED DRIVING_MANHATTAN', 1472)
('2014_INTOXICATED & IMPAIRED DRIVING_QUEENS', 1949)
('2014_INTOXICATED & IMPAIRED DRIVING_STATEN ISLAND', 630)
('2014_JOSTLING_BRONX', 3)
('2014_JOSTLING_BROOKLYN', 6)
('2014_JOSTLING_MANHATTAN', 27)
('2014_JOSTLING_QUEENS', 3)
('2014_LOITERING FOR DRUG PURPOSES_BROOKLYN', 1)
('2014_NEW YORK CITY HEALTH CODE_BRONX', 1)
('2014_NEW YORK CITY HEALTH CODE_BROOKLYN', 2)
('2014_NEW YORK CITY HEALTH CODE_MANHATTAN', 4)
('2014_OFF. AGNST PUB ORD SENSBLTY &_BRONX', 4303)
('2014_OFF. AGNST PUB ORD SENSBLTY &_BROOKLYN', 5977)
('2014_OFF. AGNST PUB ORD SENSBLTY &_MANHATTAN', 3776)
('2014_OFF. AGNST PUB ORD SENSBLTY &_QUEENS', 4324)
('2014_OFF. AGNST PUB ORD SENSBLTY &_STATEN ISLAND', 1504)
('2014_OFFENSES AGAINST PUBLIC ADMINI_BRONX', 3134)
('2014_OFFENSES AGAINST PUBLIC ADMINI_BROOKLYN', 2302)
('2014_OFFENSES AGAINST PUBLIC ADMINI_MANHATTAN', 2560)
('2014_OFFENSES AGAINST PUBLIC ADMINI_QUEENS', 1609)
('2014_OFFENSES AGAINST PUBLIC ADMINI_STATEN ISLAND', 690)
('2014_OFFENSES AGAINST PUBLIC SAFETY_BRONX', 26)
('2014_OFFENSES AGAINST PUBLIC SAFETY_BROOKLYN', 21)
('2014_OFFENSES AGAINST PUBLIC SAFETY_MANHATTAN', 36)
('2014_OFFENSES AGAINST PUBLIC SAFETY_QUEENS', 18)
('2014_OFFENSES AGAINST PUBLIC SAFETY_STATEN ISLAND', 8)
('2014_OFFENSES AGAINST THE PERSON_BRONX', 363)
('2014_OFFENSES AGAINST THE PERSON_BROOKLYN', 307)
('2014_OFFENSES AGAINST THE PERSON_MANHATTAN', 371)
('2014_OFFENSES AGAINST THE PERSON_QUEENS', 241)
('2014_OFFENSES AGAINST THE PERSON_STATEN ISLAND', 52)
('2014_OFFENSES INVOLVING FRAUD_BRONX', 395)
('2014_OFFENSES INVOLVING FRAUD_BROOKLYN', 226)
('2014_OFFENSES INVOLVING FRAUD_MANHATTAN', 745)
('2014_OFFENSES INVOLVING FRAUD_QUEENS', 139)
('2014_OFFENSES INVOLVING FRAUD_STATEN ISLAND', 20)
('2014_OFFENSES RELATED TO CHILDREN_BRONX', 42)
('2014_OFFENSES RELATED TO CHILDREN_BROOKLYN', 33)
('2014_OFFENSES RELATED TO CHILDREN_MANHATTAN', 4)
('2014_OFFENSES RELATED TO CHILDREN_QUEENS', 56)
('2014_OFFENSES RELATED TO CHILDREN_STATEN ISLAND', 1)
('2014_OTHER OFFENSES RELATED TO THEF_BRONX', 288)
('2014_OTHER OFFENSES RELATED TO THEF_BROOKLYN', 389)
('2014_OTHER OFFENSES RELATED TO THEF_MANHATTAN', 339)
('2014_OTHER OFFENSES RELATED TO THEF_QUEENS', 292)
('2014_OTHER OFFENSES RELATED TO THEF_STATEN ISLAND', 39)
('2014_OTHER STATE LAWS (NON PENAL LA_BRONX', 185)
('2014_OTHER STATE LAWS (NON PENAL LA_BROOKLYN', 96)
('2014_OTHER STATE LAWS (NON PENAL LA_MANHATTAN', 216)
('2014_OTHER STATE LAWS (NON PENAL LA_QUEENS', 40)
('2014_OTHER STATE LAWS (NON PENAL LA_STATEN ISLAND', 16)
('2014_PETIT LARCENY OF MOTOR VEHICLE_BRONX', 4)
('2014_PETIT LARCENY OF MOTOR VEHICLE_BROOKLYN', 46)
('2014_PETIT LARCENY OF MOTOR VEHICLE_MANHATTAN', 7)
('2014_PETIT LARCENY OF MOTOR VEHICLE_QUEENS', 21)
('2014_PETIT LARCENY_BRONX', 15385)
('2014_PETIT LARCENY_BROOKLYN', 23685)
('2014_PETIT LARCENY_MANHATTAN', 25473)
('2014_PETIT LARCENY_QUEENS', 16658)
('2014_PETIT LARCENY_STATEN ISLAND', 3798)
('2014_POSSESSION OF STOLEN PROPERTY_BRONX', 266)
('2014_POSSESSION OF STOLEN PROPERTY_BROOKLYN', 466)
('2014_POSSESSION OF STOLEN PROPERTY_MANHATTAN', 399)
('2014_POSSESSION OF STOLEN PROPERTY_QUEENS', 255)
('2014_POSSESSION OF STOLEN PROPERTY_STATEN ISLAND', 71)
('2014_PROSTITUTION & RELATED OFFENSES_BRONX', 75)
('2014_PROSTITUTION & RELATED OFFENSES_BROOKLYN', 8)
('2014_PROSTITUTION & RELATED OFFENSES_MANHATTAN', 22)
('2014_PROSTITUTION & RELATED OFFENSES_QUEENS', 9)
('2014_SEX CRIMES_BRONX', 877)
('2014_SEX CRIMES_BROOKLYN', 1274)
('2014_SEX CRIMES_MANHATTAN', 1027)
('2014_SEX CRIMES_QUEENS', 869)
('2014_SEX CRIMES_STATEN ISLAND', 135)
('2014_THEFT OF SERVICES_BRONX', 74)
('2014_THEFT OF SERVICES_BROOKLYN', 26)
('2014_THEFT OF SERVICES_MANHATTAN', 332)
('2014_THEFT OF SERVICES_QUEENS', 12)
('2014_UNAUTHORIZED USE OF A VEHICLE_BRONX', 231)
('2014_UNAUTHORIZED USE OF A VEHICLE_BROOKLYN', 603)
('2014_UNAUTHORIZED USE OF A VEHICLE_MANHATTAN', 199)
('2014_UNAUTHORIZED USE OF A VEHICLE_QUEENS', 556)
('2014_UNAUTHORIZED USE OF A VEHICLE_STATEN ISLAND', 131)
('2014_VEHICLE AND TRAFFIC LAWS_BRONX', 1253)
('2014_VEHICLE AND TRAFFIC LAWS_BROOKLYN', 1612)
('2014_VEHICLE AND TRAFFIC LAWS_MANHATTAN', 1026)
('2014_VEHICLE AND TRAFFIC LAWS_QUEENS', 1790)
('2014_VEHICLE AND TRAFFIC LAWS_STATEN ISLAND', 156)
('2014__BRONX', 313)
('2014__BROOKLYN', 282)
('2014__MANHATTAN', 521)
('2014__QUEENS', 286)
('2014__STATEN ISLAND', 43)
('2015_ADMINISTRATIVE CODE_BRONX', 200)
('2015_ADMINISTRATIVE CODE_BROOKLYN', 386)
('2015_ADMINISTRATIVE CODE_MANHATTAN', 85)
('2015_ADMINISTRATIVE CODE_QUEENS', 283)
('2015_ADMINISTRATIVE CODE_STATEN ISLAND', 32)
('2015_AGRICULTURE & MRKTS LAW-UNCLASSIFIED_BRONX', 29)
('2015_AGRICULTURE & MRKTS LAW-UNCLASSIFIED_BROOKLYN', 19)
('2015_AGRICULTURE & MRKTS LAW-UNCLASSIFIED_MANHATTAN', 16)
('2015_AGRICULTURE & MRKTS LAW-UNCLASSIFIED_QUEENS', 13)
('2015_AGRICULTURE & MRKTS LAW-UNCLASSIFIED_STATEN ISLAND', 6)
('2015_ALCOHOLIC BEVERAGE CONTROL LAW_BRONX', 35)
('2015_ALCOHOLIC BEVERAGE CONTROL LAW_BROOKLYN', 20)
('2015_ALCOHOLIC BEVERAGE CONTROL LAW_MANHATTAN', 21)
('2015_ALCOHOLIC BEVERAGE CONTROL LAW_QUEENS', 2)
('2015_ANTICIPATORY OFFENSES_BRONX', 1)
('2015_ANTICIPATORY OFFENSES_BROOKLYN', 1)
('2015_ANTICIPATORY OFFENSES_MANHATTAN', 1)
('2015_ANTICIPATORY OFFENSES_QUEENS', 1)
('2015_ASSAULT 3 & RELATED OFFENSES_BRONX', 13281)
('2015_ASSAULT 3 & RELATED OFFENSES_BROOKLYN', 16089)
('2015_ASSAULT 3 & RELATED OFFENSES_MANHATTAN', 10053)
('2015_ASSAULT 3 & RELATED OFFENSES_QUEENS', 10572)
('2015_ASSAULT 3 & RELATED OFFENSES_STATEN ISLAND', 2195)
("2015_BURGLAR'S TOOLS_BRONX", 33)
("2015_BURGLAR'S TOOLS_BROOKLYN", 71)
("2015_BURGLAR'S TOOLS_MANHATTAN", 112)
("2015_BURGLAR'S TOOLS_QUEENS", 64)
("2015_BURGLAR'S TOOLS_STATEN ISLAND", 6)
('2015_CRIMINAL MISCHIEF & RELATED OF_BRONX', 9010)
('2015_CRIMINAL MISCHIEF & RELATED OF_BROOKLYN', 11828)
('2015_CRIMINAL MISCHIEF & RELATED OF_MANHATTAN', 8326)
('2015_CRIMINAL MISCHIEF & RELATED OF_QUEENS', 7912)
('2015_CRIMINAL MISCHIEF & RELATED OF_STATEN ISLAND', 2475)
('2015_CRIMINAL TRESPASS_BRONX', 982)
('2015_CRIMINAL TRESPASS_BROOKLYN', 1048)
('2015_CRIMINAL TRESPASS_MANHATTAN', 1386)
('2015_CRIMINAL TRESPASS_QUEENS', 804)
('2015_CRIMINAL TRESPASS_STATEN ISLAND', 107)
('2015_DANGEROUS DRUGS_BRONX', 7486)
('2015_DANGEROUS DRUGS_BROOKLYN', 5283)
('2015_DANGEROUS DRUGS_MANHATTAN', 4997)
('2015_DANGEROUS DRUGS_QUEENS', 992)
('2015_DANGEROUS DRUGS_STATEN ISLAND', 457)
('2015_DANGEROUS WEAPONS_BRONX', 2153)
('2015_DANGEROUS WEAPONS_BROOKLYN', 1123)
('2015_DANGEROUS WEAPONS_MANHATTAN', 1279)
('2015_DANGEROUS WEAPONS_QUEENS', 956)
('2015_DANGEROUS WEAPONS_STATEN ISLAND', 168)
('2015_DISRUPTION OF A RELIGIOUS SERV_BRONX', 1)
('2015_DISRUPTION OF A RELIGIOUS SERV_BROOKLYN', 2)
('2015_DISRUPTION OF A RELIGIOUS SERV_MANHATTAN', 1)
('2015_DISRUPTION OF A RELIGIOUS SERV_QUEENS', 2)
('2015_ENDAN WELFARE INCOMP_BRONX', 2)
('2015_ENDAN WELFARE INCOMP_BROOKLYN', 4)
('2015_ENDAN WELFARE INCOMP_MANHATTAN', 5)
('2015_ENDAN WELFARE INCOMP_QUEENS', 1)
('2015_ESCAPE 3_BRONX', 1)
('2015_ESCAPE 3_BROOKLYN', 4)
('2015_ESCAPE 3_MANHATTAN', 6)
('2015_ESCAPE 3_QUEENS', 2)
('2015_ESCAPE 3_STATEN ISLAND', 1)
('2015_FORTUNE TELLING_MANHATTAN', 1)
('2015_FRAUDS_BRONX', 687)
('2015_FRAUDS_BROOKLYN', 1002)
('2015_FRAUDS_MANHATTAN', 917)
('2015_FRAUDS_QUEENS', 671)
('2015_FRAUDS_STATEN ISLAND', 299)
('2015_FRAUDULENT ACCOSTING_BRONX', 16)
('2015_FRAUDULENT ACCOSTING_BROOKLYN', 4)
('2015_FRAUDULENT ACCOSTING_MANHATTAN', 150)
('2015_FRAUDULENT ACCOSTING_QUEENS', 8)
('2015_GAMBLING_BRONX', 147)
('2015_GAMBLING_BROOKLYN', 61)
('2015_GAMBLING_MANHATTAN', 127)
('2015_GAMBLING_QUEENS', 4)
('2015_INTOXICATED & IMPAIRED DRIVING_BRONX', 858)
('2015_INTOXICATED & IMPAIRED DRIVING_BROOKLYN', 1902)
('2015_INTOXICATED & IMPAIRED DRIVING_MANHATTAN', 925)
('2015_INTOXICATED & IMPAIRED DRIVING_QUEENS', 1571)
('2015_INTOXICATED & IMPAIRED DRIVING_STATEN ISLAND', 676)
('2015_JOSTLING_BRONX', 2)
('2015_JOSTLING_BROOKLYN', 7)
('2015_JOSTLING_MANHATTAN', 22)
('2015_JOSTLING_QUEENS', 7)
('2015_NEW YORK CITY HEALTH CODE_BROOKLYN', 2)
('2015_NEW YORK CITY HEALTH CODE_MANHATTAN', 6)
('2015_NEW YORK CITY HEALTH CODE_QUEENS', 1)
('2015_OFF. AGNST PUB ORD SENSBLTY &_BRONX', 4652)
('2015_OFF. AGNST PUB ORD SENSBLTY &_BROOKLYN', 6464)
('2015_OFF. AGNST PUB ORD SENSBLTY &_MANHATTAN', 3862)
('2015_OFF. AGNST PUB ORD SENSBLTY &_QUEENS', 4348)
('2015_OFF. AGNST PUB ORD SENSBLTY &_STATEN ISLAND', 1465)
('2015_OFFENSES AGAINST PUBLIC ADMINI_BRONX', 3030)
('2015_OFFENSES AGAINST PUBLIC ADMINI_BROOKLYN', 1915)
('2015_OFFENSES AGAINST PUBLIC ADMINI_MANHATTAN', 2357)
('2015_OFFENSES AGAINST PUBLIC ADMINI_QUEENS', 1463)
('2015_OFFENSES AGAINST PUBLIC ADMINI_STATEN ISLAND', 630)
('2015_OFFENSES AGAINST PUBLIC SAFETY_BRONX', 25)
('2015_OFFENSES AGAINST PUBLIC SAFETY_BROOKLYN', 16)
('2015_OFFENSES AGAINST PUBLIC SAFETY_MANHATTAN', 17)
('2015_OFFENSES AGAINST PUBLIC SAFETY_QUEENS', 8)
('2015_OFFENSES AGAINST PUBLIC SAFETY_STATEN ISLAND', 5)
('2015_OFFENSES AGAINST THE PERSON_BRONX', 370)
('2015_OFFENSES AGAINST THE PERSON_BROOKLYN', 330)
('2015_OFFENSES AGAINST THE PERSON_MANHATTAN', 302)
('2015_OFFENSES AGAINST THE PERSON_QUEENS', 229)
('2015_OFFENSES AGAINST THE PERSON_STATEN ISLAND', 58)
('2015_OFFENSES INVOLVING FRAUD_BRONX', 221)
('2015_OFFENSES INVOLVING FRAUD_BROOKLYN', 187)
('2015_OFFENSES INVOLVING FRAUD_MANHATTAN', 600)
('2015_OFFENSES INVOLVING FRAUD_QUEENS', 148)
('2015_OFFENSES INVOLVING FRAUD_STATEN ISLAND', 20)
('2015_OFFENSES RELATED TO CHILDREN_BRONX', 88)
('2015_OFFENSES RELATED TO CHILDREN_BROOKLYN', 19)
('2015_OFFENSES RELATED TO CHILDREN_MANHATTAN', 2)
('2015_OFFENSES RELATED TO CHILDREN_QUEENS', 37)
('2015_OTHER OFFENSES RELATED TO THEF_BRONX', 299)
('2015_OTHER OFFENSES RELATED TO THEF_BROOKLYN', 485)
('2015_OTHER OFFENSES RELATED TO THEF_MANHATTAN', 372)
('2015_OTHER OFFENSES RELATED TO THEF_QUEENS', 323)
('2015_OTHER OFFENSES RELATED TO THEF_STATEN ISLAND', 40)
('2015_OTHER STATE LAWS (NON PENAL LAW)_BROOKLYN', 1)
('2015_OTHER STATE LAWS (NON PENAL LA_BRONX', 106)
('2015_OTHER STATE LAWS (NON PENAL LA_BROOKLYN', 70)
('2015_OTHER STATE LAWS (NON PENAL LA_MANHATTAN', 209)
('2015_OTHER STATE LAWS (NON PENAL LA_QUEENS', 27)
('2015_OTHER STATE LAWS (NON PENAL LA_STATEN ISLAND', 12)
('2015_PETIT LARCENY OF MOTOR VEHICLE_BRONX', 9)
('2015_PETIT LARCENY OF MOTOR VEHICLE_BROOKLYN', 24)
('2015_PETIT LARCENY OF MOTOR VEHICLE_MANHATTAN', 14)
('2015_PETIT LARCENY OF MOTOR VEHICLE_QUEENS', 18)
('2015_PETIT LARCENY OF MOTOR VEHICLE_STATEN ISLAND', 6)
('2015_PETIT LARCENY_BRONX', 14912)
('2015_PETIT LARCENY_BROOKLYN', 22755)
('2015_PETIT LARCENY_MANHATTAN', 24713)
('2015_PETIT LARCENY_QUEENS', 15773)
('2015_PETIT LARCENY_STATEN ISLAND', 3374)
('2015_POSSESSION OF STOLEN PROPERTY_BRONX', 229)
('2015_POSSESSION OF STOLEN PROPERTY_BROOKLYN', 333)
('2015_POSSESSION OF STOLEN PROPERTY_MANHATTAN', 322)
('2015_POSSESSION OF STOLEN PROPERTY_QUEENS', 210)
('2015_POSSESSION OF STOLEN PROPERTY_STATEN ISLAND', 44)
('2015_PROSTITUTION & RELATED OFFENSES_BRONX', 60)
('2015_PROSTITUTION & RELATED OFFENSES_BROOKLYN', 23)
('2015_PROSTITUTION & RELATED OFFENSES_MANHATTAN', 11)
('2015_PROSTITUTION & RELATED OFFENSES_QUEENS', 5)
('2015_SEX CRIMES_BRONX', 885)
('2015_SEX CRIMES_BROOKLYN', 1348)
('2015_SEX CRIMES_MANHATTAN', 1244)
('2015_SEX CRIMES_QUEENS', 910)
('2015_SEX CRIMES_STATEN ISLAND', 159)
('2015_THEFT OF SERVICES_BRONX', 93)
('2015_THEFT OF SERVICES_BROOKLYN', 39)
('2015_THEFT OF SERVICES_MANHATTAN', 293)
('2015_THEFT OF SERVICES_QUEENS', 44)
('2015_UNAUTHORIZED USE OF A VEHICLE_BRONX', 233)
('2015_UNAUTHORIZED USE OF A VEHICLE_BROOKLYN', 506)
('2015_UNAUTHORIZED USE OF A VEHICLE_MANHATTAN', 158)
('2015_UNAUTHORIZED USE OF A VEHICLE_QUEENS', 569)
('2015_UNAUTHORIZED USE OF A VEHICLE_STATEN ISLAND', 138)
('2015_VEHICLE AND TRAFFIC LAWS_BRONX', 1203)
('2015_VEHICLE AND TRAFFIC LAWS_BROOKLYN', 1720)
('2015_VEHICLE AND TRAFFIC LAWS_MANHATTAN', 1068)
('2015_VEHICLE AND TRAFFIC LAWS_QUEENS', 2108)
('2015_VEHICLE AND TRAFFIC LAWS_STATEN ISLAND', 175)
('2015__BRONX', 231)
('2015__BROOKLYN', 239)
('2015__MANHATTAN', 385)
('2015__QUEENS', 247)
('2015__STATEN ISLAND', 33)
