(('BRONX', '2013'), 47)
(('BRONX', '2014'), 231)
(('BRONX', '2015'), 256)
(('BRONX', '2016'), 330)
(('BRONX', '2017'), 122)
(('BROOKLYN', '2013'), 145)
(('BROOKLYN', '2014'), 604)
(('BROOKLYN', '2015'), 741)
(('BROOKLYN', '2016'), 995)
(('BROOKLYN', '2017'), 330)
(('MANHATTAN', '2013'), 233)
(('MANHATTAN', '2014'), 905)
(('MANHATTAN', '2015'), 1043)
(('MANHATTAN', '2016'), 1410)
(('MANHATTAN', '2017'), 474)
(('QUEENS', '2011'), 1)
(('QUEENS', '2013'), 89)
(('QUEENS', '2014'), 616)
(('QUEENS', '2015'), 648)
(('QUEENS', '2016'), 807)
(('QUEENS', '2017'), 309)
(('STATEN ISLAND', '2012'), 1)
(('STATEN ISLAND', '2013'), 19)
(('STATEN ISLAND', '2014'), 77)
(('STATEN ISLAND', '2015'), 93)
(('STATEN ISLAND', '2016'), 118)
(('STATEN ISLAND', '2017'), 54)
