('BRONX_2006', 31835)
('BRONX_2007', 31777)
('BRONX_2008', 30874)
('BRONX_2009', 28526)
('BRONX_2010', 28084)
('BRONX_2011', 28032)
('BRONX_2012', 28373)
('BRONX_2013', 28541)
('BRONX_2014', 28538)
('BRONX_2015', 30063)
('BROOKLYN_2006', 53770)
('BROOKLYN_2007', 51866)
('BROOKLYN_2008', 51166)
('BROOKLYN_2009', 46831)
('BROOKLYN_2010', 46231)
('BROOKLYN_2011', 47892)
('BROOKLYN_2012', 50389)
('BROOKLYN_2013', 50268)
('BROOKLYN_2014', 49554)
('BROOKLYN_2015', 47942)
('MANHATTAN_2006', 46399)
('MANHATTAN_2007', 43893)
('MANHATTAN_2008', 42829)
('MANHATTAN_2009', 38824)
('MANHATTAN_2010', 36396)
('MANHATTAN_2011', 34720)
('MANHATTAN_2012', 35943)
('MANHATTAN_2013', 36334)
('MANHATTAN_2014', 34575)
('MANHATTAN_2015', 35972)
('QUEENS_2006', 37601)
('QUEENS_2007', 35405)
('QUEENS_2008', 34585)
('QUEENS_2009', 32092)
('QUEENS_2010', 32104)
('QUEENS_2011', 32681)
('QUEENS_2012', 34156)
('QUEENS_2013', 34325)
('QUEENS_2014', 33405)
('QUEENS_2015', 32118)
('STATEN ISLAND_2006', 5655)
('STATEN ISLAND_2007', 5591)
('STATEN ISLAND_2008', 5571)
('STATEN ISLAND_2009', 4894)
('STATEN ISLAND_2010', 4798)
('STATEN ISLAND_2011', 4988)
('STATEN ISLAND_2012', 5203)
('STATEN ISLAND_2013', 5186)
('STATEN ISLAND_2014', 5137)
('STATEN ISLAND_2015', 5201)
('_2006', 284)
('_2013', 6)

