('01_2006', 15005)
('01_2007', 14400)
('01_2008', 14094)
('01_2009', 12416)
('01_2010', 12378)
('01_2011', 11420)
('01_2012', 12369)
('01_2013', 12594)
('01_2014', 12338)
('01_2015', 11446)
('02_2006', 11982)
('02_2007', 11369)
('02_2008', 11987)
('02_2009', 10829)
('02_2010', 9758)
('02_2011', 10283)
('02_2012', 11441)
('02_2013', 10508)
('02_2014', 10592)
('02_2015', 10046)
('03_2006', 14332)
('03_2007', 13249)
('03_2008', 13125)
('03_2009', 12231)
('03_2010', 12065)
('03_2011', 11848)
('03_2012', 12477)
('03_2013', 11682)
('03_2014', 12094)
('03_2015', 11533)
('04_2006', 13509)
('04_2007', 12829)
('04_2008', 13032)
('04_2009', 11896)
('04_2010', 11816)
('04_2011', 11855)
('04_2012', 12069)
('04_2013', 12245)
('04_2014', 11883)
('04_2015', 12089)
('05_2006', 15055)
('05_2007', 14585)
('05_2008', 13761)
('05_2009', 12739)
('05_2010', 12464)
('05_2011', 12685)
('05_2012', 13506)
('05_2013', 13113)
('05_2014', 13043)
('05_2015', 12708)
('06_2006', 14571)
('06_2007', 14092)
('06_2008', 13852)
('06_2009', 12511)
('06_2010', 12428)
('06_2011', 12745)
('06_2012', 13212)
('06_2013', 13012)
('06_2014', 12846)
('06_2015', 12470)
('07_2006', 15140)
('07_2007', 14909)
('07_2008', 14474)
('07_2009', 13286)
('07_2010', 13177)
('07_2011', 13145)
('07_2012', 14026)
('07_2013', 14156)
('07_2014', 13871)
('07_2015', 13795)
('08_2006', 15828)
('08_2007', 15148)
('08_2008', 14706)
('08_2009', 13646)
('08_2010', 13055)
('08_2011', 13264)
('08_2012', 14069)
('08_2013', 14094)
('08_2014', 13631)
('08_2015', 14284)
('09_2006', 15233)
('09_2007', 14673)
('09_2008', 14465)
('09_2009', 13035)
('09_2010', 12966)
('09_2011', 12822)
('09_2012', 13169)
('09_2013', 13417)
('09_2014', 13242)
('09_2015', 13446)
('10_2006', 15676)
('10_2007', 15343)
('10_2008', 14684)
('10_2009', 13433)
('10_2010', 13411)
('10_2011', 12867)
('10_2012', 13190)
('10_2013', 14058)
('10_2014', 13872)
('10_2015', 13471)
('11_2006', 14646)
('11_2007', 13778)
('11_2008', 13351)
('11_2009', 12769)
('11_2010', 12641)
('11_2011', 12584)
('11_2012', 11940)
('11_2013', 12719)
('11_2014', 12038)
('11_2015', 12942)
('12_2006', 14567)
('12_2007', 14157)
('12_2008', 13494)
('12_2009', 12376)
('12_2010', 11454)
('12_2011', 12795)
('12_2012', 12596)
('12_2013', 13062)
('12_2014', 11759)
('12_2015', 13066)

