('ABORTION_ABORTION 1', 4)
('ARSON_ARSON 1', 161)
('ARSON_ARSON 2,3,4', 9202)
('ARSON_ARSON, MOTOR VEHICLE 1 2 3 & 4', 4621)
('BURGLARY_BURGLARY,COMMERCIAL,DAY', 12389)
('BURGLARY_BURGLARY,COMMERCIAL,NIGHT', 23739)
('BURGLARY_BURGLARY,COMMERCIAL,UNKNOWN TI', 4387)
('BURGLARY_BURGLARY,RESIDENCE,DAY', 82516)
('BURGLARY_BURGLARY,RESIDENCE,NIGHT', 40815)
('BURGLARY_BURGLARY,RESIDENCE,UNKNOWN TIM', 14122)
('BURGLARY_BURGLARY,TRUCK DAY', 4908)
('BURGLARY_BURGLARY,TRUCK NIGHT', 2539)
('BURGLARY_BURGLARY,UNCLASSIFIED,DAY', 1449)
('BURGLARY_BURGLARY,UNCLASSIFIED,NIGHT', 2528)
('BURGLARY_BURGLARY,UNCLASSIFIED,UNKNOWN', 1372)
('BURGLARY_BURGLARY,UNKNOWN TIME', 642)
('CHILD ABANDONMENT/NON SUPPORT_CHILD ABANDONMENT', 367)
('CRIMINAL MISCHIEF & RELATED OF_CRIMINAL MIS 2 & 3', 3582)
('CRIMINAL MISCHIEF & RELATED OF_MISCHIEF 1,CRIMINAL,EXPLOSIVE', 33)
('CRIMINAL MISCHIEF & RELATED OF_MISCHIEF, CRIMINAL 3 & 2, OF M', 34445)
('CRIMINAL MISCHIEF & RELATED OF_MISCHIEF, CRIMINAL 3&2, BY FIR', 432)
('CRIMINAL MISCHIEF & RELATED OF_MISCHIEF,CRIMINAL,    UNCL 2ND', 30813)
('CRIMINAL MISCHIEF & RELATED OF_TAMPERING 1,CRIMINAL', 3111)
('DANGEROUS DRUGS_CONTROLLED SUBSTANCE, INTENT T', 3604)
('DANGEROUS DRUGS_CONTROLLED SUBSTANCE, POSSESSI', 3141)
('DANGEROUS DRUGS_CONTROLLED SUBSTANCE, SALE 4', 404)
('DANGEROUS DRUGS_CONTROLLED SUBSTANCE, SALE 5', 5585)
('DANGEROUS DRUGS_CONTROLLED SUBSTANCE,INTENT TO', 20588)
('DANGEROUS DRUGS_CONTROLLED SUBSTANCE,POSSESS.', 16587)
('DANGEROUS DRUGS_CONTROLLED SUBSTANCE,POSSESS.-', 247)
('DANGEROUS DRUGS_CONTROLLED SUBSTANCE,SALE 1', 2358)
('DANGEROUS DRUGS_CONTROLLED SUBSTANCE,SALE 2', 806)
('DANGEROUS DRUGS_CONTROLLED SUBSTANCE,SALE 3', 4788)
('DANGEROUS DRUGS_DRUG PARAPHERNALIA,   POSSESSE', 149)
('DANGEROUS DRUGS_DRUG, INJECTION OF', 24)
('DANGEROUS DRUGS_MARIJUANA, POSSESSION 1, 2 & 3', 2970)
('DANGEROUS DRUGS_MARIJUANA, SALE 1, 2 & 3', 946)
('DANGEROUS DRUGS_SALE SCHOOL GROUNDS', 2)
('DANGEROUS DRUGS_SALE SCHOOL GROUNDS 4', 434)
('DANGEROUS DRUGS_SALES OF PRESCRIPTION', 45)
('DANGEROUS DRUGS_USE CHILD TO COMMIT CONT SUB OFF', 1)
('DANGEROUS WEAPONS_CRIMINAL DISPOSAL FIREARM 1 &', 491)
('DANGEROUS WEAPONS_WEAPONS POSSESSION 1 & 2', 9024)
('DANGEROUS WEAPONS_WEAPONS POSSESSION 3', 41045)
('DANGEROUS WEAPONS_WEAPONS,PROHIBITED USE', 3)
('ENDAN WELFARE INCOMP_INCOMPETENT PERSON,KNOWINGLY ENDANGERING', 22)
('FELONY ASSAULT_ASSAULT 2,1,PEACE OFFICER', 18376)
('FELONY ASSAULT_ASSAULT 2,1,UNCLASSIFIED', 154045)
('FELONY ASSAULT_STRANGULATION 1ST', 11648)
('FORGERY_FORGERY,DRIVERS LICENSE', 3480)
('FORGERY_FORGERY,ETC.,UNCLASSIFIED-FELO', 41503)
('FORGERY_FORGERY,M.V. REGISTRATION', 3747)
('FORGERY_FORGERY,PRESCRIPTION', 573)
('GAMBLING_GAMBLING 1,PROMOTING,BOOKMAKIN', 42)
('GAMBLING_GAMBLING 1,PROMOTING,POLICY', 80)
('GRAND LARCENY OF MOTOR VEHICLE_LARCENY, GRAND OF AUTO - ATTEM', 1184)
('GRAND LARCENY OF MOTOR VEHICLE_LARCENY, GRAND OF MOPED', 380)
('GRAND LARCENY OF MOTOR VEHICLE_LARCENY,GRAND OF AUTO', 91881)
('GRAND LARCENY OF MOTOR VEHICLE_LARCENY,GRAND OF MOTORCYCLE', 7520)
('GRAND LARCENY OF MOTOR VEHICLE_LARCENY,GRAND OF TRUCK', 1096)
('GRAND LARCENY_GRAND LARCENY-CHECK FROM MAILB', 260)
('GRAND LARCENY_LARCENY,GRAND BY ACQUIRING LOS', 7710)
('GRAND LARCENY_LARCENY,GRAND BY ACQUIRING LOST CREDIT CARD', 2341)
('GRAND LARCENY_LARCENY,GRAND BY BANK ACCT COMPROMISE-ATM TRANSACTION', 3070)
('GRAND LARCENY_LARCENY,GRAND BY BANK ACCT COMPROMISE-REPRODUCED CHECK', 15186)
('GRAND LARCENY_LARCENY,GRAND BY BANK ACCT COMPROMISE-TELLER', 455)
('GRAND LARCENY_LARCENY,GRAND BY BANK ACCT COMPROMISE-UNAUTHORIZED PURCHASE', 672)
('GRAND LARCENY_LARCENY,GRAND BY BANK ACCT COMPROMISE-UNCLASSIFIED', 1419)
('GRAND LARCENY_LARCENY,GRAND BY CREDIT CARD ACCT COMPROMISE-EXISTING ACCT', 4140)
('GRAND LARCENY_LARCENY,GRAND BY CREDIT CARD COMPROMISE-UNAUTHORIZE PURCHASE', 15)
('GRAND LARCENY_LARCENY,GRAND BY DISHONEST EMP', 6692)
('GRAND LARCENY_LARCENY,GRAND BY EXTORTION', 2105)
('GRAND LARCENY_LARCENY,GRAND BY FALSE PROMISE', 3363)
('GRAND LARCENY_LARCENY,GRAND BY FALSE PROMISE-IN PERSON CONTACT', 1348)
('GRAND LARCENY_LARCENY,GRAND BY FALSE PROMISE-NOT IN PERSON CONTACT', 2354)
('GRAND LARCENY_LARCENY,GRAND BY IDENTITY THEFT-UNCLASSIFIED', 704)
('GRAND LARCENY_LARCENY,GRAND BY OPEN BANK ACCT', 138)
('GRAND LARCENY_LARCENY,GRAND BY OPEN CREDIT CARD (NEW ACCT)', 3828)
('GRAND LARCENY_LARCENY,GRAND BY OPEN/COMPROMISE CELL PHONE ACCT', 3138)
('GRAND LARCENY_LARCENY,GRAND BY THEFT OF CREDIT CARD', 42891)
('GRAND LARCENY_LARCENY,GRAND FROM BOAT, UNATTENDED', 118)
('GRAND LARCENY_LARCENY,GRAND FROM BUILDING (NON-RESIDENCE) UNATTENDED', 121738)
('GRAND LARCENY_LARCENY,GRAND FROM COIN MACHIN', 51)
('GRAND LARCENY_LARCENY,GRAND FROM EATERY, UNATTENDED', 3088)
('GRAND LARCENY_LARCENY,GRAND FROM NIGHT CLUB, UNATTENDED', 2447)
('GRAND LARCENY_LARCENY,GRAND FROM OPEN AREAS, UNATTENDED', 26652)
('GRAND LARCENY_LARCENY,GRAND FROM PARKING MET', 4)
('GRAND LARCENY_LARCENY,GRAND FROM PERSON, BAG OPEN/DIP', 3752)
('GRAND LARCENY_LARCENY,GRAND FROM PERSON,LUSH WORKER(SLEEPING/UNCON VICTIM)', 1521)
('GRAND LARCENY_LARCENY,GRAND FROM PERSON,PERSONAL ELECTRONIC DEVICE(SNATCH)', 5369)
('GRAND LARCENY_LARCENY,GRAND FROM PERSON,PICK', 13510)
('GRAND LARCENY_LARCENY,GRAND FROM PERSON,PURS', 8547)
('GRAND LARCENY_LARCENY,GRAND FROM PERSON,UNCL', 49613)
('GRAND LARCENY_LARCENY,GRAND FROM PIER, UNATTENDED', 168)
('GRAND LARCENY_LARCENY,GRAND FROM RESIDENCE, UNATTENDED', 6332)
('GRAND LARCENY_LARCENY,GRAND FROM RETAIL STORE, UNATTENDED', 3022)
('GRAND LARCENY_LARCENY,GRAND FROM STORE-SHOPL', 12426)
('GRAND LARCENY_LARCENY,GRAND FROM TRUCK, UNATTENDED', 692)
('GRAND LARCENY_LARCENY,GRAND FROM VEHICLE/MOTORCYCLE', 48550)
('GRAND LARCENY_LARCENY,GRAND OF BICYCLE', 3137)
('GRAND LARCENY_LARCENY,GRAND OF BOAT', 58)
('GRAND LARCENY_LARCENY,GRAND OF VEHICULAR/MOTORCYCLE ACCESSORIES', 13499)
('GRAND LARCENY_LARCENY,GRAND PERSON,NECK CHAI', 3073)
('HOMICIDE-NEGLIGENT,UNCLASSIFIE_HOMICIDE,NEGLIGENT,UNCLASSIFIE', 33)
('HOMICIDE-NEGLIGENT-VEHICLE_HOMICIDE, NEGLIGENT, VEHICLE,', 78)
('HOMICIDE-NEGLIGENT-VEHICLE_HOMICIDE,NEGLIGENT,VEHICLE', 15)
('INTOXICATED/IMPAIRED DRIVING_INTOXICATED DRIVING,ALCOHOL', 48)
('KIDNAPPING & RELATED OFFENSES_CUSTODIAL INTERFERENCE 1', 806)
('KIDNAPPING & RELATED OFFENSES_IMPRISONMENT 1,UNLAWFUL', 1003)
('KIDNAPPING & RELATED OFFENSES_KIDNAPPING 1', 176)
('KIDNAPPING & RELATED OFFENSES_KIDNAPPING 2', 315)
('KIDNAPPING AND RELATED OFFENSES_LABOR TRAFFICKING', 2)
('KIDNAPPING_LURING A CHILD', 2)
('MISCELLANEOUS PENAL LAW_AGGRAVATED CRIMINAL CONTEMPT', 1176)
('MISCELLANEOUS PENAL LAW_AGGRAVATED HARASSMENT 1', 3843)
('MISCELLANEOUS PENAL LAW_ANARCHY,CRIMINAL', 1)
('MISCELLANEOUS PENAL LAW_BAIL JUMPING 1 & 2', 565)
('MISCELLANEOUS PENAL LAW_BIGAMY', 17)
('MISCELLANEOUS PENAL LAW_BRIBERY, POLICE OFFICER', 650)
('MISCELLANEOUS PENAL LAW_BRIBERY,FRAUD', 64)
('MISCELLANEOUS PENAL LAW_BRIBERY,PUBLIC ADMINISTRATION', 11522)
('MISCELLANEOUS PENAL LAW_COERCION 1', 1315)
('MISCELLANEOUS PENAL LAW_CONSPIRACY 2, 1', 99)
('MISCELLANEOUS PENAL LAW_CONSPIRACY 4, 3', 40)
('MISCELLANEOUS PENAL LAW_CRIMINAL CONTEMPT 1', 54032)
('MISCELLANEOUS PENAL LAW_EAVESDROPPING', 132)
('MISCELLANEOUS PENAL LAW_END WELFARE VULNERABLE ELDERLY PERSON', 51)
('MISCELLANEOUS PENAL LAW_ENTERPRISE CORRUPTION', 14)
('MISCELLANEOUS PENAL LAW_ESCAPE 2,1', 242)
('MISCELLANEOUS PENAL LAW_FACILITATION 3,2,1, CRIMINAL', 15)
('MISCELLANEOUS PENAL LAW_FALSE REPORT 1,FIRE', 729)
('MISCELLANEOUS PENAL LAW_FORGERY-ILLEGAL POSSESSION,VEH', 741)
('MISCELLANEOUS PENAL LAW_HEALTHCARE/RENT.REG.', 50)
('MISCELLANEOUS PENAL LAW_IMPERSONATION 1, POLICE OFFICE', 2256)
('MISCELLANEOUS PENAL LAW_MAKING TERRORISTIC THREAT', 495)
('MISCELLANEOUS PENAL LAW_MANUFACTURE UNAUTHORIZED RECOR', 1019)
('MISCELLANEOUS PENAL LAW_MENACING 1ST DEGREE (VICT NOT', 704)
('MISCELLANEOUS PENAL LAW_MENACING 1ST DEGREE (VICT PEAC', 786)
('MISCELLANEOUS PENAL LAW_NUISANCE, CRIMINAL', 43)
('MISCELLANEOUS PENAL LAW_PERJURY 2,1,ETC', 95)
('MISCELLANEOUS PENAL LAW_PLACE FALSE BOMB', 10)
('MISCELLANEOUS PENAL LAW_PROMOTING A SEXUAL PERFORMANCE', 204)
('MISCELLANEOUS PENAL LAW_PROMOTING SUICIDE ATTEMPT', 3)
('MISCELLANEOUS PENAL LAW_PUBLIC ADMINISTRATION,UNCLASSI', 3251)
('MISCELLANEOUS PENAL LAW_RECKLESS ENDANGERMENT 1', 17840)
('MISCELLANEOUS PENAL LAW_RIOT 1', 141)
('MISCELLANEOUS PENAL LAW_SOLICITATION 3,2,1, CRIMINAL', 22)
('MISCELLANEOUS PENAL LAW_SUPP. ACT TERR 2ND', 46)
('MISCELLANEOUS PENAL LAW_TAMPERING WITH A WITNESS', 197)
('MISCELLANEOUS PENAL LAW_TERRORISM PROVIDE SUPPORT', 6)
('MISCELLANEOUS PENAL LAW_TRESPASS 1,CRIMINAL', 2445)
('MISCELLANEOUS PENAL LAW_UNAUTHORIZED USE VEHICLE 2', 5368)
('MISCELLANEOUS PENAL LAW_USE OF A CHILD IN A SEXUAL PER', 15)
('MISCELLANEOUS PENAL LAW_USURY,CRIMINAL', 4)
('MISCELLANEOUS PENAL LAW_VEHICULAR ASSAULT (INTOX DRIVE', 220)
('MURDER & NON-NEGL. MANSLAUGHTER_', 4574)
('NYS LAWS-UNCLASSIFIED FELONY_BREED/TRAIN/HOST ANIMAL FIGHTING', 3)
('NYS LAWS-UNCLASSIFIED FELONY_CAUSE SPI/KILL ANIMAL', 27)
('NYS LAWS-UNCLASSIFIED FELONY_NY STATE LAWS,UNCLASSIFIED FEL', 3725)
('POSSESSION OF STOLEN PROPERTY_STOLEN PROPERTY 2,1,POSSESSION', 7046)
('POSSESSION OF STOLEN PROPERTY_STOLEN PROPERTY 2,POSSESSION B', 247)
('POSSESSION OF STOLEN PROPERTY_STOLEN PROPERTY-MOTOR VEH 2ND,', 1819)
('PROSTITUTION & RELATED OFFENSES_PROSTITUTION 1, UNDER 11', 3)
('PROSTITUTION & RELATED OFFENSES_PROSTITUTION 2, COMPULSORY', 30)
('PROSTITUTION & RELATED OFFENSES_PROSTITUTION 2, UNDER 16', 15)
('PROSTITUTION & RELATED OFFENSES_PROSTITUTION 3, PROMOTING UNDE', 16)
('PROSTITUTION & RELATED OFFENSES_PROSTITUTION 3,PROMOTING BUSIN', 29)
('PROSTITUTION & RELATED OFFENSES_PROSTITUTION, PATRONIZING 2, 1', 6)
('PROSTITUTION & RELATED OFFENSES_SEX TRAFFICKING', 23)
('RAPE_RAPE 1', 8939)
('RAPE_RAPE 1,ATTEMPT', 1426)
('RAPE_RAPE 2', 1605)
('RAPE_RAPE 3', 1821)
('ROBBERY_ROBBERY, CHAIN STORE', 2930)
('ROBBERY_ROBBERY, PAYROLL', 164)
('ROBBERY_ROBBERY,ATM LOCATION', 396)
('ROBBERY_ROBBERY,BANK', 3104)
('ROBBERY_ROBBERY,BAR/RESTAURANT', 333)
('ROBBERY_ROBBERY,BEGIN AS SHOPLIFTING', 3)
('ROBBERY_ROBBERY,BICYCLE', 1455)
('ROBBERY_ROBBERY,BODEGA/CONVENIENCE STORE', 2189)
('ROBBERY_ROBBERY,CAR JACKING', 1797)
('ROBBERY_ROBBERY,CHECK CASHING BUSINESS', 231)
('ROBBERY_ROBBERY,CLOTHING', 2)
('ROBBERY_ROBBERY,COMMERCIAL UNCLASSIFIED', 11747)
('ROBBERY_ROBBERY,DOCTOR/DENTIST OFFICE', 55)
('ROBBERY_ROBBERY,DWELLING', 6367)
('ROBBERY_ROBBERY,GAS STATION', 807)
('ROBBERY_ROBBERY,HIJACKING', 28)
('ROBBERY_ROBBERY,HOME INVASION', 2693)
('ROBBERY_ROBBERY,LICENSED FOR HIRE VEHICLE', 10)
('ROBBERY_ROBBERY,LICENSED MEDALLION CAB', 1554)
('ROBBERY_ROBBERY,LIQUOR STORE', 195)
('ROBBERY_ROBBERY,NECKCHAIN/JEWELRY', 5121)
('ROBBERY_ROBBERY,OF TRUCK DRIVER', 185)
('ROBBERY_ROBBERY,ON BUS/ OR BUS DRIVER', 597)
('ROBBERY_ROBBERY,OPEN AREA UNCLASSIFIED', 99644)
('ROBBERY_ROBBERY,PERSONAL ELECTRONIC DEVICE', 21717)
('ROBBERY_ROBBERY,PHARMACY', 998)
('ROBBERY_ROBBERY,POCKETBOOK/CARRIED BAG', 8410)
('ROBBERY_ROBBERY,PUBLIC PLACE INSIDE', 6745)
('ROBBERY_ROBBERY,RESIDENTIAL COMMON AREA', 17410)
('ROBBERY_ROBBERY,UNLICENSED FOR HIRE VEHICLE', 1885)
('SEX CRIMES_AGGRAVATED SEXUAL ASBUSE', 4243)
('SEX CRIMES_COURSE OF SEXUAL CONDUCT AGAIN', 288)
('SEX CRIMES_FAC. SEXUAL OFFENSE W/CONTROLL', 2)
('SEX CRIMES_INCEST', 9)
('SEX CRIMES_OBSCENE MATERIAL - UNDER 17 YE', 675)
('SEX CRIMES_OBSCENITY 1', 91)
('SEX CRIMES_SEX CRIMES', 134)
('SEX CRIMES_SEXUAL ABUSE', 1459)
('SEX CRIMES_SODOMY 1', 3430)
('SEX CRIMES_SODOMY 2', 220)
('SEX CRIMES_SODOMY 3', 302)
('THEFT-FRAUD_COMPUTER TAMPER/TRESSPASS', 384)
('THEFT-FRAUD_FRAUD,UNCLASSIFIED-FELONY', 54562)
('THEFT-FRAUD_MONEY LAUNDERING 1 & 2', 31)
('THEFT-FRAUD_THEFT,RELATED OFFENSES,UNCLASS', 1785)
('_ARSON 2,3,4', 1)
('_ASSAULT 2,1,UNCLASSIFIED', 1)
('_CONTROLLED SUBSTANCE, INTENT T', 1)
('_CONTROLLED SUBSTANCE, POSSESSI', 1)
('_FRAUD,UNCLASSIFIED-FELONY', 1)
('_LARCENY,GRAND BY THEFT OF CREDIT CARD', 1)
('_LARCENY,GRAND FROM BUILDING (NON-RESIDENCE) UNATTENDED', 1)
('_LARCENY,GRAND FROM PERSON,UNCL', 2)
('_LARCENY,GRAND OF AUTO', 2)
('_LURING A CHILD', 10)
('_NY STATE LAWS,UNCLASSIFIED FEL', 8)
('_OBSCENITY 1', 51)
('_PUBLIC ADMINISTRATION,UNCLASSI', 52)
('_RAPE 1', 1)
('_RECKLESS ENDANGERMENT 1', 2)
('_ROBBERY,OPEN AREA UNCLASSIFIED', 1)
('_SEX CRIMES', 1)
('_SEXUAL ABUSE', 8)
('_TAX LAW', 396)
('_THEFT,RELATED OFFENSES,UNCLASS', 1)
('_TRESPASS 1,CRIMINAL', 1)
('_WEAPONS POSSESSION 3', 1)
