('2006_', 86)
('2006_ARSON', 1675)
('2006_BURGLARY', 23138)
('2006_CHILD ABANDONMENT/NON SUPPORT', 45)
('2006_CRIMINAL MISCHIEF & RELATED OF', 7585)
('2006_DANGEROUS DRUGS', 8163)
('2006_DANGEROUS WEAPONS', 4316)
('2006_FELONY ASSAULT', 17311)
('2006_FORGERY', 6781)
('2006_GAMBLING', 29)
('2006_GRAND LARCENY', 46610)
('2006_GRAND LARCENY OF MOTOR VEHICLE', 15736)
('2006_HOMICIDE-NEGLIGENT,UNCLASSIFIE', 3)
('2006_HOMICIDE-NEGLIGENT-VEHICLE', 5)
('2006_INTOXICATED/IMPAIRED DRIVING', 2)
('2006_KIDNAPPING & RELATED OFFENSES', 312)
('2006_MISCELLANEOUS PENAL LAW', 9481)
('2006_MURDER & NON-NEGL. MANSLAUGHTER', 596)
('2006_NYS LAWS-UNCLASSIFIED FELONY', 341)
('2006_POSSESSION OF STOLEN PROPERTY', 1176)
('2006_PROSTITUTION & RELATED OFFENSES', 14)
('2006_RAPE', 1526)
('2006_ROBBERY', 23743)
('2006_SEX CRIMES', 1080)
('2006_THEFT-FRAUD', 5790)
('2007_', 79)
('2007_ABORTION', 2)
('2007_ARSON', 1589)
('2007_BURGLARY', 21763)
('2007_CHILD ABANDONMENT/NON SUPPORT', 62)
('2007_CRIMINAL MISCHIEF & RELATED OF', 7089)
('2007_DANGEROUS DRUGS', 8929)
('2007_DANGEROUS WEAPONS', 5003)
('2007_FELONY ASSAULT', 17488)
('2007_FORGERY', 6021)
('2007_GAMBLING', 30)
('2007_GRAND LARCENY', 44938)
('2007_GRAND LARCENY OF MOTOR VEHICLE', 13176)
('2007_HOMICIDE-NEGLIGENT,UNCLASSIFIE', 4)
('2007_HOMICIDE-NEGLIGENT-VEHICLE', 5)
('2007_KIDNAPPING & RELATED OFFENSES', 301)
('2007_MISCELLANEOUS PENAL LAW', 9854)
('2007_MURDER & NON-NEGL. MANSLAUGHTER', 496)
('2007_NYS LAWS-UNCLASSIFIED FELONY', 391)
('2007_POSSESSION OF STOLEN PROPERTY', 1072)
('2007_PROSTITUTION & RELATED OFFENSES', 13)
('2007_RAPE', 1350)
('2007_ROBBERY', 21799)
('2007_SEX CRIMES', 1023)
('2007_THEFT-FRAUD', 6055)
('2008_', 40)
('2008_ARSON', 1817)
('2008_BURGLARY', 20727)
('2008_CHILD ABANDONMENT/NON SUPPORT', 42)
('2008_CRIMINAL MISCHIEF & RELATED OF', 7004)
('2008_DANGEROUS DRUGS', 7695)
('2008_DANGEROUS WEAPONS', 5260)
('2008_FELONY ASSAULT', 16278)
('2008_FORGERY', 5087)
('2008_GAMBLING', 15)
('2008_GRAND LARCENY', 44216)
('2008_GRAND LARCENY OF MOTOR VEHICLE', 12472)
('2008_HOMICIDE-NEGLIGENT,UNCLASSIFIE', 2)
('2008_HOMICIDE-NEGLIGENT-VEHICLE', 11)
('2008_INTOXICATED/IMPAIRED DRIVING', 2)
('2008_KIDNAPPING & RELATED OFFENSES', 297)
('2008_MISCELLANEOUS PENAL LAW', 10377)
('2008_MURDER & NON-NEGL. MANSLAUGHTER', 523)
('2008_NYS LAWS-UNCLASSIFIED FELONY', 400)
('2008_POSSESSION OF STOLEN PROPERTY', 1019)
('2008_PROSTITUTION & RELATED OFFENSES', 23)
('2008_RAPE', 1298)
('2008_ROBBERY', 22404)
('2008_SEX CRIMES', 895)
('2008_THEFT-FRAUD', 7121)
('2009_', 21)
('2009_ARSON', 1492)
('2009_BURGLARY', 19446)
('2009_CHILD ABANDONMENT/NON SUPPORT', 24)
('2009_CRIMINAL MISCHIEF & RELATED OF', 6393)
('2009_DANGEROUS DRUGS', 7023)
('2009_DANGEROUS WEAPONS', 5952)
('2009_FELONY ASSAULT', 16773)
('2009_FORGERY', 4739)
('2009_GAMBLING', 9)
('2009_GRAND LARCENY', 39628)
('2009_GRAND LARCENY OF MOTOR VEHICLE', 10661)
('2009_HOMICIDE-NEGLIGENT,UNCLASSIFIE', 1)
('2009_HOMICIDE-NEGLIGENT-VEHICLE', 20)
('2009_INTOXICATED/IMPAIRED DRIVING', 4)
('2009_KIDNAPPING & RELATED OFFENSES', 261)
('2009_MISCELLANEOUS PENAL LAW', 10770)
('2009_MURDER & NON-NEGL. MANSLAUGHTER', 471)
('2009_NYS LAWS-UNCLASSIFIED FELONY', 433)
('2009_POSSESSION OF STOLEN PROPERTY', 820)
('2009_PROSTITUTION & RELATED OFFENSES', 10)
('2009_RAPE', 1206)
('2009_ROBBERY', 18613)
('2009_SEX CRIMES', 911)
('2009_THEFT-FRAUD', 5486)
('2010_', 39)
('2010_ARSON', 1485)
('2010_BURGLARY', 18699)
('2010_CHILD ABANDONMENT/NON SUPPORT', 33)
('2010_CRIMINAL MISCHIEF & RELATED OF', 6011)
('2010_DANGEROUS DRUGS', 6012)
('2010_DANGEROUS WEAPONS', 5411)
('2010_FELONY ASSAULT', 17064)
('2010_FORGERY', 4769)
('2010_GAMBLING', 11)
('2010_GRAND LARCENY', 38117)
('2010_GRAND LARCENY OF MOTOR VEHICLE', 10301)
('2010_HOMICIDE-NEGLIGENT,UNCLASSIFIE', 3)
('2010_HOMICIDE-NEGLIGENT-VEHICLE', 12)
('2010_INTOXICATED/IMPAIRED DRIVING', 8)
('2010_KIDNAPPING & RELATED OFFENSES', 243)
('2010_MISCELLANEOUS PENAL LAW', 10490)
('2010_MURDER & NON-NEGL. MANSLAUGHTER', 535)
('2010_NYS LAWS-UNCLASSIFIED FELONY', 364)
('2010_POSSESSION OF STOLEN PROPERTY', 854)
('2010_PROSTITUTION & RELATED OFFENSES', 12)
('2010_RAPE', 1365)
('2010_ROBBERY', 19547)
('2010_SEX CRIMES', 1055)
('2010_THEFT-FRAUD', 5173)
('2011_', 67)
('2011_ARSON', 1247)
('2011_BURGLARY', 18833)
('2011_CHILD ABANDONMENT/NON SUPPORT', 40)
('2011_CRIMINAL MISCHIEF & RELATED OF', 6371)
('2011_DANGEROUS DRUGS', 5618)
('2011_FELONY ASSAULT', 18607)
('2011_FORGERY', 3994)
('2011_GAMBLING', 4)
('2011_GRAND LARCENY', 38815)
('2011_GRAND LARCENY OF MOTOR VEHICLE', 9292)
('2011_HOMICIDE-NEGLIGENT,UNCLASSIFIE', 2)
('2011_HOMICIDE-NEGLIGENT-VEHICLE', 11)
('2011_INTOXICATED/IMPAIRED DRIVING', 5)
('2011_KIDNAPPING & RELATED OFFENSES', 201)
('2011_MISCELLANEOUS PENAL LAW', 10572)
('2011_MURDER & NON-NEGL. MANSLAUGHTER', 514)
('2011_NYS LAWS-UNCLASSIFIED FELONY', 294)
('2011_POSSESSION OF STOLEN PROPERTY', 819)
('2011_PROSTITUTION & RELATED OFFENSES', 15)
('2011_RAPE', 1410)
('2011_ROBBERY', 19765)
('2011_SEX CRIMES', 1034)
('2011_THEFT-FRAUD', 5744)
('2012_', 62)
('2012_ARSON', 1243)
('2012_BURGLARY', 19262)
('2012_CHILD ABANDONMENT/NON SUPPORT', 26)
('2012_CRIMINAL MISCHIEF & RELATED OF', 6742)
('2012_DANGEROUS DRUGS', 5304)
('2012_DANGEROUS WEAPONS', 4977)
('2012_FELONY ASSAULT', 19506)
('2012_FORGERY', 3811)
('2012_GAMBLING', 9)
('2012_GRAND LARCENY', 42853)
('2012_GRAND LARCENY OF MOTOR VEHICLE', 8067)
('2012_HOMICIDE-NEGLIGENT,UNCLASSIFIE', 5)
('2012_HOMICIDE-NEGLIGENT-VEHICLE', 12)
('2012_INTOXICATED/IMPAIRED DRIVING', 5)
('2012_KIDNAPPING & RELATED OFFENSES', 203)
('2012_MISCELLANEOUS PENAL LAW', 11142)
('2012_MURDER & NON-NEGL. MANSLAUGHTER', 419)
('2012_NYS LAWS-UNCLASSIFIED FELONY', 304)
('2012_POSSESSION OF STOLEN PROPERTY', 708)
('2012_PROSTITUTION & RELATED OFFENSES', 5)
('2012_RAPE', 1457)
('2012_ROBBERY', 20192)
('2012_SEX CRIMES', 1374)
('2012_THEFT-FRAUD', 6376)
('2013_', 53)
('2013_ARSON', 1203)
('2013_BURGLARY', 17509)
('2013_CHILD ABANDONMENT/NON SUPPORT', 38)
('2013_CRIMINAL MISCHIEF & RELATED OF', 7473)
('2013_DANGEROUS DRUGS', 4982)
('2013_DANGEROUS WEAPONS', 5153)
('2013_FELONY ASSAULT', 20387)
('2013_FORGERY', 4165)
('2013_GAMBLING', 8)
('2013_GRAND LARCENY', 45606)
('2013_GRAND LARCENY OF MOTOR VEHICLE', 7377)
('2013_HOMICIDE-NEGLIGENT,UNCLASSIFIE', 6)
('2013_HOMICIDE-NEGLIGENT-VEHICLE', 11)
('2013_INTOXICATED/IMPAIRED DRIVING', 5)
('2013_KIDNAPPING & RELATED OFFENSES', 176)
('2013_MISCELLANEOUS PENAL LAW', 12209)
('2013_MURDER & NON-NEGL. MANSLAUGHTER', 335)
('2013_NYS LAWS-UNCLASSIFIED FELONY', 315)
('2013_POSSESSION OF STOLEN PROPERTY', 681)
('2013_PROSTITUTION & RELATED OFFENSES', 9)
('2013_RAPE', 1378)
('2013_ROBBERY', 19172)
('2013_SEX CRIMES', 1176)
('2013_THEFT-FRAUD', 5233)
('2014_', 49)
('2014_ARSON', 1191)
('2014_BURGLARY', 16846)
('2014_CHILD ABANDONMENT/NON SUPPORT', 24)
('2014_CRIMINAL MISCHIEF & RELATED OF', 8469)
('2014_DANGEROUS DRUGS', 4483)
('2014_DANGEROUS WEAPONS', 4602)
('2014_ENDAN WELFARE INCOMP', 10)
('2014_FELONY ASSAULT', 20281)
('2014_FORGERY', 4713)
('2014_GAMBLING', 3)
('2014_GRAND LARCENY', 44185)
('2014_GRAND LARCENY OF MOTOR VEHICLE', 7650)
('2014_HOMICIDE-NEGLIGENT,UNCLASSIFIE', 7)
('2014_HOMICIDE-NEGLIGENT-VEHICLE', 3)
('2014_INTOXICATED/IMPAIRED DRIVING', 12)
('2014_KIDNAPPING', 1)
('2014_KIDNAPPING & RELATED OFFENSES', 166)
('2014_MISCELLANEOUS PENAL LAW', 12896)
('2014_MURDER & NON-NEGL. MANSLAUGHTER', 333)
('2014_NYS LAWS-UNCLASSIFIED FELONY', 422)
('2014_POSSESSION OF STOLEN PROPERTY', 1064)
('2014_PROSTITUTION & RELATED OFFENSES', 11)
('2014_RAPE', 1357)
('2014_ROBBERY', 16568)
('2014_SEX CRIMES', 1156)
('2014_THEFT-FRAUD', 4707)
('2015_', 48)
('2015_ABORTION', 2)
('2015_ARSON', 1042)
('2015_BURGLARY', 15183)
('2015_CHILD ABANDONMENT/NON SUPPORT', 33)
('2015_CRIMINAL MISCHIEF & RELATED OF', 9279)
('2015_DANGEROUS DRUGS', 4470)
('2015_DANGEROUS WEAPONS', 4850)
('2015_ENDAN WELFARE INCOMP', 12)
('2015_FELONY ASSAULT', 20374)
('2015_FORGERY', 5223)
('2015_GAMBLING', 4)
('2015_GRAND LARCENY', 44228)
('2015_GRAND LARCENY OF MOTOR VEHICLE', 7329)
('2015_HOMICIDE-NEGLIGENT-VEHICLE', 3)
('2015_INTOXICATED/IMPAIRED DRIVING', 5)
('2015_KIDNAPPING', 1)
('2015_KIDNAPPING & RELATED OFFENSES', 140)
('2015_KIDNAPPING AND RELATED OFFENSES', 2)
('2015_MISCELLANEOUS PENAL LAW', 12677)
('2015_MURDER & NON-NEGL. MANSLAUGHTER', 352)
('2015_NYS LAWS-UNCLASSIFIED FELONY', 491)
('2015_POSSESSION OF STOLEN PROPERTY', 899)
('2015_PROSTITUTION & RELATED OFFENSES', 10)
('2015_RAPE', 1444)
('2015_ROBBERY', 16969)
('2015_SEX CRIMES', 1149)
('2015_THEFT-FRAUD', 5077)

