('fall_2006', 45349)
('fall_2007', 43554)
('fall_2008', 41884)
('fall_2009', 38819)
('fall_2010', 38540)
('fall_2011', 38393)
('fall_2012', 38194)
('fall_2013', 39977)
('fall_2014', 38082)
('fall_2015', 39537)
('spring_2006', 43290)
('spring_2007', 41692)
('spring_2008', 40622)
('spring_2009', 37246)
('spring_2010', 36486)
('spring_2011', 37041)
('spring_2012', 38808)
('spring_2013', 37935)
('spring_2014', 37898)
('spring_2015', 37191)
('summer_2006', 47091)
('summer_2007', 45446)
('summer_2008', 44297)
('summer_2009', 40715)
('summer_2010', 39950)
('summer_2011', 40184)
('summer_2012', 42027)
('summer_2013', 42560)
('summer_2014', 41408)
('summer_2015', 42174)
('winter_2006', 39814)
('winter_2007', 37840)
('winter_2008', 38222)
('winter_2009', 34387)
('winter_2010', 32637)
('winter_2011', 32695)
('winter_2012', 35035)
('winter_2013', 34188)
('winter_2014', 33821)
('winter_2015', 32394)
