('2006_ARSON_BRONX', 469)
('2006_ARSON_BROOKLYN', 588)
('2006_ARSON_MANHATTAN', 207)
('2006_ARSON_QUEENS', 290)
('2006_ARSON_STATEN ISLAND', 121)
('2006_BURGLARY_', 31)
('2006_BURGLARY_BRONX', 3929)
('2006_BURGLARY_BROOKLYN', 7678)
('2006_BURGLARY_MANHATTAN', 4937)
('2006_BURGLARY_QUEENS', 5872)
('2006_BURGLARY_STATEN ISLAND', 691)
('2006_CHILD ABANDONMENT/NON SUPPORT_BRONX', 13)
('2006_CHILD ABANDONMENT/NON SUPPORT_BROOKLYN', 14)
('2006_CHILD ABANDONMENT/NON SUPPORT_MANHATTAN', 13)
('2006_CHILD ABANDONMENT/NON SUPPORT_QUEENS', 5)
('2006_CRIMINAL MISCHIEF & RELATED OF_BRONX', 1044)
('2006_CRIMINAL MISCHIEF & RELATED OF_BROOKLYN', 2258)
('2006_CRIMINAL MISCHIEF & RELATED OF_MANHATTAN', 1520)
('2006_CRIMINAL MISCHIEF & RELATED OF_QUEENS', 2118)
('2006_CRIMINAL MISCHIEF & RELATED OF_STATEN ISLAND', 645)
('2006_DANGEROUS DRUGS_', 1)
('2006_DANGEROUS DRUGS_BRONX', 2679)
('2006_DANGEROUS DRUGS_BROOKLYN', 1963)
('2006_DANGEROUS DRUGS_MANHATTAN', 2058)
('2006_DANGEROUS DRUGS_QUEENS', 1101)
('2006_DANGEROUS DRUGS_STATEN ISLAND', 361)
('2006_DANGEROUS WEAPONS_BRONX', 1012)
('2006_DANGEROUS WEAPONS_BROOKLYN', 1412)
('2006_DANGEROUS WEAPONS_MANHATTAN', 956)
('2006_DANGEROUS WEAPONS_QUEENS', 810)
('2006_DANGEROUS WEAPONS_STATEN ISLAND', 126)
('2006_FELONY ASSAULT_', 27)
('2006_FELONY ASSAULT_BRONX', 4398)
('2006_FELONY ASSAULT_BROOKLYN', 6046)
('2006_FELONY ASSAULT_MANHATTAN', 3390)
('2006_FELONY ASSAULT_QUEENS', 3031)
('2006_FELONY ASSAULT_STATEN ISLAND', 419)
('2006_FORGERY_BRONX', 941)
('2006_FORGERY_BROOKLYN', 1686)
('2006_FORGERY_MANHATTAN', 2514)
('2006_FORGERY_QUEENS', 1458)
('2006_FORGERY_STATEN ISLAND', 182)
('2006_GAMBLING_BRONX', 12)
('2006_GAMBLING_BROOKLYN', 7)
('2006_GAMBLING_MANHATTAN', 5)
('2006_GAMBLING_QUEENS', 5)
('2006_GRAND LARCENY OF MOTOR VEHICLE_', 126)
('2006_GRAND LARCENY OF MOTOR VEHICLE_BRONX', 3373)
('2006_GRAND LARCENY OF MOTOR VEHICLE_BROOKLYN', 5064)
('2006_GRAND LARCENY OF MOTOR VEHICLE_MANHATTAN', 1678)
('2006_GRAND LARCENY OF MOTOR VEHICLE_QUEENS', 4872)
('2006_GRAND LARCENY OF MOTOR VEHICLE_STATEN ISLAND', 623)
('2006_GRAND LARCENY_', 55)
('2006_GRAND LARCENY_BRONX', 5300)
('2006_GRAND LARCENY_BROOKLYN', 11926)
('2006_GRAND LARCENY_MANHATTAN', 19180)
('2006_GRAND LARCENY_QUEENS', 9019)
('2006_GRAND LARCENY_STATEN ISLAND', 1130)
('2006_HOMICIDE-NEGLIGENT,UNCLASSIFIE_BRONX', 1)
('2006_HOMICIDE-NEGLIGENT,UNCLASSIFIE_MANHATTAN', 2)
('2006_HOMICIDE-NEGLIGENT-VEHICLE_BRONX', 1)
('2006_HOMICIDE-NEGLIGENT-VEHICLE_BROOKLYN', 2)
('2006_HOMICIDE-NEGLIGENT-VEHICLE_MANHATTAN', 1)
('2006_HOMICIDE-NEGLIGENT-VEHICLE_QUEENS', 1)
('2006_INTOXICATED/IMPAIRED DRIVING_BRONX', 2)
('2006_KIDNAPPING & RELATED OFFENSES_', 1)
('2006_KIDNAPPING & RELATED OFFENSES_BRONX', 88)
('2006_KIDNAPPING & RELATED OFFENSES_BROOKLYN', 94)
('2006_KIDNAPPING & RELATED OFFENSES_MANHATTAN', 54)
('2006_KIDNAPPING & RELATED OFFENSES_QUEENS', 66)
('2006_KIDNAPPING & RELATED OFFENSES_STATEN ISLAND', 9)
('2006_MISCELLANEOUS PENAL LAW_', 10)
('2006_MISCELLANEOUS PENAL LAW_BRONX', 1734)
('2006_MISCELLANEOUS PENAL LAW_BROOKLYN', 3560)
('2006_MISCELLANEOUS PENAL LAW_MANHATTAN', 1921)
('2006_MISCELLANEOUS PENAL LAW_QUEENS', 1915)
('2006_MISCELLANEOUS PENAL LAW_STATEN ISLAND', 341)
('2006_MURDER & NON-NEGL. MANSLAUGHTER_', 1)
('2006_MURDER & NON-NEGL. MANSLAUGHTER_BRONX', 155)
('2006_MURDER & NON-NEGL. MANSLAUGHTER_BROOKLYN', 225)
('2006_MURDER & NON-NEGL. MANSLAUGHTER_MANHATTAN', 110)
('2006_MURDER & NON-NEGL. MANSLAUGHTER_QUEENS', 85)
('2006_MURDER & NON-NEGL. MANSLAUGHTER_STATEN ISLAND', 20)
('2006_NYS LAWS-UNCLASSIFIED FELONY_BRONX', 114)
('2006_NYS LAWS-UNCLASSIFIED FELONY_BROOKLYN', 102)
('2006_NYS LAWS-UNCLASSIFIED FELONY_MANHATTAN', 72)
('2006_NYS LAWS-UNCLASSIFIED FELONY_QUEENS', 36)
('2006_NYS LAWS-UNCLASSIFIED FELONY_STATEN ISLAND', 17)
('2006_POSSESSION OF STOLEN PROPERTY_', 1)
('2006_POSSESSION OF STOLEN PROPERTY_BRONX', 208)
('2006_POSSESSION OF STOLEN PROPERTY_BROOKLYN', 336)
('2006_POSSESSION OF STOLEN PROPERTY_MANHATTAN', 381)
('2006_POSSESSION OF STOLEN PROPERTY_QUEENS', 212)
('2006_POSSESSION OF STOLEN PROPERTY_STATEN ISLAND', 38)
('2006_PROSTITUTION & RELATED OFFENSES_BRONX', 3)
('2006_PROSTITUTION & RELATED OFFENSES_BROOKLYN', 3)
('2006_PROSTITUTION & RELATED OFFENSES_MANHATTAN', 2)
('2006_PROSTITUTION & RELATED OFFENSES_QUEENS', 6)
('2006_RAPE_', 4)
('2006_RAPE_BRONX', 337)
('2006_RAPE_BROOKLYN', 432)
('2006_RAPE_MANHATTAN', 287)
('2006_RAPE_QUEENS', 413)
('2006_RAPE_STATEN ISLAND', 53)
('2006_ROBBERY_', 18)
('2006_ROBBERY_BRONX', 4925)
('2006_ROBBERY_BROOKLYN', 8256)
('2006_ROBBERY_MANHATTAN', 5128)
('2006_ROBBERY_QUEENS', 4961)
('2006_ROBBERY_STATEN ISLAND', 455)
('2006_SEX CRIMES_', 4)
('2006_SEX CRIMES_BRONX', 206)
('2006_SEX CRIMES_BROOKLYN', 379)
('2006_SEX CRIMES_MANHATTAN', 237)
('2006_SEX CRIMES_QUEENS', 208)
('2006_SEX CRIMES_STATEN ISLAND', 46)
('2006_THEFT-FRAUD_', 5)
('2006_THEFT-FRAUD_BRONX', 860)
('2006_THEFT-FRAUD_BROOKLYN', 1717)
('2006_THEFT-FRAUD_MANHATTAN', 1732)
('2006_THEFT-FRAUD_QUEENS', 1101)
('2006_THEFT-FRAUD_STATEN ISLAND', 375)
('2006__BRONX', 31)
('2006__BROOKLYN', 22)
('2006__MANHATTAN', 14)
('2006__QUEENS', 16)
('2006__STATEN ISLAND', 3)
('2007_ABORTION_QUEENS', 1)
('2007_ABORTION_STATEN ISLAND', 1)
('2007_ARSON_BRONX', 412)
('2007_ARSON_BROOKLYN', 592)
('2007_ARSON_MANHATTAN', 212)
('2007_ARSON_QUEENS', 291)
('2007_ARSON_STATEN ISLAND', 82)
('2007_BURGLARY_BRONX', 3893)
('2007_BURGLARY_BROOKLYN', 7152)
('2007_BURGLARY_MANHATTAN', 4086)
('2007_BURGLARY_QUEENS', 5823)
('2007_BURGLARY_STATEN ISLAND', 809)
('2007_CHILD ABANDONMENT/NON SUPPORT_BRONX', 23)
('2007_CHILD ABANDONMENT/NON SUPPORT_BROOKLYN', 19)
('2007_CHILD ABANDONMENT/NON SUPPORT_MANHATTAN', 7)
('2007_CHILD ABANDONMENT/NON SUPPORT_QUEENS', 7)
('2007_CHILD ABANDONMENT/NON SUPPORT_STATEN ISLAND', 6)
('2007_CRIMINAL MISCHIEF & RELATED OF_BRONX', 841)
('2007_CRIMINAL MISCHIEF & RELATED OF_BROOKLYN', 2415)
('2007_CRIMINAL MISCHIEF & RELATED OF_MANHATTAN', 1265)
('2007_CRIMINAL MISCHIEF & RELATED OF_QUEENS', 2039)
('2007_CRIMINAL MISCHIEF & RELATED OF_STATEN ISLAND', 529)
('2007_DANGEROUS DRUGS_BRONX', 3136)
('2007_DANGEROUS DRUGS_BROOKLYN', 2084)
('2007_DANGEROUS DRUGS_MANHATTAN', 2323)
('2007_DANGEROUS DRUGS_QUEENS', 988)
('2007_DANGEROUS DRUGS_STATEN ISLAND', 398)
('2007_DANGEROUS WEAPONS_BRONX', 1104)
('2007_DANGEROUS WEAPONS_BROOKLYN', 1702)
('2007_DANGEROUS WEAPONS_MANHATTAN', 1242)
('2007_DANGEROUS WEAPONS_QUEENS', 835)
('2007_DANGEROUS WEAPONS_STATEN ISLAND', 120)
('2007_FELONY ASSAULT_BRONX', 4411)
('2007_FELONY ASSAULT_BROOKLYN', 6078)
('2007_FELONY ASSAULT_MANHATTAN', 3398)
('2007_FELONY ASSAULT_QUEENS', 3141)
('2007_FELONY ASSAULT_STATEN ISLAND', 460)
('2007_FORGERY_BRONX', 987)
('2007_FORGERY_BROOKLYN', 1526)
('2007_FORGERY_MANHATTAN', 2067)
('2007_FORGERY_QUEENS', 1258)
('2007_FORGERY_STATEN ISLAND', 183)
('2007_GAMBLING_BRONX', 12)
('2007_GAMBLING_BROOKLYN', 7)
('2007_GAMBLING_MANHATTAN', 8)
('2007_GAMBLING_QUEENS', 3)
('2007_GRAND LARCENY OF MOTOR VEHICLE_BRONX', 3001)
('2007_GRAND LARCENY OF MOTOR VEHICLE_BROOKLYN', 4235)
('2007_GRAND LARCENY OF MOTOR VEHICLE_MANHATTAN', 1496)
('2007_GRAND LARCENY OF MOTOR VEHICLE_QUEENS', 3918)
('2007_GRAND LARCENY OF MOTOR VEHICLE_STATEN ISLAND', 526)
('2007_GRAND LARCENY_BRONX', 5386)
('2007_GRAND LARCENY_BROOKLYN', 11390)
('2007_GRAND LARCENY_MANHATTAN', 18405)
('2007_GRAND LARCENY_QUEENS', 8604)
('2007_GRAND LARCENY_STATEN ISLAND', 1153)
('2007_HOMICIDE-NEGLIGENT,UNCLASSIFIE_BRONX', 2)
('2007_HOMICIDE-NEGLIGENT,UNCLASSIFIE_MANHATTAN', 1)
('2007_HOMICIDE-NEGLIGENT,UNCLASSIFIE_QUEENS', 1)
('2007_HOMICIDE-NEGLIGENT-VEHICLE_BROOKLYN', 2)
('2007_HOMICIDE-NEGLIGENT-VEHICLE_MANHATTAN', 1)
('2007_HOMICIDE-NEGLIGENT-VEHICLE_QUEENS', 2)
('2007_KIDNAPPING & RELATED OFFENSES_BRONX', 77)
('2007_KIDNAPPING & RELATED OFFENSES_BROOKLYN', 106)
('2007_KIDNAPPING & RELATED OFFENSES_MANHATTAN', 54)
('2007_KIDNAPPING & RELATED OFFENSES_QUEENS', 51)
('2007_KIDNAPPING & RELATED OFFENSES_STATEN ISLAND', 13)
('2007_MISCELLANEOUS PENAL LAW_BRONX', 1785)
('2007_MISCELLANEOUS PENAL LAW_BROOKLYN', 3629)
('2007_MISCELLANEOUS PENAL LAW_MANHATTAN', 2045)
('2007_MISCELLANEOUS PENAL LAW_QUEENS', 2033)
('2007_MISCELLANEOUS PENAL LAW_STATEN ISLAND', 362)
('2007_MURDER & NON-NEGL. MANSLAUGHTER_BRONX', 130)
('2007_MURDER & NON-NEGL. MANSLAUGHTER_BROOKLYN', 213)
('2007_MURDER & NON-NEGL. MANSLAUGHTER_MANHATTAN', 69)
('2007_MURDER & NON-NEGL. MANSLAUGHTER_QUEENS', 72)
('2007_MURDER & NON-NEGL. MANSLAUGHTER_STATEN ISLAND', 12)
('2007_NYS LAWS-UNCLASSIFIED FELONY_BRONX', 115)
('2007_NYS LAWS-UNCLASSIFIED FELONY_BROOKLYN', 118)
('2007_NYS LAWS-UNCLASSIFIED FELONY_MANHATTAN', 86)
('2007_NYS LAWS-UNCLASSIFIED FELONY_QUEENS', 54)
('2007_NYS LAWS-UNCLASSIFIED FELONY_STATEN ISLAND', 18)
('2007_POSSESSION OF STOLEN PROPERTY_BRONX', 216)
('2007_POSSESSION OF STOLEN PROPERTY_BROOKLYN', 315)
('2007_POSSESSION OF STOLEN PROPERTY_MANHATTAN', 332)
('2007_POSSESSION OF STOLEN PROPERTY_QUEENS', 193)
('2007_POSSESSION OF STOLEN PROPERTY_STATEN ISLAND', 16)
('2007_PROSTITUTION & RELATED OFFENSES_BRONX', 4)
('2007_PROSTITUTION & RELATED OFFENSES_BROOKLYN', 3)
('2007_PROSTITUTION & RELATED OFFENSES_MANHATTAN', 4)
('2007_PROSTITUTION & RELATED OFFENSES_QUEENS', 2)
('2007_RAPE_BRONX', 320)
('2007_RAPE_BROOKLYN', 377)
('2007_RAPE_MANHATTAN', 264)
('2007_RAPE_QUEENS', 342)
('2007_RAPE_STATEN ISLAND', 47)
('2007_ROBBERY_BRONX', 4608)
('2007_ROBBERY_BROOKLYN', 7624)
('2007_ROBBERY_MANHATTAN', 4679)
('2007_ROBBERY_QUEENS', 4430)
('2007_ROBBERY_STATEN ISLAND', 458)
('2007_SEX CRIMES_BRONX', 245)
('2007_SEX CRIMES_BROOKLYN', 356)
('2007_SEX CRIMES_MANHATTAN', 187)
('2007_SEX CRIMES_QUEENS', 173)
('2007_SEX CRIMES_STATEN ISLAND', 62)
('2007_THEFT-FRAUD_BRONX', 1033)
('2007_THEFT-FRAUD_BROOKLYN', 1904)
('2007_THEFT-FRAUD_MANHATTAN', 1649)
('2007_THEFT-FRAUD_QUEENS', 1133)
('2007_THEFT-FRAUD_STATEN ISLAND', 336)
('2007__BRONX', 36)
('2007__BROOKLYN', 19)
('2007__MANHATTAN', 13)
('2007__QUEENS', 11)
('2008_ARSON_BRONX', 463)
('2008_ARSON_BROOKLYN', 661)
('2008_ARSON_MANHATTAN', 241)
('2008_ARSON_QUEENS', 322)
('2008_ARSON_STATEN ISLAND', 130)
('2008_BURGLARY_BRONX', 3559)
('2008_BURGLARY_BROOKLYN', 7026)
('2008_BURGLARY_MANHATTAN', 4115)
('2008_BURGLARY_QUEENS', 5229)
('2008_BURGLARY_STATEN ISLAND', 798)
('2008_CHILD ABANDONMENT/NON SUPPORT_BRONX', 11)
('2008_CHILD ABANDONMENT/NON SUPPORT_BROOKLYN', 14)
('2008_CHILD ABANDONMENT/NON SUPPORT_MANHATTAN', 3)
('2008_CHILD ABANDONMENT/NON SUPPORT_QUEENS', 14)
('2008_CRIMINAL MISCHIEF & RELATED OF_BRONX', 763)
('2008_CRIMINAL MISCHIEF & RELATED OF_BROOKLYN', 2535)
('2008_CRIMINAL MISCHIEF & RELATED OF_MANHATTAN', 1348)
('2008_CRIMINAL MISCHIEF & RELATED OF_QUEENS', 1833)
('2008_CRIMINAL MISCHIEF & RELATED OF_STATEN ISLAND', 525)
('2008_DANGEROUS DRUGS_BRONX', 2656)
('2008_DANGEROUS DRUGS_BROOKLYN', 1812)
('2008_DANGEROUS DRUGS_MANHATTAN', 2062)
('2008_DANGEROUS DRUGS_QUEENS', 855)
('2008_DANGEROUS DRUGS_STATEN ISLAND', 310)
('2008_DANGEROUS WEAPONS_BRONX', 1157)
('2008_DANGEROUS WEAPONS_BROOKLYN', 1671)
('2008_DANGEROUS WEAPONS_MANHATTAN', 1436)
('2008_DANGEROUS WEAPONS_QUEENS', 824)
('2008_DANGEROUS WEAPONS_STATEN ISLAND', 172)
('2008_FELONY ASSAULT_BRONX', 4100)
('2008_FELONY ASSAULT_BROOKLYN', 5569)
('2008_FELONY ASSAULT_MANHATTAN', 3155)
('2008_FELONY ASSAULT_QUEENS', 3026)
('2008_FELONY ASSAULT_STATEN ISLAND', 428)
('2008_FORGERY_BRONX', 757)
('2008_FORGERY_BROOKLYN', 1324)
('2008_FORGERY_MANHATTAN', 1790)
('2008_FORGERY_QUEENS', 1079)
('2008_FORGERY_STATEN ISLAND', 137)
('2008_GAMBLING_BRONX', 3)
('2008_GAMBLING_BROOKLYN', 6)
('2008_GAMBLING_MANHATTAN', 6)
('2008_GRAND LARCENY OF MOTOR VEHICLE_BRONX', 2941)
('2008_GRAND LARCENY OF MOTOR VEHICLE_BROOKLYN', 3896)
('2008_GRAND LARCENY OF MOTOR VEHICLE_MANHATTAN', 1333)
('2008_GRAND LARCENY OF MOTOR VEHICLE_QUEENS', 3843)
('2008_GRAND LARCENY OF MOTOR VEHICLE_STATEN ISLAND', 459)
('2008_GRAND LARCENY_BRONX', 5281)
('2008_GRAND LARCENY_BROOKLYN', 11398)
('2008_GRAND LARCENY_MANHATTAN', 17796)
('2008_GRAND LARCENY_QUEENS', 8526)
('2008_GRAND LARCENY_STATEN ISLAND', 1215)
('2008_HOMICIDE-NEGLIGENT,UNCLASSIFIE_MANHATTAN', 1)
('2008_HOMICIDE-NEGLIGENT,UNCLASSIFIE_QUEENS', 1)
('2008_HOMICIDE-NEGLIGENT-VEHICLE_BRONX', 2)
('2008_HOMICIDE-NEGLIGENT-VEHICLE_BROOKLYN', 3)
('2008_HOMICIDE-NEGLIGENT-VEHICLE_MANHATTAN', 1)
('2008_HOMICIDE-NEGLIGENT-VEHICLE_QUEENS', 5)
('2008_INTOXICATED/IMPAIRED DRIVING_BROOKLYN', 1)
('2008_INTOXICATED/IMPAIRED DRIVING_QUEENS', 1)
('2008_KIDNAPPING & RELATED OFFENSES_BRONX', 87)
('2008_KIDNAPPING & RELATED OFFENSES_BROOKLYN', 93)
('2008_KIDNAPPING & RELATED OFFENSES_MANHATTAN', 55)
('2008_KIDNAPPING & RELATED OFFENSES_QUEENS', 50)
('2008_KIDNAPPING & RELATED OFFENSES_STATEN ISLAND', 12)
('2008_MISCELLANEOUS PENAL LAW_BRONX', 1837)
('2008_MISCELLANEOUS PENAL LAW_BROOKLYN', 4014)
('2008_MISCELLANEOUS PENAL LAW_MANHATTAN', 2092)
('2008_MISCELLANEOUS PENAL LAW_QUEENS', 2041)
('2008_MISCELLANEOUS PENAL LAW_STATEN ISLAND', 393)
('2008_MURDER & NON-NEGL. MANSLAUGHTER_BRONX', 132)
('2008_MURDER & NON-NEGL. MANSLAUGHTER_BROOKLYN', 213)
('2008_MURDER & NON-NEGL. MANSLAUGHTER_MANHATTAN', 62)
('2008_MURDER & NON-NEGL. MANSLAUGHTER_QUEENS', 95)
('2008_MURDER & NON-NEGL. MANSLAUGHTER_STATEN ISLAND', 21)
('2008_NYS LAWS-UNCLASSIFIED FELONY_BRONX', 113)
('2008_NYS LAWS-UNCLASSIFIED FELONY_BROOKLYN', 98)
('2008_NYS LAWS-UNCLASSIFIED FELONY_MANHATTAN', 99)
('2008_NYS LAWS-UNCLASSIFIED FELONY_QUEENS', 79)
('2008_NYS LAWS-UNCLASSIFIED FELONY_STATEN ISLAND', 11)
('2008_POSSESSION OF STOLEN PROPERTY_BRONX', 219)
('2008_POSSESSION OF STOLEN PROPERTY_BROOKLYN', 285)
('2008_POSSESSION OF STOLEN PROPERTY_MANHATTAN', 317)
('2008_POSSESSION OF STOLEN PROPERTY_QUEENS', 177)
('2008_POSSESSION OF STOLEN PROPERTY_STATEN ISLAND', 21)
('2008_PROSTITUTION & RELATED OFFENSES_BRONX', 5)
('2008_PROSTITUTION & RELATED OFFENSES_BROOKLYN', 3)
('2008_PROSTITUTION & RELATED OFFENSES_MANHATTAN', 8)
('2008_PROSTITUTION & RELATED OFFENSES_QUEENS', 7)
('2008_RAPE_BRONX', 307)
('2008_RAPE_BROOKLYN', 347)
('2008_RAPE_MANHATTAN', 262)
('2008_RAPE_QUEENS', 316)
('2008_RAPE_STATEN ISLAND', 66)
('2008_ROBBERY_BRONX', 4850)
('2008_ROBBERY_BROOKLYN', 7928)
('2008_ROBBERY_MANHATTAN', 4524)
('2008_ROBBERY_QUEENS', 4631)
('2008_ROBBERY_STATEN ISLAND', 471)
('2008_SEX CRIMES_BRONX', 202)
('2008_SEX CRIMES_BROOKLYN', 298)
('2008_SEX CRIMES_MANHATTAN', 188)
('2008_SEX CRIMES_QUEENS', 165)
('2008_SEX CRIMES_STATEN ISLAND', 42)
('2008_THEFT-FRAUD_BRONX', 1419)
('2008_THEFT-FRAUD_BROOKLYN', 1968)
('2008_THEFT-FRAUD_MANHATTAN', 1921)
('2008_THEFT-FRAUD_QUEENS', 1456)
('2008_THEFT-FRAUD_STATEN ISLAND', 357)
('2008__BRONX', 10)
('2008__BROOKLYN', 3)
('2008__MANHATTAN', 14)
('2008__QUEENS', 10)
('2008__STATEN ISLAND', 3)
('2009_ARSON_BRONX', 406)
('2009_ARSON_BROOKLYN', 526)
('2009_ARSON_MANHATTAN', 219)
('2009_ARSON_QUEENS', 268)
('2009_ARSON_STATEN ISLAND', 73)
('2009_BURGLARY_BRONX', 3637)
('2009_BURGLARY_BROOKLYN', 6531)
('2009_BURGLARY_MANHATTAN', 3799)
('2009_BURGLARY_QUEENS', 4838)
('2009_BURGLARY_STATEN ISLAND', 641)
('2009_CHILD ABANDONMENT/NON SUPPORT_BRONX', 8)
('2009_CHILD ABANDONMENT/NON SUPPORT_BROOKLYN', 9)
('2009_CHILD ABANDONMENT/NON SUPPORT_MANHATTAN', 4)
('2009_CHILD ABANDONMENT/NON SUPPORT_QUEENS', 3)
('2009_CRIMINAL MISCHIEF & RELATED OF_BRONX', 654)
('2009_CRIMINAL MISCHIEF & RELATED OF_BROOKLYN', 2301)
('2009_CRIMINAL MISCHIEF & RELATED OF_MANHATTAN', 1296)
('2009_CRIMINAL MISCHIEF & RELATED OF_QUEENS', 1746)
('2009_CRIMINAL MISCHIEF & RELATED OF_STATEN ISLAND', 396)
('2009_DANGEROUS DRUGS_BRONX', 2434)
('2009_DANGEROUS DRUGS_BROOKLYN', 1647)
('2009_DANGEROUS DRUGS_MANHATTAN', 1892)
('2009_DANGEROUS DRUGS_QUEENS', 802)
('2009_DANGEROUS DRUGS_STATEN ISLAND', 248)
('2009_DANGEROUS WEAPONS_BRONX', 1305)
('2009_DANGEROUS WEAPONS_BROOKLYN', 1881)
('2009_DANGEROUS WEAPONS_MANHATTAN', 1498)
('2009_DANGEROUS WEAPONS_QUEENS', 1086)
('2009_DANGEROUS WEAPONS_STATEN ISLAND', 182)
('2009_FELONY ASSAULT_BRONX', 4333)
('2009_FELONY ASSAULT_BROOKLYN', 5719)
('2009_FELONY ASSAULT_MANHATTAN', 3115)
('2009_FELONY ASSAULT_QUEENS', 3145)
('2009_FELONY ASSAULT_STATEN ISLAND', 461)
('2009_FORGERY_BRONX', 734)
('2009_FORGERY_BROOKLYN', 1250)
('2009_FORGERY_MANHATTAN', 1580)
('2009_FORGERY_QUEENS', 1046)
('2009_FORGERY_STATEN ISLAND', 129)
('2009_GAMBLING_BRONX', 3)
('2009_GAMBLING_BROOKLYN', 1)
('2009_GAMBLING_MANHATTAN', 5)
('2009_GRAND LARCENY OF MOTOR VEHICLE_BRONX', 2412)
('2009_GRAND LARCENY OF MOTOR VEHICLE_BROOKLYN', 3440)
('2009_GRAND LARCENY OF MOTOR VEHICLE_MANHATTAN', 1081)
('2009_GRAND LARCENY OF MOTOR VEHICLE_QUEENS', 3307)
('2009_GRAND LARCENY OF MOTOR VEHICLE_STATEN ISLAND', 421)
('2009_GRAND LARCENY_BRONX', 4848)
('2009_GRAND LARCENY_BROOKLYN', 10086)
('2009_GRAND LARCENY_MANHATTAN', 16055)
('2009_GRAND LARCENY_QUEENS', 7638)
('2009_GRAND LARCENY_STATEN ISLAND', 1001)
('2009_HOMICIDE-NEGLIGENT,UNCLASSIFIE_BROOKLYN', 1)
('2009_HOMICIDE-NEGLIGENT-VEHICLE_BRONX', 2)
('2009_HOMICIDE-NEGLIGENT-VEHICLE_BROOKLYN', 4)
('2009_HOMICIDE-NEGLIGENT-VEHICLE_MANHATTAN', 6)
('2009_HOMICIDE-NEGLIGENT-VEHICLE_QUEENS', 2)
('2009_HOMICIDE-NEGLIGENT-VEHICLE_STATEN ISLAND', 6)
('2009_INTOXICATED/IMPAIRED DRIVING_BRONX', 1)
('2009_INTOXICATED/IMPAIRED DRIVING_QUEENS', 3)
('2009_KIDNAPPING & RELATED OFFENSES_BRONX', 58)
('2009_KIDNAPPING & RELATED OFFENSES_BROOKLYN', 92)
('2009_KIDNAPPING & RELATED OFFENSES_MANHATTAN', 57)
('2009_KIDNAPPING & RELATED OFFENSES_QUEENS', 52)
('2009_KIDNAPPING & RELATED OFFENSES_STATEN ISLAND', 2)
('2009_MISCELLANEOUS PENAL LAW_BRONX', 1782)
('2009_MISCELLANEOUS PENAL LAW_BROOKLYN', 4277)
('2009_MISCELLANEOUS PENAL LAW_MANHATTAN', 2141)
('2009_MISCELLANEOUS PENAL LAW_QUEENS', 2178)
('2009_MISCELLANEOUS PENAL LAW_STATEN ISLAND', 392)
('2009_MURDER & NON-NEGL. MANSLAUGHTER_BRONX', 113)
('2009_MURDER & NON-NEGL. MANSLAUGHTER_BROOKLYN', 201)
('2009_MURDER & NON-NEGL. MANSLAUGHTER_MANHATTAN', 59)
('2009_MURDER & NON-NEGL. MANSLAUGHTER_QUEENS', 82)
('2009_MURDER & NON-NEGL. MANSLAUGHTER_STATEN ISLAND', 16)
('2009_NYS LAWS-UNCLASSIFIED FELONY_BRONX', 134)
('2009_NYS LAWS-UNCLASSIFIED FELONY_BROOKLYN', 125)
('2009_NYS LAWS-UNCLASSIFIED FELONY_MANHATTAN', 75)
('2009_NYS LAWS-UNCLASSIFIED FELONY_QUEENS', 85)
('2009_NYS LAWS-UNCLASSIFIED FELONY_STATEN ISLAND', 14)
('2009_POSSESSION OF STOLEN PROPERTY_BRONX', 133)
('2009_POSSESSION OF STOLEN PROPERTY_BROOKLYN', 232)
('2009_POSSESSION OF STOLEN PROPERTY_MANHATTAN', 284)
('2009_POSSESSION OF STOLEN PROPERTY_QUEENS', 157)
('2009_POSSESSION OF STOLEN PROPERTY_STATEN ISLAND', 14)
('2009_PROSTITUTION & RELATED OFFENSES_BROOKLYN', 4)
('2009_PROSTITUTION & RELATED OFFENSES_MANHATTAN', 3)
('2009_PROSTITUTION & RELATED OFFENSES_QUEENS', 2)
('2009_PROSTITUTION & RELATED OFFENSES_STATEN ISLAND', 1)
('2009_RAPE_BRONX', 268)
('2009_RAPE_BROOKLYN', 342)
('2009_RAPE_MANHATTAN', 238)
('2009_RAPE_QUEENS', 301)
('2009_RAPE_STATEN ISLAND', 57)
('2009_ROBBERY_BRONX', 4128)
('2009_ROBBERY_BROOKLYN', 6324)
('2009_ROBBERY_MANHATTAN', 3773)
('2009_ROBBERY_QUEENS', 3989)
('2009_ROBBERY_STATEN ISLAND', 399)
('2009_SEX CRIMES_BRONX', 181)
('2009_SEX CRIMES_BROOKLYN', 314)
('2009_SEX CRIMES_MANHATTAN', 190)
('2009_SEX CRIMES_QUEENS', 173)
('2009_SEX CRIMES_STATEN ISLAND', 53)
('2009_THEFT-FRAUD_BRONX', 943)
('2009_THEFT-FRAUD_BROOKLYN', 1518)
('2009_THEFT-FRAUD_MANHATTAN', 1452)
('2009_THEFT-FRAUD_QUEENS', 1185)
('2009_THEFT-FRAUD_STATEN ISLAND', 388)
('2009__BRONX', 9)
('2009__BROOKLYN', 6)
('2009__MANHATTAN', 2)
('2009__QUEENS', 4)
('2010_ARSON_BRONX', 404)
('2010_ARSON_BROOKLYN', 527)
('2010_ARSON_MANHATTAN', 229)
('2010_ARSON_QUEENS', 237)
('2010_ARSON_STATEN ISLAND', 88)
('2010_BURGLARY_BRONX', 3360)
('2010_BURGLARY_BROOKLYN', 6678)
('2010_BURGLARY_MANHATTAN', 3167)
('2010_BURGLARY_QUEENS', 4867)
('2010_BURGLARY_STATEN ISLAND', 627)
('2010_CHILD ABANDONMENT/NON SUPPORT_BRONX', 9)
('2010_CHILD ABANDONMENT/NON SUPPORT_BROOKLYN', 8)
('2010_CHILD ABANDONMENT/NON SUPPORT_MANHATTAN', 10)
('2010_CHILD ABANDONMENT/NON SUPPORT_QUEENS', 6)
('2010_CRIMINAL MISCHIEF & RELATED OF_BRONX', 641)
('2010_CRIMINAL MISCHIEF & RELATED OF_BROOKLYN', 2148)
('2010_CRIMINAL MISCHIEF & RELATED OF_MANHATTAN', 1045)
('2010_CRIMINAL MISCHIEF & RELATED OF_QUEENS', 1824)
('2010_CRIMINAL MISCHIEF & RELATED OF_STATEN ISLAND', 353)
('2010_DANGEROUS DRUGS_BRONX', 2146)
('2010_DANGEROUS DRUGS_BROOKLYN', 1419)
('2010_DANGEROUS DRUGS_MANHATTAN', 1546)
('2010_DANGEROUS DRUGS_QUEENS', 684)
('2010_DANGEROUS DRUGS_STATEN ISLAND', 217)
('2010_DANGEROUS WEAPONS_BRONX', 1279)
('2010_DANGEROUS WEAPONS_BROOKLYN', 1760)
('2010_DANGEROUS WEAPONS_MANHATTAN', 1084)
('2010_DANGEROUS WEAPONS_QUEENS', 1080)
('2010_DANGEROUS WEAPONS_STATEN ISLAND', 208)
('2010_FELONY ASSAULT_BRONX', 4457)
('2010_FELONY ASSAULT_BROOKLYN', 5736)
('2010_FELONY ASSAULT_MANHATTAN', 3121)
('2010_FELONY ASSAULT_QUEENS', 3263)
('2010_FELONY ASSAULT_STATEN ISLAND', 487)
('2010_FORGERY_BRONX', 732)
('2010_FORGERY_BROOKLYN', 1179)
('2010_FORGERY_MANHATTAN', 1483)
('2010_FORGERY_QUEENS', 1201)
('2010_FORGERY_STATEN ISLAND', 174)
('2010_GAMBLING_BROOKLYN', 9)
('2010_GAMBLING_MANHATTAN', 2)
('2010_GRAND LARCENY OF MOTOR VEHICLE_BRONX', 2160)
('2010_GRAND LARCENY OF MOTOR VEHICLE_BROOKLYN', 3322)
('2010_GRAND LARCENY OF MOTOR VEHICLE_MANHATTAN', 978)
('2010_GRAND LARCENY OF MOTOR VEHICLE_QUEENS', 3492)
('2010_GRAND LARCENY OF MOTOR VEHICLE_STATEN ISLAND', 349)
('2010_GRAND LARCENY_BRONX', 4735)
('2010_GRAND LARCENY_BROOKLYN', 9903)
('2010_GRAND LARCENY_MANHATTAN', 15508)
('2010_GRAND LARCENY_QUEENS', 6997)
('2010_GRAND LARCENY_STATEN ISLAND', 974)
('2010_HOMICIDE-NEGLIGENT,UNCLASSIFIE_MANHATTAN', 1)
('2010_HOMICIDE-NEGLIGENT,UNCLASSIFIE_QUEENS', 1)
('2010_HOMICIDE-NEGLIGENT,UNCLASSIFIE_STATEN ISLAND', 1)
('2010_HOMICIDE-NEGLIGENT-VEHICLE_BRONX', 3)
('2010_HOMICIDE-NEGLIGENT-VEHICLE_BROOKLYN', 4)
('2010_HOMICIDE-NEGLIGENT-VEHICLE_MANHATTAN', 2)
('2010_HOMICIDE-NEGLIGENT-VEHICLE_QUEENS', 3)
('2010_INTOXICATED/IMPAIRED DRIVING_BRONX', 1)
('2010_INTOXICATED/IMPAIRED DRIVING_BROOKLYN', 1)
('2010_INTOXICATED/IMPAIRED DRIVING_MANHATTAN', 1)
('2010_INTOXICATED/IMPAIRED DRIVING_QUEENS', 5)
('2010_KIDNAPPING & RELATED OFFENSES_BRONX', 58)
('2010_KIDNAPPING & RELATED OFFENSES_BROOKLYN', 83)
('2010_KIDNAPPING & RELATED OFFENSES_MANHATTAN', 44)
('2010_KIDNAPPING & RELATED OFFENSES_QUEENS', 46)
('2010_KIDNAPPING & RELATED OFFENSES_STATEN ISLAND', 12)
('2010_MISCELLANEOUS PENAL LAW_BRONX', 1791)
('2010_MISCELLANEOUS PENAL LAW_BROOKLYN', 4078)
('2010_MISCELLANEOUS PENAL LAW_MANHATTAN', 1853)
('2010_MISCELLANEOUS PENAL LAW_QUEENS', 2419)
('2010_MISCELLANEOUS PENAL LAW_STATEN ISLAND', 349)
('2010_MURDER & NON-NEGL. MANSLAUGHTER_BRONX', 127)
('2010_MURDER & NON-NEGL. MANSLAUGHTER_BROOKLYN', 222)
('2010_MURDER & NON-NEGL. MANSLAUGHTER_MANHATTAN', 69)
('2010_MURDER & NON-NEGL. MANSLAUGHTER_QUEENS', 100)
('2010_MURDER & NON-NEGL. MANSLAUGHTER_STATEN ISLAND', 17)
('2010_NYS LAWS-UNCLASSIFIED FELONY_BRONX', 134)
('2010_NYS LAWS-UNCLASSIFIED FELONY_BROOKLYN', 120)
('2010_NYS LAWS-UNCLASSIFIED FELONY_MANHATTAN', 58)
('2010_NYS LAWS-UNCLASSIFIED FELONY_QUEENS', 31)
('2010_NYS LAWS-UNCLASSIFIED FELONY_STATEN ISLAND', 21)
('2010_POSSESSION OF STOLEN PROPERTY_BRONX', 127)
('2010_POSSESSION OF STOLEN PROPERTY_BROOKLYN', 215)
('2010_POSSESSION OF STOLEN PROPERTY_MANHATTAN', 306)
('2010_POSSESSION OF STOLEN PROPERTY_QUEENS', 190)
('2010_POSSESSION OF STOLEN PROPERTY_STATEN ISLAND', 16)
('2010_PROSTITUTION & RELATED OFFENSES_BRONX', 2)
('2010_PROSTITUTION & RELATED OFFENSES_BROOKLYN', 6)
('2010_PROSTITUTION & RELATED OFFENSES_QUEENS', 4)
('2010_RAPE_BRONX', 293)
('2010_RAPE_BROOKLYN', 400)
('2010_RAPE_MANHATTAN', 340)
('2010_RAPE_QUEENS', 269)
('2010_RAPE_STATEN ISLAND', 63)
('2010_ROBBERY_BRONX', 4622)
('2010_ROBBERY_BROOKLYN', 6650)
('2010_ROBBERY_MANHATTAN', 3777)
('2010_ROBBERY_QUEENS', 4077)
('2010_ROBBERY_STATEN ISLAND', 421)
('2010_SEX CRIMES_BRONX', 213)
('2010_SEX CRIMES_BROOKLYN', 344)
('2010_SEX CRIMES_MANHATTAN', 249)
('2010_SEX CRIMES_QUEENS', 185)
('2010_SEX CRIMES_STATEN ISLAND', 64)
('2010_THEFT-FRAUD_BRONX', 775)
('2010_THEFT-FRAUD_BROOKLYN', 1412)
('2010_THEFT-FRAUD_MANHATTAN', 1514)
('2010_THEFT-FRAUD_QUEENS', 1116)
('2010_THEFT-FRAUD_STATEN ISLAND', 356)
('2010__BRONX', 15)
('2010__BROOKLYN', 7)
('2010__MANHATTAN', 9)
('2010__QUEENS', 7)
('2010__STATEN ISLAND', 1)
('2011_ARSON_BRONX', 368)
('2011_ARSON_BROOKLYN', 450)
('2011_ARSON_MANHATTAN', 154)
('2011_ARSON_QUEENS', 217)
('2011_ARSON_STATEN ISLAND', 58)
('2011_BURGLARY_BRONX', 3552)
('2011_BURGLARY_BROOKLYN', 6341)
('2011_BURGLARY_MANHATTAN', 3224)
('2011_BURGLARY_QUEENS', 4984)
('2011_BURGLARY_STATEN ISLAND', 732)
('2011_CHILD ABANDONMENT/NON SUPPORT_BRONX', 12)
('2011_CHILD ABANDONMENT/NON SUPPORT_BROOKLYN', 10)
('2011_CHILD ABANDONMENT/NON SUPPORT_MANHATTAN', 9)
('2011_CHILD ABANDONMENT/NON SUPPORT_QUEENS', 8)
('2011_CHILD ABANDONMENT/NON SUPPORT_STATEN ISLAND', 1)
('2011_CRIMINAL MISCHIEF & RELATED OF_BRONX', 654)
('2011_CRIMINAL MISCHIEF & RELATED OF_BROOKLYN', 2194)
('2011_CRIMINAL MISCHIEF & RELATED OF_MANHATTAN', 1009)
('2011_CRIMINAL MISCHIEF & RELATED OF_QUEENS', 2035)
('2011_CRIMINAL MISCHIEF & RELATED OF_STATEN ISLAND', 479)
('2011_DANGEROUS DRUGS_BRONX', 1956)
('2011_DANGEROUS DRUGS_BROOKLYN', 1455)
('2011_DANGEROUS DRUGS_MANHATTAN', 1356)
('2011_DANGEROUS DRUGS_QUEENS', 631)
('2011_DANGEROUS DRUGS_STATEN ISLAND', 220)
('2011_DANGEROUS WEAPONS_BRONX', 1185)
('2011_DANGEROUS WEAPONS_BROOKLYN', 1684)
('2011_DANGEROUS WEAPONS_MANHATTAN', 912)
('2011_DANGEROUS WEAPONS_QUEENS', 1049)
('2011_DANGEROUS WEAPONS_STATEN ISLAND', 209)
('2011_FELONY ASSAULT_BRONX', 4475)
('2011_FELONY ASSAULT_BROOKLYN', 6648)
('2011_FELONY ASSAULT_MANHATTAN', 3163)
('2011_FELONY ASSAULT_QUEENS', 3757)
('2011_FELONY ASSAULT_STATEN ISLAND', 564)
('2011_FORGERY_BRONX', 692)
('2011_FORGERY_BROOKLYN', 1070)
('2011_FORGERY_MANHATTAN', 1196)
('2011_FORGERY_QUEENS', 897)
('2011_FORGERY_STATEN ISLAND', 139)
('2011_GAMBLING_BROOKLYN', 2)
('2011_GAMBLING_MANHATTAN', 2)
('2011_GRAND LARCENY OF MOTOR VEHICLE_BRONX', 2088)
('2011_GRAND LARCENY OF MOTOR VEHICLE_BROOKLYN', 2897)
('2011_GRAND LARCENY OF MOTOR VEHICLE_MANHATTAN', 870)
('2011_GRAND LARCENY OF MOTOR VEHICLE_QUEENS', 3105)
('2011_GRAND LARCENY OF MOTOR VEHICLE_STATEN ISLAND', 332)
('2011_GRAND LARCENY_BRONX', 4933)
('2011_GRAND LARCENY_BROOKLYN', 10518)
('2011_GRAND LARCENY_MANHATTAN', 14909)
('2011_GRAND LARCENY_QUEENS', 7479)
('2011_GRAND LARCENY_STATEN ISLAND', 976)
('2011_HOMICIDE-NEGLIGENT,UNCLASSIFIE_BROOKLYN', 2)
('2011_HOMICIDE-NEGLIGENT-VEHICLE_BRONX', 3)
('2011_HOMICIDE-NEGLIGENT-VEHICLE_BROOKLYN', 2)
('2011_HOMICIDE-NEGLIGENT-VEHICLE_MANHATTAN', 2)
('2011_HOMICIDE-NEGLIGENT-VEHICLE_QUEENS', 3)
('2011_HOMICIDE-NEGLIGENT-VEHICLE_STATEN ISLAND', 1)
('2011_INTOXICATED/IMPAIRED DRIVING_BROOKLYN', 2)
('2011_INTOXICATED/IMPAIRED DRIVING_MANHATTAN', 1)
('2011_INTOXICATED/IMPAIRED DRIVING_QUEENS', 2)
('2011_KIDNAPPING & RELATED OFFENSES_BRONX', 44)
('2011_KIDNAPPING & RELATED OFFENSES_BROOKLYN', 89)
('2011_KIDNAPPING & RELATED OFFENSES_MANHATTAN', 35)
('2011_KIDNAPPING & RELATED OFFENSES_QUEENS', 28)
('2011_KIDNAPPING & RELATED OFFENSES_STATEN ISLAND', 5)
('2011_MISCELLANEOUS PENAL LAW_BRONX', 1754)
('2011_MISCELLANEOUS PENAL LAW_BROOKLYN', 4407)
('2011_MISCELLANEOUS PENAL LAW_MANHATTAN', 1671)
('2011_MISCELLANEOUS PENAL LAW_QUEENS', 2408)
('2011_MISCELLANEOUS PENAL LAW_STATEN ISLAND', 332)
('2011_MURDER & NON-NEGL. MANSLAUGHTER_BRONX', 147)
('2011_MURDER & NON-NEGL. MANSLAUGHTER_BROOKLYN', 198)
('2011_MURDER & NON-NEGL. MANSLAUGHTER_MANHATTAN', 71)
('2011_MURDER & NON-NEGL. MANSLAUGHTER_QUEENS', 82)
('2011_MURDER & NON-NEGL. MANSLAUGHTER_STATEN ISLAND', 16)
('2011_NYS LAWS-UNCLASSIFIED FELONY_BRONX', 74)
('2011_NYS LAWS-UNCLASSIFIED FELONY_BROOKLYN', 112)
('2011_NYS LAWS-UNCLASSIFIED FELONY_MANHATTAN', 49)
('2011_NYS LAWS-UNCLASSIFIED FELONY_QUEENS', 33)
('2011_NYS LAWS-UNCLASSIFIED FELONY_STATEN ISLAND', 26)
('2011_POSSESSION OF STOLEN PROPERTY_BRONX', 155)
('2011_POSSESSION OF STOLEN PROPERTY_BROOKLYN', 239)
('2011_POSSESSION OF STOLEN PROPERTY_MANHATTAN', 236)
('2011_POSSESSION OF STOLEN PROPERTY_QUEENS', 176)
('2011_POSSESSION OF STOLEN PROPERTY_STATEN ISLAND', 13)
('2011_PROSTITUTION & RELATED OFFENSES_BRONX', 5)
('2011_PROSTITUTION & RELATED OFFENSES_BROOKLYN', 8)
('2011_PROSTITUTION & RELATED OFFENSES_MANHATTAN', 1)
('2011_PROSTITUTION & RELATED OFFENSES_QUEENS', 1)
('2011_RAPE_BRONX', 271)
('2011_RAPE_BROOKLYN', 437)
('2011_RAPE_MANHATTAN', 338)
('2011_RAPE_QUEENS', 312)
('2011_RAPE_STATEN ISLAND', 52)
('2011_ROBBERY_BRONX', 4578)
('2011_ROBBERY_BROOKLYN', 7085)
('2011_ROBBERY_MANHATTAN', 3651)
('2011_ROBBERY_QUEENS', 4054)
('2011_ROBBERY_STATEN ISLAND', 397)
('2011_SEX CRIMES_BRONX', 187)
('2011_SEX CRIMES_BROOKLYN', 359)
('2011_SEX CRIMES_MANHATTAN', 265)
('2011_SEX CRIMES_QUEENS', 182)
('2011_SEX CRIMES_STATEN ISLAND', 41)
('2011_THEFT-FRAUD_BRONX', 884)
('2011_THEFT-FRAUD_BROOKLYN', 1659)
('2011_THEFT-FRAUD_MANHATTAN', 1586)
('2011_THEFT-FRAUD_QUEENS', 1228)
('2011_THEFT-FRAUD_STATEN ISLAND', 387)
('2011__BRONX', 15)
('2011__BROOKLYN', 24)
('2011__MANHATTAN', 10)
('2011__QUEENS', 10)
('2011__STATEN ISLAND', 8)
('2012_ARSON_BRONX', 318)
('2012_ARSON_BROOKLYN', 430)
('2012_ARSON_MANHATTAN', 203)
('2012_ARSON_QUEENS', 217)
('2012_ARSON_STATEN ISLAND', 75)
('2012_BURGLARY_BRONX', 3169)
('2012_BURGLARY_BROOKLYN', 6833)
('2012_BURGLARY_MANHATTAN', 3222)
('2012_BURGLARY_QUEENS', 5283)
('2012_BURGLARY_STATEN ISLAND', 755)
('2012_CHILD ABANDONMENT/NON SUPPORT_BRONX', 7)
('2012_CHILD ABANDONMENT/NON SUPPORT_BROOKLYN', 7)
('2012_CHILD ABANDONMENT/NON SUPPORT_MANHATTAN', 5)
('2012_CHILD ABANDONMENT/NON SUPPORT_QUEENS', 7)
('2012_CRIMINAL MISCHIEF & RELATED OF_BRONX', 747)
('2012_CRIMINAL MISCHIEF & RELATED OF_BROOKLYN', 2369)
('2012_CRIMINAL MISCHIEF & RELATED OF_MANHATTAN', 1024)
('2012_CRIMINAL MISCHIEF & RELATED OF_QUEENS', 2222)
('2012_CRIMINAL MISCHIEF & RELATED OF_STATEN ISLAND', 380)
('2012_DANGEROUS DRUGS_BRONX', 1761)
('2012_DANGEROUS DRUGS_BROOKLYN', 1450)
('2012_DANGEROUS DRUGS_MANHATTAN', 1233)
('2012_DANGEROUS DRUGS_QUEENS', 673)
('2012_DANGEROUS DRUGS_STATEN ISLAND', 187)
('2012_DANGEROUS WEAPONS_BRONX', 1159)
('2012_DANGEROUS WEAPONS_BROOKLYN', 1790)
('2012_DANGEROUS WEAPONS_MANHATTAN', 769)
('2012_DANGEROUS WEAPONS_QUEENS', 1065)
('2012_DANGEROUS WEAPONS_STATEN ISLAND', 194)
('2012_FELONY ASSAULT_BRONX', 4849)
('2012_FELONY ASSAULT_BROOKLYN', 6700)
('2012_FELONY ASSAULT_MANHATTAN', 3359)
('2012_FELONY ASSAULT_QUEENS', 3906)
('2012_FELONY ASSAULT_STATEN ISLAND', 692)
('2012_FORGERY_BRONX', 668)
('2012_FORGERY_BROOKLYN', 1030)
('2012_FORGERY_MANHATTAN', 1024)
('2012_FORGERY_QUEENS', 997)
('2012_FORGERY_STATEN ISLAND', 92)
('2012_GAMBLING_BRONX', 1)
('2012_GAMBLING_BROOKLYN', 4)
('2012_GAMBLING_MANHATTAN', 3)
('2012_GAMBLING_QUEENS', 1)
('2012_GRAND LARCENY OF MOTOR VEHICLE_BRONX', 1632)
('2012_GRAND LARCENY OF MOTOR VEHICLE_BROOKLYN', 2648)
('2012_GRAND LARCENY OF MOTOR VEHICLE_MANHATTAN', 795)
('2012_GRAND LARCENY OF MOTOR VEHICLE_QUEENS', 2689)
('2012_GRAND LARCENY OF MOTOR VEHICLE_STATEN ISLAND', 303)
('2012_GRAND LARCENY_BRONX', 5561)
('2012_GRAND LARCENY_BROOKLYN', 11925)
('2012_GRAND LARCENY_MANHATTAN', 16106)
('2012_GRAND LARCENY_QUEENS', 8108)
('2012_GRAND LARCENY_STATEN ISLAND', 1153)
('2012_HOMICIDE-NEGLIGENT,UNCLASSIFIE_BROOKLYN', 2)
('2012_HOMICIDE-NEGLIGENT,UNCLASSIFIE_MANHATTAN', 1)
('2012_HOMICIDE-NEGLIGENT,UNCLASSIFIE_QUEENS', 1)
('2012_HOMICIDE-NEGLIGENT,UNCLASSIFIE_STATEN ISLAND', 1)
('2012_HOMICIDE-NEGLIGENT-VEHICLE_BRONX', 3)
('2012_HOMICIDE-NEGLIGENT-VEHICLE_BROOKLYN', 5)
('2012_HOMICIDE-NEGLIGENT-VEHICLE_MANHATTAN', 1)
('2012_HOMICIDE-NEGLIGENT-VEHICLE_QUEENS', 3)
('2012_INTOXICATED/IMPAIRED DRIVING_BRONX', 2)
('2012_INTOXICATED/IMPAIRED DRIVING_BROOKLYN', 2)
('2012_INTOXICATED/IMPAIRED DRIVING_QUEENS', 1)
('2012_KIDNAPPING & RELATED OFFENSES_BRONX', 48)
('2012_KIDNAPPING & RELATED OFFENSES_BROOKLYN', 73)
('2012_KIDNAPPING & RELATED OFFENSES_MANHATTAN', 38)
('2012_KIDNAPPING & RELATED OFFENSES_QUEENS', 40)
('2012_KIDNAPPING & RELATED OFFENSES_STATEN ISLAND', 4)
('2012_MISCELLANEOUS PENAL LAW_BRONX', 1657)
('2012_MISCELLANEOUS PENAL LAW_BROOKLYN', 4686)
('2012_MISCELLANEOUS PENAL LAW_MANHATTAN', 1803)
('2012_MISCELLANEOUS PENAL LAW_QUEENS', 2602)
('2012_MISCELLANEOUS PENAL LAW_STATEN ISLAND', 394)
('2012_MURDER & NON-NEGL. MANSLAUGHTER_BRONX', 115)
('2012_MURDER & NON-NEGL. MANSLAUGHTER_BROOKLYN', 149)
('2012_MURDER & NON-NEGL. MANSLAUGHTER_MANHATTAN', 62)
('2012_MURDER & NON-NEGL. MANSLAUGHTER_QUEENS', 83)
('2012_MURDER & NON-NEGL. MANSLAUGHTER_STATEN ISLAND', 10)
('2012_NYS LAWS-UNCLASSIFIED FELONY_BRONX', 76)
('2012_NYS LAWS-UNCLASSIFIED FELONY_BROOKLYN', 141)
('2012_NYS LAWS-UNCLASSIFIED FELONY_MANHATTAN', 32)
('2012_NYS LAWS-UNCLASSIFIED FELONY_QUEENS', 31)
('2012_NYS LAWS-UNCLASSIFIED FELONY_STATEN ISLAND', 24)
('2012_POSSESSION OF STOLEN PROPERTY_BRONX', 104)
('2012_POSSESSION OF STOLEN PROPERTY_BROOKLYN', 183)
('2012_POSSESSION OF STOLEN PROPERTY_MANHATTAN', 228)
('2012_POSSESSION OF STOLEN PROPERTY_QUEENS', 179)
('2012_POSSESSION OF STOLEN PROPERTY_STATEN ISLAND', 14)
('2012_PROSTITUTION & RELATED OFFENSES_BRONX', 2)
('2012_PROSTITUTION & RELATED OFFENSES_BROOKLYN', 1)
('2012_PROSTITUTION & RELATED OFFENSES_MANHATTAN', 1)
('2012_PROSTITUTION & RELATED OFFENSES_QUEENS', 1)
('2012_RAPE_BRONX', 293)
('2012_RAPE_BROOKLYN', 432)
('2012_RAPE_MANHATTAN', 337)
('2012_RAPE_QUEENS', 335)
('2012_RAPE_STATEN ISLAND', 60)
('2012_ROBBERY_BRONX', 4738)
('2012_ROBBERY_BROOKLYN', 7286)
('2012_ROBBERY_MANHATTAN', 3574)
('2012_ROBBERY_QUEENS', 4145)
('2012_ROBBERY_STATEN ISLAND', 449)
('2012_SEX CRIMES_BRONX', 222)
('2012_SEX CRIMES_BROOKLYN', 536)
('2012_SEX CRIMES_MANHATTAN', 329)
('2012_SEX CRIMES_QUEENS', 239)
('2012_SEX CRIMES_STATEN ISLAND', 48)
('2012_THEFT-FRAUD_BRONX', 1228)
('2012_THEFT-FRAUD_BROOKLYN', 1673)
('2012_THEFT-FRAUD_MANHATTAN', 1786)
('2012_THEFT-FRAUD_QUEENS', 1322)
('2012_THEFT-FRAUD_STATEN ISLAND', 367)
('2012__BRONX', 13)
('2012__BROOKLYN', 34)
('2012__MANHATTAN', 8)
('2012__QUEENS', 6)
('2012__STATEN ISLAND', 1)
('2013_ARSON_BRONX', 301)
('2013_ARSON_BROOKLYN', 421)
('2013_ARSON_MANHATTAN', 209)
('2013_ARSON_QUEENS', 194)
('2013_ARSON_STATEN ISLAND', 78)
('2013_BURGLARY_', 1)
('2013_BURGLARY_BRONX', 2971)
('2013_BURGLARY_BROOKLYN', 6032)
('2013_BURGLARY_MANHATTAN', 2959)
('2013_BURGLARY_QUEENS', 4854)
('2013_BURGLARY_STATEN ISLAND', 692)
('2013_CHILD ABANDONMENT/NON SUPPORT_BRONX', 13)
('2013_CHILD ABANDONMENT/NON SUPPORT_BROOKLYN', 13)
('2013_CHILD ABANDONMENT/NON SUPPORT_MANHATTAN', 7)
('2013_CHILD ABANDONMENT/NON SUPPORT_QUEENS', 4)
('2013_CHILD ABANDONMENT/NON SUPPORT_STATEN ISLAND', 1)
('2013_CRIMINAL MISCHIEF & RELATED OF_BRONX', 767)
('2013_CRIMINAL MISCHIEF & RELATED OF_BROOKLYN', 2624)
('2013_CRIMINAL MISCHIEF & RELATED OF_MANHATTAN', 1252)
('2013_CRIMINAL MISCHIEF & RELATED OF_QUEENS', 2366)
('2013_CRIMINAL MISCHIEF & RELATED OF_STATEN ISLAND', 464)
('2013_DANGEROUS DRUGS_BRONX', 1637)
('2013_DANGEROUS DRUGS_BROOKLYN', 1391)
('2013_DANGEROUS DRUGS_MANHATTAN', 1098)
('2013_DANGEROUS DRUGS_QUEENS', 726)
('2013_DANGEROUS DRUGS_STATEN ISLAND', 130)
('2013_DANGEROUS WEAPONS_BRONX', 1141)
('2013_DANGEROUS WEAPONS_BROOKLYN', 1733)
('2013_DANGEROUS WEAPONS_MANHATTAN', 840)
('2013_DANGEROUS WEAPONS_QUEENS', 1266)
('2013_DANGEROUS WEAPONS_STATEN ISLAND', 173)
('2013_FELONY ASSAULT_BRONX', 5495)
('2013_FELONY ASSAULT_BROOKLYN', 6877)
('2013_FELONY ASSAULT_MANHATTAN', 3356)
('2013_FELONY ASSAULT_QUEENS', 3996)
('2013_FELONY ASSAULT_STATEN ISLAND', 663)
('2013_FORGERY_BRONX', 694)
('2013_FORGERY_BROOKLYN', 1128)
('2013_FORGERY_MANHATTAN', 1220)
('2013_FORGERY_QUEENS', 1068)
('2013_FORGERY_STATEN ISLAND', 55)
('2013_GAMBLING_BROOKLYN', 4)
('2013_GAMBLING_MANHATTAN', 4)
('2013_GRAND LARCENY OF MOTOR VEHICLE_BRONX', 1444)
('2013_GRAND LARCENY OF MOTOR VEHICLE_BROOKLYN', 2573)
('2013_GRAND LARCENY OF MOTOR VEHICLE_MANHATTAN', 741)
('2013_GRAND LARCENY OF MOTOR VEHICLE_QUEENS', 2395)
('2013_GRAND LARCENY OF MOTOR VEHICLE_STATEN ISLAND', 224)
('2013_GRAND LARCENY_', 2)
('2013_GRAND LARCENY_BRONX', 6098)
('2013_GRAND LARCENY_BROOKLYN', 12785)
('2013_GRAND LARCENY_MANHATTAN', 16939)
('2013_GRAND LARCENY_QUEENS', 8531)
('2013_GRAND LARCENY_STATEN ISLAND', 1251)
('2013_HOMICIDE-NEGLIGENT,UNCLASSIFIE_BRONX', 1)
('2013_HOMICIDE-NEGLIGENT,UNCLASSIFIE_BROOKLYN', 3)
('2013_HOMICIDE-NEGLIGENT,UNCLASSIFIE_MANHATTAN', 1)
('2013_HOMICIDE-NEGLIGENT,UNCLASSIFIE_QUEENS', 1)
('2013_HOMICIDE-NEGLIGENT-VEHICLE_BROOKLYN', 3)
('2013_HOMICIDE-NEGLIGENT-VEHICLE_QUEENS', 6)
('2013_HOMICIDE-NEGLIGENT-VEHICLE_STATEN ISLAND', 2)
('2013_INTOXICATED/IMPAIRED DRIVING_BROOKLYN', 3)
('2013_INTOXICATED/IMPAIRED DRIVING_QUEENS', 2)
('2013_KIDNAPPING & RELATED OFFENSES_BRONX', 35)
('2013_KIDNAPPING & RELATED OFFENSES_BROOKLYN', 74)
('2013_KIDNAPPING & RELATED OFFENSES_MANHATTAN', 26)
('2013_KIDNAPPING & RELATED OFFENSES_QUEENS', 35)
('2013_KIDNAPPING & RELATED OFFENSES_STATEN ISLAND', 6)
('2013_MISCELLANEOUS PENAL LAW_BRONX', 1844)
('2013_MISCELLANEOUS PENAL LAW_BROOKLYN', 5001)
('2013_MISCELLANEOUS PENAL LAW_MANHATTAN', 1852)
('2013_MISCELLANEOUS PENAL LAW_QUEENS', 3061)
('2013_MISCELLANEOUS PENAL LAW_STATEN ISLAND', 451)
('2013_MURDER & NON-NEGL. MANSLAUGHTER_BRONX', 83)
('2013_MURDER & NON-NEGL. MANSLAUGHTER_BROOKLYN', 147)
('2013_MURDER & NON-NEGL. MANSLAUGHTER_MANHATTAN', 39)
('2013_MURDER & NON-NEGL. MANSLAUGHTER_QUEENS', 59)
('2013_MURDER & NON-NEGL. MANSLAUGHTER_STATEN ISLAND', 7)
('2013_NYS LAWS-UNCLASSIFIED FELONY_BRONX', 74)
('2013_NYS LAWS-UNCLASSIFIED FELONY_BROOKLYN', 150)
('2013_NYS LAWS-UNCLASSIFIED FELONY_MANHATTAN', 39)
('2013_NYS LAWS-UNCLASSIFIED FELONY_QUEENS', 30)
('2013_NYS LAWS-UNCLASSIFIED FELONY_STATEN ISLAND', 22)
('2013_POSSESSION OF STOLEN PROPERTY_BRONX', 83)
('2013_POSSESSION OF STOLEN PROPERTY_BROOKLYN', 169)
('2013_POSSESSION OF STOLEN PROPERTY_MANHATTAN', 232)
('2013_POSSESSION OF STOLEN PROPERTY_QUEENS', 186)
('2013_POSSESSION OF STOLEN PROPERTY_STATEN ISLAND', 11)
('2013_PROSTITUTION & RELATED OFFENSES_BROOKLYN', 3)
('2013_PROSTITUTION & RELATED OFFENSES_MANHATTAN', 6)
('2013_RAPE_BRONX', 264)
('2013_RAPE_BROOKLYN', 460)
('2013_RAPE_MANHATTAN', 286)
('2013_RAPE_QUEENS', 310)
('2013_RAPE_STATEN ISLAND', 58)
('2013_ROBBERY_', 1)
('2013_ROBBERY_BRONX', 4459)
('2013_ROBBERY_BROOKLYN', 6857)
('2013_ROBBERY_MANHATTAN', 3342)
('2013_ROBBERY_QUEENS', 3994)
('2013_ROBBERY_STATEN ISLAND', 519)
('2013_SEX CRIMES_', 1)
('2013_SEX CRIMES_BRONX', 230)
('2013_SEX CRIMES_BROOKLYN', 342)
('2013_SEX CRIMES_MANHATTAN', 316)
('2013_SEX CRIMES_QUEENS', 231)
('2013_SEX CRIMES_STATEN ISLAND', 56)
('2013_THEFT-FRAUD_', 1)
('2013_THEFT-FRAUD_BRONX', 897)
('2013_THEFT-FRAUD_BROOKLYN', 1453)
('2013_THEFT-FRAUD_MANHATTAN', 1561)
('2013_THEFT-FRAUD_QUEENS', 1001)
('2013_THEFT-FRAUD_STATEN ISLAND', 320)
('2013__BRONX', 10)
('2013__BROOKLYN', 22)
('2013__MANHATTAN', 9)
('2013__QUEENS', 9)
('2013__STATEN ISLAND', 3)
('2014_ARSON_BRONX', 391)
('2014_ARSON_BROOKLYN', 352)
('2014_ARSON_MANHATTAN', 213)
('2014_ARSON_QUEENS', 178)
('2014_ARSON_STATEN ISLAND', 57)
('2014_BURGLARY_BRONX', 2873)
('2014_BURGLARY_BROOKLYN', 6126)
('2014_BURGLARY_MANHATTAN', 2838)
('2014_BURGLARY_QUEENS', 4389)
('2014_BURGLARY_STATEN ISLAND', 620)
('2014_CHILD ABANDONMENT/NON SUPPORT_BRONX', 8)
('2014_CHILD ABANDONMENT/NON SUPPORT_BROOKLYN', 6)
('2014_CHILD ABANDONMENT/NON SUPPORT_MANHATTAN', 4)
('2014_CHILD ABANDONMENT/NON SUPPORT_QUEENS', 6)
('2014_CRIMINAL MISCHIEF & RELATED OF_BRONX', 1101)
('2014_CRIMINAL MISCHIEF & RELATED OF_BROOKLYN', 2950)
('2014_CRIMINAL MISCHIEF & RELATED OF_MANHATTAN', 1339)
('2014_CRIMINAL MISCHIEF & RELATED OF_QUEENS', 2608)
('2014_CRIMINAL MISCHIEF & RELATED OF_STATEN ISLAND', 471)
('2014_DANGEROUS DRUGS_BRONX', 1493)
('2014_DANGEROUS DRUGS_BROOKLYN', 1273)
('2014_DANGEROUS DRUGS_MANHATTAN', 924)
('2014_DANGEROUS DRUGS_QUEENS', 657)
('2014_DANGEROUS DRUGS_STATEN ISLAND', 136)
('2014_DANGEROUS WEAPONS_BRONX', 1108)
('2014_DANGEROUS WEAPONS_BROOKLYN', 1678)
('2014_DANGEROUS WEAPONS_MANHATTAN', 688)
('2014_DANGEROUS WEAPONS_QUEENS', 983)
('2014_DANGEROUS WEAPONS_STATEN ISLAND', 145)
('2014_ENDAN WELFARE INCOMP_BRONX', 4)
('2014_ENDAN WELFARE INCOMP_BROOKLYN', 2)
('2014_ENDAN WELFARE INCOMP_QUEENS', 4)
('2014_FELONY ASSAULT_BRONX', 5532)
('2014_FELONY ASSAULT_BROOKLYN', 6690)
('2014_FELONY ASSAULT_MANHATTAN', 3398)
('2014_FELONY ASSAULT_QUEENS', 4013)
('2014_FELONY ASSAULT_STATEN ISLAND', 648)
('2014_FORGERY_BRONX', 883)
('2014_FORGERY_BROOKLYN', 1366)
('2014_FORGERY_MANHATTAN', 1290)
('2014_FORGERY_QUEENS', 1100)
('2014_FORGERY_STATEN ISLAND', 74)
('2014_GAMBLING_BROOKLYN', 3)
('2014_GRAND LARCENY OF MOTOR VEHICLE_BRONX', 1472)
('2014_GRAND LARCENY OF MOTOR VEHICLE_BROOKLYN', 2613)
('2014_GRAND LARCENY OF MOTOR VEHICLE_MANHATTAN', 761)
('2014_GRAND LARCENY OF MOTOR VEHICLE_QUEENS', 2584)
('2014_GRAND LARCENY OF MOTOR VEHICLE_STATEN ISLAND', 220)
('2014_GRAND LARCENY_BRONX', 6031)
('2014_GRAND LARCENY_BROOKLYN', 12536)
('2014_GRAND LARCENY_MANHATTAN', 15912)
('2014_GRAND LARCENY_QUEENS', 8414)
('2014_GRAND LARCENY_STATEN ISLAND', 1292)
('2014_HOMICIDE-NEGLIGENT,UNCLASSIFIE_BRONX', 3)
('2014_HOMICIDE-NEGLIGENT,UNCLASSIFIE_BROOKLYN', 4)
('2014_HOMICIDE-NEGLIGENT-VEHICLE_MANHATTAN', 1)
('2014_HOMICIDE-NEGLIGENT-VEHICLE_QUEENS', 1)
('2014_HOMICIDE-NEGLIGENT-VEHICLE_STATEN ISLAND', 1)
('2014_INTOXICATED/IMPAIRED DRIVING_BRONX', 1)
('2014_INTOXICATED/IMPAIRED DRIVING_BROOKLYN', 1)
('2014_INTOXICATED/IMPAIRED DRIVING_MANHATTAN', 2)
('2014_INTOXICATED/IMPAIRED DRIVING_QUEENS', 8)
('2014_KIDNAPPING & RELATED OFFENSES_BRONX', 37)
('2014_KIDNAPPING & RELATED OFFENSES_BROOKLYN', 65)
('2014_KIDNAPPING & RELATED OFFENSES_MANHATTAN', 26)
('2014_KIDNAPPING & RELATED OFFENSES_QUEENS', 32)
('2014_KIDNAPPING & RELATED OFFENSES_STATEN ISLAND', 6)
('2014_KIDNAPPING_QUEENS', 1)
('2014_MISCELLANEOUS PENAL LAW_BRONX', 1910)
('2014_MISCELLANEOUS PENAL LAW_BROOKLYN', 5121)
('2014_MISCELLANEOUS PENAL LAW_MANHATTAN', 1799)
('2014_MISCELLANEOUS PENAL LAW_QUEENS', 3492)
('2014_MISCELLANEOUS PENAL LAW_STATEN ISLAND', 574)
('2014_MURDER & NON-NEGL. MANSLAUGHTER_BRONX', 95)
('2014_MURDER & NON-NEGL. MANSLAUGHTER_BROOKLYN', 122)
('2014_MURDER & NON-NEGL. MANSLAUGHTER_MANHATTAN', 37)
('2014_MURDER & NON-NEGL. MANSLAUGHTER_QUEENS', 64)
('2014_MURDER & NON-NEGL. MANSLAUGHTER_STATEN ISLAND', 15)
('2014_NYS LAWS-UNCLASSIFIED FELONY_BRONX', 100)
('2014_NYS LAWS-UNCLASSIFIED FELONY_BROOKLYN', 170)
('2014_NYS LAWS-UNCLASSIFIED FELONY_MANHATTAN', 69)
('2014_NYS LAWS-UNCLASSIFIED FELONY_QUEENS', 44)
('2014_NYS LAWS-UNCLASSIFIED FELONY_STATEN ISLAND', 39)
('2014_POSSESSION OF STOLEN PROPERTY_BRONX', 128)
('2014_POSSESSION OF STOLEN PROPERTY_BROOKLYN', 411)
('2014_POSSESSION OF STOLEN PROPERTY_MANHATTAN', 355)
('2014_POSSESSION OF STOLEN PROPERTY_QUEENS', 146)
('2014_POSSESSION OF STOLEN PROPERTY_STATEN ISLAND', 24)
('2014_PROSTITUTION & RELATED OFFENSES_BRONX', 2)
('2014_PROSTITUTION & RELATED OFFENSES_BROOKLYN', 6)
('2014_PROSTITUTION & RELATED OFFENSES_MANHATTAN', 2)
('2014_PROSTITUTION & RELATED OFFENSES_QUEENS', 1)
('2014_RAPE_BRONX', 314)
('2014_RAPE_BROOKLYN', 431)
('2014_RAPE_MANHATTAN', 281)
('2014_RAPE_QUEENS', 286)
('2014_RAPE_STATEN ISLAND', 45)
('2014_ROBBERY_BRONX', 3997)
('2014_ROBBERY_BROOKLYN', 5964)
('2014_ROBBERY_MANHATTAN', 2911)
('2014_ROBBERY_QUEENS', 3276)
('2014_ROBBERY_STATEN ISLAND', 420)
('2014_SEX CRIMES_BRONX', 231)
('2014_SEX CRIMES_BROOKLYN', 331)
('2014_SEX CRIMES_MANHATTAN', 329)
('2014_SEX CRIMES_QUEENS', 216)
('2014_SEX CRIMES_STATEN ISLAND', 49)
('2014_THEFT-FRAUD_BRONX', 808)
('2014_THEFT-FRAUD_BROOKLYN', 1321)
('2014_THEFT-FRAUD_MANHATTAN', 1385)
('2014_THEFT-FRAUD_QUEENS', 897)
('2014_THEFT-FRAUD_STATEN ISLAND', 296)
('2014__BRONX', 16)
('2014__BROOKLYN', 12)
('2014__MANHATTAN', 11)
('2014__QUEENS', 5)
('2014__STATEN ISLAND', 5)
('2015_ABORTION_QUEENS', 2)
('2015_ARSON_BRONX', 309)
('2015_ARSON_BROOKLYN', 331)
('2015_ARSON_MANHATTAN', 199)
('2015_ARSON_QUEENS', 156)
('2015_ARSON_STATEN ISLAND', 47)
('2015_BURGLARY_BRONX', 2694)
('2015_BURGLARY_BROOKLYN', 5560)
('2015_BURGLARY_MANHATTAN', 2778)
('2015_BURGLARY_QUEENS', 3581)
('2015_BURGLARY_STATEN ISLAND', 570)
('2015_CHILD ABANDONMENT/NON SUPPORT_BRONX', 10)
('2015_CHILD ABANDONMENT/NON SUPPORT_BROOKLYN', 9)
('2015_CHILD ABANDONMENT/NON SUPPORT_MANHATTAN', 5)
('2015_CHILD ABANDONMENT/NON SUPPORT_QUEENS', 9)
('2015_CRIMINAL MISCHIEF & RELATED OF_BRONX', 1325)
('2015_CRIMINAL MISCHIEF & RELATED OF_BROOKLYN', 3019)
('2015_CRIMINAL MISCHIEF & RELATED OF_MANHATTAN', 1592)
('2015_CRIMINAL MISCHIEF & RELATED OF_QUEENS', 2790)
('2015_CRIMINAL MISCHIEF & RELATED OF_STATEN ISLAND', 553)
('2015_DANGEROUS DRUGS_BRONX', 1643)
('2015_DANGEROUS DRUGS_BROOKLYN', 1079)
('2015_DANGEROUS DRUGS_MANHATTAN', 914)
('2015_DANGEROUS DRUGS_QUEENS', 675)
('2015_DANGEROUS DRUGS_STATEN ISLAND', 159)
('2015_DANGEROUS WEAPONS_BRONX', 1067)
('2015_DANGEROUS WEAPONS_BROOKLYN', 1837)
('2015_DANGEROUS WEAPONS_MANHATTAN', 887)
('2015_DANGEROUS WEAPONS_QUEENS', 917)
('2015_DANGEROUS WEAPONS_STATEN ISLAND', 142)
('2015_ENDAN WELFARE INCOMP_BRONX', 3)
('2015_ENDAN WELFARE INCOMP_BROOKLYN', 4)
('2015_ENDAN WELFARE INCOMP_MANHATTAN', 3)
('2015_ENDAN WELFARE INCOMP_QUEENS', 2)
('2015_FELONY ASSAULT_BRONX', 5739)
('2015_FELONY ASSAULT_BROOKLYN', 6388)
('2015_FELONY ASSAULT_MANHATTAN', 3571)
('2015_FELONY ASSAULT_QUEENS', 3989)
('2015_FELONY ASSAULT_STATEN ISLAND', 687)
('2015_FORGERY_BRONX', 1157)
('2015_FORGERY_BROOKLYN', 1668)
('2015_FORGERY_MANHATTAN', 1322)
('2015_FORGERY_QUEENS', 1016)
('2015_FORGERY_STATEN ISLAND', 60)
('2015_GAMBLING_BRONX', 2)
('2015_GAMBLING_BROOKLYN', 1)
('2015_GAMBLING_MANHATTAN', 1)
('2015_GRAND LARCENY OF MOTOR VEHICLE_BRONX', 1585)
('2015_GRAND LARCENY OF MOTOR VEHICLE_BROOKLYN', 2459)
('2015_GRAND LARCENY OF MOTOR VEHICLE_MANHATTAN', 812)
('2015_GRAND LARCENY OF MOTOR VEHICLE_QUEENS', 2256)
('2015_GRAND LARCENY OF MOTOR VEHICLE_STATEN ISLAND', 217)
('2015_GRAND LARCENY_BRONX', 6392)
('2015_GRAND LARCENY_BROOKLYN', 11998)
('2015_GRAND LARCENY_MANHATTAN', 16280)
('2015_GRAND LARCENY_QUEENS', 8283)
('2015_GRAND LARCENY_STATEN ISLAND', 1275)
('2015_HOMICIDE-NEGLIGENT-VEHICLE_BROOKLYN', 2)
('2015_HOMICIDE-NEGLIGENT-VEHICLE_MANHATTAN', 1)
('2015_INTOXICATED/IMPAIRED DRIVING_BRONX', 2)
('2015_INTOXICATED/IMPAIRED DRIVING_BROOKLYN', 3)
('2015_KIDNAPPING & RELATED OFFENSES_BRONX', 37)
('2015_KIDNAPPING & RELATED OFFENSES_BROOKLYN', 55)
('2015_KIDNAPPING & RELATED OFFENSES_MANHATTAN', 19)
('2015_KIDNAPPING & RELATED OFFENSES_QUEENS', 27)
('2015_KIDNAPPING & RELATED OFFENSES_STATEN ISLAND', 2)
('2015_KIDNAPPING AND RELATED OFFENSES_MANHATTAN', 2)
('2015_KIDNAPPING_BROOKLYN', 1)
('2015_MISCELLANEOUS PENAL LAW_BRONX', 1885)
('2015_MISCELLANEOUS PENAL LAW_BROOKLYN', 5019)
('2015_MISCELLANEOUS PENAL LAW_MANHATTAN', 1790)
('2015_MISCELLANEOUS PENAL LAW_QUEENS', 3410)
('2015_MISCELLANEOUS PENAL LAW_STATEN ISLAND', 573)
('2015_MURDER & NON-NEGL. MANSLAUGHTER_BRONX', 91)
('2015_MURDER & NON-NEGL. MANSLAUGHTER_BROOKLYN', 146)
('2015_MURDER & NON-NEGL. MANSLAUGHTER_MANHATTAN', 41)
('2015_MURDER & NON-NEGL. MANSLAUGHTER_QUEENS', 60)
('2015_MURDER & NON-NEGL. MANSLAUGHTER_STATEN ISLAND', 14)
('2015_NYS LAWS-UNCLASSIFIED FELONY_BRONX', 112)
('2015_NYS LAWS-UNCLASSIFIED FELONY_BROOKLYN', 155)
('2015_NYS LAWS-UNCLASSIFIED FELONY_MANHATTAN', 137)
('2015_NYS LAWS-UNCLASSIFIED FELONY_QUEENS', 56)
('2015_NYS LAWS-UNCLASSIFIED FELONY_STATEN ISLAND', 31)
('2015_POSSESSION OF STOLEN PROPERTY_BRONX', 130)
('2015_POSSESSION OF STOLEN PROPERTY_BROOKLYN', 295)
('2015_POSSESSION OF STOLEN PROPERTY_MANHATTAN', 282)
('2015_POSSESSION OF STOLEN PROPERTY_QUEENS', 166)
('2015_POSSESSION OF STOLEN PROPERTY_STATEN ISLAND', 26)
('2015_PROSTITUTION & RELATED OFFENSES_BRONX', 2)
('2015_PROSTITUTION & RELATED OFFENSES_BROOKLYN', 4)
('2015_PROSTITUTION & RELATED OFFENSES_MANHATTAN', 3)
('2015_PROSTITUTION & RELATED OFFENSES_QUEENS', 1)
('2015_RAPE_BRONX', 358)
('2015_RAPE_BROOKLYN', 440)
('2015_RAPE_MANHATTAN', 308)
('2015_RAPE_QUEENS', 297)
('2015_RAPE_STATEN ISLAND', 41)
('2015_ROBBERY_BRONX', 4394)
('2015_ROBBERY_BROOKLYN', 5699)
('2015_ROBBERY_MANHATTAN', 3152)
('2015_ROBBERY_QUEENS', 3267)
('2015_ROBBERY_STATEN ISLAND', 457)
('2015_SEX CRIMES_BRONX', 249)
('2015_SEX CRIMES_BROOKLYN', 282)
('2015_SEX CRIMES_MANHATTAN', 358)
('2015_SEX CRIMES_QUEENS', 214)
('2015_SEX CRIMES_STATEN ISLAND', 46)
('2015_THEFT-FRAUD_BRONX', 868)
('2015_THEFT-FRAUD_BROOKLYN', 1457)
('2015_THEFT-FRAUD_MANHATTAN', 1512)
('2015_THEFT-FRAUD_QUEENS', 943)
('2015_THEFT-FRAUD_STATEN ISLAND', 297)
('2015__BRONX', 9)
('2015__BROOKLYN', 31)
('2015__MANHATTAN', 3)
('2015__QUEENS', 1)
('2015__STATEN ISLAND', 4)
