('', 544)
('ABORTION', 4)
('ARSON', 13984)
('BURGLARY', 191406)
('CHILD ABANDONMENT/NON SUPPORT', 367)
('CRIMINAL MISCHIEF & RELATED OF', 72416)
('DANGEROUS DRUGS', 62679)
('DANGEROUS WEAPONS', 50563)
('ENDAN WELFARE INCOMP', 22)
('FELONY ASSAULT', 184069)
('FORGERY', 49303)
('GAMBLING', 122)
('GRAND LARCENY', 429196)
('GRAND LARCENY OF MOTOR VEHICLE', 102061)
('HOMICIDE-NEGLIGENT,UNCLASSIFIE', 33)
('HOMICIDE-NEGLIGENT-VEHICLE', 93)
('INTOXICATED/IMPAIRED DRIVING', 48)
('KIDNAPPING', 2)
('KIDNAPPING & RELATED OFFENSES', 2300)
('KIDNAPPING AND RELATED OFFENSES', 2)
('MISCELLANEOUS PENAL LAW', 110468)
('MURDER & NON-NEGL. MANSLAUGHTER', 4574)
('NYS LAWS-UNCLASSIFIED FELONY', 3755)
('POSSESSION OF STOLEN PROPERTY', 9112)
('PROSTITUTION & RELATED OFFENSES', 122)
('RAPE', 13791)
('ROBBERY', 198772)
('SEX CRIMES', 10853)
('THEFT-FRAUD', 56762)
