('fall_', 93581)
('fall_FRONT OF', 86566)
('fall_INSIDE', 202612)
('fall_OPPOSITE OF', 10607)
('fall_OUTSIDE', 648)
('fall_REAR OF', 8315)
('spring_', 92184)
('spring_FRONT OF', 84861)
('spring_INSIDE', 191877)
('spring_OPPOSITE OF', 10363)
('spring_OUTSIDE', 700)
('spring_REAR OF', 8224)
('summer_', 104714)
('summer_ ', 71)
('summer_FRONT OF', 97960)
('summer_INSIDE', 199808)
('summer_OPPOSITE OF', 12255)
('summer_OUTSIDE', 929)
('summer_REAR OF', 10115)
('winter_', 78425)
('winter_FRONT OF', 71380)
('winter_INSIDE', 186071)
('winter_OPPOSITE OF', 8307)
('winter_OUTSIDE', 488)
('winter_REAR OF', 6362)
