(' _AIRPORT TERMINAL', 2)
(' _BAR/NIGHT CLUB', 1)
(' _BRIDGE', 1)
(' _BUS (NYC TRANSIT)', 1)
(' _GROCERY/BODEGA', 1)
(' _HIGHWAY/PARKWAY', 1)
(' _MARINA/PIER', 1)
(' _OPEN AREAS (OPEN LOTS)', 1)
(' _PARK/PLAYGROUND', 2)
(' _STREET', 50)
(' _TRANSIT - NYC SUBWAY', 10)
('FRONT OF_', 1406)
('FRONT OF_ABANDONED BUILDING', 79)
('FRONT OF_AIRPORT TERMINAL', 171)
('FRONT OF_ATM', 476)
('FRONT OF_BANK', 655)
('FRONT OF_BAR/NIGHT CLUB', 3214)
('FRONT OF_BEAUTY & NAIL SALON', 456)
('FRONT OF_BOOK/CARD', 30)
('FRONT OF_BRIDGE', 209)
('FRONT OF_BUS (NYC TRANSIT)', 469)
('FRONT OF_BUS (OTHER)', 154)
('FRONT OF_BUS STOP', 370)
('FRONT OF_BUS TERMINAL', 91)
('FRONT OF_CANDY STORE', 257)
('FRONT OF_CEMETERY', 33)
('FRONT OF_CHAIN STORE', 1266)
('FRONT OF_CHECK CASHING BUSINESS', 154)
('FRONT OF_CHURCH', 415)
('FRONT OF_CLOTHING/BOUTIQUE', 492)
('FRONT OF_COMMERCIAL BUILDING', 3565)
('FRONT OF_CONSTRUCTION SITE', 525)
('FRONT OF_DEPARTMENT STORE', 639)
('FRONT OF_DOCTOR/DENTIST OFFICE', 265)
('FRONT OF_DRUG STORE', 374)
('FRONT OF_DRY CLEANER/LAUNDRY', 337)
('FRONT OF_FACTORY/WAREHOUSE', 275)
('FRONT OF_FAST FOOD', 848)
('FRONT OF_FERRY/FERRY TERMINAL', 60)
('FRONT OF_FOOD SUPERMARKET', 584)
('FRONT OF_GAS STATION', 1588)
('FRONT OF_GROCERY/BODEGA', 2421)
('FRONT OF_GYM/FITNESS FACILITY', 285)
('FRONT OF_HIGHWAY/PARKWAY', 86)
('FRONT OF_HOSPITAL', 361)
('FRONT OF_HOTEL/MOTEL', 502)
('FRONT OF_JEWELRY', 115)
('FRONT OF_LIQUOR STORE', 138)
('FRONT OF_LOAN COMPANY', 7)
('FRONT OF_MARINA/PIER', 71)
('FRONT OF_MOSQUE', 17)
('FRONT OF_OPEN AREAS (OPEN LOTS)', 778)
('FRONT OF_OTHER', 7740)
('FRONT OF_OTHER HOUSE OF WORSHIP', 26)
('FRONT OF_PARK/PLAYGROUND', 949)
('FRONT OF_PARKING LOT/GARAGE (PRIVATE)', 2749)
('FRONT OF_PARKING LOT/GARAGE (PUBLIC)', 3181)
('FRONT OF_PHOTO/COPY', 27)
('FRONT OF_PRIVATE/PAROCHIAL SCHOOL', 165)
('FRONT OF_PUBLIC BUILDING', 1341)
('FRONT OF_PUBLIC SCHOOL', 955)
('FRONT OF_RESIDENCE - APT. HOUSE', 22853)
('FRONT OF_RESIDENCE - PUBLIC HOUSING', 21037)
('FRONT OF_RESIDENCE-HOUSE', 21989)
('FRONT OF_RESTAURANT/DINER', 2232)
('FRONT OF_SHOE', 58)
('FRONT OF_SMALL MERCHANT', 750)
('FRONT OF_SOCIAL CLUB/POLICY', 148)
('FRONT OF_STORAGE FACILITY', 196)
('FRONT OF_STORE UNCLASSIFIED', 890)
('FRONT OF_STREET', 227143)
('FRONT OF_SYNAGOGUE', 81)
('FRONT OF_TAXI (LIVERY LICENSED)', 584)
('FRONT OF_TAXI (YELLOW LICENSED)', 553)
('FRONT OF_TAXI/LIVERY (UNLICENSED)', 191)
('FRONT OF_TELECOMM. STORE', 113)
('FRONT OF_TRAMWAY', 2)
('FRONT OF_TRANSIT - NYC SUBWAY', 31)
('FRONT OF_TRANSIT FACILITY (OTHER)', 72)
('FRONT OF_TUNNEL', 242)
('FRONT OF_VARIETY STORE', 179)
('FRONT OF_VIDEO STORE', 52)
('INSIDE_', 6961)
('INSIDE_ABANDONED BUILDING', 345)
('INSIDE_AIRPORT TERMINAL', 1317)
('INSIDE_ATM', 2154)
('INSIDE_BANK', 12772)
('INSIDE_BAR/NIGHT CLUB', 21480)
('INSIDE_BEAUTY & NAIL SALON', 3397)
('INSIDE_BOOK/CARD', 424)
('INSIDE_BRIDGE', 41)
('INSIDE_BUS (NYC TRANSIT)', 137)
('INSIDE_BUS (OTHER)', 57)
('INSIDE_BUS STOP', 25)
('INSIDE_BUS TERMINAL', 853)
('INSIDE_CANDY STORE', 1526)
('INSIDE_CEMETERY', 96)
('INSIDE_CHAIN STORE', 16259)
('INSIDE_CHECK CASHING BUSINESS', 2735)
('INSIDE_CHURCH', 2756)
('INSIDE_CLOTHING/BOUTIQUE', 9807)
('INSIDE_COMMERCIAL BUILDING', 40909)
('INSIDE_CONSTRUCTION SITE', 3129)
('INSIDE_DEPARTMENT STORE', 14336)
('INSIDE_DOCTOR/DENTIST OFFICE', 3599)
('INSIDE_DRUG STORE', 4878)
('INSIDE_DRY CLEANER/LAUNDRY', 2818)
('INSIDE_FACTORY/WAREHOUSE', 1810)
('INSIDE_FAST FOOD', 6167)
('INSIDE_FERRY/FERRY TERMINAL', 165)
('INSIDE_FOOD SUPERMARKET', 3514)
('INSIDE_GAS STATION', 1530)
('INSIDE_GROCERY/BODEGA', 13538)
('INSIDE_GYM/FITNESS FACILITY', 6825)
('INSIDE_HIGHWAY/PARKWAY', 26)
('INSIDE_HOSPITAL', 5961)
('INSIDE_HOTEL/MOTEL', 8038)
('INSIDE_JEWELRY', 2030)
('INSIDE_LIQUOR STORE', 777)
('INSIDE_LOAN COMPANY', 141)
('INSIDE_MARINA/PIER', 210)
('INSIDE_MOSQUE', 137)
('INSIDE_OPEN AREAS (OPEN LOTS)', 469)
('INSIDE_OTHER', 22482)
('INSIDE_OTHER HOUSE OF WORSHIP', 147)
('INSIDE_PARK/PLAYGROUND', 1277)
('INSIDE_PARKING LOT/GARAGE (PRIVATE)', 3444)
('INSIDE_PARKING LOT/GARAGE (PUBLIC)', 2361)
('INSIDE_PHOTO/COPY', 274)
('INSIDE_PRIVATE/PAROCHIAL SCHOOL', 1686)
('INSIDE_PUBLIC BUILDING', 5799)
('INSIDE_PUBLIC SCHOOL', 9137)
('INSIDE_RESIDENCE - APT. HOUSE', 292559)
('INSIDE_RESIDENCE - PUBLIC HOUSING', 56005)
('INSIDE_RESIDENCE-HOUSE', 128650)
('INSIDE_RESTAURANT/DINER', 19859)
('INSIDE_SHOE', 1196)
('INSIDE_SMALL MERCHANT', 5347)
('INSIDE_SOCIAL CLUB/POLICY', 945)
('INSIDE_STORAGE FACILITY', 1624)
('INSIDE_STORE UNCLASSIFIED', 6017)
('INSIDE_STREET', 11580)
('INSIDE_SYNAGOGUE', 554)
('INSIDE_TAXI (LIVERY LICENSED)', 68)
('INSIDE_TAXI (YELLOW LICENSED)', 62)
('INSIDE_TAXI/LIVERY (UNLICENSED)', 19)
('INSIDE_TELECOMM. STORE', 1845)
('INSIDE_TRAMWAY', 3)
('INSIDE_TRANSIT - NYC SUBWAY', 434)
('INSIDE_TRANSIT FACILITY (OTHER)', 636)
('INSIDE_TUNNEL', 20)
('INSIDE_VARIETY STORE', 1580)
('INSIDE_VIDEO STORE', 609)
('OPPOSITE OF_', 169)
('OPPOSITE OF_ABANDONED BUILDING', 12)
('OPPOSITE OF_AIRPORT TERMINAL', 34)
('OPPOSITE OF_ATM', 14)
('OPPOSITE OF_BANK', 23)
('OPPOSITE OF_BAR/NIGHT CLUB', 63)
('OPPOSITE OF_BEAUTY & NAIL SALON', 6)
('OPPOSITE OF_BOOK/CARD', 1)
('OPPOSITE OF_BRIDGE', 22)
('OPPOSITE OF_BUS (NYC TRANSIT)', 65)
('OPPOSITE OF_BUS (OTHER)', 18)
('OPPOSITE OF_BUS STOP', 67)
('OPPOSITE OF_BUS TERMINAL', 8)
('OPPOSITE OF_CANDY STORE', 10)
('OPPOSITE OF_CEMETERY', 9)
('OPPOSITE OF_CHAIN STORE', 30)
('OPPOSITE OF_CHECK CASHING BUSINESS', 6)
('OPPOSITE OF_CHURCH', 17)
('OPPOSITE OF_CLOTHING/BOUTIQUE', 11)
('OPPOSITE OF_COMMERCIAL BUILDING', 134)
('OPPOSITE OF_CONSTRUCTION SITE', 129)
('OPPOSITE OF_DEPARTMENT STORE', 22)
('OPPOSITE OF_DOCTOR/DENTIST OFFICE', 4)
('OPPOSITE OF_DRUG STORE', 14)
('OPPOSITE OF_DRY CLEANER/LAUNDRY', 6)
('OPPOSITE OF_FACTORY/WAREHOUSE', 12)
('OPPOSITE OF_FAST FOOD', 29)
('OPPOSITE OF_FERRY/FERRY TERMINAL', 1)
('OPPOSITE OF_FOOD SUPERMARKET', 22)
('OPPOSITE OF_GAS STATION', 25)
('OPPOSITE OF_GROCERY/BODEGA', 60)
('OPPOSITE OF_GYM/FITNESS FACILITY', 10)
('OPPOSITE OF_HIGHWAY/PARKWAY', 19)
('OPPOSITE OF_HOSPITAL', 12)
('OPPOSITE OF_HOTEL/MOTEL', 10)
('OPPOSITE OF_JEWELRY', 3)
('OPPOSITE OF_MARINA/PIER', 15)
('OPPOSITE OF_MOSQUE', 1)
('OPPOSITE OF_OPEN AREAS (OPEN LOTS)', 153)
('OPPOSITE OF_OTHER', 705)
('OPPOSITE OF_PARK/PLAYGROUND', 1470)
('OPPOSITE OF_PARKING LOT/GARAGE (PRIVATE)', 378)
('OPPOSITE OF_PARKING LOT/GARAGE (PUBLIC)', 441)
('OPPOSITE OF_PHOTO/COPY', 1)
('OPPOSITE OF_PRIVATE/PAROCHIAL SCHOOL', 10)
('OPPOSITE OF_PUBLIC BUILDING', 122)
('OPPOSITE OF_PUBLIC SCHOOL', 84)
('OPPOSITE OF_RESIDENCE - APT. HOUSE', 654)
('OPPOSITE OF_RESIDENCE - PUBLIC HOUSING', 2370)
('OPPOSITE OF_RESIDENCE-HOUSE', 498)
('OPPOSITE OF_RESTAURANT/DINER', 55)
('OPPOSITE OF_SHOE', 1)
('OPPOSITE OF_SMALL MERCHANT', 26)
('OPPOSITE OF_SOCIAL CLUB/POLICY', 5)
('OPPOSITE OF_STORAGE FACILITY', 22)
('OPPOSITE OF_STORE UNCLASSIFIED', 18)
('OPPOSITE OF_STREET', 33194)
('OPPOSITE OF_SYNAGOGUE', 2)
('OPPOSITE OF_TAXI (LIVERY LICENSED)', 73)
('OPPOSITE OF_TAXI (YELLOW LICENSED)', 46)
('OPPOSITE OF_TAXI/LIVERY (UNLICENSED)', 16)
('OPPOSITE OF_TELECOMM. STORE', 2)
('OPPOSITE OF_TRANSIT - NYC SUBWAY', 6)
('OPPOSITE OF_TRANSIT FACILITY (OTHER)', 13)
('OPPOSITE OF_TUNNEL', 48)
('OPPOSITE OF_VARIETY STORE', 5)
('OPPOSITE OF_VIDEO STORE', 1)
('OUTSIDE_', 2765)
('REAR OF_', 146)
('REAR OF_ABANDONED BUILDING', 26)
('REAR OF_AIRPORT TERMINAL', 1)
('REAR OF_ATM', 5)
('REAR OF_BANK', 72)
('REAR OF_BAR/NIGHT CLUB', 123)
('REAR OF_BEAUTY & NAIL SALON', 45)
('REAR OF_BOOK/CARD', 2)
('REAR OF_BRIDGE', 7)
('REAR OF_BUS (NYC TRANSIT)', 6)
('REAR OF_BUS (OTHER)', 3)
('REAR OF_BUS STOP', 6)
('REAR OF_BUS TERMINAL', 20)
('REAR OF_CANDY STORE', 13)
('REAR OF_CEMETERY', 8)
('REAR OF_CHAIN STORE', 171)
('REAR OF_CHECK CASHING BUSINESS', 8)
('REAR OF_CHURCH', 138)
('REAR OF_CLOTHING/BOUTIQUE', 35)
('REAR OF_COMMERCIAL BUILDING', 763)
('REAR OF_CONSTRUCTION SITE', 174)
('REAR OF_DEPARTMENT STORE', 82)
('REAR OF_DOCTOR/DENTIST OFFICE', 49)
('REAR OF_DRUG STORE', 82)
('REAR OF_DRY CLEANER/LAUNDRY', 65)
('REAR OF_FACTORY/WAREHOUSE', 103)
('REAR OF_FAST FOOD', 120)
('REAR OF_FERRY/FERRY TERMINAL', 4)
('REAR OF_FOOD SUPERMARKET', 126)
('REAR OF_GAS STATION', 58)
('REAR OF_GROCERY/BODEGA', 171)
('REAR OF_GYM/FITNESS FACILITY', 74)
('REAR OF_HIGHWAY/PARKWAY', 4)
('REAR OF_HOSPITAL', 84)
('REAR OF_HOTEL/MOTEL', 141)
('REAR OF_JEWELRY', 7)
('REAR OF_LIQUOR STORE', 20)
('REAR OF_LOAN COMPANY', 3)
('REAR OF_MARINA/PIER', 85)
('REAR OF_MOSQUE', 4)
('REAR OF_OPEN AREAS (OPEN LOTS)', 503)
('REAR OF_OTHER', 1532)
('REAR OF_OTHER HOUSE OF WORSHIP', 11)
('REAR OF_PARK/PLAYGROUND', 758)
('REAR OF_PARKING LOT/GARAGE (PRIVATE)', 2548)
('REAR OF_PARKING LOT/GARAGE (PUBLIC)', 1645)
('REAR OF_PHOTO/COPY', 3)
('REAR OF_PRIVATE/PAROCHIAL SCHOOL', 56)
('REAR OF_PUBLIC BUILDING', 107)
('REAR OF_PUBLIC SCHOOL', 547)
('REAR OF_RESIDENCE - APT. HOUSE', 3340)
('REAR OF_RESIDENCE - PUBLIC HOUSING', 6262)
('REAR OF_RESIDENCE-HOUSE', 6477)
('REAR OF_RESTAURANT/DINER', 294)
('REAR OF_SHOE', 4)
('REAR OF_SMALL MERCHANT', 102)
('REAR OF_SOCIAL CLUB/POLICY', 18)
('REAR OF_STORAGE FACILITY', 124)
('REAR OF_STORE UNCLASSIFIED', 140)
('REAR OF_STREET', 5381)
('REAR OF_SYNAGOGUE', 22)
('REAR OF_TAXI (LIVERY LICENSED)', 12)
('REAR OF_TAXI (YELLOW LICENSED)', 4)
('REAR OF_TAXI/LIVERY (UNLICENSED)', 3)
('REAR OF_TELECOMM. STORE', 19)
('REAR OF_TRANSIT - NYC SUBWAY', 2)
('REAR OF_TRANSIT FACILITY (OTHER)', 9)
('REAR OF_TUNNEL', 8)
('REAR OF_VARIETY STORE', 22)
('REAR OF_VIDEO STORE', 9)
('_', 1968)
('_ABANDONED BUILDING', 41)
('_AIRPORT TERMINAL', 2208)
('_ATM', 262)
('_BANK', 796)
('_BAR/NIGHT CLUB', 1540)
('_BEAUTY & NAIL SALON', 82)
('_BOOK/CARD', 27)
('_BRIDGE', 537)
('_BUS (NYC TRANSIT)', 4013)
('_BUS (OTHER)', 534)
('_BUS STOP', 1457)
('_BUS TERMINAL', 60)
('_CANDY STORE', 126)
('_CEMETERY', 70)
('_CHAIN STORE', 820)
('_CHECK CASHING BUSINESS', 102)
('_CHURCH', 141)
('_CLOTHING/BOUTIQUE', 283)
('_COMMERCIAL BUILDING', 1241)
('_CONSTRUCTION SITE', 685)
('_DEPARTMENT STORE', 397)
('_DOCTOR/DENTIST OFFICE', 40)
('_DRUG STORE', 149)
('_DRY CLEANER/LAUNDRY', 144)
('_FACTORY/WAREHOUSE', 47)
('_FAST FOOD', 609)
('_FERRY/FERRY TERMINAL', 25)
('_FOOD SUPERMARKET', 383)
('_GAS STATION', 685)
('_GROCERY/BODEGA', 898)
('_GYM/FITNESS FACILITY', 419)
('_HIGHWAY/PARKWAY', 1813)
('_HOSPITAL', 208)
('_HOTEL/MOTEL', 119)
('_JEWELRY', 16)
('_LIQUOR STORE', 34)
('_MARINA/PIER', 502)
('_MOSQUE', 8)
('_OPEN AREAS (OPEN LOTS)', 843)
('_OTHER', 7210)
('_OTHER HOUSE OF WORSHIP', 8)
('_PARK/PLAYGROUND', 12288)
('_PARKING LOT/GARAGE (PRIVATE)', 1003)
('_PARKING LOT/GARAGE (PUBLIC)', 1704)
('_PHOTO/COPY', 12)
('_PRIVATE/PAROCHIAL SCHOOL', 58)
('_PUBLIC BUILDING', 1053)
('_PUBLIC SCHOOL', 343)
('_RESIDENCE - APT. HOUSE', 3226)
('_RESIDENCE - PUBLIC HOUSING', 888)
('_RESIDENCE-HOUSE', 1412)
('_RESTAURANT/DINER', 1137)
('_SHOE', 64)
('_SMALL MERCHANT', 275)
('_SOCIAL CLUB/POLICY', 69)
('_STORAGE FACILITY', 94)
('_STORE UNCLASSIFIED', 358)
('_STREET', 269445)
('_SYNAGOGUE', 15)
('_TAXI (LIVERY LICENSED)', 977)
('_TAXI (YELLOW LICENSED)', 786)
('_TAXI/LIVERY (UNLICENSED)', 300)
('_TELECOMM. STORE', 29)
('_TRAMWAY', 23)
('_TRANSIT - NYC SUBWAY', 40670)
('_TRANSIT FACILITY (OTHER)', 686)
('_TUNNEL', 335)
('_VARIETY STORE', 88)
('_VIDEO STORE', 16)
