('BRONX_2006', 15623)
('BRONX_2007', 14820)
('BRONX_2008', 13088)
('BRONX_2009', 12708)
('BRONX_2010', 12455)
('BRONX_2011', 11806)
('BRONX_2012', 12254)
('BRONX_2013', 12504)
('BRONX_2014', 13032)
('BRONX_2015', 13366)
('BROOKLYN_2006', 20723)
('BROOKLYN_2007', 18992)
('BROOKLYN_2008', 18187)
('BROOKLYN_2009', 17488)
('BROOKLYN_2010', 17445)
('BROOKLYN_2011', 16674)
('BROOKLYN_2012', 18120)
('BROOKLYN_2013', 18040)
('BROOKLYN_2014', 19780)
('BROOKLYN_2015', 19990)
('MANHATTAN_2006', 13886)
('MANHATTAN_2007', 13595)
('MANHATTAN_2008', 12856)
('MANHATTAN_2009', 12409)
('MANHATTAN_2010', 12095)
('MANHATTAN_2011', 11274)
('MANHATTAN_2012', 11936)
('MANHATTAN_2013', 11618)
('MANHATTAN_2014', 12300)
('MANHATTAN_2015', 12781)
('QUEENS_2006', 14165)
('QUEENS_2007', 13805)
('QUEENS_2008', 13352)
('QUEENS_2009', 12894)
('QUEENS_2010', 12134)
('QUEENS_2011', 11603)
('QUEENS_2012', 11789)
('QUEENS_2013', 12477)
('QUEENS_2014', 13416)
('QUEENS_2015', 12604)
('STATEN ISLAND_2006', 5317)
('STATEN ISLAND_2007', 5088)
('STATEN ISLAND_2008', 4713)
('STATEN ISLAND_2009', 4441)
('STATEN ISLAND_2010', 4502)
('STATEN ISLAND_2011', 4071)
('STATEN ISLAND_2012', 4125)
('STATEN ISLAND_2013', 4108)
('STATEN ISLAND_2014', 4396)
('STATEN ISLAND_2015', 4362)
('_2006', 11)
('_2013', 16)
