('fall_', 20939)
('fall_FRONT OF', 33322)
('fall_INSIDE', 94615)
('fall_OPPOSITE OF', 1080)
('fall_REAR OF', 1544)
('spring_', 21949)
('spring_FRONT OF', 38649)
('spring_INSIDE', 97057)
('spring_OPPOSITE OF', 1219)
('spring_REAR OF', 1986)
('summer_', 22841)
('summer_ ', 15)
('summer_FRONT OF', 45736)
('summer_INSIDE', 96003)
('summer_OPPOSITE OF', 1328)
('summer_REAR OF', 2441)
('winter_', 16284)
('winter_FRONT OF', 26088)
('winter_INSIDE', 90292)
('winter_OPPOSITE OF', 798)
('winter_REAR OF', 1048)
