(' _OTHER', 1)
(' _PARK/PLAYGROUND', 1)
(' _RESIDENCE - APT. HOUSE', 1)
(' _SMALL MERCHANT', 1)
(' _STREET', 11)
('FRONT OF_', 341)
('FRONT OF_ABANDONED BUILDING', 10)
('FRONT OF_AIRPORT TERMINAL', 16)
('FRONT OF_ATM', 7)
('FRONT OF_BANK', 109)
('FRONT OF_BAR/NIGHT CLUB', 761)
('FRONT OF_BEAUTY & NAIL SALON', 346)
('FRONT OF_BOOK/CARD', 13)
('FRONT OF_BRIDGE', 14)
('FRONT OF_BUS (NYC TRANSIT)', 287)
('FRONT OF_BUS (OTHER)', 184)
('FRONT OF_BUS STOP', 88)
('FRONT OF_BUS TERMINAL', 18)
('FRONT OF_CANDY STORE', 100)
('FRONT OF_CEMETERY', 12)
('FRONT OF_CHAIN STORE', 391)
('FRONT OF_CHECK CASHING BUSINESS', 29)
('FRONT OF_CHURCH', 247)
('FRONT OF_CLOTHING/BOUTIQUE', 146)
('FRONT OF_COMMERCIAL BUILDING', 1727)
('FRONT OF_CONSTRUCTION SITE', 131)
('FRONT OF_DEPARTMENT STORE', 213)
('FRONT OF_DOCTOR/DENTIST OFFICE', 166)
('FRONT OF_DRUG STORE', 128)
('FRONT OF_DRY CLEANER/LAUNDRY', 144)
('FRONT OF_FACTORY/WAREHOUSE', 82)
('FRONT OF_FAST FOOD', 300)
('FRONT OF_FERRY/FERRY TERMINAL', 71)
('FRONT OF_FOOD SUPERMARKET', 246)
('FRONT OF_GAS STATION', 375)
('FRONT OF_GROCERY/BODEGA', 790)
('FRONT OF_GYM/FITNESS FACILITY', 69)
('FRONT OF_HIGHWAY/PARKWAY', 18)
('FRONT OF_HOSPITAL', 336)
('FRONT OF_HOTEL/MOTEL', 196)
('FRONT OF_JEWELRY', 28)
('FRONT OF_LIQUOR STORE', 29)
('FRONT OF_LOAN COMPANY', 3)
('FRONT OF_MARINA/PIER', 24)
('FRONT OF_MOSQUE', 27)
('FRONT OF_OPEN AREAS (OPEN LOTS)', 186)
('FRONT OF_OTHER', 3750)
('FRONT OF_OTHER HOUSE OF WORSHIP', 29)
('FRONT OF_PARK/PLAYGROUND', 325)
('FRONT OF_PARKING LOT/GARAGE (PRIVATE)', 466)
('FRONT OF_PARKING LOT/GARAGE (PUBLIC)', 653)
('FRONT OF_PHOTO/COPY', 8)
('FRONT OF_PRIVATE/PAROCHIAL SCHOOL', 160)
('FRONT OF_PUBLIC BUILDING', 740)
('FRONT OF_PUBLIC SCHOOL', 2154)
('FRONT OF_RESIDENCE - APT. HOUSE', 25259)
('FRONT OF_RESIDENCE - PUBLIC HOUSING', 11803)
('FRONT OF_RESIDENCE-HOUSE', 27188)
('FRONT OF_RESTAURANT/DINER', 669)
('FRONT OF_SHOE', 15)
('FRONT OF_SMALL MERCHANT', 313)
('FRONT OF_SOCIAL CLUB/POLICY', 51)
('FRONT OF_STORAGE FACILITY', 43)
('FRONT OF_STORE UNCLASSIFIED', 300)
('FRONT OF_STREET', 60994)
('FRONT OF_SYNAGOGUE', 36)
('FRONT OF_TAXI (LIVERY LICENSED)', 78)
('FRONT OF_TAXI (YELLOW LICENSED)', 122)
('FRONT OF_TAXI/LIVERY (UNLICENSED)', 12)
('FRONT OF_TELECOMM. STORE', 45)
('FRONT OF_TRAMWAY', 1)
('FRONT OF_TRANSIT - NYC SUBWAY', 9)
('FRONT OF_TRANSIT FACILITY (OTHER)', 10)
('FRONT OF_TUNNEL', 75)
('FRONT OF_VARIETY STORE', 71)
('FRONT OF_VIDEO STORE', 8)
('INSIDE_', 1727)
('INSIDE_ABANDONED BUILDING', 35)
('INSIDE_AIRPORT TERMINAL', 65)
('INSIDE_ATM', 40)
('INSIDE_BANK', 868)
('INSIDE_BAR/NIGHT CLUB', 2816)
('INSIDE_BEAUTY & NAIL SALON', 1696)
('INSIDE_BOOK/CARD', 77)
('INSIDE_BRIDGE', 7)
('INSIDE_BUS (NYC TRANSIT)', 38)
('INSIDE_BUS (OTHER)', 50)
('INSIDE_BUS STOP', 5)
('INSIDE_BUS TERMINAL', 88)
('INSIDE_CANDY STORE', 597)
('INSIDE_CEMETERY', 25)
('INSIDE_CHAIN STORE', 3011)
('INSIDE_CHECK CASHING BUSINESS', 286)
('INSIDE_CHURCH', 840)
('INSIDE_CLOTHING/BOUTIQUE', 1209)
('INSIDE_COMMERCIAL BUILDING', 12661)
('INSIDE_CONSTRUCTION SITE', 177)
('INSIDE_DEPARTMENT STORE', 1573)
('INSIDE_DOCTOR/DENTIST OFFICE', 2008)
('INSIDE_DRUG STORE', 1033)
('INSIDE_DRY CLEANER/LAUNDRY', 967)
('INSIDE_FACTORY/WAREHOUSE', 459)
('INSIDE_FAST FOOD', 1986)
('INSIDE_FERRY/FERRY TERMINAL', 239)
('INSIDE_FOOD SUPERMARKET', 1124)
('INSIDE_GAS STATION', 326)
('INSIDE_GROCERY/BODEGA', 4579)
('INSIDE_GYM/FITNESS FACILITY', 919)
('INSIDE_HIGHWAY/PARKWAY', 14)
('INSIDE_HOSPITAL', 4083)
('INSIDE_HOTEL/MOTEL', 1689)
('INSIDE_JEWELRY', 226)
('INSIDE_LIQUOR STORE', 153)
('INSIDE_LOAN COMPANY', 36)
('INSIDE_MARINA/PIER', 29)
('INSIDE_MOSQUE', 117)
('INSIDE_OPEN AREAS (OPEN LOTS)', 128)
('INSIDE_OTHER', 10488)
('INSIDE_OTHER HOUSE OF WORSHIP', 90)
('INSIDE_PARK/PLAYGROUND', 379)
('INSIDE_PARKING LOT/GARAGE (PRIVATE)', 523)
('INSIDE_PARKING LOT/GARAGE (PUBLIC)', 455)
('INSIDE_PHOTO/COPY', 39)
('INSIDE_PRIVATE/PAROCHIAL SCHOOL', 757)
('INSIDE_PUBLIC BUILDING', 3279)
('INSIDE_PUBLIC SCHOOL', 14930)
('INSIDE_RESIDENCE - APT. HOUSE', 172934)
('INSIDE_RESIDENCE - PUBLIC HOUSING', 42081)
('INSIDE_RESIDENCE-HOUSE', 68138)
('INSIDE_RESTAURANT/DINER', 4387)
('INSIDE_SHOE', 173)
('INSIDE_SMALL MERCHANT', 1392)
('INSIDE_SOCIAL CLUB/POLICY', 287)
('INSIDE_STORAGE FACILITY', 284)
('INSIDE_STORE UNCLASSIFIED', 1644)
('INSIDE_STREET', 6452)
('INSIDE_SYNAGOGUE', 186)
('INSIDE_TAXI (LIVERY LICENSED)', 41)
('INSIDE_TAXI (YELLOW LICENSED)', 11)
('INSIDE_TAXI/LIVERY (UNLICENSED)', 5)
('INSIDE_TELECOMM. STORE', 386)
('INSIDE_TRANSIT - NYC SUBWAY', 73)
('INSIDE_TRANSIT FACILITY (OTHER)', 75)
('INSIDE_TUNNEL', 8)
('INSIDE_VARIETY STORE', 356)
('INSIDE_VIDEO STORE', 108)
('OPPOSITE OF_', 9)
('OPPOSITE OF_ABANDONED BUILDING', 1)
('OPPOSITE OF_BANK', 7)
('OPPOSITE OF_BAR/NIGHT CLUB', 11)
('OPPOSITE OF_BEAUTY & NAIL SALON', 4)
('OPPOSITE OF_BRIDGE', 1)
('OPPOSITE OF_BUS (NYC TRANSIT)', 41)
('OPPOSITE OF_BUS (OTHER)', 17)
('OPPOSITE OF_BUS STOP', 17)
('OPPOSITE OF_BUS TERMINAL', 2)
('OPPOSITE OF_CANDY STORE', 2)
('OPPOSITE OF_CHAIN STORE', 6)
('OPPOSITE OF_CHECK CASHING BUSINESS', 1)
('OPPOSITE OF_CHURCH', 9)
('OPPOSITE OF_CLOTHING/BOUTIQUE', 1)
('OPPOSITE OF_COMMERCIAL BUILDING', 34)
('OPPOSITE OF_CONSTRUCTION SITE', 20)
('OPPOSITE OF_DEPARTMENT STORE', 5)
('OPPOSITE OF_DOCTOR/DENTIST OFFICE', 3)
('OPPOSITE OF_DRUG STORE', 2)
('OPPOSITE OF_DRY CLEANER/LAUNDRY', 3)
('OPPOSITE OF_FAST FOOD', 7)
('OPPOSITE OF_FERRY/FERRY TERMINAL', 4)
('OPPOSITE OF_FOOD SUPERMARKET', 11)
('OPPOSITE OF_GAS STATION', 8)
('OPPOSITE OF_GROCERY/BODEGA', 22)
('OPPOSITE OF_GYM/FITNESS FACILITY', 1)
('OPPOSITE OF_HIGHWAY/PARKWAY', 1)
('OPPOSITE OF_HOSPITAL', 11)
('OPPOSITE OF_HOTEL/MOTEL', 3)
('OPPOSITE OF_LIQUOR STORE', 2)
('OPPOSITE OF_MARINA/PIER', 1)
('OPPOSITE OF_OPEN AREAS (OPEN LOTS)', 15)
('OPPOSITE OF_OTHER', 110)
('OPPOSITE OF_PARK/PLAYGROUND', 288)
('OPPOSITE OF_PARKING LOT/GARAGE (PRIVATE)', 32)
('OPPOSITE OF_PARKING LOT/GARAGE (PUBLIC)', 37)
('OPPOSITE OF_PRIVATE/PAROCHIAL SCHOOL', 6)
('OPPOSITE OF_PUBLIC BUILDING', 25)
('OPPOSITE OF_PUBLIC SCHOOL', 105)
('OPPOSITE OF_RESIDENCE - APT. HOUSE', 356)
('OPPOSITE OF_RESIDENCE - PUBLIC HOUSING', 492)
('OPPOSITE OF_RESIDENCE-HOUSE', 231)
('OPPOSITE OF_RESTAURANT/DINER', 10)
('OPPOSITE OF_SMALL MERCHANT', 6)
('OPPOSITE OF_STORAGE FACILITY', 2)
('OPPOSITE OF_STORE UNCLASSIFIED', 6)
('OPPOSITE OF_STREET', 2408)
('OPPOSITE OF_SYNAGOGUE', 1)
('OPPOSITE OF_TAXI (LIVERY LICENSED)', 4)
('OPPOSITE OF_TAXI (YELLOW LICENSED)', 13)
('OPPOSITE OF_TELECOMM. STORE', 1)
('OPPOSITE OF_TRANSIT - NYC SUBWAY', 1)
('OPPOSITE OF_TRANSIT FACILITY (OTHER)', 4)
('OPPOSITE OF_TUNNEL', 2)
('OPPOSITE OF_VARIETY STORE', 2)
('OPPOSITE OF_VIDEO STORE', 1)
('REAR OF_', 17)
('REAR OF_BANK', 14)
('REAR OF_BAR/NIGHT CLUB', 13)
('REAR OF_BEAUTY & NAIL SALON', 4)
('REAR OF_BRIDGE', 1)
('REAR OF_BUS (OTHER)', 1)
('REAR OF_BUS STOP', 2)
('REAR OF_BUS TERMINAL', 2)
('REAR OF_CANDY STORE', 4)
('REAR OF_CHAIN STORE', 21)
('REAR OF_CHURCH', 21)
('REAR OF_CLOTHING/BOUTIQUE', 2)
('REAR OF_COMMERCIAL BUILDING', 72)
('REAR OF_CONSTRUCTION SITE', 10)
('REAR OF_DEPARTMENT STORE', 8)
('REAR OF_DOCTOR/DENTIST OFFICE', 9)
('REAR OF_DRUG STORE', 3)
('REAR OF_DRY CLEANER/LAUNDRY', 6)
('REAR OF_FACTORY/WAREHOUSE', 5)
('REAR OF_FAST FOOD', 19)
('REAR OF_FERRY/FERRY TERMINAL', 1)
('REAR OF_FOOD SUPERMARKET', 19)
('REAR OF_GAS STATION', 9)
('REAR OF_GROCERY/BODEGA', 15)
('REAR OF_GYM/FITNESS FACILITY', 2)
('REAR OF_HOSPITAL', 32)
('REAR OF_HOTEL/MOTEL', 7)
('REAR OF_MARINA/PIER', 6)
('REAR OF_MOSQUE', 2)
('REAR OF_OPEN AREAS (OPEN LOTS)', 57)
('REAR OF_OTHER', 340)
('REAR OF_OTHER HOUSE OF WORSHIP', 3)
('REAR OF_PARK/PLAYGROUND', 222)
('REAR OF_PARKING LOT/GARAGE (PRIVATE)', 179)
('REAR OF_PARKING LOT/GARAGE (PUBLIC)', 144)
('REAR OF_PHOTO/COPY', 1)
('REAR OF_PRIVATE/PAROCHIAL SCHOOL', 16)
('REAR OF_PUBLIC BUILDING', 34)
('REAR OF_PUBLIC SCHOOL', 334)
('REAR OF_RESIDENCE - APT. HOUSE', 1226)
('REAR OF_RESIDENCE - PUBLIC HOUSING', 1068)
('REAR OF_RESIDENCE-HOUSE', 2149)
('REAR OF_RESTAURANT/DINER', 30)
('REAR OF_SMALL MERCHANT', 5)
('REAR OF_SOCIAL CLUB/POLICY', 2)
('REAR OF_STORAGE FACILITY', 1)
('REAR OF_STORE UNCLASSIFIED', 8)
('REAR OF_STREET', 868)
('REAR OF_TAXI (YELLOW LICENSED)', 1)
('REAR OF_TUNNEL', 2)
('REAR OF_VARIETY STORE', 1)
('REAR OF_VIDEO STORE', 1)
('_', 229)
('_ABANDONED BUILDING', 2)
('_AIRPORT TERMINAL', 77)
('_ATM', 5)
('_BANK', 69)
('_BAR/NIGHT CLUB', 385)
('_BEAUTY & NAIL SALON', 71)
('_BOOK/CARD', 6)
('_BRIDGE', 78)
('_BUS (NYC TRANSIT)', 1798)
('_BUS (OTHER)', 338)
('_BUS STOP', 390)
('_BUS TERMINAL', 25)
('_CANDY STORE', 62)
('_CEMETERY', 12)
('_CHAIN STORE', 200)
('_CHECK CASHING BUSINESS', 18)
('_CHURCH', 109)
('_CLOTHING/BOUTIQUE', 37)
('_COMMERCIAL BUILDING', 507)
('_CONSTRUCTION SITE', 84)
('_DEPARTMENT STORE', 73)
('_DOCTOR/DENTIST OFFICE', 35)
('_DRUG STORE', 41)
('_DRY CLEANER/LAUNDRY', 99)
('_FACTORY/WAREHOUSE', 19)
('_FAST FOOD', 337)
('_FERRY/FERRY TERMINAL', 12)
('_FOOD SUPERMARKET', 178)
('_GAS STATION', 217)
('_GROCERY/BODEGA', 465)
('_GYM/FITNESS FACILITY', 61)
('_HIGHWAY/PARKWAY', 342)
('_HOSPITAL', 180)
('_HOTEL/MOTEL', 42)
('_JEWELRY', 3)
('_LIQUOR STORE', 18)
('_MARINA/PIER', 76)
('_MOSQUE', 9)
('_OPEN AREAS (OPEN LOTS)', 115)
('_OTHER', 2126)
('_OTHER HOUSE OF WORSHIP', 8)
('_PARK/PLAYGROUND', 3015)
('_PARKING LOT/GARAGE (PRIVATE)', 142)
('_PARKING LOT/GARAGE (PUBLIC)', 362)
('_PHOTO/COPY', 2)
('_PRIVATE/PAROCHIAL SCHOOL', 58)
('_PUBLIC BUILDING', 364)
('_PUBLIC SCHOOL', 862)
('_RESIDENCE - APT. HOUSE', 1642)
('_RESIDENCE - PUBLIC HOUSING', 317)
('_RESIDENCE-HOUSE', 789)
('_RESTAURANT/DINER', 436)
('_SHOE', 4)
('_SMALL MERCHANT', 104)
('_SOCIAL CLUB/POLICY', 36)
('_STORAGE FACILITY', 17)
('_STORE UNCLASSIFIED', 134)
('_STREET', 56961)
('_SYNAGOGUE', 22)
('_TAXI (LIVERY LICENSED)', 103)
('_TAXI (YELLOW LICENSED)', 233)
('_TAXI/LIVERY (UNLICENSED)', 24)
('_TELECOMM. STORE', 7)
('_TRANSIT - NYC SUBWAY', 7198)
('_TRANSIT FACILITY (OTHER)', 123)
('_TUNNEL', 72)
('_VARIETY STORE', 25)
('_VIDEO STORE', 3)

