('2006_ADMINISTRATIVE CODES_BRONX', 1)
('2006_ADMINISTRATIVE CODES_QUEENS', 1)
('2006_ADMINISTRATIVE CODE_BRONX', 31)
('2006_ADMINISTRATIVE CODE_BROOKLYN', 21)
('2006_ADMINISTRATIVE CODE_MANHATTAN', 63)
('2006_ADMINISTRATIVE CODE_QUEENS', 27)
('2006_ADMINISTRATIVE CODE_STATEN ISLAND', 4)
('2006_HARRASSMENT 2_', 11)
('2006_HARRASSMENT 2_BRONX', 15388)
('2006_HARRASSMENT 2_BROOKLYN', 20469)
('2006_HARRASSMENT 2_MANHATTAN', 13625)
('2006_HARRASSMENT 2_QUEENS', 14038)
('2006_HARRASSMENT 2_STATEN ISLAND', 5275)
('2006_LOITERING/DEVIATE SEX_BRONX', 2)
('2006_LOITERING/GAMBLING (CARDS, DIC_BRONX', 2)
('2006_LOITERING/GAMBLING (CARDS, DIC_BROOKLYN', 22)
('2006_LOITERING/GAMBLING (CARDS, DIC_MANHATTAN', 6)
('2006_LOITERING/GAMBLING (CARDS, DIC_QUEENS', 4)
('2006_LOITERING_BROOKLYN', 1)
('2006_MISCELLANEOUS PENAL LAW_BRONX', 188)
('2006_MISCELLANEOUS PENAL LAW_BROOKLYN', 193)
('2006_MISCELLANEOUS PENAL LAW_MANHATTAN', 178)
('2006_MISCELLANEOUS PENAL LAW_QUEENS', 87)
('2006_MISCELLANEOUS PENAL LAW_STATEN ISLAND', 37)
('2006_NEW YORK CITY HEALTH CODE_BRONX', 1)
('2006_NEW YORK CITY HEALTH CODE_BROOKLYN', 1)
('2006_NEW YORK CITY HEALTH CODE_MANHATTAN', 3)
('2006_NEW YORK CITY HEALTH CODE_QUEENS', 1)
('2006_OTHER STATE LAWS_BRONX', 5)
('2006_OTHER STATE LAWS_BROOKLYN', 10)
('2006_OTHER STATE LAWS_MANHATTAN', 7)
('2006_OTHER STATE LAWS_QUEENS', 3)
('2006_OTHER STATE LAWS_STATEN ISLAND', 1)
('2006_UNLAWFUL POSS. WEAP. ON SCHOOL_BRONX', 1)
('2006_UNLAWFUL POSS. WEAP. ON SCHOOL_BROOKLYN', 3)
('2006_UNLAWFUL POSS. WEAP. ON SCHOOL_MANHATTAN', 1)
('2006_UNLAWFUL POSS. WEAP. ON SCHOOL_QUEENS', 2)
('2006__BRONX', 4)
('2006__BROOKLYN', 3)
('2006__MANHATTAN', 3)
('2006__QUEENS', 2)
('2007_ADMINISTRATIVE CODES_MANHATTAN', 1)
('2007_ADMINISTRATIVE CODES_QUEENS', 1)
('2007_ADMINISTRATIVE CODE_BRONX', 36)
('2007_ADMINISTRATIVE CODE_BROOKLYN', 33)
('2007_ADMINISTRATIVE CODE_MANHATTAN', 52)
('2007_ADMINISTRATIVE CODE_QUEENS', 38)
('2007_ADMINISTRATIVE CODE_STATEN ISLAND', 7)
('2007_HARRASSMENT 2_BRONX', 14581)
('2007_HARRASSMENT 2_BROOKLYN', 18689)
('2007_HARRASSMENT 2_MANHATTAN', 13272)
('2007_HARRASSMENT 2_QUEENS', 13652)
('2007_HARRASSMENT 2_STATEN ISLAND', 5047)
('2007_LOITERING/GAMBLING (CARDS, DIC_BRONX', 2)
('2007_LOITERING/GAMBLING (CARDS, DIC_BROOKLYN', 28)
('2007_LOITERING/GAMBLING (CARDS, DIC_MANHATTAN', 16)
('2007_LOITERING/GAMBLING (CARDS, DIC_QUEENS', 1)
('2007_LOITERING/GAMBLING (CARDS, DIC_STATEN ISLAND', 2)
('2007_LOITERING_BRONX', 1)
('2007_MISCELLANEOUS PENAL LAW_BRONX', 188)
('2007_MISCELLANEOUS PENAL LAW_BROOKLYN', 233)
('2007_MISCELLANEOUS PENAL LAW_MANHATTAN', 238)
('2007_MISCELLANEOUS PENAL LAW_QUEENS', 95)
('2007_MISCELLANEOUS PENAL LAW_STATEN ISLAND', 28)
('2007_NEW YORK CITY HEALTH CODE_MANHATTAN', 2)
('2007_NEW YORK CITY HEALTH CODE_QUEENS', 2)
('2007_NEW YORK CITY HEALTH CODE_STATEN ISLAND', 1)
('2007_OTHER STATE LAWS_BRONX', 6)
('2007_OTHER STATE LAWS_BROOKLYN', 9)
('2007_OTHER STATE LAWS_MANHATTAN', 12)
('2007_OTHER STATE LAWS_QUEENS', 13)
('2007_OTHER STATE LAWS_STATEN ISLAND', 2)
('2007_OTHER TRAFFIC INFRACTION_QUEENS', 1)
('2007_UNLAWFUL POSS. WEAP. ON SCHOOL_BRONX', 1)
('2007_UNLAWFUL POSS. WEAP. ON SCHOOL_QUEENS', 1)
('2007_UNLAWFUL POSS. WEAP. ON SCHOOL_STATEN ISLAND', 1)
('2007__BRONX', 5)
('2007__MANHATTAN', 2)
('2007__QUEENS', 1)
('2008_ADMINISTRATIVE CODES_BROOKLYN', 1)
('2008_ADMINISTRATIVE CODES_MANHATTAN', 1)
('2008_ADMINISTRATIVE CODES_QUEENS', 2)
('2008_ADMINISTRATIVE CODE_BRONX', 17)
('2008_ADMINISTRATIVE CODE_BROOKLYN', 25)
('2008_ADMINISTRATIVE CODE_MANHATTAN', 63)
('2008_ADMINISTRATIVE CODE_QUEENS', 37)
('2008_ADMINISTRATIVE CODE_STATEN ISLAND', 7)
('2008_DISORDERLY CONDUCT_BRONX', 17)
('2008_DISORDERLY CONDUCT_BROOKLYN', 21)
('2008_DISORDERLY CONDUCT_MANHATTAN', 29)
('2008_DISORDERLY CONDUCT_QUEENS', 7)
('2008_DISORDERLY CONDUCT_STATEN ISLAND', 5)
('2008_HARRASSMENT 2_BRONX', 12865)
('2008_HARRASSMENT 2_BROOKLYN', 17933)
('2008_HARRASSMENT 2_MANHATTAN', 12473)
('2008_HARRASSMENT 2_QUEENS', 13187)
('2008_HARRASSMENT 2_STATEN ISLAND', 4674)
('2008_LOITERING/DEVIATE SEX_BRONX', 1)
('2008_LOITERING/GAMBLING (CARDS, DIC_BROOKLYN', 10)
('2008_LOITERING/GAMBLING (CARDS, DIC_MANHATTAN', 12)
('2008_LOITERING/GAMBLING (CARDS, DIC_QUEENS', 2)
('2008_LOITERING_BROOKLYN', 2)
('2008_LOITERING_MANHATTAN', 1)
('2008_LOITERING_QUEENS', 4)
('2008_MISCELLANEOUS PENAL LAW_BRONX', 185)
('2008_MISCELLANEOUS PENAL LAW_BROOKLYN', 189)
('2008_MISCELLANEOUS PENAL LAW_MANHATTAN', 266)
('2008_MISCELLANEOUS PENAL LAW_QUEENS', 103)
('2008_MISCELLANEOUS PENAL LAW_STATEN ISLAND', 27)
('2008_NEW YORK CITY HEALTH CODE_BROOKLYN', 1)
('2008_OTHER STATE LAWS_BRONX', 2)
('2008_OTHER STATE LAWS_BROOKLYN', 5)
('2008_OTHER STATE LAWS_MANHATTAN', 8)
('2008_OTHER STATE LAWS_QUEENS', 5)
('2008_OTHER TRAFFIC INFRACTION_QUEENS', 3)
('2008_UNLAWFUL POSS. WEAP. ON SCHOOL_BRONX', 1)
('2008_UNLAWFUL POSS. WEAP. ON SCHOOL_MANHATTAN', 3)
('2008_UNLAWFUL POSS. WEAP. ON SCHOOL_QUEENS', 1)
('2008__QUEENS', 1)
('2009_ADMINISTRATIVE CODE_BRONX', 36)
('2009_ADMINISTRATIVE CODE_BROOKLYN', 49)
('2009_ADMINISTRATIVE CODE_MANHATTAN', 102)
('2009_ADMINISTRATIVE CODE_QUEENS', 38)
('2009_ADMINISTRATIVE CODE_STATEN ISLAND', 7)
('2009_DISORDERLY CONDUCT_BRONX', 52)
('2009_DISORDERLY CONDUCT_BROOKLYN', 53)
('2009_DISORDERLY CONDUCT_MANHATTAN', 55)
('2009_DISORDERLY CONDUCT_QUEENS', 13)
('2009_DISORDERLY CONDUCT_STATEN ISLAND', 9)
('2009_HARRASSMENT 2_BRONX', 12440)
('2009_HARRASSMENT 2_BROOKLYN', 17144)
('2009_HARRASSMENT 2_MANHATTAN', 11899)
('2009_HARRASSMENT 2_QUEENS', 12701)
('2009_HARRASSMENT 2_STATEN ISLAND', 4399)
('2009_LOITERING/DEVIATE SEX_MANHATTAN', 1)
('2009_LOITERING/DEVIATE SEX_QUEENS', 12)
('2009_LOITERING/GAMBLING (CARDS, DIC_BRONX', 2)
('2009_LOITERING/GAMBLING (CARDS, DIC_BROOKLYN', 10)
('2009_LOITERING/GAMBLING (CARDS, DIC_MANHATTAN', 15)
('2009_LOITERING/GAMBLING (CARDS, DIC_QUEENS', 2)
('2009_LOITERING_BRONX', 1)
('2009_LOITERING_MANHATTAN', 1)
('2009_LOITERING_QUEENS', 1)
('2009_MISCELLANEOUS PENAL LAW_BRONX', 174)
('2009_MISCELLANEOUS PENAL LAW_BROOKLYN', 223)
('2009_MISCELLANEOUS PENAL LAW_MANHATTAN', 321)
('2009_MISCELLANEOUS PENAL LAW_QUEENS', 116)
('2009_MISCELLANEOUS PENAL LAW_STATEN ISLAND', 25)
('2009_NEW YORK CITY HEALTH CODE_MANHATTAN', 4)
('2009_NEW YORK CITY HEALTH CODE_QUEENS', 1)
('2009_OTHER STATE LAWS_BROOKLYN', 4)
('2009_OTHER STATE LAWS_MANHATTAN', 9)
('2009_OTHER STATE LAWS_QUEENS', 8)
('2009_OTHER STATE LAWS_STATEN ISLAND', 1)
('2009_UNDER THE INFLUENCE OF DRUGS_MANHATTAN', 1)
('2009_UNLAWFUL POSS. WEAP. ON SCHOOL_BRONX', 3)
('2009_UNLAWFUL POSS. WEAP. ON SCHOOL_BROOKLYN', 3)
('2009_UNLAWFUL POSS. WEAP. ON SCHOOL_MANHATTAN', 1)
('2009_UNLAWFUL POSS. WEAP. ON SCHOOL_QUEENS', 2)
('2009__BROOKLYN', 2)
('2010_ADMINISTRATIVE CODES_BROOKLYN', 1)
('2010_ADMINISTRATIVE CODES_QUEENS', 1)
('2010_ADMINISTRATIVE CODE_BRONX', 8)
('2010_ADMINISTRATIVE CODE_BROOKLYN', 40)
('2010_ADMINISTRATIVE CODE_MANHATTAN', 83)
('2010_ADMINISTRATIVE CODE_QUEENS', 17)
('2010_ADMINISTRATIVE CODE_STATEN ISLAND', 7)
('2010_DISORDERLY CONDUCT_BRONX', 49)
('2010_DISORDERLY CONDUCT_BROOKLYN', 56)
('2010_DISORDERLY CONDUCT_MANHATTAN', 40)
('2010_DISORDERLY CONDUCT_QUEENS', 13)
('2010_DISORDERLY CONDUCT_STATEN ISLAND', 4)
('2010_HARRASSMENT 2_BRONX', 12215)
('2010_HARRASSMENT 2_BROOKLYN', 17080)
('2010_HARRASSMENT 2_MANHATTAN', 11623)
('2010_HARRASSMENT 2_QUEENS', 11982)
('2010_HARRASSMENT 2_STATEN ISLAND', 4444)
('2010_LOITERING/GAMBLING (CARDS, DIC_BRONX', 1)
('2010_LOITERING/GAMBLING (CARDS, DIC_BROOKLYN', 9)
('2010_LOITERING/GAMBLING (CARDS, DIC_MANHATTAN', 4)
('2010_LOITERING/GAMBLING (CARDS, DIC_QUEENS', 2)
('2010_LOITERING_MANHATTAN', 1)
('2010_MISCELLANEOUS PENAL LAW_BRONX', 176)
('2010_MISCELLANEOUS PENAL LAW_BROOKLYN', 251)
('2010_MISCELLANEOUS PENAL LAW_MANHATTAN', 327)
('2010_MISCELLANEOUS PENAL LAW_QUEENS', 109)
('2010_MISCELLANEOUS PENAL LAW_STATEN ISLAND', 40)
('2010_NEW YORK CITY HEALTH CODE_MANHATTAN', 2)
('2010_OTHER STATE LAWS_BRONX', 3)
('2010_OTHER STATE LAWS_BROOKLYN', 7)
('2010_OTHER STATE LAWS_MANHATTAN', 14)
('2010_OTHER STATE LAWS_QUEENS', 9)
('2010_OTHER STATE LAWS_STATEN ISLAND', 7)
('2010_UNLAWFUL POSS. WEAP. ON SCHOOL_BRONX', 2)
('2010_UNLAWFUL POSS. WEAP. ON SCHOOL_BROOKLYN', 1)
('2010_UNLAWFUL POSS. WEAP. ON SCHOOL_MANHATTAN', 1)
('2010_UNLAWFUL POSS. WEAP. ON SCHOOL_QUEENS', 1)
('2010__BRONX', 1)
('2011_ADMINISTRATIVE CODES_QUEENS', 1)
('2011_ADMINISTRATIVE CODE_BRONX', 36)
('2011_ADMINISTRATIVE CODE_BROOKLYN', 41)
('2011_ADMINISTRATIVE CODE_MANHATTAN', 57)
('2011_ADMINISTRATIVE CODE_QUEENS', 33)
('2011_ADMINISTRATIVE CODE_STATEN ISLAND', 6)
('2011_DISORDERLY CONDUCT_BRONX', 39)
('2011_DISORDERLY CONDUCT_BROOKLYN', 41)
('2011_DISORDERLY CONDUCT_MANHATTAN', 28)
('2011_DISORDERLY CONDUCT_QUEENS', 12)
('2011_HARRASSMENT 2_BRONX', 11564)
('2011_HARRASSMENT 2_BROOKLYN', 16316)
('2011_HARRASSMENT 2_MANHATTAN', 10895)
('2011_HARRASSMENT 2_QUEENS', 11420)
('2011_HARRASSMENT 2_STATEN ISLAND', 4035)
('2011_LOITERING/GAMBLING (CARDS, DIC_BRONX', 1)
('2011_LOITERING/GAMBLING (CARDS, DIC_BROOKLYN', 10)
('2011_LOITERING/GAMBLING (CARDS, DIC_MANHATTAN', 4)
('2011_LOITERING/GAMBLING (CARDS, DIC_QUEENS', 1)
('2011_LOITERING_BROOKLYN', 1)
('2011_LOITERING_MANHATTAN', 1)
('2011_MISCELLANEOUS PENAL LAW_BRONX', 161)
('2011_MISCELLANEOUS PENAL LAW_BROOKLYN', 257)
('2011_MISCELLANEOUS PENAL LAW_MANHATTAN', 276)
('2011_MISCELLANEOUS PENAL LAW_QUEENS', 130)
('2011_MISCELLANEOUS PENAL LAW_STATEN ISLAND', 30)
('2011_NEW YORK CITY HEALTH CODE_BROOKLYN', 1)
('2011_NEW YORK CITY HEALTH CODE_MANHATTAN', 2)
('2011_NEW YORK CITY HEALTH CODE_QUEENS', 1)
('2011_OTHER STATE LAWS_BRONX', 1)
('2011_OTHER STATE LAWS_BROOKLYN', 6)
('2011_OTHER STATE LAWS_MANHATTAN', 9)
('2011_OTHER STATE LAWS_QUEENS', 2)
('2011_OTHER TRAFFIC INFRACTION_QUEENS', 1)
('2011_UNLAWFUL POSS. WEAP. ON SCHOOL_BRONX', 4)
('2011_UNLAWFUL POSS. WEAP. ON SCHOOL_BROOKLYN', 1)
('2011_UNLAWFUL POSS. WEAP. ON SCHOOL_MANHATTAN', 1)
('2011_UNLAWFUL POSS. WEAP. ON SCHOOL_QUEENS', 2)
('2011__MANHATTAN', 1)
('2012_ADMINISTRATIVE CODES_BROOKLYN', 1)
('2012_ADMINISTRATIVE CODES_QUEENS', 3)
('2012_ADMINISTRATIVE CODE_BRONX', 23)
('2012_ADMINISTRATIVE CODE_BROOKLYN', 31)
('2012_ADMINISTRATIVE CODE_MANHATTAN', 56)
('2012_ADMINISTRATIVE CODE_QUEENS', 30)
('2012_ADMINISTRATIVE CODE_STATEN ISLAND', 3)
('2012_DISORDERLY CONDUCT_BRONX', 16)
('2012_DISORDERLY CONDUCT_BROOKLYN', 29)
('2012_DISORDERLY CONDUCT_MANHATTAN', 43)
('2012_DISORDERLY CONDUCT_QUEENS', 7)
('2012_DISORDERLY CONDUCT_STATEN ISLAND', 2)
('2012_HARRASSMENT 2_BRONX', 12028)
('2012_HARRASSMENT 2_BROOKLYN', 17759)
('2012_HARRASSMENT 2_MANHATTAN', 11534)
('2012_HARRASSMENT 2_QUEENS', 11617)
('2012_HARRASSMENT 2_STATEN ISLAND', 4100)
('2012_LOITERING/GAMBLING (CARDS, DIC_BRONX', 1)
('2012_LOITERING/GAMBLING (CARDS, DIC_BROOKLYN', 2)
('2012_LOITERING/GAMBLING (CARDS, DIC_MANHATTAN', 4)
('2012_LOITERING/GAMBLING (CARDS, DIC_QUEENS', 2)
('2012_LOITERING_MANHATTAN', 1)
('2012_LOITERING_QUEENS', 2)
('2012_MISCELLANEOUS PENAL LAW_BRONX', 184)
('2012_MISCELLANEOUS PENAL LAW_BROOKLYN', 290)
('2012_MISCELLANEOUS PENAL LAW_MANHATTAN', 290)
('2012_MISCELLANEOUS PENAL LAW_QUEENS', 116)
('2012_MISCELLANEOUS PENAL LAW_STATEN ISLAND', 20)
('2012_OTHER STATE LAWS_BROOKLYN', 4)
('2012_OTHER STATE LAWS_MANHATTAN', 8)
('2012_OTHER STATE LAWS_QUEENS', 8)
('2012_OTHER TRAFFIC INFRACTION_BROOKLYN', 1)
('2012_OTHER TRAFFIC INFRACTION_QUEENS', 2)
('2012_UNLAWFUL POSS. WEAP. ON SCHOOL_BRONX', 2)
('2012_UNLAWFUL POSS. WEAP. ON SCHOOL_BROOKLYN', 1)
('2012_UNLAWFUL POSS. WEAP. ON SCHOOL_QUEENS', 2)
('2012__BROOKLYN', 2)
('2013_ADMINISTRATIVE CODES_MANHATTAN', 1)
('2013_ADMINISTRATIVE CODE_BRONX', 15)
('2013_ADMINISTRATIVE CODE_BROOKLYN', 24)
('2013_ADMINISTRATIVE CODE_MANHATTAN', 41)
('2013_ADMINISTRATIVE CODE_QUEENS', 21)
('2013_ADMINISTRATIVE CODE_STATEN ISLAND', 5)
('2013_DISORDERLY CONDUCT_BRONX', 23)
('2013_DISORDERLY CONDUCT_BROOKLYN', 41)
('2013_DISORDERLY CONDUCT_MANHATTAN', 15)
('2013_DISORDERLY CONDUCT_QUEENS', 8)
('2013_DISORDERLY CONDUCT_STATEN ISLAND', 1)
('2013_HARRASSMENT 2_', 16)
('2013_HARRASSMENT 2_BRONX', 12319)
('2013_HARRASSMENT 2_BROOKLYN', 17660)
('2013_HARRASSMENT 2_MANHATTAN', 11229)
('2013_HARRASSMENT 2_QUEENS', 12309)
('2013_HARRASSMENT 2_STATEN ISLAND', 4082)
('2013_LOITERING/GAMBLING (CARDS, DIC_BRONX', 2)
('2013_LOITERING/GAMBLING (CARDS, DIC_BROOKLYN', 3)
('2013_LOITERING/GAMBLING (CARDS, DIC_MANHATTAN', 5)
('2013_LOITERING/GAMBLING (CARDS, DIC_QUEENS', 2)
('2013_LOITERING_MANHATTAN', 1)
('2013_MISCELLANEOUS PENAL LAW_BRONX', 141)
('2013_MISCELLANEOUS PENAL LAW_BROOKLYN', 304)
('2013_MISCELLANEOUS PENAL LAW_MANHATTAN', 314)
('2013_MISCELLANEOUS PENAL LAW_QUEENS', 131)
('2013_MISCELLANEOUS PENAL LAW_STATEN ISLAND', 20)
('2013_NEW YORK CITY HEALTH CODE_MANHATTAN', 1)
('2013_OTHER STATE LAWS_BROOKLYN', 2)
('2013_OTHER STATE LAWS_MANHATTAN', 9)
('2013_OTHER STATE LAWS_QUEENS', 3)
('2013_OTHER TRAFFIC INFRACTION_BRONX', 1)
('2013_OTHER TRAFFIC INFRACTION_BROOKLYN', 2)
('2013_UNLAWFUL POSS. WEAP. ON SCHOOL_BRONX', 2)
('2013_UNLAWFUL POSS. WEAP. ON SCHOOL_BROOKLYN', 4)
('2013_UNLAWFUL POSS. WEAP. ON SCHOOL_MANHATTAN', 1)
('2013_UNLAWFUL POSS. WEAP. ON SCHOOL_QUEENS', 3)
('2013__BRONX', 1)
('2013__MANHATTAN', 1)
('2014_ADMINISTRATIVE CODE_BRONX', 4)
('2014_ADMINISTRATIVE CODE_BROOKLYN', 17)
('2014_ADMINISTRATIVE CODE_MANHATTAN', 37)
('2014_ADMINISTRATIVE CODE_QUEENS', 25)
('2014_ADMINISTRATIVE CODE_STATEN ISLAND', 3)
('2014_DISORDERLY CONDUCT_BRONX', 13)
('2014_DISORDERLY CONDUCT_BROOKLYN', 20)
('2014_DISORDERLY CONDUCT_MANHATTAN', 9)
('2014_DISORDERLY CONDUCT_QUEENS', 4)
('2014_DISORDERLY CONDUCT_STATEN ISLAND', 1)
('2014_HARRASSMENT 2_BRONX', 12864)
('2014_HARRASSMENT 2_BROOKLYN', 19451)
('2014_HARRASSMENT 2_MANHATTAN', 11989)
('2014_HARRASSMENT 2_QUEENS', 13269)
('2014_HARRASSMENT 2_STATEN ISLAND', 4377)
('2014_LOITERING/GAMBLING (CARDS, DIC_BRONX', 1)
('2014_LOITERING/GAMBLING (CARDS, DIC_BROOKLYN', 2)
('2014_LOITERING/GAMBLING (CARDS, DIC_MANHATTAN', 2)
('2014_MISCELLANEOUS PENAL LAW_BRONX', 146)
('2014_MISCELLANEOUS PENAL LAW_BROOKLYN', 282)
('2014_MISCELLANEOUS PENAL LAW_MANHATTAN', 250)
('2014_MISCELLANEOUS PENAL LAW_QUEENS', 112)
('2014_MISCELLANEOUS PENAL LAW_STATEN ISLAND', 15)
('2014_NEW YORK CITY HEALTH CODE_BROOKLYN', 4)
('2014_NEW YORK CITY HEALTH CODE_MANHATTAN', 1)
('2014_OTHER STATE LAWS_BRONX', 4)
('2014_OTHER STATE LAWS_BROOKLYN', 3)
('2014_OTHER STATE LAWS_MANHATTAN', 8)
('2014_OTHER STATE LAWS_QUEENS', 4)
('2014_OTHER TRAFFIC INFRACTION_BROOKLYN', 1)
('2014_UNDER THE INFLUENCE OF DRUGS_QUEENS', 1)
('2014_UNLAWFUL POSS. WEAP. ON SCHOOL_MANHATTAN', 4)
('2014_UNLAWFUL POSS. WEAP. ON SCHOOL_QUEENS', 1)
('2015_ADMINISTRATIVE CODES_BROOKLYN', 1)
('2015_ADMINISTRATIVE CODES_QUEENS', 1)
('2015_ADMINISTRATIVE CODE_BRONX', 14)
('2015_ADMINISTRATIVE CODE_BROOKLYN', 27)
('2015_ADMINISTRATIVE CODE_MANHATTAN', 29)
('2015_ADMINISTRATIVE CODE_QUEENS', 18)
('2015_ADMINISTRATIVE CODE_STATEN ISLAND', 2)
('2015_DISORDERLY CONDUCT_BRONX', 16)
('2015_DISORDERLY CONDUCT_BROOKLYN', 23)
('2015_DISORDERLY CONDUCT_MANHATTAN', 12)
('2015_DISORDERLY CONDUCT_QUEENS', 3)
('2015_HARRASSMENT 2_BRONX', 13243)
('2015_HARRASSMENT 2_BROOKLYN', 19604)
('2015_HARRASSMENT 2_MANHATTAN', 12484)
('2015_HARRASSMENT 2_QUEENS', 12454)
('2015_HARRASSMENT 2_STATEN ISLAND', 4346)
('2015_LOITERING/GAMBLING (CARDS, DIC_BROOKLYN', 5)
('2015_LOITERING/GAMBLING (CARDS, DIC_MANHATTAN', 8)
('2015_LOITERING_BROOKLYN', 1)
('2015_MISCELLANEOUS PENAL LAW_BRONX', 91)
('2015_MISCELLANEOUS PENAL LAW_BROOKLYN', 321)
('2015_MISCELLANEOUS PENAL LAW_MANHATTAN', 239)
('2015_MISCELLANEOUS PENAL LAW_QUEENS', 123)
('2015_MISCELLANEOUS PENAL LAW_STATEN ISLAND', 13)
('2015_NEW YORK CITY HEALTH CODE_MANHATTAN', 2)
('2015_NYS LAWS-UNCLASSIFIED VIOLATION_BRONX', 2)
('2015_NYS LAWS-UNCLASSIFIED VIOLATION_BROOKLYN', 1)
('2015_NYS LAWS-UNCLASSIFIED VIOLATION_MANHATTAN', 2)
('2015_NYS LAWS-UNCLASSIFIED VIOLATION_QUEENS', 1)
('2015_OTHER STATE LAWS_BROOKLYN', 6)
('2015_OTHER STATE LAWS_MANHATTAN', 3)
('2015_OTHER STATE LAWS_QUEENS', 3)
('2015_OTHER TRAFFIC INFRACTION_BROOKLYN', 1)
('2015_UNDER THE INFLUENCE OF DRUGS_STATEN ISLAND', 1)
('2015_UNLAWFUL POSS. WEAP. ON SCHOOL_MANHATTAN', 2)
('2015__QUEENS', 1)
