('ADMINISTRATIVE CODES_NOISE,UNECESSARY', 18)
('ADMINISTRATIVE CODE_ADM.CODE,UNCLASSIFIED VIOLATIO', 329)
('ADMINISTRATIVE CODE_AIR POLLUTION-MOTOR VEH (ADM C', 2)
('ADMINISTRATIVE CODE_AIRPOLLUTION', 2)
('ADMINISTRATIVE CODE_ALCOHOLIC BEVERAGES,PUBLIC CON', 203)
('ADMINISTRATIVE CODE_BUILDING MATERIAL', 15)
('ADMINISTRATIVE CODE_ENVIRONMENTAL CONTROL BOARD', 1)
('ADMINISTRATIVE CODE_FIREWORKS', 10)
('ADMINISTRATIVE CODE_GYPSY CAB', 8)
('ADMINISTRATIVE CODE_IMITATION PISTOL/AIR RIFLE', 332)
('ADMINISTRATIVE CODE_N.Y.C. TRANSIT AUTH. R&R', 51)
('ADMINISTRATIVE CODE_PARK R&R,GAMBLING', 38)
('ADMINISTRATIVE CODE_PARKR&R,UNCLASSIFIED VIOLATION', 163)
('ADMINISTRATIVE CODE_PEDDLING,UNLAWFUL', 142)
('ADMINISTRATIVE CODE_POSSES OR CARRY A KNIFE', 150)
('DISORDERLY CONDUCT_DISORDERLY CONDUCT', 829)
('HARRASSMENT 2_HARASSMENT,SUBD 1,CIVILIAN', 235955)
('HARRASSMENT 2_HARASSMENT,SUBD 3,4,5', 368115)
('LOITERING/DEVIATE SEX_LOITERING,DEVIATE SEX', 16)
('LOITERING/GAMBLING (CARDS, DIC_LOITERING,GAMBLING,OTHER', 207)
('LOITERING_LOITERING,SCHOOL', 2)
('LOITERING_LOITERING,UNCLASSIFIED', 18)
('MISCELLANEOUS PENAL LAW_APPEARANCE TICKET FAIL TO RESP', 79)
('MISCELLANEOUS PENAL LAW_EXPOSURE OF A PERSON', 167)
('MISCELLANEOUS PENAL LAW_FIREWORKS, POSSESS/USE', 233)
('MISCELLANEOUS PENAL LAW_MARIJUANA, POSSESSION', 5769)
('MISCELLANEOUS PENAL LAW_POSTING ADVERTISEMENTS', 20)
('MISCELLANEOUS PENAL LAW_SOLICITATION 5,CRIMINAL', 12)
('MISCELLANEOUS PENAL LAW_THEFT OF SERVICES- CABLE TV SE', 339)
('MISCELLANEOUS PENAL LAW_TRESPASS 4,CRIMINAL SUB 2', 1634)
('NEW YORK CITY HEALTH CODE_HEALTH CODE,VIOLATION', 30)
('NEW YORK CITY HEALTH CODE_SMOKING TRANSPORTATION FACILIT', 1)
('NYS LAWS-UNCLASSIFIED VIOLATION_CONFINING ANIMAL IN VEHICLE/SHELTER', 2)
('NYS LAWS-UNCLASSIFIED VIOLATION_INAPPROPIATE SHELTER DOG LEFT', 4)
('OTHER STATE LAWS_A.B.C.,FALSE PROOF OF AGE', 33)
('OTHER STATE LAWS_EDUCATION LAW, TRUANCY', 2)
('OTHER STATE LAWS_EDUCATION LAW,STREET TRADE', 1)
('OTHER STATE LAWS_EDUCATION LAW,UNCLASSIFIED', 10)
('OTHER STATE LAWS_NY STATE LAWS,UNCLASSIFIED VIO', 186)
('OTHER STATE LAWS_PUBLIC HEALTH LAW,GLUE,INHALAT', 1)
('OTHER TRAFFIC INFRACTION_TRAFFIC,UNCLASSIFIED INFRACTIO', 13)
('UNDER THE INFLUENCE OF DRUGS_UNDER THE INFLUENCE OF DRUGS', 3)
('UNLAWFUL POSS. WEAP. ON SCHOOL_UNLAWFUL POSS. WEAPON UPON SCH', 59)
('_DISORDERLY CONDUCT', 13)
('_HARASSMENT,SUBD 1,CIVILIAN', 4)
('_HARASSMENT,SUBD 3,4,5', 4)
('_LOITERING FOR PROSTITUTION OR', 9)
