('01_2006', 5801)
('01_2007', 5394)
('01_2008', 5069)
('01_2009', 4636)
('01_2010', 4656)
('01_2011', 4325)
('01_2012', 4538)
('01_2013', 4689)
('01_2014', 4523)
('01_2015', 4377)
('02_2006', 5012)
('02_2007', 4461)
('02_2008', 4505)
('02_2009', 4087)
('02_2010', 3977)
('02_2011', 3920)
('02_2012', 4366)
('02_2013', 4193)
('02_2014', 3977)
('02_2015', 3985)
('03_2006', 5994)
('03_2007', 5339)
('03_2008', 5113)
('03_2009', 5017)
('03_2010', 5072)
('03_2011', 4583)
('03_2012', 5163)
('03_2013', 4513)
('03_2014', 4797)
('03_2015', 4893)
('04_2006', 5653)
('04_2007', 5309)
('04_2008', 5336)
('04_2009', 4790)
('04_2010', 5124)
('04_2011', 4428)
('04_2012', 4898)
('04_2013', 4672)
('04_2014', 4839)
('04_2015', 4994)
('05_2006', 6345)
('05_2007', 6181)
('05_2008', 5359)
('05_2009', 5427)
('05_2010', 5270)
('05_2011', 5031)
('05_2012', 5403)
('05_2013', 5054)
('05_2014', 5853)
('05_2015', 5706)
('06_2006', 6238)
('06_2007', 6029)
('06_2008', 5681)
('06_2009', 5325)
('06_2010', 5226)
('06_2011', 5126)
('06_2012', 5164)
('06_2013', 5002)
('06_2014', 6194)
('06_2015', 5646)
('07_2006', 6208)
('07_2007', 5912)
('07_2008', 5611)
('07_2009', 5445)
('07_2010', 5094)
('07_2011', 4993)
('07_2012', 5246)
('07_2013', 5238)
('07_2014', 6351)
('07_2015', 5949)
('08_2006', 5926)
('08_2007', 5654)
('08_2008', 5473)
('08_2009', 5444)
('08_2010', 5061)
('08_2011', 4662)
('08_2012', 5231)
('08_2013', 5131)
('08_2014', 5612)
('08_2015', 5940)
('09_2006', 5949)
('09_2007', 6124)
('09_2008', 5640)
('09_2009', 5262)
('09_2010', 5188)
('09_2011', 4839)
('09_2012', 5009)
('09_2013', 5274)
('09_2014', 5702)
('09_2015', 5738)
('10_2006', 5973)
('10_2007', 6010)
('10_2008', 5208)
('10_2009', 5242)
('10_2010', 5117)
('10_2011', 4618)
('10_2012', 4818)
('10_2013', 5535)
('10_2014', 5672)
('10_2015', 5508)
('11_2006', 5469)
('11_2007', 5022)
('11_2008', 4677)
('11_2009', 4849)
('11_2010', 4721)
('11_2011', 4505)
('11_2012', 4110)
('11_2013', 4903)
('11_2014', 4714)
('11_2015', 5179)
('12_2006', 5157)
('12_2007', 4865)
('12_2008', 4524)
('12_2009', 4416)
('12_2010', 4125)
('12_2011', 4398)
('12_2012', 4278)
('12_2013', 4559)
('12_2014', 4690)
('12_2015', 5188)

