('fall_2006', 17050)
('fall_2007', 16380)
('fall_2008', 14689)
('fall_2009', 14833)
('fall_2010', 14469)
('fall_2011', 13763)
('fall_2012', 13593)
('fall_2013', 15351)
('fall_2014', 15333)
('fall_2015', 16039)
('spring_2006', 18311)
('spring_2007', 17571)
('spring_2008', 16312)
('spring_2009', 15472)
('spring_2010', 15654)
('spring_2011', 14553)
('spring_2012', 15679)
('spring_2013', 14608)
('spring_2014', 16568)
('spring_2015', 16132)
('summer_2006', 18488)
('summer_2007', 17930)
('summer_2008', 17138)
('summer_2009', 16548)
('summer_2010', 15596)
('summer_2011', 14877)
('summer_2012', 15809)
('summer_2013', 15806)
('summer_2014', 18202)
('summer_2015', 17970)
('winter_2006', 15876)
('winter_2007', 14419)
('winter_2008', 14057)
('winter_2009', 13087)
('winter_2010', 12912)
('winter_2011', 12235)
('winter_2012', 13143)
('winter_2013', 12998)
('winter_2014', 12821)
('winter_2015', 12962)
