('2006_', 12)
('2006_ADMINISTRATIVE CODE', 146)
('2006_ADMINISTRATIVE CODES', 2)
('2006_HARRASSMENT 2', 68806)
('2006_LOITERING', 1)
('2006_LOITERING/DEVIATE SEX', 2)
('2006_LOITERING/GAMBLING (CARDS, DIC', 34)
('2006_MISCELLANEOUS PENAL LAW', 683)
('2006_NEW YORK CITY HEALTH CODE', 6)
('2006_OTHER STATE LAWS', 26)
('2006_UNLAWFUL POSS. WEAP. ON SCHOOL', 7)
('2007_', 8)
('2007_ADMINISTRATIVE CODE', 166)
('2007_ADMINISTRATIVE CODES', 2)
('2007_HARRASSMENT 2', 65241)
('2007_LOITERING', 1)
('2007_LOITERING/GAMBLING (CARDS, DIC', 49)
('2007_MISCELLANEOUS PENAL LAW', 782)
('2007_NEW YORK CITY HEALTH CODE', 5)
('2007_OTHER STATE LAWS', 42)
('2007_OTHER TRAFFIC INFRACTION', 1)
('2007_UNLAWFUL POSS. WEAP. ON SCHOOL', 3)
('2008_', 1)
('2008_ADMINISTRATIVE CODE', 149)
('2008_ADMINISTRATIVE CODES', 4)
('2008_DISORDERLY CONDUCT', 79)
('2008_HARRASSMENT 2', 61132)
('2008_LOITERING', 7)
('2008_LOITERING/DEVIATE SEX', 1)
('2008_LOITERING/GAMBLING (CARDS, DIC', 24)
('2008_MISCELLANEOUS PENAL LAW', 770)
('2008_NEW YORK CITY HEALTH CODE', 1)
('2008_OTHER STATE LAWS', 20)
('2008_OTHER TRAFFIC INFRACTION', 3)
('2008_UNLAWFUL POSS. WEAP. ON SCHOOL', 5)
('2009_', 2)
('2009_ADMINISTRATIVE CODE', 232)
('2009_DISORDERLY CONDUCT', 182)
('2009_HARRASSMENT 2', 58583)
('2009_LOITERING', 3)
('2009_LOITERING/DEVIATE SEX', 13)
('2009_LOITERING/GAMBLING (CARDS, DIC', 29)
('2009_MISCELLANEOUS PENAL LAW', 859)
('2009_NEW YORK CITY HEALTH CODE', 5)
('2009_OTHER STATE LAWS', 22)
('2009_UNDER THE INFLUENCE OF DRUGS', 1)
('2014_UNLAWFUL POSS. WEAP. ON SCHOOL', 5)
('2015_', 1)
('2015_ADMINISTRATIVE CODE', 90)
('2015_ADMINISTRATIVE CODES', 2)
('2015_DISORDERLY CONDUCT', 54)
('2015_HARRASSMENT 2', 62131)
('2015_LOITERING', 1)
('2015_LOITERING/GAMBLING (CARDS, DIC', 13)
('2015_MISCELLANEOUS PENAL LAW', 787)
('2015_NEW YORK CITY HEALTH CODE', 2)
('2015_NYS LAWS-UNCLASSIFIED VIOLATION', 6)
('2015_OTHER STATE LAWS', 12)
('2015_OTHER TRAFFIC INFRACTION', 1)
('2015_UNDER THE INFLUENCE OF DRUGS', 1)
('2015_UNLAWFUL POSS. WEAP. ON SCHOOL', 2)
