('2006_ADMINISTRATIVE CODE_Bedford', 1)
('2006_ADMINISTRATIVE CODE_Bensonhurst West', 1)
('2006_ADMINISTRATIVE CODE_Brownsville', 1)
('2006_ADMINISTRATIVE CODE_Bushwick North', 1)
('2006_ADMINISTRATIVE CODE_Bushwick South', 1)
('2006_ADMINISTRATIVE CODE_Canarsie', 1)
('2006_ADMINISTRATIVE CODE_Clinton Hill', 2)
('2006_ADMINISTRATIVE CODE_Crown Heights North', 3)
('2006_ADMINISTRATIVE CODE_East New York', 1)
('2006_ADMINISTRATIVE CODE_Flatbush', 1)
('2006_ADMINISTRATIVE CODE_Ocean Hill', 2)
('2006_ADMINISTRATIVE CODE_Rugby-Remsen Village', 1)
('2006_ADMINISTRATIVE CODE_Seagate-Coney Island', 1)
('2006_ADMINISTRATIVE CODE_Stuyvesant Heights', 1)
('2006_ADMINISTRATIVE CODE_Sunset Park East', 1)
('2006_ADMINISTRATIVE CODE_Sunset Park West', 1)
('2006_HARRASSMENT 2_Bath Beach', 203)
('2006_HARRASSMENT 2_Bay Ridge', 603)
('2006_HARRASSMENT 2_Bedford', 814)
('2006_HARRASSMENT 2_Bensonhurst East', 369)
('2006_HARRASSMENT 2_Bensonhurst West', 491)
('2006_HARRASSMENT 2_Borough Park', 356)
('2006_HARRASSMENT 2_Brighton Beach', 260)
('2006_HARRASSMENT 2_Brooklyn Heights-Cobble Hill', 108)
('2006_HARRASSMENT 2_Brownsville', 883)
('2006_HARRASSMENT 2_Bushwick North', 463)
('2006_HARRASSMENT 2_Bushwick South', 707)
('2006_HARRASSMENT 2_Canarsie', 874)
('2006_HARRASSMENT 2_Carroll Gardens-Columbia Street-Red Hook', 353)
('2006_HARRASSMENT 2_Clinton Hill', 332)
('2006_HARRASSMENT 2_Crown Heights North', 1113)
('2006_HARRASSMENT 2_Crown Heights South', 301)
('2006_HARRASSMENT 2_Cypress Hills-City Line', 284)
('2006_HARRASSMENT 2_DUMBO-Vinegar Hill-Downtown Brooklyn-Boerum Hill', 677)
('2006_HARRASSMENT 2_Dyker Heights', 187)
('2006_HARRASSMENT 2_East Flatbush-Farragut', 356)
('2006_HARRASSMENT 2_East New York', 940)
('2006_HARRASSMENT 2_East New York (Pennsylvania Ave)', 370)
('2006_HARRASSMENT 2_East Williamsburg', 287)
('2006_HARRASSMENT 2_Erasmus', 272)
('2006_HARRASSMENT 2_Flatbush', 807)
('2006_HARRASSMENT 2_Flatlands', 596)
('2006_HARRASSMENT 2_Fort Greene', 315)
('2006_HARRASSMENT 2_Georgetown-Marine Park-Bergen Beach-Mill Basin', 363)
('2006_HARRASSMENT 2_Gravesend', 252)
('2006_HARRASSMENT 2_Greenpoint', 237)
('2006_HARRASSMENT 2_Homecrest', 277)
('2006_HARRASSMENT 2_Kensington-Ocean Parkway', 193)
('2006_HARRASSMENT 2_Madison', 191)
('2006_HARRASSMENT 2_Midwood', 172)
('2006_HARRASSMENT 2_North Side-South Side', 291)
('2006_HARRASSMENT 2_Ocean Hill', 350)
('2006_HARRASSMENT 2_Ocean Parkway South', 79)
('2006_HARRASSMENT 2_Park Slope-Gowanus', 400)
('2006_HARRASSMENT 2_Prospect Heights', 89)
('2006_HARRASSMENT 2_Prospect Lefferts Gardens-Wingate', 550)
('2006_HARRASSMENT 2_Ridgewood', 8)
('2006_HARRASSMENT 2_Rugby-Remsen Village', 438)
('2006_HARRASSMENT 2_Seagate-Coney Island', 467)
('2006_HARRASSMENT 2_Sheepshead Bay-Gerritsen Beach-Manhattan Beach', 543)
('2006_HARRASSMENT 2_Starrett City', 53)
('2006_HARRASSMENT 2_Stuyvesant Heights', 896)
('2006_HARRASSMENT 2_Sunset Park East', 290)
('2006_HARRASSMENT 2_Sunset Park West', 414)
('2006_HARRASSMENT 2_West Brighton', 92)
('2006_HARRASSMENT 2_Williamsburg', 107)
('2006_HARRASSMENT 2_Windsor Terrace', 81)
('2006_HARRASSMENT 2_park-cemetery-etc-Brooklyn', 63)
('2006_LOITERING/GAMBLING (CARDS, DIC_Brownsville', 1)
('2006_LOITERING/GAMBLING (CARDS, DIC_Bushwick North', 1)
('2006_LOITERING/GAMBLING (CARDS, DIC_Bushwick South', 1)
('2006_LOITERING/GAMBLING (CARDS, DIC_Crown Heights North', 5)
('2006_LOITERING/GAMBLING (CARDS, DIC_Crown Heights South', 1)
('2006_LOITERING/GAMBLING (CARDS, DIC_East New York', 3)
('2006_LOITERING/GAMBLING (CARDS, DIC_East Williamsburg', 1)
('2006_LOITERING/GAMBLING (CARDS, DIC_Greenpoint', 1)
('2006_LOITERING/GAMBLING (CARDS, DIC_Ocean Hill', 4)
('2006_LOITERING/GAMBLING (CARDS, DIC_Stuyvesant Heights', 3)
('2006_LOITERING_Madison', 1)
('2006_MISCELLANEOUS PENAL LAW_Bath Beach', 4)
('2006_MISCELLANEOUS PENAL LAW_Bay Ridge', 4)
('2006_MISCELLANEOUS PENAL LAW_Bedford', 6)
('2006_MISCELLANEOUS PENAL LAW_Bensonhurst East', 2)
('2006_MISCELLANEOUS PENAL LAW_Bensonhurst West', 4)
('2006_MISCELLANEOUS PENAL LAW_Brighton Beach', 1)
('2006_MISCELLANEOUS PENAL LAW_Brownsville', 8)
('2006_MISCELLANEOUS PENAL LAW_Bushwick North', 3)
('2006_MISCELLANEOUS PENAL LAW_Bushwick South', 2)
('2006_MISCELLANEOUS PENAL LAW_Canarsie', 5)
('2006_MISCELLANEOUS PENAL LAW_Carroll Gardens-Columbia Street-Red Hook', 2)
('2006_MISCELLANEOUS PENAL LAW_Clinton Hill', 6)
('2006_MISCELLANEOUS PENAL LAW_Crown Heights North', 9)
('2006_MISCELLANEOUS PENAL LAW_Crown Heights South', 3)
('2006_MISCELLANEOUS PENAL LAW_Cypress Hills-City Line', 5)
('2006_MISCELLANEOUS PENAL LAW_DUMBO-Vinegar Hill-Downtown Brooklyn-Boerum Hill', 12)
('2006_MISCELLANEOUS PENAL LAW_Dyker Heights', 2)
('2006_MISCELLANEOUS PENAL LAW_East Flatbush-Farragut', 5)
('2006_MISCELLANEOUS PENAL LAW_East New York', 22)
('2006_MISCELLANEOUS PENAL LAW_East New York (Pennsylvania Ave)', 8)
('2006_MISCELLANEOUS PENAL LAW_East Williamsburg', 2)
('2006_MISCELLANEOUS PENAL LAW_Erasmus', 3)
('2006_MISCELLANEOUS PENAL LAW_Flatbush', 5)
('2006_MISCELLANEOUS PENAL LAW_Flatlands', 4)
('2006_MISCELLANEOUS PENAL LAW_Fort Greene', 6)
('2006_MISCELLANEOUS PENAL LAW_Georgetown-Marine Park-Bergen Beach-Mill Basin', 3)
('2006_MISCELLANEOUS PENAL LAW_Greenpoint', 2)
('2006_MISCELLANEOUS PENAL LAW_Kensington-Ocean Parkway', 1)
('2006_MISCELLANEOUS PENAL LAW_North Side-South Side', 3)
('2006_MISCELLANEOUS PENAL LAW_Ocean Hill', 4)
('2006_MISCELLANEOUS PENAL LAW_Park Slope-Gowanus', 4)
('2006_MISCELLANEOUS PENAL LAW_Prospect Lefferts Gardens-Wingate', 12)
('2006_MISCELLANEOUS PENAL LAW_Ridgewood', 1)
('2006_MISCELLANEOUS PENAL LAW_Rugby-Remsen Village', 6)
('2006_MISCELLANEOUS PENAL LAW_Seagate-Coney Island', 2)
('2006_MISCELLANEOUS PENAL LAW_Sheepshead Bay-Gerritsen Beach-Manhattan Beach', 3)
('2006_MISCELLANEOUS PENAL LAW_Starrett City', 1)
('2006_MISCELLANEOUS PENAL LAW_Stuyvesant Heights', 9)
('2006_MISCELLANEOUS PENAL LAW_Sunset Park East', 2)
('2006_MISCELLANEOUS PENAL LAW_Sunset Park West', 4)
('2006_NEW YORK CITY HEALTH CODE_Brighton Beach', 1)
('2006_OTHER STATE LAWS_Brownsville', 1)
('2006_OTHER STATE LAWS_Crown Heights North', 4)
('2006_OTHER STATE LAWS_Erasmus', 1)
('2006_OTHER STATE LAWS_Flatbush', 2)
('2006_OTHER STATE LAWS_Ocean Hill', 1)
('2006_OTHER STATE LAWS_Prospect Lefferts Gardens-Wingate', 1)
('2006_UNLAWFUL POSS. WEAP. ON SCHOOL_Brighton Beach', 1)
('2006_UNLAWFUL POSS. WEAP. ON SCHOOL_Crown Heights North', 1)
('2006_UNLAWFUL POSS. WEAP. ON SCHOOL_Stuyvesant Heights', 1)
('2006__Brighton Beach', 1)
('2006__Crown Heights North', 1)
('2006__Sunset Park West', 1)
('2007_ADMINISTRATIVE CODE_Brooklyn Heights-Cobble Hill', 1)
('2007_ADMINISTRATIVE CODE_Brownsville', 3)
('2007_ADMINISTRATIVE CODE_Crown Heights North', 1)
('2007_ADMINISTRATIVE CODE_Crown Heights South', 1)
('2007_ADMINISTRATIVE CODE_DUMBO-Vinegar Hill-Downtown Brooklyn-Boerum Hill', 3)
('2007_ADMINISTRATIVE CODE_East New York', 2)
('2007_ADMINISTRATIVE CODE_East New York (Pennsylvania Ave)', 2)
('2007_ADMINISTRATIVE CODE_Erasmus', 1)
('2007_ADMINISTRATIVE CODE_Flatbush', 2)
('2007_ADMINISTRATIVE CODE_Fort Greene', 1)
('2007_ADMINISTRATIVE CODE_Madison', 1)
('2007_ADMINISTRATIVE CODE_Park Slope-Gowanus', 1)
('2007_ADMINISTRATIVE CODE_Prospect Lefferts Gardens-Wingate', 5)
('2007_ADMINISTRATIVE CODE_Sheepshead Bay-Gerritsen Beach-Manhattan Beach', 1)
('2007_ADMINISTRATIVE CODE_Stuyvesant Heights', 2)
('2007_ADMINISTRATIVE CODE_Sunset Park West', 1)
('2007_HARRASSMENT 2_Bath Beach', 181)
('2007_HARRASSMENT 2_Bay Ridge', 569)
('2007_HARRASSMENT 2_Bedford', 730)
('2007_HARRASSMENT 2_Bensonhurst East', 329)
('2007_HARRASSMENT 2_Bensonhurst West', 454)
('2007_HARRASSMENT 2_Borough Park', 330)
('2007_HARRASSMENT 2_Brighton Beach', 197)
('2007_HARRASSMENT 2_Brooklyn Heights-Cobble Hill', 85)
('2007_HARRASSMENT 2_Brownsville', 739)
('2007_HARRASSMENT 2_Bushwick North', 388)
('2007_HARRASSMENT 2_Bushwick South', 669)
('2007_HARRASSMENT 2_Canarsie', 752)
('2007_HARRASSMENT 2_Carroll Gardens-Columbia Street-Red Hook', 333)
('2007_HARRASSMENT 2_Clinton Hill', 301)
('2007_HARRASSMENT 2_Crown Heights North', 1173)
('2007_HARRASSMENT 2_Crown Heights South', 305)
('2007_HARRASSMENT 2_Cypress Hills-City Line', 245)
('2007_HARRASSMENT 2_DUMBO-Vinegar Hill-Downtown Brooklyn-Boerum Hill', 689)
('2007_HARRASSMENT 2_Dyker Heights', 159)
('2007_HARRASSMENT 2_East Flatbush-Farragut', 282)
('2007_HARRASSMENT 2_East New York', 879)
('2007_HARRASSMENT 2_East New York (Pennsylvania Ave)', 334)
('2007_HARRASSMENT 2_East Williamsburg', 262)
('2007_HARRASSMENT 2_Erasmus', 266)
('2007_HARRASSMENT 2_Flatbush', 629)
('2007_HARRASSMENT 2_Flatlands', 525)
('2007_HARRASSMENT 2_Fort Greene', 315)
('2007_HARRASSMENT 2_Georgetown-Marine Park-Bergen Beach-Mill Basin', 323)
('2007_HARRASSMENT 2_Gravesend', 200)
('2007_HARRASSMENT 2_Greenpoint', 205)
('2007_HARRASSMENT 2_Homecrest', 206)
('2007_HARRASSMENT 2_Kensington-Ocean Parkway', 146)
('2007_HARRASSMENT 2_Madison', 213)
('2007_HARRASSMENT 2_Midwood', 164)
('2007_HARRASSMENT 2_North Side-South Side', 257)
('2007_HARRASSMENT 2_Ocean Hill', 399)
('2007_HARRASSMENT 2_Ocean Parkway South', 91)
('2007_HARRASSMENT 2_Park Slope-Gowanus', 403)
('2007_HARRASSMENT 2_Prospect Heights', 91)
('2007_HARRASSMENT 2_Prospect Lefferts Gardens-Wingate', 564)
('2007_HARRASSMENT 2_Ridgewood', 1)
('2007_HARRASSMENT 2_Rugby-Remsen Village', 304)
('2007_HARRASSMENT 2_Seagate-Coney Island', 378)
('2007_HARRASSMENT 2_Sheepshead Bay-Gerritsen Beach-Manhattan Beach', 484)
('2007_HARRASSMENT 2_Starrett City', 63)
('2007_HARRASSMENT 2_Stuyvesant Heights', 945)
('2007_HARRASSMENT 2_Sunset Park East', 249)
('2007_HARRASSMENT 2_Sunset Park West', 345)
('2007_HARRASSMENT 2_West Brighton', 74)
('2007_HARRASSMENT 2_Williamsburg', 103)
('2007_HARRASSMENT 2_Windsor Terrace', 64)
('2007_HARRASSMENT 2_Woodhaven', 2)
('2007_HARRASSMENT 2_park-cemetery-etc-Brooklyn', 68)
('2007_LOITERING/GAMBLING (CARDS, DIC_Bedford', 9)
('2007_LOITERING/GAMBLING (CARDS, DIC_Bushwick North', 3)
('2007_LOITERING/GAMBLING (CARDS, DIC_Bushwick South', 1)
('2007_LOITERING/GAMBLING (CARDS, DIC_Clinton Hill', 3)
('2007_LOITERING/GAMBLING (CARDS, DIC_Crown Heights North', 1)
('2007_LOITERING/GAMBLING (CARDS, DIC_East New York', 1)
('2007_LOITERING/GAMBLING (CARDS, DIC_East New York (Pennsylvania Ave)', 1)
('2007_LOITERING/GAMBLING (CARDS, DIC_Erasmus', 1)
('2007_LOITERING/GAMBLING (CARDS, DIC_Ocean Hill', 2)
('2007_LOITERING/GAMBLING (CARDS, DIC_Rugby-Remsen Village', 2)
('2007_LOITERING/GAMBLING (CARDS, DIC_Stuyvesant Heights', 4)
('2007_MISCELLANEOUS PENAL LAW_Bath Beach', 1)
('2007_MISCELLANEOUS PENAL LAW_Bay Ridge', 8)
('2007_MISCELLANEOUS PENAL LAW_Bedford', 7)
('2007_MISCELLANEOUS PENAL LAW_Bensonhurst East', 7)
('2007_MISCELLANEOUS PENAL LAW_Bensonhurst West', 1)
('2007_MISCELLANEOUS PENAL LAW_Borough Park', 3)
('2007_MISCELLANEOUS PENAL LAW_Brooklyn Heights-Cobble Hill', 2)
('2007_MISCELLANEOUS PENAL LAW_Brownsville', 19)
('2007_MISCELLANEOUS PENAL LAW_Bushwick North', 3)
('2007_MISCELLANEOUS PENAL LAW_Bushwick South', 3)
('2007_MISCELLANEOUS PENAL LAW_Canarsie', 2)
('2007_MISCELLANEOUS PENAL LAW_Carroll Gardens-Columbia Street-Red Hook', 2)
('2007_MISCELLANEOUS PENAL LAW_Clinton Hill', 3)
('2007_MISCELLANEOUS PENAL LAW_Crown Heights North', 26)
('2007_MISCELLANEOUS PENAL LAW_Crown Heights South', 6)
('2007_MISCELLANEOUS PENAL LAW_Cypress Hills-City Line', 6)
('2007_MISCELLANEOUS PENAL LAW_DUMBO-Vinegar Hill-Downtown Brooklyn-Boerum Hill', 9)
('2007_MISCELLANEOUS PENAL LAW_East Flatbush-Farragut', 2)
('2007_MISCELLANEOUS PENAL LAW_East New York', 17)
('2007_MISCELLANEOUS PENAL LAW_East New York (Pennsylvania Ave)', 9)
('2007_MISCELLANEOUS PENAL LAW_East Williamsburg', 5)
('2007_MISCELLANEOUS PENAL LAW_Erasmus', 9)
('2007_MISCELLANEOUS PENAL LAW_Flatbush', 6)
('2007_MISCELLANEOUS PENAL LAW_Flatlands', 6)
('2007_MISCELLANEOUS PENAL LAW_Fort Greene', 4)
('2007_MISCELLANEOUS PENAL LAW_Georgetown-Marine Park-Bergen Beach-Mill Basin', 9)
('2007_MISCELLANEOUS PENAL LAW_Gravesend', 2)
('2007_MISCELLANEOUS PENAL LAW_Greenpoint', 2)
('2007_MISCELLANEOUS PENAL LAW_Kensington-Ocean Parkway', 1)
('2007_MISCELLANEOUS PENAL LAW_Madison', 2)
('2007_MISCELLANEOUS PENAL LAW_Midwood', 1)
('2007_MISCELLANEOUS PENAL LAW_North Side-South Side', 2)
('2007_MISCELLANEOUS PENAL LAW_Ocean Hill', 4)
('2007_MISCELLANEOUS PENAL LAW_Ocean Parkway South', 1)
('2007_MISCELLANEOUS PENAL LAW_Park Slope-Gowanus', 8)
('2007_MISCELLANEOUS PENAL LAW_Prospect Lefferts Gardens-Wingate', 8)
('2007_MISCELLANEOUS PENAL LAW_Rugby-Remsen Village', 7)
('2007_MISCELLANEOUS PENAL LAW_Seagate-Coney Island', 2)
('2007_MISCELLANEOUS PENAL LAW_Sheepshead Bay-Gerritsen Beach-Manhattan Beach', 4)
('2007_MISCELLANEOUS PENAL LAW_Starrett City', 2)
('2007_MISCELLANEOUS PENAL LAW_Stuyvesant Heights', 6)
('2007_MISCELLANEOUS PENAL LAW_Sunset Park West', 2)
('2007_MISCELLANEOUS PENAL LAW_Windsor Terrace', 1)
('2007_MISCELLANEOUS PENAL LAW_park-cemetery-etc-Brooklyn', 1)
('2007_OTHER STATE LAWS_Canarsie', 1)
('2007_OTHER STATE LAWS_Carroll Gardens-Columbia Street-Red Hook', 1)
('2007_OTHER STATE LAWS_Crown Heights North', 1)
('2007_OTHER STATE LAWS_Fort Greene', 1)
('2007_OTHER STATE LAWS_Prospect Lefferts Gardens-Wingate', 1)
('2007_OTHER STATE LAWS_Rugby-Remsen Village', 1)
('2007_OTHER STATE LAWS_Sunset Park East', 1)
('2007_OTHER STATE LAWS_park-cemetery-etc-Brooklyn', 1)
('2009_ADMINISTRATIVE CODE_Bensonhurst East', 1)
('2009_ADMINISTRATIVE CODE_Brownsville', 5)
('2009_ADMINISTRATIVE CODE_Bushwick South', 2)
('2009_ADMINISTRATIVE CODE_Carroll Gardens-Columbia Street-Red Hook', 1)
('2009_ADMINISTRATIVE CODE_Crown Heights North', 3)
('2009_ADMINISTRATIVE CODE_Crown Heights South', 1)
('2009_ADMINISTRATIVE CODE_DUMBO-Vinegar Hill-Downtown Brooklyn-Boerum Hill', 4)
('2009_ADMINISTRATIVE CODE_East New York', 1)
('2009_ADMINISTRATIVE CODE_East New York (Pennsylvania Ave)', 2)
('2009_ADMINISTRATIVE CODE_East Williamsburg', 1)
('2009_ADMINISTRATIVE CODE_Flatbush', 2)
('2009_ADMINISTRATIVE CODE_Fort Greene', 2)
('2009_ADMINISTRATIVE CODE_Greenpoint', 3)
('2009_ADMINISTRATIVE CODE_North Side-South Side', 1)
('2009_ADMINISTRATIVE CODE_Ocean Hill', 3)
('2009_ADMINISTRATIVE CODE_Prospect Lefferts Gardens-Wingate', 2)
('2009_ADMINISTRATIVE CODE_Rugby-Remsen Village', 3)
('2009_ADMINISTRATIVE CODE_Seagate-Coney Island', 3)
('2009_ADMINISTRATIVE CODE_Stuyvesant Heights', 2)
('2009_ADMINISTRATIVE CODE_West Brighton', 1)
('2009_ADMINISTRATIVE CODE_park-cemetery-etc-Brooklyn', 1)
('2009_DISORDERLY CONDUCT_Bedford', 1)
('2009_DISORDERLY CONDUCT_Bensonhurst West', 1)
('2009_DISORDERLY CONDUCT_Borough Park', 1)
('2009_DISORDERLY CONDUCT_Brighton Beach', 1)
('2009_DISORDERLY CONDUCT_Brownsville', 4)
('2009_DISORDERLY CONDUCT_Bushwick North', 1)
('2009_DISORDERLY CONDUCT_Bushwick South', 1)
('2009_DISORDERLY CONDUCT_Canarsie', 5)
('2009_DISORDERLY CONDUCT_Carroll Gardens-Columbia Street-Red Hook', 1)
('2009_DISORDERLY CONDUCT_Crown Heights North', 4)
('2009_DISORDERLY CONDUCT_Crown Heights South', 1)
('2009_DISORDERLY CONDUCT_DUMBO-Vinegar Hill-Downtown Brooklyn-Boerum Hill', 2)
('2009_DISORDERLY CONDUCT_East Flatbush-Farragut', 1)
('2009_DISORDERLY CONDUCT_East New York', 4)
('2009_DISORDERLY CONDUCT_East New York (Pennsylvania Ave)', 1)
('2009_DISORDERLY CONDUCT_Erasmus', 2)
('2009_DISORDERLY CONDUCT_Flatbush', 1)
('2009_DISORDERLY CONDUCT_Flatlands', 1)
('2009_DISORDERLY CONDUCT_Gravesend', 3)
('2009_DISORDERLY CONDUCT_Ocean Hill', 1)
('2009_DISORDERLY CONDUCT_Park Slope-Gowanus', 2)
('2009_DISORDERLY CONDUCT_Prospect Lefferts Gardens-Wingate', 1)
('2009_DISORDERLY CONDUCT_Rugby-Remsen Village', 3)
('2009_DISORDERLY CONDUCT_Seagate-Coney Island', 3)
('2009_DISORDERLY CONDUCT_Stuyvesant Heights', 6)
('2009_DISORDERLY CONDUCT_Sunset Park East', 1)
('2009_HARRASSMENT 2_Bath Beach', 155)
('2009_HARRASSMENT 2_Bay Ridge', 534)
('2009_HARRASSMENT 2_Bedford', 654)
('2009_HARRASSMENT 2_Bensonhurst East', 268)
('2009_HARRASSMENT 2_Bensonhurst West', 342)
('2009_HARRASSMENT 2_Borough Park', 322)
('2009_HARRASSMENT 2_Brighton Beach', 182)
('2009_HARRASSMENT 2_Brooklyn Heights-Cobble Hill', 81)
('2009_HARRASSMENT 2_Brownsville', 920)
('2009_HARRASSMENT 2_Bushwick North', 317)
('2009_HARRASSMENT 2_Bushwick South', 545)
('2009_HARRASSMENT 2_Canarsie', 684)
('2009_HARRASSMENT 2_Carroll Gardens-Columbia Street-Red Hook', 285)
('2009_HARRASSMENT 2_Clinton Hill', 293)
('2009_HARRASSMENT 2_Crown Heights North', 1074)
('2009_HARRASSMENT 2_Crown Heights South', 309)
('2009_HARRASSMENT 2_Cypress Hills-City Line', 304)
('2009_HARRASSMENT 2_DUMBO-Vinegar Hill-Downtown Brooklyn-Boerum Hill', 584)
('2009_HARRASSMENT 2_Dyker Heights', 167)
('2009_HARRASSMENT 2_East Flatbush-Farragut', 267)
('2009_HARRASSMENT 2_East New York', 913)
('2009_HARRASSMENT 2_East New York (Pennsylvania Ave)', 359)
('2009_HARRASSMENT 2_East Williamsburg', 198)
('2009_HARRASSMENT 2_Erasmus', 249)
('2009_HARRASSMENT 2_Flatbush', 495)
('2009_HARRASSMENT 2_Flatlands', 458)
('2009_HARRASSMENT 2_Fort Greene', 253)
('2009_HARRASSMENT 2_Georgetown-Marine Park-Bergen Beach-Mill Basin', 278)
('2009_HARRASSMENT 2_Gravesend', 189)
('2009_HARRASSMENT 2_Greenpoint', 146)
('2009_HARRASSMENT 2_Homecrest', 214)
('2009_HARRASSMENT 2_Kensington-Ocean Parkway', 138)
('2009_HARRASSMENT 2_Madison', 168)
('2009_HARRASSMENT 2_Midwood', 129)
('2009_HARRASSMENT 2_North Side-South Side', 238)
('2009_HARRASSMENT 2_Ocean Hill', 425)
('2009_HARRASSMENT 2_Ocean Parkway South', 72)
('2009_HARRASSMENT 2_Park Slope-Gowanus', 304)
('2009_HARRASSMENT 2_Prospect Heights', 99)
('2009_HARRASSMENT 2_Prospect Lefferts Gardens-Wingate', 599)
('2009_HARRASSMENT 2_Ridgewood', 5)
('2009_HARRASSMENT 2_Rugby-Remsen Village', 371)
('2009_HARRASSMENT 2_Seagate-Coney Island', 353)
('2009_HARRASSMENT 2_Sheepshead Bay-Gerritsen Beach-Manhattan Beach', 384)
('2009_HARRASSMENT 2_Starrett City', 45)
('2009_HARRASSMENT 2_Stuyvesant Heights', 782)
('2009_HARRASSMENT 2_Sunset Park East', 266)
('2009_HARRASSMENT 2_Sunset Park West', 363)
('2009_HARRASSMENT 2_West Brighton', 62)
('2009_HARRASSMENT 2_Williamsburg', 76)
('2009_HARRASSMENT 2_Windsor Terrace', 46)
('2009_HARRASSMENT 2_Woodhaven', 1)
('2009_HARRASSMENT 2_park-cemetery-etc-Brooklyn', 77)
('2009_LOITERING/GAMBLING (CARDS, DIC_Clinton Hill', 1)
('2009_LOITERING/GAMBLING (CARDS, DIC_Crown Heights North', 3)
('2009_LOITERING/GAMBLING (CARDS, DIC_Flatbush', 1)
('2009_LOITERING/GAMBLING (CARDS, DIC_Ocean Hill', 1)
('2009_LOITERING/GAMBLING (CARDS, DIC_Stuyvesant Heights', 3)
('2009_MISCELLANEOUS PENAL LAW_Bath Beach', 1)
('2009_MISCELLANEOUS PENAL LAW_Bay Ridge', 3)
('2009_MISCELLANEOUS PENAL LAW_Bedford', 3)
('2009_MISCELLANEOUS PENAL LAW_Bensonhurst East', 1)
('2009_MISCELLANEOUS PENAL LAW_Bensonhurst West', 4)
('2009_MISCELLANEOUS PENAL LAW_Borough Park', 3)
('2009_MISCELLANEOUS PENAL LAW_Brighton Beach', 2)
('2009_MISCELLANEOUS PENAL LAW_Brooklyn Heights-Cobble Hill', 2)
('2009_MISCELLANEOUS PENAL LAW_Brownsville', 25)
('2009_MISCELLANEOUS PENAL LAW_Bushwick North', 1)
('2009_MISCELLANEOUS PENAL LAW_Bushwick South', 4)
('2009_MISCELLANEOUS PENAL LAW_Canarsie', 7)
('2009_MISCELLANEOUS PENAL LAW_Carroll Gardens-Columbia Street-Red Hook', 4)
('2009_MISCELLANEOUS PENAL LAW_Clinton Hill', 2)
('2009_MISCELLANEOUS PENAL LAW_Crown Heights North', 20)
('2009_MISCELLANEOUS PENAL LAW_Crown Heights South', 5)
('2009_MISCELLANEOUS PENAL LAW_Cypress Hills-City Line', 4)
('2009_MISCELLANEOUS PENAL LAW_DUMBO-Vinegar Hill-Downtown Brooklyn-Boerum Hill', 13)
('2009_MISCELLANEOUS PENAL LAW_Dyker Heights', 1)
('2009_MISCELLANEOUS PENAL LAW_East Flatbush-Farragut', 5)
('2009_MISCELLANEOUS PENAL LAW_East New York', 18)
('2009_MISCELLANEOUS PENAL LAW_East New York (Pennsylvania Ave)', 5)
('2009_MISCELLANEOUS PENAL LAW_East Williamsburg', 2)
('2009_MISCELLANEOUS PENAL LAW_Erasmus', 7)
('2009_MISCELLANEOUS PENAL LAW_Flatbush', 6)
('2009_MISCELLANEOUS PENAL LAW_Flatlands', 1)
('2009_MISCELLANEOUS PENAL LAW_Fort Greene', 4)
('2009_MISCELLANEOUS PENAL LAW_Georgetown-Marine Park-Bergen Beach-Mill Basin', 2)
('2009_MISCELLANEOUS PENAL LAW_Gravesend', 1)
('2009_MISCELLANEOUS PENAL LAW_Greenpoint', 1)
('2009_MISCELLANEOUS PENAL LAW_Homecrest', 2)
('2009_MISCELLANEOUS PENAL LAW_Madison', 1)
('2009_MISCELLANEOUS PENAL LAW_North Side-South Side', 2)
('2009_MISCELLANEOUS PENAL LAW_Ocean Hill', 8)
('2009_MISCELLANEOUS PENAL LAW_Ocean Parkway South', 3)
('2009_MISCELLANEOUS PENAL LAW_Park Slope-Gowanus', 4)
('2009_MISCELLANEOUS PENAL LAW_Prospect Heights', 1)
('2009_MISCELLANEOUS PENAL LAW_Prospect Lefferts Gardens-Wingate', 9)
('2009_MISCELLANEOUS PENAL LAW_Rugby-Remsen Village', 6)
('2009_MISCELLANEOUS PENAL LAW_Seagate-Coney Island', 5)
('2009_MISCELLANEOUS PENAL LAW_Sheepshead Bay-Gerritsen Beach-Manhattan Beach', 5)
('2009_MISCELLANEOUS PENAL LAW_Stuyvesant Heights', 10)
('2009_MISCELLANEOUS PENAL LAW_Sunset Park East', 3)
('2009_MISCELLANEOUS PENAL LAW_Sunset Park West', 3)
('2009_MISCELLANEOUS PENAL LAW_Windsor Terrace', 1)
('2009_MISCELLANEOUS PENAL LAW_park-cemetery-etc-Brooklyn', 2)
('2009_OTHER STATE LAWS_Brownsville', 2)
('2009_OTHER STATE LAWS_Crown Heights North', 1)
('2009_UNLAWFUL POSS. WEAP. ON SCHOOL_Stuyvesant Heights', 2)
('2009_UNLAWFUL POSS. WEAP. ON SCHOOL_Williamsburg', 1)
('2009__Bushwick South', 2)
('2010_ADMINISTRATIVE CODES_Prospect Lefferts Gardens-Wingate', 1)
('2010_ADMINISTRATIVE CODE_Bay Ridge', 1)
('2010_ADMINISTRATIVE CODE_Bensonhurst East', 1)
('2010_ADMINISTRATIVE CODE_Bensonhurst West', 1)
('2010_ADMINISTRATIVE CODE_Brooklyn Heights-Cobble Hill', 1)
('2010_ADMINISTRATIVE CODE_Brownsville', 4)
('2010_ADMINISTRATIVE CODE_Bushwick South', 2)
('2010_ADMINISTRATIVE CODE_Canarsie', 1)
('2010_ADMINISTRATIVE CODE_Carroll Gardens-Columbia Street-Red Hook', 1)
('2010_ADMINISTRATIVE CODE_Clinton Hill', 1)
('2010_ADMINISTRATIVE CODE_Crown Heights North', 6)
('2010_ADMINISTRATIVE CODE_Crown Heights South', 1)
('2010_ADMINISTRATIVE CODE_Cypress Hills-City Line', 2)
('2010_ADMINISTRATIVE CODE_East New York', 3)
('2010_ADMINISTRATIVE CODE_East New York (Pennsylvania Ave)', 1)
('2010_ADMINISTRATIVE CODE_Flatbush', 3)
('2010_ADMINISTRATIVE CODE_Fort Greene', 1)
('2010_ADMINISTRATIVE CODE_Greenpoint', 2)
('2010_ADMINISTRATIVE CODE_North Side-South Side', 2)
('2010_ADMINISTRATIVE CODE_Ocean Hill', 2)
('2010_ADMINISTRATIVE CODE_Prospect Lefferts Gardens-Wingate', 1)
('2010_ADMINISTRATIVE CODE_Seagate-Coney Island', 1)
('2010_ADMINISTRATIVE CODE_Stuyvesant Heights', 1)
('2010_DISORDERLY CONDUCT_Bay Ridge', 1)
('2010_DISORDERLY CONDUCT_Bensonhurst West', 2)
('2010_DISORDERLY CONDUCT_Brownsville', 5)
('2010_DISORDERLY CONDUCT_Canarsie', 2)
('2010_DISORDERLY CONDUCT_Crown Heights North', 7)
('2010_DISORDERLY CONDUCT_Crown Heights South', 1)
('2010_DISORDERLY CONDUCT_Cypress Hills-City Line', 1)
('2010_DISORDERLY CONDUCT_DUMBO-Vinegar Hill-Downtown Brooklyn-Boerum Hill', 2)
('2010_DISORDERLY CONDUCT_East Flatbush-Farragut', 1)
('2010_DISORDERLY CONDUCT_East New York', 5)
('2010_DISORDERLY CONDUCT_Erasmus', 2)
('2010_DISORDERLY CONDUCT_Flatbush', 2)
('2010_DISORDERLY CONDUCT_Flatlands', 1)
('2010_DISORDERLY CONDUCT_Gravesend', 3)
('2010_DISORDERLY CONDUCT_Madison', 1)
('2010_DISORDERLY CONDUCT_Prospect Lefferts Gardens-Wingate', 1)
('2010_DISORDERLY CONDUCT_Seagate-Coney Island', 6)
('2010_DISORDERLY CONDUCT_Sheepshead Bay-Gerritsen Beach-Manhattan Beach', 2)
('2010_DISORDERLY CONDUCT_Stuyvesant Heights', 5)
('2010_DISORDERLY CONDUCT_Sunset Park East', 1)
('2010_DISORDERLY CONDUCT_Sunset Park West', 1)
('2010_DISORDERLY CONDUCT_West Brighton', 1)
('2010_DISORDERLY CONDUCT_Windsor Terrace', 1)
('2010_HARRASSMENT 2_Bath Beach', 145)
('2010_HARRASSMENT 2_Bay Ridge', 473)
('2010_HARRASSMENT 2_Bedford', 655)
('2010_HARRASSMENT 2_Bensonhurst East', 270)
('2010_HARRASSMENT 2_Bensonhurst West', 386)
('2010_HARRASSMENT 2_Borough Park', 277)
('2010_HARRASSMENT 2_Brighton Beach', 161)
('2010_HARRASSMENT 2_Brooklyn Heights-Cobble Hill', 98)
('2010_HARRASSMENT 2_Brownsville', 798)
('2010_HARRASSMENT 2_Bushwick North', 338)
('2010_HARRASSMENT 2_Bushwick South', 537)
('2010_HARRASSMENT 2_Canarsie', 708)
('2010_HARRASSMENT 2_Carroll Gardens-Columbia Street-Red Hook', 364)
('2010_HARRASSMENT 2_Clinton Hill', 277)
('2010_HARRASSMENT 2_Crown Heights North', 1136)
('2010_HARRASSMENT 2_Crown Heights South', 307)
('2010_HARRASSMENT 2_Cypress Hills-City Line', 238)
('2010_HARRASSMENT 2_DUMBO-Vinegar Hill-Downtown Brooklyn-Boerum Hill', 682)
('2010_HARRASSMENT 2_Dyker Heights', 180)
('2010_HARRASSMENT 2_East Flatbush-Farragut', 313)
('2010_HARRASSMENT 2_East New York', 871)
('2010_HARRASSMENT 2_East New York (Pennsylvania Ave)', 368)
('2010_HARRASSMENT 2_East Williamsburg', 225)
('2010_HARRASSMENT 2_Erasmus', 271)
('2010_HARRASSMENT 2_Flatbush', 441)
('2010_HARRASSMENT 2_Flatlands', 428)
('2010_HARRASSMENT 2_Fort Greene', 255)
('2010_HARRASSMENT 2_Georgetown-Marine Park-Bergen Beach-Mill Basin', 259)
('2010_HARRASSMENT 2_Gravesend', 141)
('2010_HARRASSMENT 2_Greenpoint', 141)
('2010_HARRASSMENT 2_Homecrest', 153)
('2010_HARRASSMENT 2_Kensington-Ocean Parkway', 142)
('2010_HARRASSMENT 2_Madison', 184)
('2010_HARRASSMENT 2_Midwood', 138)
('2010_HARRASSMENT 2_North Side-South Side', 256)
('2010_HARRASSMENT 2_Ocean Hill', 446)
('2010_HARRASSMENT 2_Ocean Parkway South', 72)
('2010_HARRASSMENT 2_Park Slope-Gowanus', 347)
('2010_HARRASSMENT 2_Prospect Heights', 80)
('2010_HARRASSMENT 2_Prospect Lefferts Gardens-Wingate', 614)
('2010_HARRASSMENT 2_Ridgewood', 5)
('2010_HARRASSMENT 2_Rugby-Remsen Village', 396)
('2010_HARRASSMENT 2_Seagate-Coney Island', 313)
('2010_HARRASSMENT 2_Sheepshead Bay-Gerritsen Beach-Manhattan Beach', 370)
('2010_HARRASSMENT 2_Starrett City', 52)
('2010_HARRASSMENT 2_Stuyvesant Heights', 843)
('2010_HARRASSMENT 2_Sunset Park East', 220)
('2010_HARRASSMENT 2_Sunset Park West', 324)
('2010_HARRASSMENT 2_West Brighton', 80)
('2010_HARRASSMENT 2_Williamsburg', 68)
('2010_HARRASSMENT 2_Windsor Terrace', 53)
('2010_HARRASSMENT 2_Woodhaven', 1)
('2010_HARRASSMENT 2_park-cemetery-etc-Brooklyn', 63)
('2010_LOITERING/GAMBLING (CARDS, DIC_Brownsville', 1)
('2010_LOITERING/GAMBLING (CARDS, DIC_Crown Heights North', 1)
('2010_LOITERING/GAMBLING (CARDS, DIC_Prospect Lefferts Gardens-Wingate', 5)
('2010_LOITERING/GAMBLING (CARDS, DIC_Rugby-Remsen Village', 1)
('2010_LOITERING/GAMBLING (CARDS, DIC_Stuyvesant Heights', 1)
('2010_MISCELLANEOUS PENAL LAW_Bath Beach', 1)
('2010_MISCELLANEOUS PENAL LAW_Bay Ridge', 5)
('2010_MISCELLANEOUS PENAL LAW_Bedford', 10)
('2010_MISCELLANEOUS PENAL LAW_Bensonhurst East', 2)
('2010_MISCELLANEOUS PENAL LAW_Bensonhurst West', 1)
('2010_MISCELLANEOUS PENAL LAW_Borough Park', 2)
('2010_MISCELLANEOUS PENAL LAW_Brighton Beach', 4)
('2010_MISCELLANEOUS PENAL LAW_Brooklyn Heights-Cobble Hill', 1)
('2010_MISCELLANEOUS PENAL LAW_Brownsville', 20)
('2010_MISCELLANEOUS PENAL LAW_Bushwick South', 7)
('2010_MISCELLANEOUS PENAL LAW_Canarsie', 13)
('2010_MISCELLANEOUS PENAL LAW_Carroll Gardens-Columbia Street-Red Hook', 5)
('2010_MISCELLANEOUS PENAL LAW_Clinton Hill', 5)
('2010_MISCELLANEOUS PENAL LAW_Crown Heights North', 19)
('2010_MISCELLANEOUS PENAL LAW_Crown Heights South', 5)
('2010_MISCELLANEOUS PENAL LAW_Cypress Hills-City Line', 5)
('2010_MISCELLANEOUS PENAL LAW_DUMBO-Vinegar Hill-Downtown Brooklyn-Boerum Hill', 15)
('2010_MISCELLANEOUS PENAL LAW_East Flatbush-Farragut', 7)
('2010_MISCELLANEOUS PENAL LAW_East New York', 12)
('2010_MISCELLANEOUS PENAL LAW_East New York (Pennsylvania Ave)', 11)
('2010_MISCELLANEOUS PENAL LAW_East Williamsburg', 2)
('2010_MISCELLANEOUS PENAL LAW_Erasmus', 4)
('2010_MISCELLANEOUS PENAL LAW_Flatbush', 11)
('2010_MISCELLANEOUS PENAL LAW_Flatlands', 7)
('2010_MISCELLANEOUS PENAL LAW_Fort Greene', 8)
('2010_MISCELLANEOUS PENAL LAW_Georgetown-Marine Park-Bergen Beach-Mill Basin', 1)
('2010_MISCELLANEOUS PENAL LAW_Gravesend', 1)
('2010_MISCELLANEOUS PENAL LAW_Homecrest', 1)
('2010_MISCELLANEOUS PENAL LAW_Madison', 1)
('2010_MISCELLANEOUS PENAL LAW_Midwood', 2)
('2010_MISCELLANEOUS PENAL LAW_North Side-South Side', 2)
('2010_MISCELLANEOUS PENAL LAW_Ocean Hill', 10)
('2010_MISCELLANEOUS PENAL LAW_Park Slope-Gowanus', 4)
('2010_MISCELLANEOUS PENAL LAW_Prospect Heights', 2)
('2010_MISCELLANEOUS PENAL LAW_Prospect Lefferts Gardens-Wingate', 6)
('2010_MISCELLANEOUS PENAL LAW_Rugby-Remsen Village', 9)
('2010_MISCELLANEOUS PENAL LAW_Seagate-Coney Island', 3)
('2010_MISCELLANEOUS PENAL LAW_Stuyvesant Heights', 13)
('2010_MISCELLANEOUS PENAL LAW_Sunset Park East', 1)
('2010_MISCELLANEOUS PENAL LAW_Sunset Park West', 3)
('2010_MISCELLANEOUS PENAL LAW_Williamsburg', 2)
('2010_MISCELLANEOUS PENAL LAW_park-cemetery-etc-Brooklyn', 4)
('2010_OTHER STATE LAWS_Bay Ridge', 1)
('2010_OTHER STATE LAWS_Crown Heights North', 1)
('2010_OTHER STATE LAWS_DUMBO-Vinegar Hill-Downtown Brooklyn-Boerum Hill', 1)
('2010_OTHER STATE LAWS_Park Slope-Gowanus', 1)
('2010_OTHER STATE LAWS_Prospect Heights', 1)
('2010_OTHER STATE LAWS_Rugby-Remsen Village', 1)
('2010_OTHER STATE LAWS_Sunset Park East', 1)
('2010_UNLAWFUL POSS. WEAP. ON SCHOOL_Stuyvesant Heights', 1)
('2011_ADMINISTRATIVE CODE_Bath Beach', 1)
('2011_ADMINISTRATIVE CODE_Bedford', 1)
('2011_ADMINISTRATIVE CODE_Brownsville', 5)
('2011_ADMINISTRATIVE CODE_Bushwick North', 2)
('2011_ADMINISTRATIVE CODE_Canarsie', 1)
('2011_ADMINISTRATIVE CODE_Clinton Hill', 1)
('2011_ADMINISTRATIVE CODE_Crown Heights North', 3)
('2011_ADMINISTRATIVE CODE_Cypress Hills-City Line', 1)
('2011_ADMINISTRATIVE CODE_DUMBO-Vinegar Hill-Downtown Brooklyn-Boerum Hill', 1)
('2011_ADMINISTRATIVE CODE_East New York', 5)
('2011_ADMINISTRATIVE CODE_East New York (Pennsylvania Ave)', 1)
('2011_ADMINISTRATIVE CODE_Flatlands', 2)
('2011_ADMINISTRATIVE CODE_Gravesend', 1)
('2011_ADMINISTRATIVE CODE_Homecrest', 1)
('2011_ADMINISTRATIVE CODE_Ocean Hill', 6)
('2011_ADMINISTRATIVE CODE_Park Slope-Gowanus', 2)
('2011_ADMINISTRATIVE CODE_Prospect Lefferts Gardens-Wingate', 1)
('2011_ADMINISTRATIVE CODE_Seagate-Coney Island', 1)
('2011_ADMINISTRATIVE CODE_Stuyvesant Heights', 3)
('2011_ADMINISTRATIVE CODE_Sunset Park East', 1)
('2011_DISORDERLY CONDUCT_Bedford', 2)
('2011_DISORDERLY CONDUCT_Bensonhurst West', 2)
('2011_DISORDERLY CONDUCT_Borough Park', 1)
('2011_DISORDERLY CONDUCT_Brownsville', 3)
('2011_DISORDERLY CONDUCT_Bushwick North', 1)
('2011_DISORDERLY CONDUCT_Canarsie', 3)
('2011_DISORDERLY CONDUCT_Crown Heights North', 4)
('2011_DISORDERLY CONDUCT_Cypress Hills-City Line', 2)
('2011_DISORDERLY CONDUCT_East New York', 7)
('2011_DISORDERLY CONDUCT_East New York (Pennsylvania Ave)', 1)
('2011_DISORDERLY CONDUCT_Erasmus', 3)
('2011_DISORDERLY CONDUCT_Flatbush', 1)
('2011_DISORDERLY CONDUCT_Greenpoint', 1)
('2011_DISORDERLY CONDUCT_Madison', 1)
('2011_DISORDERLY CONDUCT_Ocean Hill', 2)
('2011_DISORDERLY CONDUCT_Rugby-Remsen Village', 1)
('2011_DISORDERLY CONDUCT_Sheepshead Bay-Gerritsen Beach-Manhattan Beach', 1)
('2011_DISORDERLY CONDUCT_Stuyvesant Heights', 4)
('2011_HARRASSMENT 2_Bath Beach', 121)
('2011_HARRASSMENT 2_Bay Ridge', 508)
('2011_HARRASSMENT 2_Bedford', 582)
('2011_HARRASSMENT 2_Bensonhurst East', 281)
('2011_HARRASSMENT 2_Bensonhurst West', 351)
('2011_HARRASSMENT 2_Borough Park', 331)
('2011_HARRASSMENT 2_Brighton Beach', 198)
('2011_HARRASSMENT 2_Brooklyn Heights-Cobble Hill', 73)
('2011_HARRASSMENT 2_Brownsville', 774)
('2011_HARRASSMENT 2_Bushwick North', 327)
('2011_HARRASSMENT 2_Bushwick South', 547)
('2011_HARRASSMENT 2_Canarsie', 731)
('2011_HARRASSMENT 2_Carroll Gardens-Columbia Street-Red Hook', 280)
('2011_HARRASSMENT 2_Clinton Hill', 235)
('2011_HARRASSMENT 2_Crown Heights North', 1082)
('2011_HARRASSMENT 2_Crown Heights South', 295)
('2011_HARRASSMENT 2_Cypress Hills-City Line', 265)
('2011_HARRASSMENT 2_DUMBO-Vinegar Hill-Downtown Brooklyn-Boerum Hill', 646)
('2011_HARRASSMENT 2_Dyker Heights', 171)
('2011_HARRASSMENT 2_East Flatbush-Farragut', 308)
('2011_HARRASSMENT 2_East New York', 879)
('2011_HARRASSMENT 2_East New York (Pennsylvania Ave)', 357)
('2011_HARRASSMENT 2_East Williamsburg', 219)
('2011_HARRASSMENT 2_Erasmus', 265)
('2011_HARRASSMENT 2_Flatbush', 421)
('2011_HARRASSMENT 2_Flatlands', 354)
('2011_HARRASSMENT 2_Fort Greene', 295)
('2011_HARRASSMENT 2_Georgetown-Marine Park-Bergen Beach-Mill Basin', 179)
('2011_HARRASSMENT 2_Gravesend', 153)
('2011_HARRASSMENT 2_Greenpoint', 154)
('2011_HARRASSMENT 2_Homecrest', 131)
('2011_HARRASSMENT 2_Kensington-Ocean Parkway', 141)
('2011_HARRASSMENT 2_Lindenwood-Howard Beach', 1)
('2011_HARRASSMENT 2_Madison', 98)
('2011_HARRASSMENT 2_Midwood', 127)
('2011_HARRASSMENT 2_North Side-South Side', 215)
('2011_HARRASSMENT 2_Ocean Hill', 464)
('2011_HARRASSMENT 2_Ocean Parkway South', 66)
('2011_HARRASSMENT 2_Park Slope-Gowanus', 326)
('2011_HARRASSMENT 2_Prospect Heights', 74)
('2011_HARRASSMENT 2_Prospect Lefferts Gardens-Wingate', 585)
('2011_HARRASSMENT 2_Ridgewood', 4)
('2011_HARRASSMENT 2_Rugby-Remsen Village', 365)
('2011_HARRASSMENT 2_Seagate-Coney Island', 296)
('2011_HARRASSMENT 2_Sheepshead Bay-Gerritsen Beach-Manhattan Beach', 327)
('2011_HARRASSMENT 2_Starrett City', 40)
('2011_HARRASSMENT 2_Stuyvesant Heights', 738)
('2011_HARRASSMENT 2_Sunset Park East', 244)
('2011_HARRASSMENT 2_Sunset Park West', 325)
('2011_HARRASSMENT 2_West Brighton', 87)
('2011_HARRASSMENT 2_Williamsburg', 66)
('2011_HARRASSMENT 2_Windsor Terrace', 71)
('2011_HARRASSMENT 2_Woodhaven', 2)
('2011_HARRASSMENT 2_park-cemetery-etc-Brooklyn', 48)
('2011_LOITERING/GAMBLING (CARDS, DIC_Brownsville', 3)
('2011_LOITERING/GAMBLING (CARDS, DIC_Crown Heights North', 1)
('2011_LOITERING/GAMBLING (CARDS, DIC_Seagate-Coney Island', 1)
('2011_LOITERING/GAMBLING (CARDS, DIC_Stuyvesant Heights', 2)
('2011_LOITERING/GAMBLING (CARDS, DIC_Sunset Park East', 3)
('2011_LOITERING_East New York (Pennsylvania Ave)', 1)
('2011_MISCELLANEOUS PENAL LAW_Bath Beach', 2)
('2011_MISCELLANEOUS PENAL LAW_Bay Ridge', 3)
('2011_MISCELLANEOUS PENAL LAW_Bedford', 8)
('2011_MISCELLANEOUS PENAL LAW_Bensonhurst East', 1)
('2011_MISCELLANEOUS PENAL LAW_Bensonhurst West', 4)
('2011_MISCELLANEOUS PENAL LAW_Borough Park', 1)
('2011_MISCELLANEOUS PENAL LAW_Brighton Beach', 3)
('2011_MISCELLANEOUS PENAL LAW_Brooklyn Heights-Cobble Hill', 2)
('2011_MISCELLANEOUS PENAL LAW_Brownsville', 20)
('2011_MISCELLANEOUS PENAL LAW_Bushwick North', 1)
('2011_MISCELLANEOUS PENAL LAW_Bushwick South', 7)
('2011_MISCELLANEOUS PENAL LAW_Canarsie', 7)
('2011_MISCELLANEOUS PENAL LAW_Carroll Gardens-Columbia Street-Red Hook', 7)
('2011_MISCELLANEOUS PENAL LAW_Clinton Hill', 2)
('2011_MISCELLANEOUS PENAL LAW_Crown Heights North', 25)
('2011_MISCELLANEOUS PENAL LAW_Crown Heights South', 3)
('2011_MISCELLANEOUS PENAL LAW_Cypress Hills-City Line', 2)
('2011_MISCELLANEOUS PENAL LAW_DUMBO-Vinegar Hill-Downtown Brooklyn-Boerum Hill', 10)
('2011_MISCELLANEOUS PENAL LAW_Dyker Heights', 4)
('2011_MISCELLANEOUS PENAL LAW_East Flatbush-Farragut', 6)
('2011_MISCELLANEOUS PENAL LAW_East New York', 21)
('2011_MISCELLANEOUS PENAL LAW_East New York (Pennsylvania Ave)', 10)
('2011_MISCELLANEOUS PENAL LAW_East Williamsburg', 5)
('2011_MISCELLANEOUS PENAL LAW_Erasmus', 6)
('2011_MISCELLANEOUS PENAL LAW_Flatbush', 10)
('2011_MISCELLANEOUS PENAL LAW_Flatlands', 1)
('2011_MISCELLANEOUS PENAL LAW_Fort Greene', 4)
('2011_MISCELLANEOUS PENAL LAW_Georgetown-Marine Park-Bergen Beach-Mill Basin', 3)
('2011_MISCELLANEOUS PENAL LAW_Gravesend', 2)
('2011_MISCELLANEOUS PENAL LAW_Greenpoint', 1)
('2011_MISCELLANEOUS PENAL LAW_Homecrest', 2)
('2011_MISCELLANEOUS PENAL LAW_Kensington-Ocean Parkway', 1)
('2011_MISCELLANEOUS PENAL LAW_Midwood', 3)
('2011_MISCELLANEOUS PENAL LAW_North Side-South Side', 4)
('2011_MISCELLANEOUS PENAL LAW_Ocean Hill', 6)
('2011_MISCELLANEOUS PENAL LAW_Ocean Parkway South', 1)
('2011_MISCELLANEOUS PENAL LAW_Park Slope-Gowanus', 4)
('2011_MISCELLANEOUS PENAL LAW_Prospect Lefferts Gardens-Wingate', 13)
('2011_MISCELLANEOUS PENAL LAW_Rugby-Remsen Village', 7)
('2011_MISCELLANEOUS PENAL LAW_Seagate-Coney Island', 8)
('2011_MISCELLANEOUS PENAL LAW_Sheepshead Bay-Gerritsen Beach-Manhattan Beach', 3)
('2011_MISCELLANEOUS PENAL LAW_Stuyvesant Heights', 14)
('2011_MISCELLANEOUS PENAL LAW_Sunset Park East', 1)
('2011_MISCELLANEOUS PENAL LAW_Sunset Park West', 3)
('2011_MISCELLANEOUS PENAL LAW_West Brighton', 1)
('2011_MISCELLANEOUS PENAL LAW_Windsor Terrace', 1)
('2011_MISCELLANEOUS PENAL LAW_park-cemetery-etc-Brooklyn', 1)
('2011_NEW YORK CITY HEALTH CODE_Canarsie', 1)
('2011_OTHER STATE LAWS_Bedford', 1)
('2011_OTHER STATE LAWS_Brownsville', 1)
('2011_OTHER STATE LAWS_Bushwick North', 1)
('2011_OTHER STATE LAWS_East New York', 1)
('2011_OTHER STATE LAWS_Flatbush', 1)
('2011_OTHER STATE LAWS_Flatlands', 1)
('2011_UNLAWFUL POSS. WEAP. ON SCHOOL_East New York (Pennsylvania Ave)', 1)
('2012_ADMINISTRATIVE CODES_Bushwick North', 1)
('2012_ADMINISTRATIVE CODE_Bedford', 2)
('2012_ADMINISTRATIVE CODE_Bensonhurst West', 1)
('2012_ADMINISTRATIVE CODE_Borough Park', 1)
('2012_ADMINISTRATIVE CODE_Brownsville', 7)
('2012_ADMINISTRATIVE CODE_Bushwick South', 4)
('2012_ADMINISTRATIVE CODE_Canarsie', 3)
('2012_ADMINISTRATIVE CODE_Crown Heights North', 4)
('2012_ADMINISTRATIVE CODE_Crown Heights South', 1)
('2012_ADMINISTRATIVE CODE_Cypress Hills-City Line', 1)
('2012_ADMINISTRATIVE CODE_East New York (Pennsylvania Ave)', 1)
('2012_ADMINISTRATIVE CODE_Flatbush', 1)
('2012_ADMINISTRATIVE CODE_Fort Greene', 1)
('2012_ADMINISTRATIVE CODE_Gravesend', 1)
('2012_ADMINISTRATIVE CODE_Ocean Hill', 2)
('2012_ADMINISTRATIVE CODE_Prospect Lefferts Gardens-Wingate', 1)
('2012_DISORDERLY CONDUCT_Bedford', 2)
('2012_DISORDERLY CONDUCT_Brownsville', 2)
('2012_DISORDERLY CONDUCT_Bushwick North', 1)
('2012_DISORDERLY CONDUCT_Bushwick South', 1)
('2012_DISORDERLY CONDUCT_Canarsie', 1)
('2012_DISORDERLY CONDUCT_Clinton Hill', 1)
('2012_DISORDERLY CONDUCT_Crown Heights North', 1)
('2012_DISORDERLY CONDUCT_Cypress Hills-City Line', 1)
('2012_DISORDERLY CONDUCT_DUMBO-Vinegar Hill-Downtown Brooklyn-Boerum Hill', 1)
('2012_DISORDERLY CONDUCT_East Flatbush-Farragut', 3)
('2012_DISORDERLY CONDUCT_East New York', 2)
('2012_DISORDERLY CONDUCT_East New York (Pennsylvania Ave)', 2)
('2012_DISORDERLY CONDUCT_Flatbush', 1)
('2012_DISORDERLY CONDUCT_Fort Greene', 1)
('2012_DISORDERLY CONDUCT_Greenpoint', 1)
('2012_DISORDERLY CONDUCT_Homecrest', 1)
('2012_DISORDERLY CONDUCT_North Side-South Side', 1)
('2012_DISORDERLY CONDUCT_Park Slope-Gowanus', 1)
('2012_DISORDERLY CONDUCT_Prospect Lefferts Gardens-Wingate', 1)
('2012_DISORDERLY CONDUCT_Rugby-Remsen Village', 1)
('2012_DISORDERLY CONDUCT_Stuyvesant Heights', 1)
('2012_DISORDERLY CONDUCT_Sunset Park West', 2)
('2012_HARRASSMENT 2_Bath Beach', 148)
('2012_HARRASSMENT 2_Bay Ridge', 535)
('2012_HARRASSMENT 2_Bedford', 667)
('2012_HARRASSMENT 2_Bensonhurst East', 304)
('2012_HARRASSMENT 2_Bensonhurst West', 360)
('2012_HARRASSMENT 2_Borough Park', 317)
('2012_HARRASSMENT 2_Brighton Beach', 134)
('2012_HARRASSMENT 2_Brooklyn Heights-Cobble Hill', 90)
('2012_HARRASSMENT 2_Brownsville', 883)
('2012_HARRASSMENT 2_Bushwick North', 316)
('2012_HARRASSMENT 2_Bushwick South', 581)
('2012_HARRASSMENT 2_Canarsie', 799)
('2012_HARRASSMENT 2_Carroll Gardens-Columbia Street-Red Hook', 254)
('2012_HARRASSMENT 2_Chinatown', 1)
('2012_HARRASSMENT 2_Clinton Hill', 263)
('2012_HARRASSMENT 2_Crown Heights North', 1260)
('2012_HARRASSMENT 2_Crown Heights South', 363)
('2012_HARRASSMENT 2_Cypress Hills-City Line', 259)
('2012_HARRASSMENT 2_DUMBO-Vinegar Hill-Downtown Brooklyn-Boerum Hill', 691)
('2012_HARRASSMENT 2_Dyker Heights', 165)
('2012_HARRASSMENT 2_East Flatbush-Farragut', 313)
('2012_HARRASSMENT 2_East New York', 951)
('2012_HARRASSMENT 2_East New York (Pennsylvania Ave)', 374)
('2012_HARRASSMENT 2_East Williamsburg', 256)
('2012_HARRASSMENT 2_Erasmus', 316)
('2012_HARRASSMENT 2_Flatbush', 581)
('2012_HARRASSMENT 2_Flatlands', 350)
('2012_HARRASSMENT 2_Fort Greene', 325)
('2012_HARRASSMENT 2_Georgetown-Marine Park-Bergen Beach-Mill Basin', 179)
('2012_HARRASSMENT 2_Gravesend', 164)
('2012_HARRASSMENT 2_Greenpoint', 124)
('2012_HARRASSMENT 2_Homecrest', 156)
('2012_HARRASSMENT 2_Kensington-Ocean Parkway', 143)
('2012_HARRASSMENT 2_Madison', 129)
('2012_HARRASSMENT 2_Midwood', 161)
('2012_HARRASSMENT 2_North Side-South Side', 264)
('2012_HARRASSMENT 2_Ocean Hill', 534)
('2012_HARRASSMENT 2_Ocean Parkway South', 86)
('2012_HARRASSMENT 2_Park Slope-Gowanus', 393)
('2012_HARRASSMENT 2_Prospect Heights', 78)
('2012_HARRASSMENT 2_Prospect Lefferts Gardens-Wingate', 612)
('2012_HARRASSMENT 2_Ridgewood', 3)
('2012_HARRASSMENT 2_Rikers Island', 1)
('2012_HARRASSMENT 2_Rugby-Remsen Village', 379)
('2012_HARRASSMENT 2_Seagate-Coney Island', 291)
('2012_HARRASSMENT 2_Sheepshead Bay-Gerritsen Beach-Manhattan Beach', 364)
('2012_HARRASSMENT 2_Starrett City', 35)
('2012_HARRASSMENT 2_Stuyvesant Heights', 820)
('2012_HARRASSMENT 2_Sunset Park East', 246)
('2012_HARRASSMENT 2_Sunset Park West', 362)
('2012_HARRASSMENT 2_West Brighton', 77)
('2012_HARRASSMENT 2_Williamsburg', 96)
('2012_HARRASSMENT 2_Windsor Terrace', 62)
('2012_HARRASSMENT 2_Woodhaven', 3)
('2012_HARRASSMENT 2_park-cemetery-etc-Brooklyn', 53)
('2012_LOITERING/GAMBLING (CARDS, DIC_Crown Heights North', 1)
('2012_LOITERING/GAMBLING (CARDS, DIC_Seagate-Coney Island', 1)
('2012_MISCELLANEOUS PENAL LAW_Bay Ridge', 5)
('2012_MISCELLANEOUS PENAL LAW_Bedford', 19)
('2012_MISCELLANEOUS PENAL LAW_Bensonhurst East', 3)
('2012_MISCELLANEOUS PENAL LAW_Bensonhurst West', 2)
('2012_MISCELLANEOUS PENAL LAW_Borough Park', 2)
('2012_MISCELLANEOUS PENAL LAW_Brooklyn Heights-Cobble Hill', 1)
('2012_MISCELLANEOUS PENAL LAW_Brownsville', 35)
('2012_MISCELLANEOUS PENAL LAW_Bushwick North', 4)
('2012_MISCELLANEOUS PENAL LAW_Bushwick South', 6)
('2012_MISCELLANEOUS PENAL LAW_Canarsie', 13)
('2012_MISCELLANEOUS PENAL LAW_Carroll Gardens-Columbia Street-Red Hook', 5)
('2012_MISCELLANEOUS PENAL LAW_Clinton Hill', 6)
('2012_MISCELLANEOUS PENAL LAW_Crown Heights North', 23)
('2012_MISCELLANEOUS PENAL LAW_Crown Heights South', 9)
('2012_MISCELLANEOUS PENAL LAW_Cypress Hills-City Line', 4)
('2012_MISCELLANEOUS PENAL LAW_DUMBO-Vinegar Hill-Downtown Brooklyn-Boerum Hill', 15)
('2012_MISCELLANEOUS PENAL LAW_East Flatbush-Farragut', 5)
('2012_MISCELLANEOUS PENAL LAW_East New York', 25)
('2012_MISCELLANEOUS PENAL LAW_East New York (Pennsylvania Ave)', 6)
('2012_MISCELLANEOUS PENAL LAW_East Williamsburg', 2)
('2012_MISCELLANEOUS PENAL LAW_Flatbush', 3)
('2012_MISCELLANEOUS PENAL LAW_Flatlands', 4)
('2012_MISCELLANEOUS PENAL LAW_Fort Greene', 11)
('2012_MISCELLANEOUS PENAL LAW_Georgetown-Marine Park-Bergen Beach-Mill Basin', 5)
('2012_MISCELLANEOUS PENAL LAW_Greenpoint', 1)
('2012_MISCELLANEOUS PENAL LAW_Homecrest', 1)
('2012_MISCELLANEOUS PENAL LAW_Midwood', 1)
('2012_MISCELLANEOUS PENAL LAW_North Side-South Side', 3)
('2012_MISCELLANEOUS PENAL LAW_Ocean Hill', 14)
('2012_MISCELLANEOUS PENAL LAW_Ocean Parkway South', 1)
('2012_MISCELLANEOUS PENAL LAW_Park Slope-Gowanus', 6)
('2012_MISCELLANEOUS PENAL LAW_Prospect Heights', 1)
('2012_MISCELLANEOUS PENAL LAW_Prospect Lefferts Gardens-Wingate', 17)
('2012_MISCELLANEOUS PENAL LAW_Rugby-Remsen Village', 4)
('2012_MISCELLANEOUS PENAL LAW_Seagate-Coney Island', 3)
('2012_MISCELLANEOUS PENAL LAW_Sheepshead Bay-Gerritsen Beach-Manhattan Beach', 4)
('2012_MISCELLANEOUS PENAL LAW_Stuyvesant Heights', 10)
('2012_MISCELLANEOUS PENAL LAW_Sunset Park East', 2)
('2012_MISCELLANEOUS PENAL LAW_Sunset Park West', 3)
('2012_MISCELLANEOUS PENAL LAW_Williamsburg', 1)
('2012_MISCELLANEOUS PENAL LAW_park-cemetery-etc-Brooklyn', 1)
('2012_OTHER STATE LAWS_Brownsville', 1)
('2012_OTHER STATE LAWS_Flatbush', 1)
('2012_OTHER STATE LAWS_Homecrest', 1)
('2012_OTHER TRAFFIC INFRACTION_Brownsville', 1)
('2012_UNLAWFUL POSS. WEAP. ON SCHOOL_Midwood', 1)
('2012__Brownsville', 1)
('2012__Ocean Hill', 1)
('2013_ADMINISTRATIVE CODE_Bath Beach', 1)
('2013_ADMINISTRATIVE CODE_Bensonhurst East', 1)
('2013_ADMINISTRATIVE CODE_Bensonhurst West', 2)
('2013_ADMINISTRATIVE CODE_Brownsville', 1)
('2013_ADMINISTRATIVE CODE_Bushwick North', 2)
('2013_ADMINISTRATIVE CODE_Bushwick South', 1)
('2013_ADMINISTRATIVE CODE_Crown Heights North', 4)
('2013_ADMINISTRATIVE CODE_Cypress Hills-City Line', 1)
('2013_ADMINISTRATIVE CODE_East New York', 2)
('2013_ADMINISTRATIVE CODE_East New York (Pennsylvania Ave)', 1)
('2013_ADMINISTRATIVE CODE_Flatbush', 2)
('2013_ADMINISTRATIVE CODE_Madison', 1)
('2013_ADMINISTRATIVE CODE_Park Slope-Gowanus', 1)
('2013_ADMINISTRATIVE CODE_Stuyvesant Heights', 2)
('2013_ADMINISTRATIVE CODE_park-cemetery-etc-Brooklyn', 1)
('2013_DISORDERLY CONDUCT_Brownsville', 7)
('2013_DISORDERLY CONDUCT_Bushwick North', 2)
('2013_DISORDERLY CONDUCT_Bushwick South', 1)
('2013_DISORDERLY CONDUCT_Canarsie', 4)
('2013_DISORDERLY CONDUCT_Crown Heights North', 3)
('2013_DISORDERLY CONDUCT_Crown Heights South', 1)
('2013_DISORDERLY CONDUCT_Cypress Hills-City Line', 2)
('2013_DISORDERLY CONDUCT_DUMBO-Vinegar Hill-Downtown Brooklyn-Boerum Hill', 1)
('2013_DISORDERLY CONDUCT_East New York', 4)
('2013_DISORDERLY CONDUCT_East New York (Pennsylvania Ave)', 1)
('2013_DISORDERLY CONDUCT_Flatbush', 1)
('2013_DISORDERLY CONDUCT_Madison', 1)
('2013_DISORDERLY CONDUCT_North Side-South Side', 1)
('2013_DISORDERLY CONDUCT_Ocean Hill', 3)
('2013_DISORDERLY CONDUCT_Park Slope-Gowanus', 2)
('2013_DISORDERLY CONDUCT_Seagate-Coney Island', 2)
('2013_DISORDERLY CONDUCT_Stuyvesant Heights', 4)
('2013_DISORDERLY CONDUCT_West Brighton', 1)
('2013_HARRASSMENT 2_Bath Beach', 143)
('2013_HARRASSMENT 2_Bay Ridge', 521)
('2013_HARRASSMENT 2_Bedford', 619)
('2013_HARRASSMENT 2_Bensonhurst East', 280)
('2013_HARRASSMENT 2_Bensonhurst West', 386)
('2013_HARRASSMENT 2_Borough Park', 273)
('2013_HARRASSMENT 2_Brighton Beach', 166)
('2013_HARRASSMENT 2_Brooklyn Heights-Cobble Hill', 92)
('2013_HARRASSMENT 2_Brownsville', 873)
('2013_HARRASSMENT 2_Bushwick North', 364)
('2013_HARRASSMENT 2_Bushwick South', 570)
('2013_HARRASSMENT 2_Canarsie', 753)
('2013_HARRASSMENT 2_Carroll Gardens-Columbia Street-Red Hook', 243)
('2013_HARRASSMENT 2_Clinton Hill', 255)
('2013_HARRASSMENT 2_Crown Heights North', 1167)
('2013_HARRASSMENT 2_Crown Heights South', 359)
('2013_HARRASSMENT 2_Cypress Hills-City Line', 281)
('2013_HARRASSMENT 2_DUMBO-Vinegar Hill-Downtown Brooklyn-Boerum Hill', 596)
('2013_HARRASSMENT 2_Dyker Heights', 190)
('2013_HARRASSMENT 2_East Flatbush-Farragut', 330)
('2013_HARRASSMENT 2_East New York', 1010)
('2013_HARRASSMENT 2_East New York (Pennsylvania Ave)', 416)
('2013_HARRASSMENT 2_East Williamsburg', 249)
('2013_HARRASSMENT 2_Erasmus', 347)
('2013_HARRASSMENT 2_Flatbush', 558)
('2013_HARRASSMENT 2_Flatlands', 334)
('2013_HARRASSMENT 2_Fort Greene', 300)
('2013_HARRASSMENT 2_Georgetown-Marine Park-Bergen Beach-Mill Basin', 190)
('2013_HARRASSMENT 2_Gravesend', 147)
('2013_HARRASSMENT 2_Greenpoint', 106)
('2013_HARRASSMENT 2_Homecrest', 138)
('2013_HARRASSMENT 2_Kensington-Ocean Parkway', 130)
('2013_HARRASSMENT 2_Madison', 131)
('2013_HARRASSMENT 2_Midwood', 157)
('2013_HARRASSMENT 2_North Side-South Side', 244)
('2013_HARRASSMENT 2_Ocean Hill', 560)
('2013_HARRASSMENT 2_Ocean Parkway South', 76)
('2013_HARRASSMENT 2_Park Slope-Gowanus', 324)
('2013_HARRASSMENT 2_Prospect Heights', 103)
('2013_HARRASSMENT 2_Prospect Lefferts Gardens-Wingate', 662)
('2013_HARRASSMENT 2_Ridgewood', 7)
('2013_HARRASSMENT 2_Rugby-Remsen Village', 434)
('2013_HARRASSMENT 2_Seagate-Coney Island', 318)
('2013_HARRASSMENT 2_Sheepshead Bay-Gerritsen Beach-Manhattan Beach', 314)
('2013_HARRASSMENT 2_Starrett City', 57)
('2013_HARRASSMENT 2_Stuyvesant Heights', 880)
('2013_HARRASSMENT 2_Sunset Park East', 250)
('2013_HARRASSMENT 2_Sunset Park West', 369)
('2013_HARRASSMENT 2_West Brighton', 62)
('2013_HARRASSMENT 2_Williamsburg', 86)
('2013_HARRASSMENT 2_Windsor Terrace', 58)
('2013_HARRASSMENT 2_Woodhaven', 1)
('2013_HARRASSMENT 2_park-cemetery-etc-Brooklyn', 48)
('2013_LOITERING/GAMBLING (CARDS, DIC_Bay Ridge', 1)
('2013_LOITERING/GAMBLING (CARDS, DIC_Bedford', 1)
('2013_LOITERING/GAMBLING (CARDS, DIC_Crown Heights North', 1)
('2013_MISCELLANEOUS PENAL LAW_Bath Beach', 2)
('2013_MISCELLANEOUS PENAL LAW_Bay Ridge', 5)
('2013_MISCELLANEOUS PENAL LAW_Bedford', 9)
('2013_MISCELLANEOUS PENAL LAW_Bensonhurst East', 1)
('2013_MISCELLANEOUS PENAL LAW_Bensonhurst West', 5)
('2013_MISCELLANEOUS PENAL LAW_Borough Park', 3)
('2013_MISCELLANEOUS PENAL LAW_Brighton Beach', 2)
('2013_MISCELLANEOUS PENAL LAW_Brownsville', 41)
('2013_MISCELLANEOUS PENAL LAW_Bushwick North', 5)
('2013_MISCELLANEOUS PENAL LAW_Bushwick South', 6)
('2013_MISCELLANEOUS PENAL LAW_Canarsie', 7)
('2013_MISCELLANEOUS PENAL LAW_Carroll Gardens-Columbia Street-Red Hook', 6)
('2013_MISCELLANEOUS PENAL LAW_Clinton Hill', 5)
('2013_MISCELLANEOUS PENAL LAW_Crown Heights North', 22)
('2013_MISCELLANEOUS PENAL LAW_Crown Heights South', 7)
('2013_MISCELLANEOUS PENAL LAW_Cypress Hills-City Line', 7)
('2013_MISCELLANEOUS PENAL LAW_DUMBO-Vinegar Hill-Downtown Brooklyn-Boerum Hill', 8)
('2013_MISCELLANEOUS PENAL LAW_Dyker Heights', 5)
('2013_MISCELLANEOUS PENAL LAW_East Flatbush-Farragut', 6)
('2013_MISCELLANEOUS PENAL LAW_East New York', 34)
('2013_MISCELLANEOUS PENAL LAW_East New York (Pennsylvania Ave)', 11)
('2013_MISCELLANEOUS PENAL LAW_East Williamsburg', 7)
('2013_MISCELLANEOUS PENAL LAW_Erasmus', 3)
('2013_MISCELLANEOUS PENAL LAW_Flatbush', 1)
('2013_MISCELLANEOUS PENAL LAW_Flatlands', 7)
('2013_MISCELLANEOUS PENAL LAW_Fort Greene', 7)
('2013_MISCELLANEOUS PENAL LAW_Georgetown-Marine Park-Bergen Beach-Mill Basin', 1)
('2013_MISCELLANEOUS PENAL LAW_Gravesend', 1)
('2013_MISCELLANEOUS PENAL LAW_Kensington-Ocean Parkway', 1)
('2013_MISCELLANEOUS PENAL LAW_Madison', 1)
('2013_MISCELLANEOUS PENAL LAW_North Side-South Side', 3)
('2013_MISCELLANEOUS PENAL LAW_Ocean Hill', 15)
('2013_MISCELLANEOUS PENAL LAW_Ocean Parkway South', 2)
('2013_MISCELLANEOUS PENAL LAW_Park Slope-Gowanus', 1)
('2013_MISCELLANEOUS PENAL LAW_Prospect Lefferts Gardens-Wingate', 17)
('2013_MISCELLANEOUS PENAL LAW_Rugby-Remsen Village', 6)
('2013_MISCELLANEOUS PENAL LAW_Seagate-Coney Island', 5)
('2013_MISCELLANEOUS PENAL LAW_Sheepshead Bay-Gerritsen Beach-Manhattan Beach', 4)
('2013_MISCELLANEOUS PENAL LAW_Stuyvesant Heights', 14)
('2013_MISCELLANEOUS PENAL LAW_Sunset Park East', 1)
('2013_MISCELLANEOUS PENAL LAW_Sunset Park West', 4)
('2013_MISCELLANEOUS PENAL LAW_West Brighton', 1)
('2013_MISCELLANEOUS PENAL LAW_Williamsburg', 1)
('2013_MISCELLANEOUS PENAL LAW_park-cemetery-etc-Brooklyn', 3)
('2013_OTHER STATE LAWS_Bushwick North', 1)
('2013_OTHER STATE LAWS_Ocean Hill', 1)
('2013_OTHER TRAFFIC INFRACTION_Bushwick North', 2)
('2013_UNLAWFUL POSS. WEAP. ON SCHOOL_Bushwick North', 1)
('2013_UNLAWFUL POSS. WEAP. ON SCHOOL_DUMBO-Vinegar Hill-Downtown Brooklyn-Boerum Hill', 1)
('2013_UNLAWFUL POSS. WEAP. ON SCHOOL_Gravesend', 1)
('2013_UNLAWFUL POSS. WEAP. ON SCHOOL_North Side-South Side', 1)
('2014_ADMINISTRATIVE CODE_Bedford', 1)
('2014_ADMINISTRATIVE CODE_Bushwick North', 1)
('2014_ADMINISTRATIVE CODE_Bushwick South', 1)
('2014_ADMINISTRATIVE CODE_Crown Heights North', 4)
('2014_ADMINISTRATIVE CODE_East New York', 1)
('2014_ADMINISTRATIVE CODE_East New York (Pennsylvania Ave)', 2)
('2014_ADMINISTRATIVE CODE_Georgetown-Marine Park-Bergen Beach-Mill Basin', 1)
('2014_ADMINISTRATIVE CODE_Gravesend', 1)
('2014_ADMINISTRATIVE CODE_Homecrest', 1)
('2014_ADMINISTRATIVE CODE_Madison', 1)
('2014_ADMINISTRATIVE CODE_Ocean Hill', 1)
('2014_ADMINISTRATIVE CODE_Sheepshead Bay-Gerritsen Beach-Manhattan Beach', 1)
('2014_ADMINISTRATIVE CODE_Stuyvesant Heights', 1)
('2014_DISORDERLY CONDUCT_Bensonhurst West', 1)
('2014_DISORDERLY CONDUCT_Brownsville', 7)
('2014_DISORDERLY CONDUCT_Canarsie', 3)
('2014_DISORDERLY CONDUCT_Clinton Hill', 1)
('2014_DISORDERLY CONDUCT_Crown Heights North', 2)
('2014_DISORDERLY CONDUCT_East New York (Pennsylvania Ave)', 1)
('2014_DISORDERLY CONDUCT_Flatlands', 1)
('2014_DISORDERLY CONDUCT_Ocean Hill', 1)
('2014_DISORDERLY CONDUCT_Prospect Lefferts Gardens-Wingate', 1)
('2014_DISORDERLY CONDUCT_Seagate-Coney Island', 2)
('2014_HARRASSMENT 2_Bath Beach', 178)
('2014_HARRASSMENT 2_Bay Ridge', 455)
('2014_HARRASSMENT 2_Bedford', 696)
('2014_HARRASSMENT 2_Bensonhurst East', 323)
('2014_HARRASSMENT 2_Bensonhurst West', 421)
('2014_HARRASSMENT 2_Borough Park', 231)
('2014_HARRASSMENT 2_Brighton Beach', 205)
('2014_HARRASSMENT 2_Brooklyn Heights-Cobble Hill', 126)
('2014_HARRASSMENT 2_Brownsville', 934)
('2014_HARRASSMENT 2_Bushwick North', 370)
('2014_HARRASSMENT 2_Bushwick South', 585)
('2014_HARRASSMENT 2_Canarsie', 813)
('2014_HARRASSMENT 2_Carroll Gardens-Columbia Street-Red Hook', 297)
('2014_HARRASSMENT 2_Clinton Hill', 249)
('2014_HARRASSMENT 2_Crown Heights North', 1367)
('2014_HARRASSMENT 2_Crown Heights South', 328)
('2014_HARRASSMENT 2_Cypress Hills-City Line', 379)
('2014_HARRASSMENT 2_DUMBO-Vinegar Hill-Downtown Brooklyn-Boerum Hill', 642)
('2014_HARRASSMENT 2_Dyker Heights', 141)
('2014_HARRASSMENT 2_East Flatbush-Farragut', 418)
('2014_HARRASSMENT 2_East New York', 1237)
('2014_HARRASSMENT 2_East New York (Pennsylvania Ave)', 428)
('2014_HARRASSMENT 2_East Williamsburg', 282)
('2014_HARRASSMENT 2_Erasmus', 342)
('2014_HARRASSMENT 2_Flatbush', 640)
('2014_HARRASSMENT 2_Flatlands', 417)
('2014_HARRASSMENT 2_Fort Greene', 322)
('2014_HARRASSMENT 2_Georgetown-Marine Park-Bergen Beach-Mill Basin', 170)
('2014_HARRASSMENT 2_Gravesend', 149)
('2014_HARRASSMENT 2_Greenpoint', 174)
('2014_HARRASSMENT 2_Homecrest', 139)
('2014_HARRASSMENT 2_Kensington-Ocean Parkway', 145)
('2014_HARRASSMENT 2_Madison', 131)
('2014_HARRASSMENT 2_Midwood', 162)
('2014_HARRASSMENT 2_North Side-South Side', 295)
('2014_HARRASSMENT 2_Ocean Hill', 552)
('2014_HARRASSMENT 2_Ocean Parkway South', 48)
('2014_HARRASSMENT 2_Park Slope-Gowanus', 396)
('2014_HARRASSMENT 2_Prospect Heights', 117)
('2014_HARRASSMENT 2_Prospect Lefferts Gardens-Wingate', 692)
('2014_HARRASSMENT 2_Ridgewood', 10)
('2014_HARRASSMENT 2_Rikers Island', 1)
('2014_HARRASSMENT 2_Rugby-Remsen Village', 685)
('2014_HARRASSMENT 2_Seagate-Coney Island', 404)
('2014_HARRASSMENT 2_Sheepshead Bay-Gerritsen Beach-Manhattan Beach', 330)
('2014_HARRASSMENT 2_Starrett City', 81)
('2014_HARRASSMENT 2_Stuyvesant Heights', 877)
('2014_HARRASSMENT 2_Sunset Park East', 236)
('2014_HARRASSMENT 2_Sunset Park West', 353)
('2014_HARRASSMENT 2_West Brighton', 100)
('2014_HARRASSMENT 2_Williamsburg', 99)
('2014_HARRASSMENT 2_Windsor Terrace', 65)
('2014_HARRASSMENT 2_Woodhaven', 3)
('2014_HARRASSMENT 2_park-cemetery-etc-Brooklyn', 57)
('2014_LOITERING/GAMBLING (CARDS, DIC_Cypress Hills-City Line', 1)
('2014_LOITERING/GAMBLING (CARDS, DIC_East New York (Pennsylvania Ave)', 1)
('2014_MISCELLANEOUS PENAL LAW_Bath Beach', 4)
('2014_MISCELLANEOUS PENAL LAW_Bay Ridge', 3)
('2014_MISCELLANEOUS PENAL LAW_Bedford', 9)
('2014_MISCELLANEOUS PENAL LAW_Bensonhurst East', 3)
('2014_MISCELLANEOUS PENAL LAW_Bensonhurst West', 3)
('2014_MISCELLANEOUS PENAL LAW_Brighton Beach', 1)
('2014_MISCELLANEOUS PENAL LAW_Brooklyn Heights-Cobble Hill', 1)
('2014_MISCELLANEOUS PENAL LAW_Brownsville', 23)
('2014_MISCELLANEOUS PENAL LAW_Bushwick North', 2)
('2014_MISCELLANEOUS PENAL LAW_Bushwick South', 12)
('2014_MISCELLANEOUS PENAL LAW_Canarsie', 12)
('2014_MISCELLANEOUS PENAL LAW_Carroll Gardens-Columbia Street-Red Hook', 5)
('2014_MISCELLANEOUS PENAL LAW_Clinton Hill', 3)
('2014_MISCELLANEOUS PENAL LAW_Crown Heights North', 25)
('2014_MISCELLANEOUS PENAL LAW_Crown Heights South', 9)
('2014_MISCELLANEOUS PENAL LAW_Cypress Hills-City Line', 3)
('2014_MISCELLANEOUS PENAL LAW_DUMBO-Vinegar Hill-Downtown Brooklyn-Boerum Hill', 8)
('2014_MISCELLANEOUS PENAL LAW_Dyker Heights', 2)
('2014_MISCELLANEOUS PENAL LAW_East Flatbush-Farragut', 4)
('2014_MISCELLANEOUS PENAL LAW_East New York', 27)
('2014_MISCELLANEOUS PENAL LAW_East New York (Pennsylvania Ave)', 20)
('2014_MISCELLANEOUS PENAL LAW_East Williamsburg', 1)
('2014_MISCELLANEOUS PENAL LAW_Erasmus', 1)
('2014_MISCELLANEOUS PENAL LAW_Flatbush', 10)
('2014_MISCELLANEOUS PENAL LAW_Flatlands', 1)
('2014_MISCELLANEOUS PENAL LAW_Fort Greene', 6)
('2014_MISCELLANEOUS PENAL LAW_Georgetown-Marine Park-Bergen Beach-Mill Basin', 2)
('2014_MISCELLANEOUS PENAL LAW_Gravesend', 1)
('2014_MISCELLANEOUS PENAL LAW_Greenpoint', 1)
('2014_MISCELLANEOUS PENAL LAW_Kensington-Ocean Parkway', 2)
('2014_MISCELLANEOUS PENAL LAW_Madison', 4)
('2014_MISCELLANEOUS PENAL LAW_Midwood', 2)
('2014_MISCELLANEOUS PENAL LAW_North Side-South Side', 3)
('2014_MISCELLANEOUS PENAL LAW_Ocean Hill', 12)
('2014_MISCELLANEOUS PENAL LAW_Ocean Parkway South', 1)
('2014_MISCELLANEOUS PENAL LAW_Park Slope-Gowanus', 2)
('2014_MISCELLANEOUS PENAL LAW_Prospect Lefferts Gardens-Wingate', 16)
('2014_MISCELLANEOUS PENAL LAW_Rugby-Remsen Village', 8)
('2014_MISCELLANEOUS PENAL LAW_Seagate-Coney Island', 2)
('2014_MISCELLANEOUS PENAL LAW_Sheepshead Bay-Gerritsen Beach-Manhattan Beach', 4)
('2014_MISCELLANEOUS PENAL LAW_South Ozone Park', 1)
('2014_MISCELLANEOUS PENAL LAW_Stuyvesant Heights', 10)
('2014_MISCELLANEOUS PENAL LAW_Sunset Park East', 2)
('2014_MISCELLANEOUS PENAL LAW_Sunset Park West', 2)
('2014_MISCELLANEOUS PENAL LAW_West Brighton', 1)
('2014_MISCELLANEOUS PENAL LAW_Williamsburg', 2)
('2014_MISCELLANEOUS PENAL LAW_Windsor Terrace', 3)
('2014_MISCELLANEOUS PENAL LAW_park-cemetery-etc-Brooklyn', 1)
('2014_NEW YORK CITY HEALTH CODE_Brownsville', 2)
('2014_NEW YORK CITY HEALTH CODE_East New York (Pennsylvania Ave)', 1)
('2014_NEW YORK CITY HEALTH CODE_Sheepshead Bay-Gerritsen Beach-Manhattan Beach', 1)
('2014_OTHER STATE LAWS_Brownsville', 1)
('2014_OTHER STATE LAWS_Crown Heights North', 1)
('2014_OTHER STATE LAWS_Cypress Hills-City Line', 1)
('2014_OTHER TRAFFIC INFRACTION_Crown Heights North', 1)
('2015_ADMINISTRATIVE CODES_Bushwick South', 1)
('2015_ADMINISTRATIVE CODE_Bedford', 2)
('2015_ADMINISTRATIVE CODE_Bensonhurst West', 1)
('2015_ADMINISTRATIVE CODE_Brownsville', 2)
('2015_ADMINISTRATIVE CODE_Carroll Gardens-Columbia Street-Red Hook', 5)
('2015_ADMINISTRATIVE CODE_Crown Heights North', 1)
('2015_ADMINISTRATIVE CODE_DUMBO-Vinegar Hill-Downtown Brooklyn-Boerum Hill', 1)
('2015_ADMINISTRATIVE CODE_East Flatbush-Farragut', 1)
('2015_ADMINISTRATIVE CODE_East New York', 2)
('2015_ADMINISTRATIVE CODE_East Williamsburg', 1)
('2015_ADMINISTRATIVE CODE_Erasmus', 1)
('2015_ADMINISTRATIVE CODE_Flatbush', 1)
('2015_ADMINISTRATIVE CODE_Fort Greene', 1)
('2015_ADMINISTRATIVE CODE_Gravesend', 1)
('2015_ADMINISTRATIVE CODE_Greenpoint', 1)
('2015_ADMINISTRATIVE CODE_North Side-South Side', 1)
('2015_ADMINISTRATIVE CODE_Prospect Lefferts Gardens-Wingate', 2)
('2015_ADMINISTRATIVE CODE_Seagate-Coney Island', 1)
('2015_ADMINISTRATIVE CODE_Sheepshead Bay-Gerritsen Beach-Manhattan Beach', 1)
('2015_ADMINISTRATIVE CODE_Sunset Park East', 1)
('2015_DISORDERLY CONDUCT_Bedford', 1)
('2015_DISORDERLY CONDUCT_Bensonhurst East', 1)
('2015_DISORDERLY CONDUCT_Brighton Beach', 1)
('2015_DISORDERLY CONDUCT_Brownsville', 5)
('2015_DISORDERLY CONDUCT_Crown Heights North', 2)
('2015_DISORDERLY CONDUCT_DUMBO-Vinegar Hill-Downtown Brooklyn-Boerum Hill', 1)
('2015_DISORDERLY CONDUCT_East New York', 2)
('2015_DISORDERLY CONDUCT_East New York (Pennsylvania Ave)', 1)
('2015_DISORDERLY CONDUCT_Flatlands', 1)
('2015_DISORDERLY CONDUCT_Fort Greene', 2)
('2015_DISORDERLY CONDUCT_North Side-South Side', 1)
('2015_DISORDERLY CONDUCT_Prospect Lefferts Gardens-Wingate', 1)
('2015_DISORDERLY CONDUCT_Seagate-Coney Island', 1)
('2015_DISORDERLY CONDUCT_Sheepshead Bay-Gerritsen Beach-Manhattan Beach', 1)
('2015_DISORDERLY CONDUCT_Stuyvesant Heights', 1)
('2015_DISORDERLY CONDUCT_Sunset Park West', 1)
('2015_HARRASSMENT 2_Bath Beach', 182)
('2015_HARRASSMENT 2_Bay Ridge', 590)
('2015_HARRASSMENT 2_Bedford', 588)
('2015_HARRASSMENT 2_Bensonhurst East', 280)
('2015_HARRASSMENT 2_Bensonhurst West', 353)
('2015_HARRASSMENT 2_Borough Park', 277)
('2015_HARRASSMENT 2_Brighton Beach', 216)
('2015_HARRASSMENT 2_Brooklyn Heights-Cobble Hill', 105)
('2015_HARRASSMENT 2_Brownsville', 1014)
('2015_HARRASSMENT 2_Bushwick North', 297)
('2015_HARRASSMENT 2_Bushwick South', 578)
('2015_HARRASSMENT 2_Canarsie', 751)
('2015_HARRASSMENT 2_Carroll Gardens-Columbia Street-Red Hook', 244)
('2015_HARRASSMENT 2_Clinton Hill', 228)
('2015_HARRASSMENT 2_Crown Heights North', 1348)
('2015_HARRASSMENT 2_Crown Heights South', 375)
('2015_HARRASSMENT 2_Cypress Hills-City Line', 299)
('2015_HARRASSMENT 2_DUMBO-Vinegar Hill-Downtown Brooklyn-Boerum Hill', 672)
('2015_HARRASSMENT 2_Dyker Heights', 161)
('2015_HARRASSMENT 2_East Flatbush-Farragut', 437)
('2015_HARRASSMENT 2_East New York', 1263)
('2015_HARRASSMENT 2_East New York (Pennsylvania Ave)', 374)
('2015_HARRASSMENT 2_East Williamsburg', 334)
('2015_HARRASSMENT 2_Erasmus', 414)
('2015_HARRASSMENT 2_Flatbush', 730)
('2015_HARRASSMENT 2_Flatlands', 494)
('2015_HARRASSMENT 2_Fort Greene', 322)
('2015_HARRASSMENT 2_Georgetown-Marine Park-Bergen Beach-Mill Basin', 230)
('2015_HARRASSMENT 2_Gravesend', 177)
('2015_HARRASSMENT 2_Greenpoint', 206)
('2015_HARRASSMENT 2_Homecrest', 149)
('2015_HARRASSMENT 2_Kensington-Ocean Parkway', 156)
('2015_HARRASSMENT 2_Lindenwood-Howard Beach', 1)
('2015_HARRASSMENT 2_Madison', 128)
('2015_HARRASSMENT 2_Midwood', 183)
('2015_HARRASSMENT 2_North Side-South Side', 345)
('2015_HARRASSMENT 2_Ocean Hill', 473)
('2015_HARRASSMENT 2_Ocean Parkway South', 61)
('2015_HARRASSMENT 2_Park Slope-Gowanus', 404)
('2015_HARRASSMENT 2_Prospect Heights', 99)
('2015_HARRASSMENT 2_Prospect Lefferts Gardens-Wingate', 736)
('2015_HARRASSMENT 2_Ridgewood', 3)
('2015_HARRASSMENT 2_Rikers Island', 1)
('2015_HARRASSMENT 2_Rugby-Remsen Village', 602)
('2015_HARRASSMENT 2_Seagate-Coney Island', 431)
('2015_HARRASSMENT 2_Sheepshead Bay-Gerritsen Beach-Manhattan Beach', 308)
('2015_HARRASSMENT 2_Starrett City', 66)
('2015_HARRASSMENT 2_Stuyvesant Heights', 852)
('2015_HARRASSMENT 2_Sunset Park East', 348)
('2015_HARRASSMENT 2_Sunset Park West', 350)
('2015_HARRASSMENT 2_West Brighton', 119)
('2015_HARRASSMENT 2_Williamsburg', 81)
('2015_HARRASSMENT 2_Windsor Terrace', 74)
('2015_HARRASSMENT 2_park-cemetery-etc-Brooklyn', 69)
('2015_LOITERING/GAMBLING (CARDS, DIC_Crown Heights North', 2)
('2015_LOITERING/GAMBLING (CARDS, DIC_Prospect Lefferts Gardens-Wingate', 1)
('2015_LOITERING/GAMBLING (CARDS, DIC_Stuyvesant Heights', 2)
('2015_LOITERING_Williamsburg', 1)
('2015_MISCELLANEOUS PENAL LAW_Bay Ridge', 3)
('2015_MISCELLANEOUS PENAL LAW_Bedford', 9)
('2015_MISCELLANEOUS PENAL LAW_Bensonhurst East', 1)
('2015_MISCELLANEOUS PENAL LAW_Bensonhurst West', 4)
('2015_MISCELLANEOUS PENAL LAW_Borough Park', 2)
('2015_MISCELLANEOUS PENAL LAW_Brighton Beach', 1)
('2015_MISCELLANEOUS PENAL LAW_Brooklyn Heights-Cobble Hill', 1)
('2015_MISCELLANEOUS PENAL LAW_Brownsville', 21)
('2015_MISCELLANEOUS PENAL LAW_Bushwick North', 5)
('2015_MISCELLANEOUS PENAL LAW_Bushwick South', 10)
('2015_MISCELLANEOUS PENAL LAW_Canarsie', 8)
('2015_MISCELLANEOUS PENAL LAW_Carroll Gardens-Columbia Street-Red Hook', 3)
('2015_MISCELLANEOUS PENAL LAW_Clinton Hill', 3)
('2015_MISCELLANEOUS PENAL LAW_Crown Heights North', 15)
('2015_MISCELLANEOUS PENAL LAW_Crown Heights South', 14)
('2015_MISCELLANEOUS PENAL LAW_Cypress Hills-City Line', 6)
('2015_MISCELLANEOUS PENAL LAW_DUMBO-Vinegar Hill-Downtown Brooklyn-Boerum Hill', 4)
('2015_MISCELLANEOUS PENAL LAW_East Flatbush-Farragut', 9)
('2015_MISCELLANEOUS PENAL LAW_East New York', 40)
('2015_MISCELLANEOUS PENAL LAW_East New York (Pennsylvania Ave)', 28)
('2015_MISCELLANEOUS PENAL LAW_East Williamsburg', 4)
('2015_MISCELLANEOUS PENAL LAW_Erasmus', 6)
('2015_MISCELLANEOUS PENAL LAW_Flatbush', 12)
('2015_MISCELLANEOUS PENAL LAW_Flatlands', 6)
('2015_MISCELLANEOUS PENAL LAW_Fort Greene', 8)
('2015_MISCELLANEOUS PENAL LAW_Georgetown-Marine Park-Bergen Beach-Mill Basin', 2)
('2015_MISCELLANEOUS PENAL LAW_Gravesend', 1)
('2015_MISCELLANEOUS PENAL LAW_Greenpoint', 1)
('2015_MISCELLANEOUS PENAL LAW_Kensington-Ocean Parkway', 2)
('2015_MISCELLANEOUS PENAL LAW_Madison', 3)
('2015_MISCELLANEOUS PENAL LAW_Midwood', 2)
('2015_MISCELLANEOUS PENAL LAW_North Side-South Side', 7)
('2015_MISCELLANEOUS PENAL LAW_Ocean Hill', 8)
('2015_MISCELLANEOUS PENAL LAW_Park Slope-Gowanus', 7)
('2015_MISCELLANEOUS PENAL LAW_Prospect Heights', 2)
('2015_MISCELLANEOUS PENAL LAW_Prospect Lefferts Gardens-Wingate', 16)
('2015_MISCELLANEOUS PENAL LAW_Rugby-Remsen Village', 8)
('2015_MISCELLANEOUS PENAL LAW_Seagate-Coney Island', 5)
('2015_MISCELLANEOUS PENAL LAW_Sheepshead Bay-Gerritsen Beach-Manhattan Beach', 6)
('2015_MISCELLANEOUS PENAL LAW_Starrett City', 1)
('2015_MISCELLANEOUS PENAL LAW_Stuyvesant Heights', 16)
('2015_MISCELLANEOUS PENAL LAW_Sunset Park West', 1)
('2015_MISCELLANEOUS PENAL LAW_West Brighton', 2)
('2015_MISCELLANEOUS PENAL LAW_Williamsburg', 2)
('2015_MISCELLANEOUS PENAL LAW_Windsor Terrace', 1)
('2015_MISCELLANEOUS PENAL LAW_Woodhaven', 1)
('2015_MISCELLANEOUS PENAL LAW_park-cemetery-etc-Brooklyn', 3)
('2015_NYS LAWS-UNCLASSIFIED VIOLATION_Dyker Heights', 1)
('2015_OTHER STATE LAWS_Bushwick South', 1)
('2015_OTHER STATE LAWS_Canarsie', 1)
('2015_OTHER STATE LAWS_East New York', 1)
('2015_OTHER STATE LAWS_Flatlands', 1)
('2015_OTHER STATE LAWS_Stuyvesant Heights', 1)
('2015_OTHER STATE LAWS_Sunset Park West', 1)
('2015_OTHER TRAFFIC INFRACTION_East Flatbush-Farragut', 1)
